[Tue, 20 Nov 18 00:32:15 +0700][ERROR] [0]: Column 'Students_Email' doesn't belong to any of the selected models (1), when preparing: SELECT [students].* FROM [students] WHERE Students_Email = '' LIMIT :APL0:

[Tue, 20 Nov 18 00:33:20 +0700][ERROR] [0]: Column 'Students_Email' doesn't belong to any of the selected models (1), when preparing: SELECT [enroll].* FROM [enroll] WHERE Students_Email = '' LIMIT :APL0:

[Tue, 20 Nov 18 00:33:27 +0700][ERROR] [0]: Column 'Students_Email' doesn't belong to any of the selected models (1), when preparing: SELECT [enroll].* FROM [enroll] WHERE Students_Email = '' LIMIT :APL0:

[Tue, 20 Nov 18 00:33:57 +0700][ERROR] [23000]: SQLSTATE[23000]: Integrity constraint violation: 1451 Cannot delete or update a parent row: a foreign key constraint fails (`mydb`.`students`, CONSTRAINT `fk_students_enroll1` FOREIGN KEY (`Class_Name`, `client_e_mail`) REFERENCES `enroll` (`Class_Name`, `client_e_mail`) ON DELETE NO ACTION ON UPDATE NO ACTION)

[Tue, 20 Nov 18 00:34:01 +0700][ERROR] [23000]: SQLSTATE[23000]: Integrity constraint violation: 1451 Cannot delete or update a parent row: a foreign key constraint fails (`mydb`.`students`, CONSTRAINT `fk_students_enroll1` FOREIGN KEY (`Class_Name`, `client_e_mail`) REFERENCES `enroll` (`Class_Name`, `client_e_mail`) ON DELETE NO ACTION ON UPDATE NO ACTION)

[Tue, 20 Nov 18 00:34:06 +0700][ERROR] [23000]: SQLSTATE[23000]: Integrity constraint violation: 1451 Cannot delete or update a parent row: a foreign key constraint fails (`mydb`.`students`, CONSTRAINT `fk_students_enroll1` FOREIGN KEY (`Class_Name`, `client_e_mail`) REFERENCES `enroll` (`Class_Name`, `client_e_mail`) ON DELETE NO ACTION ON UPDATE NO ACTION)

[Tue, 20 Nov 18 00:34:07 +0700][ERROR] [23000]: SQLSTATE[23000]: Integrity constraint violation: 1451 Cannot delete or update a parent row: a foreign key constraint fails (`mydb`.`students`, CONSTRAINT `fk_students_enroll1` FOREIGN KEY (`Class_Name`, `client_e_mail`) REFERENCES `enroll` (`Class_Name`, `client_e_mail`) ON DELETE NO ACTION ON UPDATE NO ACTION)

[Tue, 20 Nov 18 00:34:08 +0700][ERROR] [23000]: SQLSTATE[23000]: Integrity constraint violation: 1451 Cannot delete or update a parent row: a foreign key constraint fails (`mydb`.`students`, CONSTRAINT `fk_students_enroll1` FOREIGN KEY (`Class_Name`, `client_e_mail`) REFERENCES `enroll` (`Class_Name`, `client_e_mail`) ON DELETE NO ACTION ON UPDATE NO ACTION)

[Tue, 20 Nov 18 00:34:08 +0700][ERROR] [23000]: SQLSTATE[23000]: Integrity constraint violation: 1451 Cannot delete or update a parent row: a foreign key constraint fails (`mydb`.`students`, CONSTRAINT `fk_students_enroll1` FOREIGN KEY (`Class_Name`, `client_e_mail`) REFERENCES `enroll` (`Class_Name`, `client_e_mail`) ON DELETE NO ACTION ON UPDATE NO ACTION)

[Tue, 20 Nov 18 00:34:26 +0700][ERROR] [23000]: SQLSTATE[23000]: Integrity constraint violation: 1451 Cannot delete or update a parent row: a foreign key constraint fails (`mydb`.`students`, CONSTRAINT `fk_students_enroll1` FOREIGN KEY (`Class_Name`, `client_e_mail`) REFERENCES `enroll` (`Class_Name`, `client_e_mail`) ON DELETE NO ACTION ON UPDATE NO ACTION)

[Tue, 20 Nov 18 00:38:26 +0700][ERROR] [23000]: SQLSTATE[23000]: Integrity constraint violation: 1451 Cannot delete or update a parent row: a foreign key constraint fails (`mydb`.`students`, CONSTRAINT `fk_students_enroll1` FOREIGN KEY (`Class_Name`, `client_e_mail`) REFERENCES `enroll` (`Class_Name`, `client_e_mail`) ON DELETE NO ACTION ON UPDATE NO ACTION)

[Tue, 20 Nov 18 00:38:44 +0700][ERROR] [23000]: SQLSTATE[23000]: Integrity constraint violation: 1451 Cannot delete or update a parent row: a foreign key constraint fails (`mydb`.`students`, CONSTRAINT `fk_students_enroll1` FOREIGN KEY (`Class_Name`, `client_e_mail`) REFERENCES `enroll` (`Class_Name`, `client_e_mail`) ON DELETE NO ACTION ON UPDATE NO ACTION)

[Tue, 20 Nov 18 00:39:04 +0700][ERROR] [23000]: SQLSTATE[23000]: Integrity constraint violation: 1451 Cannot delete or update a parent row: a foreign key constraint fails (`mydb`.`students`, CONSTRAINT `fk_students_enroll1` FOREIGN KEY (`Class_Name`, `client_e_mail`) REFERENCES `enroll` (`Class_Name`, `client_e_mail`) ON DELETE NO ACTION ON UPDATE NO ACTION)

[Tue, 20 Nov 18 00:39:08 +0700][ERROR] [23000]: SQLSTATE[23000]: Integrity constraint violation: 1451 Cannot delete or update a parent row: a foreign key constraint fails (`mydb`.`students`, CONSTRAINT `fk_students_enroll1` FOREIGN KEY (`Class_Name`, `client_e_mail`) REFERENCES `enroll` (`Class_Name`, `client_e_mail`) ON DELETE NO ACTION ON UPDATE NO ACTION)

[Tue, 20 Nov 18 00:39:08 +0700][ERROR] [23000]: SQLSTATE[23000]: Integrity constraint violation: 1451 Cannot delete or update a parent row: a foreign key constraint fails (`mydb`.`students`, CONSTRAINT `fk_students_enroll1` FOREIGN KEY (`Class_Name`, `client_e_mail`) REFERENCES `enroll` (`Class_Name`, `client_e_mail`) ON DELETE NO ACTION ON UPDATE NO ACTION)

[Tue, 20 Nov 18 00:39:09 +0700][ERROR] [23000]: SQLSTATE[23000]: Integrity constraint violation: 1451 Cannot delete or update a parent row: a foreign key constraint fails (`mydb`.`students`, CONSTRAINT `fk_students_enroll1` FOREIGN KEY (`Class_Name`, `client_e_mail`) REFERENCES `enroll` (`Class_Name`, `client_e_mail`) ON DELETE NO ACTION ON UPDATE NO ACTION)

[Tue, 20 Nov 18 00:45:17 +0700][ERROR] [23000]: SQLSTATE[23000]: Integrity constraint violation: 1451 Cannot delete or update a parent row: a foreign key constraint fails (`mydb`.`students`, CONSTRAINT `fk_students_enroll1` FOREIGN KEY (`Class_Name`, `client_e_mail`) REFERENCES `enroll` (`Class_Name`, `client_e_mail`) ON DELETE NO ACTION ON UPDATE NO ACTION)

[Tue, 20 Nov 18 00:45:59 +0700][ERROR] [23000]: SQLSTATE[23000]: Integrity constraint violation: 1451 Cannot delete or update a parent row: a foreign key constraint fails (`mydb`.`students`, CONSTRAINT `fk_students_enroll1` FOREIGN KEY (`Class_Name`, `client_e_mail`) REFERENCES `enroll` (`Class_Name`, `client_e_mail`) ON DELETE NO ACTION ON UPDATE NO ACTION)

[Tue, 20 Nov 18 00:46:21 +0700][ERROR] [23000]: SQLSTATE[23000]: Integrity constraint violation: 1451 Cannot delete or update a parent row: a foreign key constraint fails (`mydb`.`students`, CONSTRAINT `fk_students_enroll1` FOREIGN KEY (`Class_Name`, `client_e_mail`) REFERENCES `enroll` (`Class_Name`, `client_e_mail`) ON DELETE NO ACTION ON UPDATE NO ACTION)

[Tue, 20 Nov 18 01:12:51 +0700][ERROR] [0]: Table 'show_at' doesn't exist in database when dumping meta-data for show_at

[Tue, 20 Nov 18 01:12:59 +0700][ERROR] [0]: Table 'show_at' doesn't exist in database when dumping meta-data for show_at

[Tue, 20 Nov 18 01:13:00 +0700][ERROR] [0]: Table 'show_at' doesn't exist in database when dumping meta-data for show_at

[Tue, 20 Nov 18 01:13:01 +0700][ERROR] [0]: Table 'show_at' doesn't exist in database when dumping meta-data for show_at

[Tue, 20 Nov 18 01:13:19 +0700][ERROR] [0]: Table 'show_at' doesn't exist in database when dumping meta-data for show_at

[Tue, 20 Nov 18 01:13:20 +0700][ERROR] [0]: Table 'show_at' doesn't exist in database when dumping meta-data for show_at

[Tue, 20 Nov 18 01:13:20 +0700][ERROR] [0]: Table 'show_at' doesn't exist in database when dumping meta-data for show_at

[Tue, 20 Nov 18 01:13:23 +0700][ERROR] [0]: Table 'show_at' doesn't exist in database when dumping meta-data for show_at

[Tue, 20 Nov 18 01:13:24 +0700][ERROR] [0]: Table 'show_at' doesn't exist in database when dumping meta-data for show_at

[Tue, 20 Nov 18 01:13:54 +0700][ERROR] [0]: Table 'show_at' doesn't exist in database when dumping meta-data for show_at

[Tue, 20 Nov 18 01:13:55 +0700][ERROR] [0]: Table 'show_at' doesn't exist in database when dumping meta-data for show_at

[Tue, 20 Nov 18 01:13:56 +0700][ERROR] [0]: Table 'show_at' doesn't exist in database when dumping meta-data for show_at

[Tue, 20 Nov 18 01:14:39 +0700][ERROR] [0]: Table 'show_at' doesn't exist in database when dumping meta-data for show_at

[Tue, 20 Nov 18 01:14:52 +0700][ERROR] [0]: Table 'show_at' doesn't exist in database when dumping meta-data for show_at

[Tue, 20 Nov 18 01:19:45 +0700][ERROR] [0]: Table 'show_at' doesn't exist in database when dumping meta-data for show_at

[Tue, 20 Nov 18 01:21:45 +0700][ERROR] [0]: Table 'show_at' doesn't exist in database when dumping meta-data for show_at

[Tue, 20 Nov 18 01:23:54 +0700][ERROR] [0]: Table 'showat' doesn't exist in database when dumping meta-data for showat

[Tue, 20 Nov 18 01:23:56 +0700][ERROR] [0]: Table 'showat' doesn't exist in database when dumping meta-data for showat

[Tue, 20 Nov 18 01:23:56 +0700][ERROR] [0]: Table 'showat' doesn't exist in database when dumping meta-data for showat

[Tue, 20 Nov 18 01:23:56 +0700][ERROR] [0]: Table 'showat' doesn't exist in database when dumping meta-data for showat

[Tue, 20 Nov 18 01:23:57 +0700][ERROR] [0]: Table 'showat' doesn't exist in database when dumping meta-data for showat

[Tue, 20 Nov 18 01:23:57 +0700][ERROR] [0]: Table 'showat' doesn't exist in database when dumping meta-data for showat

[Tue, 20 Nov 18 01:23:57 +0700][ERROR] [0]: Table 'showat' doesn't exist in database when dumping meta-data for showat

[Tue, 20 Nov 18 01:23:57 +0700][ERROR] [0]: Table 'showat' doesn't exist in database when dumping meta-data for showat

[Tue, 20 Nov 18 01:26:22 +0700][ERROR] [0]: Table 'show_at' doesn't exist in database when dumping meta-data for show_at

[Tue, 20 Nov 18 01:26:43 +0700][ERROR] [0]: Table 'show_at' doesn't exist in database when dumping meta-data for show_at

[Tue, 20 Nov 18 01:26:44 +0700][ERROR] [0]: Table 'show_at' doesn't exist in database when dumping meta-data for show_at

[Tue, 20 Nov 18 01:26:44 +0700][ERROR] [0]: Table 'show_at' doesn't exist in database when dumping meta-data for show_at

[Tue, 20 Nov 18 01:26:51 +0700][ERROR] [0]: Table 'show_at' doesn't exist in database when dumping meta-data for show_at

[Tue, 20 Nov 18 01:26:57 +0700][ERROR] [0]: Table 'show_at' doesn't exist in database when dumping meta-data for show_at

[Tue, 20 Nov 18 01:29:16 +0700][ERROR] [0]: Table 'show_at' doesn't exist in database when dumping meta-data for show_at

[Tue, 20 Nov 18 01:30:56 +0700][ERROR] [0]: Table 'show_at' doesn't exist in database when dumping meta-data for show_at

[Tue, 20 Nov 18 01:31:01 +0700][ERROR] [0]: Table 'show_at' doesn't exist in database when dumping meta-data for show_at

[Tue, 20 Nov 18 01:37:45 +0700][ERROR] [0]: Table 'show_at' doesn't exist in database when dumping meta-data for show_at

[Tue, 20 Nov 18 01:37:46 +0700][ERROR] [0]: Table 'show_at' doesn't exist in database when dumping meta-data for show_at

[Tue, 20 Nov 18 01:37:46 +0700][ERROR] [0]: Table 'show_at' doesn't exist in database when dumping meta-data for show_at

[Tue, 20 Nov 18 01:37:47 +0700][ERROR] [0]: Table 'show_at' doesn't exist in database when dumping meta-data for show_at

[Tue, 20 Nov 18 01:37:47 +0700][ERROR] [0]: Table 'show_at' doesn't exist in database when dumping meta-data for show_at

[Tue, 20 Nov 18 01:37:51 +0700][ERROR] [0]: Table 'show_at' doesn't exist in database when dumping meta-data for show_at

[Tue, 20 Nov 18 01:37:53 +0700][ERROR] [0]: Table 'show_at' doesn't exist in database when dumping meta-data for show_at

[Tue, 20 Nov 18 01:38:53 +0700][ERROR] [0]: Table 'show_at' doesn't exist in database when dumping meta-data for show_at

[Tue, 20 Nov 18 01:38:55 +0700][ERROR] [0]: Table 'show_at' doesn't exist in database when dumping meta-data for show_at

[Tue, 20 Nov 18 01:38:55 +0700][ERROR] [0]: Table 'show_at' doesn't exist in database when dumping meta-data for show_at

[Tue, 20 Nov 18 01:38:55 +0700][ERROR] [0]: Table 'show_at' doesn't exist in database when dumping meta-data for show_at

[Tue, 20 Nov 18 01:38:55 +0700][ERROR] [0]: Table 'show_at' doesn't exist in database when dumping meta-data for show_at

[Tue, 20 Nov 18 01:38:55 +0700][ERROR] [0]: Table 'show_at' doesn't exist in database when dumping meta-data for show_at

[Tue, 20 Nov 18 01:38:56 +0700][ERROR] [0]: Table 'show_at' doesn't exist in database when dumping meta-data for show_at

[Tue, 20 Nov 18 01:39:39 +0700][ERROR] [0]: Table 'show_at' doesn't exist in database when dumping meta-data for show_at

[Tue, 20 Nov 18 01:39:40 +0700][ERROR] [0]: Table 'show_at' doesn't exist in database when dumping meta-data for show_at

[Tue, 20 Nov 18 01:39:40 +0700][ERROR] [0]: Table 'show_at' doesn't exist in database when dumping meta-data for show_at

[Tue, 20 Nov 18 01:39:41 +0700][ERROR] [0]: Table 'show_at' doesn't exist in database when dumping meta-data for show_at

[Tue, 20 Nov 18 01:39:41 +0700][ERROR] [0]: Table 'show_at' doesn't exist in database when dumping meta-data for show_at

[Tue, 20 Nov 18 01:39:41 +0700][ERROR] [0]: Table 'show_at' doesn't exist in database when dumping meta-data for show_at

[Tue, 20 Nov 18 01:39:41 +0700][ERROR] [0]: Table 'show_at' doesn't exist in database when dumping meta-data for show_at

[Tue, 20 Nov 18 01:39:41 +0700][ERROR] [0]: Table 'show_at' doesn't exist in database when dumping meta-data for show_at

[Tue, 20 Nov 18 02:55:07 +0700][ERROR] [23000]: SQLSTATE[23000]: Integrity constraint violation: 1452 Cannot add or update a child row: a foreign key constraint fails (`mydb`.`art_class`, CONSTRAINT `fk_Art_Class_Alive1` FOREIGN KEY (`Alive_Artist_Name`) REFERENCES `alive` (`Artist_Name`) ON DELETE NO ACTION ON UPDATE NO ACTION)

[Tue, 20 Nov 18 03:00:59 +0700][ERROR] [23000]: SQLSTATE[23000]: Integrity constraint violation: 1452 Cannot add or update a child row: a foreign key constraint fails (`mydb`.`art_class`, CONSTRAINT `fk_Art_Class_Alive1` FOREIGN KEY (`Alive_Artist_Name`) REFERENCES `alive` (`Artist_Name`) ON DELETE NO ACTION ON UPDATE NO ACTION)

[Tue, 20 Nov 18 03:02:48 +0700][ERROR] [23000]: SQLSTATE[23000]: Integrity constraint violation: 1452 Cannot add or update a child row: a foreign key constraint fails (`mydb`.`art_class`, CONSTRAINT `fk_Art_Class_Alive1` FOREIGN KEY (`Alive_Artist_Name`) REFERENCES `alive` (`Artist_Name`) ON DELETE NO ACTION ON UPDATE NO ACTION)

[Tue, 20 Nov 18 03:03:44 +0700][ERROR] [23000]: SQLSTATE[23000]: Integrity constraint violation: 1452 Cannot add or update a child row: a foreign key constraint fails (`mydb`.`art_class`, CONSTRAINT `fk_Art_Class_Alive1` FOREIGN KEY (`Alive_Artist_Name`) REFERENCES `alive` (`Artist_Name`) ON DELETE NO ACTION ON UPDATE NO ACTION)

[Tue, 20 Nov 18 17:05:47 +0700][ERROR] [23000]: SQLSTATE[23000]: Integrity constraint violation: 1451 Cannot delete or update a parent row: a foreign key constraint fails (`mydb`.`alive`, CONSTRAINT `fk_Alive_Artist1` FOREIGN KEY (`Artist_Name`) REFERENCES `artist` (`Name`) ON DELETE NO ACTION ON UPDATE NO ACTION)

[Tue, 20 Nov 18 17:11:20 +0700][ERROR] [0]: Syntax error, unexpected token IDENTIFIER(Riley), near to ' LIMIT :APL0:', when parsing: SELECT [alive].* FROM [alive] WHERE Artist_Name = Bridget Riley LIMIT :APL0: (76)

[Tue, 20 Nov 18 17:11:47 +0700][ERROR] [0]: Syntax error, unexpected token IDENTIFIER(Riley), near to ' LIMIT :APL0:', when parsing: SELECT [alive].* FROM [alive] WHERE Artist_Name = Bridget Riley LIMIT :APL0: (76)

[Tue, 20 Nov 18 17:16:08 +0700][ERROR] [0]: Syntax error, unexpected token IDENTIFIER(Scamander), near to ' LIMIT :APL0:', when parsing: SELECT [alive].* FROM [alive] WHERE Artist_Name = Newton Scamander LIMIT :APL0: (79)

[Tue, 20 Nov 18 22:30:49 +0700][ERROR] [22007]: SQLSTATE[22007]: Invalid datetime format: 1292 Incorrect date value: '' for column 'DATE_Born' at row 1

[Tue, 20 Nov 18 22:32:01 +0700][ERROR] [22007]: SQLSTATE[22007]: Invalid datetime format: 1292 Incorrect date value: '' for column 'DATE_Born' at row 1

[Tue, 20 Nov 18 23:02:58 +0700][ERROR] [23000]: SQLSTATE[23000]: Integrity constraint violation: 1452 Cannot add or update a child row: a foreign key constraint fails (`mydb`.`art_object`, CONSTRAINT `fk_Art_Object_Artist1` FOREIGN KEY (`Artist_Name`) REFERENCES `artist` (`Name`) ON DELETE CASCADE ON UPDATE CASCADE)

[Tue, 20 Nov 18 23:42:40 +0700][ERROR] [0]: Column 'obj_id' doesn't belong to any of the selected models (1), when preparing: SELECT [permanent_collection].* FROM [permanent_collection] WHERE obj_id = '100000007' LIMIT :APL0:

[Tue, 20 Nov 18 23:49:42 +0700][ERROR] [23000]: SQLSTATE[23000]: Integrity constraint violation: 1452 Cannot add or update a child row: a foreign key constraint fails (`mydb`.`permanent_collection`, CONSTRAINT `fk_Permanent_Collection_Art_Object1` FOREIGN KEY (`Art_Object_obj_id`) REFERENCES `art_object` (`obj_id`) ON DELETE CASCADE ON UPDATE CASCADE)

[Tue, 20 Nov 18 23:52:38 +0700][ERROR] [23000]: SQLSTATE[23000]: Integrity constraint violation: 1452 Cannot add or update a child row: a foreign key constraint fails (`mydb`.`permanent_collection`, CONSTRAINT `fk_Permanent_Collection_Art_Object1` FOREIGN KEY (`Art_Object_obj_id`) REFERENCES `art_object` (`obj_id`) ON DELETE CASCADE ON UPDATE CASCADE)

[Tue, 20 Nov 18 23:53:01 +0700][ERROR] [23000]: SQLSTATE[23000]: Integrity constraint violation: 1452 Cannot add or update a child row: a foreign key constraint fails (`mydb`.`permanent_collection`, CONSTRAINT `fk_Permanent_Collection_Art_Object1` FOREIGN KEY (`Art_Object_obj_id`) REFERENCES `art_object` (`obj_id`) ON DELETE CASCADE ON UPDATE CASCADE)

[Tue, 20 Nov 18 23:53:26 +0700][ERROR] [0]: Column 'obj_id' doesn't belong to any of the selected models (1), when preparing: SELECT [permanent_collection].* FROM [permanent_collection] WHERE obj_id = '100000012' LIMIT :APL0:

