[Sat, 24 Nov 18 02:51:21 +0700][ERROR] [2]: PubilcController handler class cannot be loaded

[Sat, 24 Nov 18 02:51:21 +0700][ERROR] [2]: VendorController handler class cannot be loaded

[Sat, 24 Nov 18 02:51:21 +0700][ERROR] [5]: Action 'public' was not found on handler 'authen'

[Sat, 24 Nov 18 02:51:21 +0700][ERROR] [2]: VendorController handler class cannot be loaded

[Sat, 24 Nov 18 02:51:22 +0700][ERROR] [5]: Action 'public' was not found on handler 'authen'

[Sat, 24 Nov 18 02:51:22 +0700][ERROR] [2]: VendorController handler class cannot be loaded

[Sat, 24 Nov 18 02:51:22 +0700][ERROR] [5]: Action 'public' was not found on handler 'authen'

[Sat, 24 Nov 18 02:51:22 +0700][ERROR] [5]: Action 'public' was not found on handler 'authen'

[Sat, 24 Nov 18 02:52:15 +0700][ERROR] [5]: Action 'about' was not found on handler 'authen'

[Sat, 24 Nov 18 02:52:15 +0700][ERROR] [2]: VendorController handler class cannot be loaded

[Sat, 24 Nov 18 02:52:15 +0700][ERROR] [2]: VendorController handler class cannot be loaded

[Sat, 24 Nov 18 02:52:15 +0700][ERROR] [2]: VendorController handler class cannot be loaded

[Sat, 24 Nov 18 02:52:15 +0700][ERROR] [5]: Action 'public' was not found on handler 'authen'

[Sat, 24 Nov 18 02:52:15 +0700][ERROR] [5]: Action 'public' was not found on handler 'authen'

[Sat, 24 Nov 18 02:52:16 +0700][ERROR] [5]: Action 'about' was not found on handler 'authen'

[Sat, 24 Nov 18 02:52:16 +0700][ERROR] [2]: PubilcController handler class cannot be loaded

[Sat, 24 Nov 18 02:52:16 +0700][ERROR] [5]: Action 'public' was not found on handler 'authen'

[Sat, 24 Nov 18 02:52:16 +0700][ERROR] [5]: Action 'public' was not found on handler 'authen'

[Sat, 24 Nov 18 02:56:56 +0700][ERROR] [2]: PubilcController handler class cannot be loaded

[Sat, 24 Nov 18 02:56:56 +0700][ERROR] [2]: VendorController handler class cannot be loaded

[Sat, 24 Nov 18 02:56:56 +0700][ERROR] [2]: VendorController handler class cannot be loaded

[Sat, 24 Nov 18 02:56:56 +0700][ERROR] [2]: PubilcController handler class cannot be loaded

[Sat, 24 Nov 18 02:56:57 +0700][ERROR] [2]: PubilcController handler class cannot be loaded

[Sat, 24 Nov 18 02:56:57 +0700][ERROR] [2]: VendorController handler class cannot be loaded

[Sat, 24 Nov 18 02:57:07 +0700][ERROR] [2]: AboutController handler class cannot be loaded

[Sat, 24 Nov 18 02:57:07 +0700][ERROR] [2]: PubilcController handler class cannot be loaded

[Sat, 24 Nov 18 02:57:07 +0700][ERROR] [2]: VendorController handler class cannot be loaded

[Sat, 24 Nov 18 02:57:07 +0700][ERROR] [2]: VendorController handler class cannot be loaded

[Sat, 24 Nov 18 02:57:31 +0700][ERROR] [2]: AboutController handler class cannot be loaded

[Sat, 24 Nov 18 02:57:31 +0700][ERROR] [2]: PubilcController handler class cannot be loaded

[Sat, 24 Nov 18 02:57:31 +0700][ERROR] [2]: VendorController handler class cannot be loaded

[Sat, 24 Nov 18 02:57:31 +0700][ERROR] [2]: VendorController handler class cannot be loaded

[Sat, 24 Nov 18 02:57:39 +0700][ERROR] [2]: PubilcController handler class cannot be loaded

[Sat, 24 Nov 18 02:57:39 +0700][ERROR] [2]: VendorController handler class cannot be loaded

[Sat, 24 Nov 18 02:57:39 +0700][ERROR] [2]: PubilcController handler class cannot be loaded

[Sat, 24 Nov 18 02:57:42 +0700][ERROR] [2]: PubilcController handler class cannot be loaded

[Sat, 24 Nov 18 02:57:42 +0700][ERROR] [2]: VendorController handler class cannot be loaded

[Sat, 24 Nov 18 02:57:42 +0700][ERROR] [5]: Action 'public' was not found on handler 'artist'

[Sat, 24 Nov 18 02:57:42 +0700][ERROR] [2]: VendorController handler class cannot be loaded

[Sat, 24 Nov 18 02:57:42 +0700][ERROR] [5]: Action 'public' was not found on handler 'artist'

[Sat, 24 Nov 18 02:57:42 +0700][ERROR] [5]: Action 'public' was not found on handler 'artist'

[Sat, 24 Nov 18 02:57:42 +0700][ERROR] [5]: Action 'public' was not found on handler 'artist'

[Sat, 24 Nov 18 02:57:42 +0700][ERROR] [5]: Action 'public' was not found on handler 'artist'

[Sat, 24 Nov 18 02:57:47 +0700][ERROR] [2]: PubilcController handler class cannot be loaded

[Sat, 24 Nov 18 02:57:47 +0700][ERROR] [2]: VendorController handler class cannot be loaded

[Sat, 24 Nov 18 02:57:47 +0700][ERROR] [5]: Action 'public' was not found on handler 'artobject'

[Sat, 24 Nov 18 02:57:47 +0700][ERROR] [5]: Action 'public' was not found on handler 'artobject'

[Sat, 24 Nov 18 02:57:51 +0700][ERROR] [2]: PubilcController handler class cannot be loaded

[Sat, 24 Nov 18 02:57:51 +0700][ERROR] [2]: VendorController handler class cannot be loaded

[Sat, 24 Nov 18 02:57:56 +0700][ERROR] [2]: PubilcController handler class cannot be loaded

[Sat, 24 Nov 18 02:57:56 +0700][ERROR] [2]: VendorController handler class cannot be loaded

[Sat, 24 Nov 18 02:57:56 +0700][ERROR] [2]: PubilcController handler class cannot be loaded

[Sat, 24 Nov 18 02:57:58 +0700][ERROR] [2]: PubilcController handler class cannot be loaded

[Sat, 24 Nov 18 02:57:58 +0700][ERROR] [2]: VendorController handler class cannot be loaded

[Sat, 24 Nov 18 02:57:58 +0700][ERROR] [5]: Action 'public' was not found on handler 'artist'

[Sat, 24 Nov 18 02:57:58 +0700][ERROR] [5]: Action 'public' was not found on handler 'artist'

[Sat, 24 Nov 18 02:58:02 +0700][ERROR] [2]: PubilcController handler class cannot be loaded

[Sat, 24 Nov 18 02:58:02 +0700][ERROR] [2]: VendorController handler class cannot be loaded

[Sat, 24 Nov 18 02:58:02 +0700][ERROR] [2]: PubilcController handler class cannot be loaded

[Sat, 24 Nov 18 02:58:05 +0700][ERROR] [2]: PubilcController handler class cannot be loaded

[Sat, 24 Nov 18 02:58:05 +0700][ERROR] [2]: VendorController handler class cannot be loaded

[Sat, 24 Nov 18 02:58:08 +0700][ERROR] [2]: PubilcController handler class cannot be loaded

[Sat, 24 Nov 18 02:58:08 +0700][ERROR] [2]: VendorController handler class cannot be loaded

[Sat, 24 Nov 18 02:58:08 +0700][ERROR] [2]: PubilcController handler class cannot be loaded

[Sat, 24 Nov 18 02:58:13 +0700][ERROR] [2]: PubilcController handler class cannot be loaded

[Sat, 24 Nov 18 02:58:13 +0700][ERROR] [2]: VendorController handler class cannot be loaded

[Sat, 24 Nov 18 02:58:13 +0700][ERROR] [5]: Action 'public' was not found on handler 'artist'

[Sat, 24 Nov 18 02:58:13 +0700][ERROR] [5]: Action 'public' was not found on handler 'artist'

[Sat, 24 Nov 18 02:58:19 +0700][ERROR] [2]: PubilcController handler class cannot be loaded

[Sat, 24 Nov 18 02:58:19 +0700][ERROR] [2]: VendorController handler class cannot be loaded

[Sat, 24 Nov 18 02:58:19 +0700][ERROR] [5]: Action 'public' was not found on handler 'artobject'

[Sat, 24 Nov 18 02:58:19 +0700][ERROR] [5]: Action 'public' was not found on handler 'artobject'

[Sat, 24 Nov 18 02:58:33 +0700][ERROR] [2]: PubilcController handler class cannot be loaded

[Sat, 24 Nov 18 02:58:33 +0700][ERROR] [2]: VendorController handler class cannot be loaded

[Sat, 24 Nov 18 02:58:33 +0700][ERROR] [2]: VendorController handler class cannot be loaded

[Sat, 24 Nov 18 02:58:34 +0700][ERROR] [2]: VendorController handler class cannot be loaded

[Sat, 24 Nov 18 02:58:36 +0700][ERROR] [2]: PubilcController handler class cannot be loaded

[Sat, 24 Nov 18 02:58:36 +0700][ERROR] [2]: VendorController handler class cannot be loaded

[Sat, 24 Nov 18 02:58:36 +0700][ERROR] [2]: PubilcController handler class cannot be loaded

[Sat, 24 Nov 18 02:58:41 +0700][ERROR] [2]: PubilcController handler class cannot be loaded

[Sat, 24 Nov 18 02:58:41 +0700][ERROR] [2]: VendorController handler class cannot be loaded

[Sat, 24 Nov 18 02:58:41 +0700][ERROR] [5]: Action 'public' was not found on handler 'artobject'

[Sat, 24 Nov 18 02:58:41 +0700][ERROR] [5]: Action 'public' was not found on handler 'artobject'

[Sat, 24 Nov 18 03:01:12 +0700][ERROR] [2]: PubilcController handler class cannot be loaded

[Sat, 24 Nov 18 03:01:12 +0700][ERROR] [2]: IndexController handler class cannot be loaded

[Sat, 24 Nov 18 03:01:12 +0700][ERROR] [5]: Action 'public' was not found on handler 'artobject'

[Sat, 24 Nov 18 03:01:12 +0700][ERROR] [5]: Action 'public' was not found on handler 'artobject'

[Sat, 24 Nov 18 03:01:12 +0700][ERROR] [5]: Action 'public' was not found on handler 'artobject'

[Sat, 24 Nov 18 03:01:54 +0700][ERROR] [2]: PubilcController handler class cannot be loaded

[Sat, 24 Nov 18 03:01:54 +0700][ERROR] [2]: VendorController handler class cannot be loaded

[Sat, 24 Nov 18 03:01:58 +0700][ERROR] [2]: PubilcController handler class cannot be loaded

[Sat, 24 Nov 18 03:01:58 +0700][ERROR] [2]: PubilcController handler class cannot be loaded

[Sat, 24 Nov 18 03:02:07 +0700][ERROR] [2]: AboutController handler class cannot be loaded

[Sat, 24 Nov 18 03:02:07 +0700][ERROR] [2]: PubilcController handler class cannot be loaded

[Sat, 24 Nov 18 03:02:07 +0700][ERROR] [2]: VendorController handler class cannot be loaded

[Sat, 24 Nov 18 03:02:07 +0700][ERROR] [2]: VendorController handler class cannot be loaded

[Sat, 24 Nov 18 03:02:09 +0700][ERROR] [2]: PubilcController handler class cannot be loaded

[Sat, 24 Nov 18 03:02:09 +0700][ERROR] [2]: VendorController handler class cannot be loaded

[Sat, 24 Nov 18 03:02:09 +0700][ERROR] [2]: PubilcController handler class cannot be loaded

[Sat, 24 Nov 18 03:02:13 +0700][ERROR] [2]: PubilcController handler class cannot be loaded

[Sat, 24 Nov 18 03:02:13 +0700][ERROR] [2]: VendorController handler class cannot be loaded

[Sat, 24 Nov 18 03:02:13 +0700][ERROR] [5]: Action 'public' was not found on handler 'artist'

[Sat, 24 Nov 18 03:02:13 +0700][ERROR] [5]: Action 'public' was not found on handler 'artist'

[Sat, 24 Nov 18 03:02:23 +0700][ERROR] [2]: PubilcController handler class cannot be loaded

[Sat, 24 Nov 18 03:02:23 +0700][ERROR] [2]: VendorController handler class cannot be loaded

[Sat, 24 Nov 18 03:02:23 +0700][ERROR] [2]: PubilcController handler class cannot be loaded

[Sat, 24 Nov 18 03:02:27 +0700][ERROR] [2]: PubilcController handler class cannot be loaded

[Sat, 24 Nov 18 03:02:27 +0700][ERROR] [2]: VendorController handler class cannot be loaded

[Sat, 24 Nov 18 03:02:27 +0700][ERROR] [5]: Action 'public' was not found on handler 'artist'

[Sat, 24 Nov 18 03:02:27 +0700][ERROR] [5]: Action 'public' was not found on handler 'artist'

[Sat, 24 Nov 18 03:02:27 +0700][ERROR] [5]: Action 'public' was not found on handler 'artist'

[Sat, 24 Nov 18 03:02:34 +0700][ERROR] [2]: PubilcController handler class cannot be loaded

[Sat, 24 Nov 18 03:02:34 +0700][ERROR] [2]: VendorController handler class cannot be loaded

[Sat, 24 Nov 18 03:02:34 +0700][ERROR] [2]: VendorController handler class cannot be loaded

[Sat, 24 Nov 18 03:02:34 +0700][ERROR] [5]: Action 'public' was not found on handler 'artobject'

[Sat, 24 Nov 18 03:02:34 +0700][ERROR] [5]: Action 'public' was not found on handler 'artobject'

[Sat, 24 Nov 18 03:02:39 +0700][ERROR] [2]: PubilcController handler class cannot be loaded

[Sat, 24 Nov 18 03:02:39 +0700][ERROR] [2]: VendorController handler class cannot be loaded

[Sat, 24 Nov 18 03:02:48 +0700][ERROR] [2]: PubilcController handler class cannot be loaded

[Sat, 24 Nov 18 03:02:48 +0700][ERROR] [2]: VendorController handler class cannot be loaded

[Sat, 24 Nov 18 03:02:54 +0700][ERROR] [2]: PubilcController handler class cannot be loaded

[Sat, 24 Nov 18 03:02:54 +0700][ERROR] [2]: VendorController handler class cannot be loaded

[Sat, 24 Nov 18 03:02:54 +0700][ERROR] [2]: PubilcController handler class cannot be loaded

[Sat, 24 Nov 18 03:02:59 +0700][ERROR] [2]: PubilcController handler class cannot be loaded

[Sat, 24 Nov 18 03:02:59 +0700][ERROR] [2]: VendorController handler class cannot be loaded

[Sat, 24 Nov 18 03:02:59 +0700][ERROR] [5]: Action 'public' was not found on handler 'exhibition'

[Sat, 24 Nov 18 03:03:06 +0700][ERROR] [2]: PubilcController handler class cannot be loaded

[Sat, 24 Nov 18 03:03:06 +0700][ERROR] [2]: VendorController handler class cannot be loaded

[Sat, 24 Nov 18 03:03:06 +0700][ERROR] [2]: VendorController handler class cannot be loaded

[Sat, 24 Nov 18 03:03:06 +0700][ERROR] [5]: Action 'public' was not found on handler 'authen'

[Sat, 24 Nov 18 03:03:06 +0700][ERROR] [2]: VendorController handler class cannot be loaded

[Sat, 24 Nov 18 03:03:06 +0700][ERROR] [5]: Action 'public' was not found on handler 'authen'

[Sat, 24 Nov 18 03:03:16 +0700][ERROR] [2]: PubilcController handler class cannot be loaded

[Sat, 24 Nov 18 03:03:16 +0700][ERROR] [2]: VendorController handler class cannot be loaded

[Sat, 24 Nov 18 03:03:16 +0700][ERROR] [2]: PubilcController handler class cannot be loaded

[Sat, 24 Nov 18 03:03:21 +0700][ERROR] [2]: PubilcController handler class cannot be loaded

[Sat, 24 Nov 18 03:03:21 +0700][ERROR] [2]: VendorController handler class cannot be loaded

[Sat, 24 Nov 18 03:03:21 +0700][ERROR] [2]: PubilcController handler class cannot be loaded

[Sat, 24 Nov 18 03:03:24 +0700][ERROR] [2]: PubilcController handler class cannot be loaded

[Sat, 24 Nov 18 03:03:24 +0700][ERROR] [2]: VendorController handler class cannot be loaded

[Sat, 24 Nov 18 03:03:24 +0700][ERROR] [5]: Action 'public' was not found on handler 'exhibition'

[Sat, 24 Nov 18 03:03:24 +0700][ERROR] [5]: Action 'public' was not found on handler 'exhibition'

[Sat, 24 Nov 18 03:03:26 +0700][ERROR] [2]: PubilcController handler class cannot be loaded

[Sat, 24 Nov 18 03:03:26 +0700][ERROR] [2]: VendorController handler class cannot be loaded

[Sat, 24 Nov 18 03:03:26 +0700][ERROR] [2]: PubilcController handler class cannot be loaded

[Sat, 24 Nov 18 03:03:29 +0700][ERROR] [2]: PageTopController handler class cannot be loaded

[Sat, 24 Nov 18 03:03:29 +0700][ERROR] [2]: PubilcController handler class cannot be loaded

[Sat, 24 Nov 18 03:03:29 +0700][ERROR] [2]: VendorController handler class cannot be loaded

[Sat, 24 Nov 18 03:03:31 +0700][ERROR] [2]: PubilcController handler class cannot be loaded

[Sat, 24 Nov 18 03:03:31 +0700][ERROR] [2]: VendorController handler class cannot be loaded

[Sat, 24 Nov 18 03:03:31 +0700][ERROR] [5]: Action 'public' was not found on handler 'authen'

[Sat, 24 Nov 18 03:03:31 +0700][ERROR] [5]: Action 'public' was not found on handler 'authen'

[Sat, 24 Nov 18 03:03:41 +0700][ERROR] [2]: PubilcController handler class cannot be loaded

[Sat, 24 Nov 18 03:03:41 +0700][ERROR] [2]: VendorController handler class cannot be loaded

[Sat, 24 Nov 18 03:03:41 +0700][ERROR] [2]: VendorController handler class cannot be loaded

[Sat, 24 Nov 18 03:03:41 +0700][ERROR] [2]: VendorController handler class cannot be loaded

[Sat, 24 Nov 18 03:03:41 +0700][ERROR] [2]: VendorController handler class cannot be loaded

[Sat, 24 Nov 18 03:03:41 +0700][ERROR] [2]: PubilcController handler class cannot be loaded

[Sat, 24 Nov 18 03:03:43 +0700][ERROR] [2]: PubilcController handler class cannot be loaded

[Sat, 24 Nov 18 03:03:43 +0700][ERROR] [2]: VendorController handler class cannot be loaded

[Sat, 24 Nov 18 03:03:43 +0700][ERROR] [2]: PubilcController handler class cannot be loaded

[Sat, 24 Nov 18 03:03:45 +0700][ERROR] [2]: PubilcController handler class cannot be loaded

[Sat, 24 Nov 18 03:03:45 +0700][ERROR] [2]: VendorController handler class cannot be loaded

[Sat, 24 Nov 18 03:03:45 +0700][ERROR] [5]: Action 'public' was not found on handler 'exhibition'

[Sat, 24 Nov 18 03:03:45 +0700][ERROR] [5]: Action 'public' was not found on handler 'exhibition'

[Sat, 24 Nov 18 03:03:45 +0700][ERROR] [5]: Action 'public' was not found on handler 'exhibition'

[Sat, 24 Nov 18 03:03:48 +0700][ERROR] [2]: PubilcController handler class cannot be loaded

[Sat, 24 Nov 18 03:03:48 +0700][ERROR] [2]: VendorController handler class cannot be loaded

[Sat, 24 Nov 18 03:03:48 +0700][ERROR] [5]: Action 'public' was not found on handler 'exhibition'

[Sat, 24 Nov 18 03:03:48 +0700][ERROR] [5]: Action 'public' was not found on handler 'exhibition'

[Sat, 24 Nov 18 03:03:50 +0700][ERROR] [2]: PubilcController handler class cannot be loaded

[Sat, 24 Nov 18 03:03:50 +0700][ERROR] [2]: VendorController handler class cannot be loaded

[Sat, 24 Nov 18 03:03:50 +0700][ERROR] [5]: Action 'public' was not found on handler 'exhibition'

[Sat, 24 Nov 18 03:03:50 +0700][ERROR] [5]: Action 'public' was not found on handler 'exhibition'

[Sat, 24 Nov 18 03:04:07 +0700][ERROR] [2]: PubilcController handler class cannot be loaded

[Sat, 24 Nov 18 03:04:08 +0700][ERROR] [2]: VendorController handler class cannot be loaded

[Sat, 24 Nov 18 03:04:08 +0700][ERROR] [2]: VendorController handler class cannot be loaded

[Sat, 24 Nov 18 03:04:08 +0700][ERROR] [2]: PubilcController handler class cannot be loaded

[Sat, 24 Nov 18 03:04:10 +0700][ERROR] [2]: PubilcController handler class cannot be loaded

[Sat, 24 Nov 18 03:04:10 +0700][ERROR] [2]: VendorController handler class cannot be loaded

[Sat, 24 Nov 18 03:04:10 +0700][ERROR] [5]: Action 'public' was not found on handler 'exhibition'

[Sat, 24 Nov 18 03:04:10 +0700][ERROR] [5]: Action 'public' was not found on handler 'exhibition'

[Sat, 24 Nov 18 03:04:10 +0700][ERROR] [5]: Action 'public' was not found on handler 'exhibition'

[Sat, 24 Nov 18 03:04:15 +0700][ERROR] [2]: PageTopController handler class cannot be loaded

[Sat, 24 Nov 18 03:04:15 +0700][ERROR] [2]: PubilcController handler class cannot be loaded

[Sat, 24 Nov 18 03:04:17 +0700][ERROR] [2]: PubilcController handler class cannot be loaded

[Sat, 24 Nov 18 03:04:17 +0700][ERROR] [2]: VendorController handler class cannot be loaded

[Sat, 24 Nov 18 03:04:17 +0700][ERROR] [5]: Action 'public' was not found on handler 'authen'

[Sat, 24 Nov 18 03:04:17 +0700][ERROR] [5]: Action 'public' was not found on handler 'authen'

[Sat, 24 Nov 18 03:04:17 +0700][ERROR] [5]: Action 'public' was not found on handler 'authen'

[Sat, 24 Nov 18 03:04:17 +0700][ERROR] [5]: Action 'public' was not found on handler 'authen'

[Sat, 24 Nov 18 03:04:24 +0700][ERROR] [2]: PubilcController handler class cannot be loaded

[Sat, 24 Nov 18 03:04:24 +0700][ERROR] [2]: VendorController handler class cannot be loaded

[Sat, 24 Nov 18 03:04:24 +0700][ERROR] [2]: PubilcController handler class cannot be loaded

[Sat, 24 Nov 18 03:04:27 +0700][ERROR] [2]: PubilcController handler class cannot be loaded

[Sat, 24 Nov 18 03:04:27 +0700][ERROR] [2]: VendorController handler class cannot be loaded

[Sat, 24 Nov 18 03:04:27 +0700][ERROR] [2]: PubilcController handler class cannot be loaded

[Sat, 24 Nov 18 03:04:32 +0700][ERROR] [2]: PubilcController handler class cannot be loaded

[Sat, 24 Nov 18 03:04:32 +0700][ERROR] [2]: VendorController handler class cannot be loaded

[Sat, 24 Nov 18 03:04:32 +0700][ERROR] [5]: Action 'public' was not found on handler 'exhibition'

[Sat, 24 Nov 18 03:04:37 +0700][ERROR] [2]: PubilcController handler class cannot be loaded

[Sat, 24 Nov 18 03:04:37 +0700][ERROR] [2]: VendorController handler class cannot be loaded

[Sat, 24 Nov 18 03:04:37 +0700][ERROR] [2]: VendorController handler class cannot be loaded

[Sat, 24 Nov 18 03:04:37 +0700][ERROR] [2]: PubilcController handler class cannot be loaded

[Sat, 24 Nov 18 03:04:43 +0700][ERROR] [2]: PubilcController handler class cannot be loaded

[Sat, 24 Nov 18 03:04:43 +0700][ERROR] [2]: VendorController handler class cannot be loaded

[Sat, 24 Nov 18 03:04:43 +0700][ERROR] [5]: Action 'public' was not found on handler 'exhibition'

[Sat, 24 Nov 18 03:04:43 +0700][ERROR] [5]: Action 'public' was not found on handler 'exhibition'

[Sat, 24 Nov 18 03:04:45 +0700][ERROR] [2]: PubilcController handler class cannot be loaded

[Sat, 24 Nov 18 03:04:45 +0700][ERROR] [2]: VendorController handler class cannot be loaded

[Sat, 24 Nov 18 03:04:45 +0700][ERROR] [2]: PubilcController handler class cannot be loaded

