[Mon, 19 Nov 18 13:52:35 +0700][ERROR] [2]: PubilcController handler class cannot be loaded

[Mon, 19 Nov 18 13:52:35 +0700][ERROR] [2]: VendorController handler class cannot be loaded

[Mon, 19 Nov 18 13:52:35 +0700][ERROR] [2]: VendorController handler class cannot be loaded

[Mon, 19 Nov 18 13:52:35 +0700][ERROR] [2]: PubilcController handler class cannot be loaded

[Mon, 19 Nov 18 13:52:38 +0700][ERROR] [2]: PubilcController handler class cannot be loaded

[Mon, 19 Nov 18 13:52:38 +0700][ERROR] [2]: VendorController handler class cannot be loaded

[Mon, 19 Nov 18 13:52:38 +0700][ERROR] [5]: Action 'public' was not found on handler 'authen'

[Mon, 19 Nov 18 13:52:38 +0700][ERROR] [5]: Action 'public' was not found on handler 'authen'

[Mon, 19 Nov 18 13:52:43 +0700][ERROR] [2]: PubilcController handler class cannot be loaded

[Mon, 19 Nov 18 13:52:43 +0700][ERROR] [5]: Action 'public' was not found on handler 'authen'

[Mon, 19 Nov 18 13:52:43 +0700][ERROR] [5]: Action 'public' was not found on handler 'authen'

[Mon, 19 Nov 18 13:52:46 +0700][ERROR] [2]: PubilcController handler class cannot be loaded

[Mon, 19 Nov 18 13:52:46 +0700][ERROR] [2]: VendorController handler class cannot be loaded

[Mon, 19 Nov 18 13:52:46 +0700][ERROR] [2]: PubilcController handler class cannot be loaded

[Mon, 19 Nov 18 13:52:51 +0700][ERROR] [2]: PubilcController handler class cannot be loaded

[Mon, 19 Nov 18 13:52:51 +0700][ERROR] [2]: VendorController handler class cannot be loaded

[Mon, 19 Nov 18 13:52:51 +0700][ERROR] [2]: VendorController handler class cannot be loaded

[Mon, 19 Nov 18 13:52:51 +0700][ERROR] [2]: VendorController handler class cannot be loaded

[Mon, 19 Nov 18 13:52:51 +0700][ERROR] [2]: VendorController handler class cannot be loaded

[Mon, 19 Nov 18 13:52:53 +0700][ERROR] [2]: PubilcController handler class cannot be loaded

[Mon, 19 Nov 18 13:52:53 +0700][ERROR] [2]: PubilcController handler class cannot be loaded

[Mon, 19 Nov 18 13:53:04 +0700][ERROR] [2]: PubilcController handler class cannot be loaded

[Mon, 19 Nov 18 13:53:04 +0700][ERROR] [2]: VendorController handler class cannot be loaded

[Mon, 19 Nov 18 13:53:04 +0700][ERROR] [2]: VendorController handler class cannot be loaded

[Mon, 19 Nov 18 13:53:04 +0700][ERROR] [2]: VendorController handler class cannot be loaded

[Mon, 19 Nov 18 13:53:04 +0700][ERROR] [2]: VendorController handler class cannot be loaded

[Mon, 19 Nov 18 13:53:04 +0700][ERROR] [2]: PubilcController handler class cannot be loaded

[Mon, 19 Nov 18 13:53:08 +0700][ERROR] [2]: PubilcController handler class cannot be loaded

[Mon, 19 Nov 18 13:53:08 +0700][ERROR] [2]: PubilcController handler class cannot be loaded

[Mon, 19 Nov 18 13:53:09 +0700][ERROR] [2]: PubilcController handler class cannot be loaded

[Mon, 19 Nov 18 13:53:09 +0700][ERROR] [2]: VendorController handler class cannot be loaded

[Mon, 19 Nov 18 13:53:09 +0700][ERROR] [2]: VendorController handler class cannot be loaded

[Mon, 19 Nov 18 13:53:09 +0700][ERROR] [5]: Action 'public' was not found on handler 'painting'

[Mon, 19 Nov 18 13:53:10 +0700][ERROR] [5]: Action 'public' was not found on handler 'painting'

[Mon, 19 Nov 18 13:53:11 +0700][ERROR] [2]: PubilcController handler class cannot be loaded

[Mon, 19 Nov 18 13:53:11 +0700][ERROR] [2]: VendorController handler class cannot be loaded

[Mon, 19 Nov 18 13:53:13 +0700][ERROR] [2]: PubilcController handler class cannot be loaded

[Mon, 19 Nov 18 13:53:13 +0700][ERROR] [2]: VendorController handler class cannot be loaded

[Mon, 19 Nov 18 13:53:13 +0700][ERROR] [2]: PubilcController handler class cannot be loaded

[Mon, 19 Nov 18 13:53:16 +0700][ERROR] [2]: PubilcController handler class cannot be loaded

[Mon, 19 Nov 18 13:53:16 +0700][ERROR] [2]: VendorController handler class cannot be loaded

[Mon, 19 Nov 18 13:53:17 +0700][ERROR] [2]: VendorController handler class cannot be loaded

[Mon, 19 Nov 18 13:53:17 +0700][ERROR] [2]: VendorController handler class cannot be loaded

[Mon, 19 Nov 18 13:53:17 +0700][ERROR] [2]: VendorController handler class cannot be loaded

[Mon, 19 Nov 18 13:53:19 +0700][ERROR] [2]: PubilcController handler class cannot be loaded

[Mon, 19 Nov 18 13:53:19 +0700][ERROR] [2]: VendorController handler class cannot be loaded

[Mon, 19 Nov 18 13:53:19 +0700][ERROR] [2]: PubilcController handler class cannot be loaded

[Mon, 19 Nov 18 13:53:24 +0700][ERROR] [2]: PubilcController handler class cannot be loaded

[Mon, 19 Nov 18 13:53:24 +0700][ERROR] [2]: VendorController handler class cannot be loaded

[Mon, 19 Nov 18 13:53:24 +0700][ERROR] [5]: Action 'public' was not found on handler 'other'

[Mon, 19 Nov 18 13:53:24 +0700][ERROR] [2]: PubilcController handler class cannot be loaded

[Mon, 19 Nov 18 13:53:24 +0700][ERROR] [5]: Action 'public' was not found on handler 'other'

[Mon, 19 Nov 18 13:53:24 +0700][ERROR] [5]: Action 'public' was not found on handler 'other'

[Mon, 19 Nov 18 13:53:24 +0700][ERROR] [5]: Action 'public' was not found on handler 'other'

[Mon, 19 Nov 18 13:53:24 +0700][ERROR] [5]: Action 'public' was not found on handler 'other'

[Mon, 19 Nov 18 13:53:25 +0700][ERROR] [2]: PubilcController handler class cannot be loaded

[Mon, 19 Nov 18 13:53:25 +0700][ERROR] [2]: VendorController handler class cannot be loaded

[Mon, 19 Nov 18 13:53:27 +0700][ERROR] [2]: PubilcController handler class cannot be loaded

[Mon, 19 Nov 18 13:53:27 +0700][ERROR] [2]: VendorController handler class cannot be loaded

[Mon, 19 Nov 18 13:53:27 +0700][ERROR] [2]: PubilcController handler class cannot be loaded

[Mon, 19 Nov 18 13:53:29 +0700][ERROR] [2]: PubilcController handler class cannot be loaded

[Mon, 19 Nov 18 13:53:29 +0700][ERROR] [2]: VendorController handler class cannot be loaded

[Mon, 19 Nov 18 13:53:31 +0700][ERROR] [2]: PubilcController handler class cannot be loaded

[Mon, 19 Nov 18 13:53:31 +0700][ERROR] [2]: VendorController handler class cannot be loaded

[Mon, 19 Nov 18 13:53:31 +0700][ERROR] [2]: PubilcController handler class cannot be loaded

[Mon, 19 Nov 18 13:53:34 +0700][ERROR] [2]: PubilcController handler class cannot be loaded

[Mon, 19 Nov 18 13:53:34 +0700][ERROR] [2]: VendorController handler class cannot be loaded

[Mon, 19 Nov 18 13:53:38 +0700][ERROR] [2]: PubilcController handler class cannot be loaded

[Mon, 19 Nov 18 13:53:38 +0700][ERROR] [2]: VendorController handler class cannot be loaded

[Mon, 19 Nov 18 13:53:38 +0700][ERROR] [2]: PubilcController handler class cannot be loaded

[Mon, 19 Nov 18 13:53:41 +0700][ERROR] [2]: PubilcController handler class cannot be loaded

[Mon, 19 Nov 18 13:53:41 +0700][ERROR] [2]: VendorController handler class cannot be loaded

[Mon, 19 Nov 18 13:53:43 +0700][ERROR] [2]: PubilcController handler class cannot be loaded

[Mon, 19 Nov 18 13:53:43 +0700][ERROR] [2]: VendorController handler class cannot be loaded

[Mon, 19 Nov 18 13:53:43 +0700][ERROR] [2]: VendorController handler class cannot be loaded

[Mon, 19 Nov 18 13:53:43 +0700][ERROR] [2]: VendorController handler class cannot be loaded

[Mon, 19 Nov 18 13:53:43 +0700][ERROR] [2]: PubilcController handler class cannot be loaded

[Mon, 19 Nov 18 13:53:58 +0700][ERROR] [2]: PubilcController handler class cannot be loaded

[Mon, 19 Nov 18 13:53:58 +0700][ERROR] [2]: VendorController handler class cannot be loaded

[Mon, 19 Nov 18 13:53:58 +0700][ERROR] [2]: VendorController handler class cannot be loaded

[Mon, 19 Nov 18 13:53:58 +0700][ERROR] [2]: VendorController handler class cannot be loaded

[Mon, 19 Nov 18 13:53:58 +0700][ERROR] [2]: PubilcController handler class cannot be loaded

[Mon, 19 Nov 18 13:54:05 +0700][ERROR] [2]: PubilcController handler class cannot be loaded

[Mon, 19 Nov 18 13:54:05 +0700][ERROR] [2]: VendorController handler class cannot be loaded

[Mon, 19 Nov 18 13:54:05 +0700][ERROR] [2]: VendorController handler class cannot be loaded

[Mon, 19 Nov 18 13:54:05 +0700][ERROR] [2]: PubilcController handler class cannot be loaded

[Mon, 19 Nov 18 13:54:06 +0700][ERROR] [2]: AboutController handler class cannot be loaded

[Mon, 19 Nov 18 13:54:06 +0700][ERROR] [2]: PubilcController handler class cannot be loaded

[Mon, 19 Nov 18 13:54:06 +0700][ERROR] [2]: VendorController handler class cannot be loaded

[Mon, 19 Nov 18 13:54:16 +0700][ERROR] [2]: PubilcController handler class cannot be loaded

[Mon, 19 Nov 18 13:54:16 +0700][ERROR] [2]: VendorController handler class cannot be loaded

[Mon, 19 Nov 18 13:54:16 +0700][ERROR] [5]: Action 'public' was not found on handler 'authen'

[Mon, 19 Nov 18 13:54:16 +0700][ERROR] [5]: Action 'public' was not found on handler 'authen'

[Mon, 19 Nov 18 13:54:16 +0700][ERROR] [5]: Action 'public' was not found on handler 'authen'

[Mon, 19 Nov 18 13:54:16 +0700][ERROR] [5]: Action 'public' was not found on handler 'authen'

[Mon, 19 Nov 18 13:54:23 +0700][ERROR] [2]: PubilcController handler class cannot be loaded

[Mon, 19 Nov 18 13:54:23 +0700][ERROR] [2]: VendorController handler class cannot be loaded

[Mon, 19 Nov 18 13:54:23 +0700][ERROR] [5]: Action 'public' was not found on handler 'authen'

[Mon, 19 Nov 18 13:54:23 +0700][ERROR] [5]: Action 'public' was not found on handler 'authen'

[Mon, 19 Nov 18 13:54:23 +0700][ERROR] [5]: Action 'public' was not found on handler 'authen'

[Mon, 19 Nov 18 13:54:47 +0700][ERROR] [2]: PubilcController handler class cannot be loaded

[Mon, 19 Nov 18 13:54:48 +0700][ERROR] [2]: VendorController handler class cannot be loaded

[Mon, 19 Nov 18 13:54:48 +0700][ERROR] [5]: Action 'public' was not found on handler 'authen'

[Mon, 19 Nov 18 13:54:48 +0700][ERROR] [2]: VendorController handler class cannot be loaded

[Mon, 19 Nov 18 13:54:48 +0700][ERROR] [5]: Action 'public' was not found on handler 'authen'

[Mon, 19 Nov 18 13:54:48 +0700][ERROR] [5]: Action 'public' was not found on handler 'authen'

[Mon, 19 Nov 18 13:54:48 +0700][ERROR] [5]: Action 'public' was not found on handler 'authen'

[Mon, 19 Nov 18 13:55:17 +0700][ERROR] [2]: PubilcController handler class cannot be loaded

[Mon, 19 Nov 18 13:55:17 +0700][ERROR] [2]: VendorController handler class cannot be loaded

[Mon, 19 Nov 18 13:55:17 +0700][ERROR] [5]: Action 'public' was not found on handler 'authen'

[Mon, 19 Nov 18 13:55:17 +0700][ERROR] [5]: Action 'public' was not found on handler 'authen'

[Mon, 19 Nov 18 13:55:17 +0700][ERROR] [2]: VendorController handler class cannot be loaded

[Mon, 19 Nov 18 13:55:17 +0700][ERROR] [5]: Action 'public' was not found on handler 'authen'

[Mon, 19 Nov 18 13:55:17 +0700][ERROR] [5]: Action 'public' was not found on handler 'authen'

[Mon, 19 Nov 18 13:55:17 +0700][ERROR] [5]: Action 'public' was not found on handler 'authen'

[Mon, 19 Nov 18 13:55:25 +0700][ERROR] [2]: PubilcController handler class cannot be loaded

[Mon, 19 Nov 18 13:55:25 +0700][ERROR] [2]: VendorController handler class cannot be loaded

[Mon, 19 Nov 18 13:55:25 +0700][ERROR] [5]: Action 'public' was not found on handler 'authen'

[Mon, 19 Nov 18 13:55:25 +0700][ERROR] [5]: Action 'public' was not found on handler 'authen'

[Mon, 19 Nov 18 13:55:25 +0700][ERROR] [5]: Action 'public' was not found on handler 'authen'

[Mon, 19 Nov 18 13:55:25 +0700][ERROR] [5]: Action 'public' was not found on handler 'authen'

[Mon, 19 Nov 18 14:03:30 +0700][ERROR] [2]: PubilcController handler class cannot be loaded

[Mon, 19 Nov 18 14:03:30 +0700][ERROR] [2]: VendorController handler class cannot be loaded

[Mon, 19 Nov 18 14:03:30 +0700][ERROR] [5]: Action 'public' was not found on handler 'authen'

[Mon, 19 Nov 18 14:03:30 +0700][ERROR] [2]: VendorController handler class cannot be loaded

[Mon, 19 Nov 18 14:03:30 +0700][ERROR] [5]: Action 'public' was not found on handler 'authen'

[Mon, 19 Nov 18 14:03:32 +0700][ERROR] [2]: PubilcController handler class cannot be loaded

[Mon, 19 Nov 18 14:03:32 +0700][ERROR] [2]: VendorController handler class cannot be loaded

[Mon, 19 Nov 18 14:03:32 +0700][ERROR] [2]: VendorController handler class cannot be loaded

[Mon, 19 Nov 18 14:03:32 +0700][ERROR] [5]: Action 'public' was not found on handler 'authen'

[Mon, 19 Nov 18 14:03:32 +0700][ERROR] [2]: VendorController handler class cannot be loaded

[Mon, 19 Nov 18 14:03:32 +0700][ERROR] [5]: Action 'public' was not found on handler 'authen'

[Mon, 19 Nov 18 14:03:32 +0700][ERROR] [5]: Action 'public' was not found on handler 'authen'

[Mon, 19 Nov 18 14:03:32 +0700][ERROR] [5]: Action 'public' was not found on handler 'authen'

[Mon, 19 Nov 18 14:03:32 +0700][ERROR] [5]: Action 'public' was not found on handler 'authen'

[Mon, 19 Nov 18 14:03:32 +0700][ERROR] [5]: Action 'public' was not found on handler 'authen'

[Mon, 19 Nov 18 14:03:33 +0700][ERROR] [2]: PubilcController handler class cannot be loaded

[Mon, 19 Nov 18 14:03:33 +0700][ERROR] [2]: VendorController handler class cannot be loaded

[Mon, 19 Nov 18 14:03:33 +0700][ERROR] [5]: Action 'public' was not found on handler 'authen'

[Mon, 19 Nov 18 14:03:33 +0700][ERROR] [5]: Action 'public' was not found on handler 'authen'

[Mon, 19 Nov 18 14:03:33 +0700][ERROR] [5]: Action 'public' was not found on handler 'authen'

[Mon, 19 Nov 18 14:03:33 +0700][ERROR] [5]: Action 'public' was not found on handler 'authen'

[Mon, 19 Nov 18 14:03:33 +0700][ERROR] [2]: PubilcController handler class cannot be loaded

[Mon, 19 Nov 18 14:03:33 +0700][ERROR] [2]: VendorController handler class cannot be loaded

[Mon, 19 Nov 18 14:03:34 +0700][ERROR] [5]: Action 'public' was not found on handler 'authen'

[Mon, 19 Nov 18 14:03:34 +0700][ERROR] [5]: Action 'public' was not found on handler 'authen'

[Mon, 19 Nov 18 14:03:34 +0700][ERROR] [5]: Action 'public' was not found on handler 'authen'

[Mon, 19 Nov 18 14:03:34 +0700][ERROR] [5]: Action 'public' was not found on handler 'authen'

[Mon, 19 Nov 18 14:04:17 +0700][ERROR] [2]: PubilcController handler class cannot be loaded

[Mon, 19 Nov 18 14:04:17 +0700][ERROR] [2]: VendorController handler class cannot be loaded

[Mon, 19 Nov 18 14:04:17 +0700][ERROR] [5]: Action 'public' was not found on handler 'authen'

[Mon, 19 Nov 18 14:04:17 +0700][ERROR] [5]: Action 'public' was not found on handler 'authen'

[Mon, 19 Nov 18 14:04:17 +0700][ERROR] [5]: Action 'public' was not found on handler 'authen'

[Mon, 19 Nov 18 14:08:43 +0700][ERROR] [2]: PubilcController handler class cannot be loaded

[Mon, 19 Nov 18 14:08:43 +0700][ERROR] [2]: VendorController handler class cannot be loaded

[Mon, 19 Nov 18 14:08:43 +0700][ERROR] [5]: Action 'public' was not found on handler 'authen'

[Mon, 19 Nov 18 14:08:43 +0700][ERROR] [5]: Action 'public' was not found on handler 'authen'

[Mon, 19 Nov 18 14:08:50 +0700][ERROR] [2]: PubilcController handler class cannot be loaded

[Mon, 19 Nov 18 14:08:50 +0700][ERROR] [2]: VendorController handler class cannot be loaded

[Mon, 19 Nov 18 14:08:50 +0700][ERROR] [5]: Action 'public' was not found on handler 'authen'

[Mon, 19 Nov 18 14:08:50 +0700][ERROR] [5]: Action 'public' was not found on handler 'authen'

[Mon, 19 Nov 18 14:09:04 +0700][ERROR] [2]: PubilcController handler class cannot be loaded

[Mon, 19 Nov 18 14:09:04 +0700][ERROR] [2]: VendorController handler class cannot be loaded

[Mon, 19 Nov 18 14:09:04 +0700][ERROR] [5]: Action 'public' was not found on handler 'authen'

[Mon, 19 Nov 18 14:09:04 +0700][ERROR] [5]: Action 'public' was not found on handler 'authen'

[Mon, 19 Nov 18 14:09:04 +0700][ERROR] [5]: Action 'public' was not found on handler 'authen'

[Mon, 19 Nov 18 14:09:19 +0700][ERROR] [2]: IndexController handler class cannot be loaded

[Mon, 19 Nov 18 14:09:19 +0700][ERROR] [2]: PubilcController handler class cannot be loaded

[Mon, 19 Nov 18 14:09:19 +0700][ERROR] [2]: VendorController handler class cannot be loaded

[Mon, 19 Nov 18 14:09:19 +0700][ERROR] [2]: VendorController handler class cannot be loaded

[Mon, 19 Nov 18 14:10:05 +0700][ERROR] [2]: PubilcController handler class cannot be loaded

[Mon, 19 Nov 18 14:10:05 +0700][ERROR] [2]: VendorController handler class cannot be loaded

[Mon, 19 Nov 18 14:10:05 +0700][ERROR] [5]: Action 'public' was not found on handler 'authen'

[Mon, 19 Nov 18 14:10:05 +0700][ERROR] [5]: Action 'public' was not found on handler 'authen'

[Mon, 19 Nov 18 14:10:11 +0700][ERROR] [2]: PubilcController handler class cannot be loaded

[Mon, 19 Nov 18 14:10:11 +0700][ERROR] [2]: VendorController handler class cannot be loaded

[Mon, 19 Nov 18 14:10:11 +0700][ERROR] [2]: PubilcController handler class cannot be loaded

[Mon, 19 Nov 18 14:10:29 +0700][ERROR] [2]: PubilcController handler class cannot be loaded

[Mon, 19 Nov 18 14:10:29 +0700][ERROR] [2]: VendorController handler class cannot be loaded

[Mon, 19 Nov 18 14:10:29 +0700][ERROR] [5]: Action 'public' was not found on handler 'authen'

[Mon, 19 Nov 18 14:10:29 +0700][ERROR] [5]: Action 'public' was not found on handler 'authen'

[Mon, 19 Nov 18 14:10:43 +0700][ERROR] [2]: PubilcController handler class cannot be loaded

[Mon, 19 Nov 18 14:10:43 +0700][ERROR] [2]: VendorController handler class cannot be loaded

[Mon, 19 Nov 18 14:10:43 +0700][ERROR] [2]: VendorController handler class cannot be loaded

[Mon, 19 Nov 18 14:10:43 +0700][ERROR] [2]: VendorController handler class cannot be loaded

[Mon, 19 Nov 18 14:10:43 +0700][ERROR] [5]: Action 'public' was not found on handler 'authen'

[Mon, 19 Nov 18 14:10:43 +0700][ERROR] [5]: Action 'public' was not found on handler 'authen'

[Mon, 19 Nov 18 14:13:18 +0700][ERROR] [2]: PubilcController handler class cannot be loaded

[Mon, 19 Nov 18 14:13:18 +0700][ERROR] [2]: VendorController handler class cannot be loaded

[Mon, 19 Nov 18 14:13:18 +0700][ERROR] [5]: Action 'public' was not found on handler 'authen'

[Mon, 19 Nov 18 14:13:18 +0700][ERROR] [2]: VendorController handler class cannot be loaded

[Mon, 19 Nov 18 14:13:18 +0700][ERROR] [5]: Action 'public' was not found on handler 'authen'

[Mon, 19 Nov 18 14:13:18 +0700][ERROR] [5]: Action 'public' was not found on handler 'authen'

[Mon, 19 Nov 18 14:13:28 +0700][ERROR] [2]: PubilcController handler class cannot be loaded

[Mon, 19 Nov 18 14:13:28 +0700][ERROR] [2]: VendorController handler class cannot be loaded

[Mon, 19 Nov 18 14:13:28 +0700][ERROR] [5]: Action 'public' was not found on handler 'authen'

[Mon, 19 Nov 18 14:13:28 +0700][ERROR] [5]: Action 'public' was not found on handler 'authen'

[Mon, 19 Nov 18 14:13:28 +0700][ERROR] [5]: Action 'public' was not found on handler 'authen'

[Mon, 19 Nov 18 14:13:55 +0700][ERROR] [2]: PubilcController handler class cannot be loaded

[Mon, 19 Nov 18 14:13:55 +0700][ERROR] [2]: IndexController handler class cannot be loaded

[Mon, 19 Nov 18 14:13:55 +0700][ERROR] [2]: VendorController handler class cannot be loaded

[Mon, 19 Nov 18 14:13:55 +0700][ERROR] [5]: Action 'public' was not found on handler 'authen'

[Mon, 19 Nov 18 14:13:55 +0700][ERROR] [5]: Action 'public' was not found on handler 'authen'

[Mon, 19 Nov 18 14:14:11 +0700][ERROR] [2]: PubilcController handler class cannot be loaded

[Mon, 19 Nov 18 14:14:11 +0700][ERROR] [2]: VendorController handler class cannot be loaded

[Mon, 19 Nov 18 14:14:11 +0700][ERROR] [5]: Action 'public' was not found on handler 'authen'

[Mon, 19 Nov 18 14:14:11 +0700][ERROR] [5]: Action 'public' was not found on handler 'authen'

[Mon, 19 Nov 18 14:14:18 +0700][ERROR] [2]: IndexController handler class cannot be loaded

[Mon, 19 Nov 18 14:14:18 +0700][ERROR] [2]: PubilcController handler class cannot be loaded

[Mon, 19 Nov 18 14:14:18 +0700][ERROR] [2]: VendorController handler class cannot be loaded

[Mon, 19 Nov 18 14:14:18 +0700][ERROR] [2]: VendorController handler class cannot be loaded

[Mon, 19 Nov 18 14:14:20 +0700][ERROR] [2]: PubilcController handler class cannot be loaded

[Mon, 19 Nov 18 14:14:20 +0700][ERROR] [2]: VendorController handler class cannot be loaded

[Mon, 19 Nov 18 14:14:20 +0700][ERROR] [2]: PubilcController handler class cannot be loaded

[Mon, 19 Nov 18 14:14:22 +0700][ERROR] [2]: PubilcController handler class cannot be loaded

[Mon, 19 Nov 18 14:14:22 +0700][ERROR] [2]: VendorController handler class cannot be loaded

[Mon, 19 Nov 18 14:14:22 +0700][ERROR] [2]: PubilcController handler class cannot be loaded

[Mon, 19 Nov 18 14:14:25 +0700][ERROR] [2]: PubilcController handler class cannot be loaded

[Mon, 19 Nov 18 14:14:25 +0700][ERROR] [2]: VendorController handler class cannot be loaded

[Mon, 19 Nov 18 14:14:25 +0700][ERROR] [2]: PubilcController handler class cannot be loaded

[Mon, 19 Nov 18 14:14:28 +0700][ERROR] [2]: PubilcController handler class cannot be loaded

[Mon, 19 Nov 18 14:14:28 +0700][ERROR] [2]: VendorController handler class cannot be loaded

[Mon, 19 Nov 18 14:14:28 +0700][ERROR] [5]: Action 'public' was not found on handler 'artist'

[Mon, 19 Nov 18 14:14:28 +0700][ERROR] [5]: Action 'public' was not found on handler 'artist'

[Mon, 19 Nov 18 14:14:31 +0700][ERROR] [2]: PubilcController handler class cannot be loaded

[Mon, 19 Nov 18 14:14:31 +0700][ERROR] [2]: VendorController handler class cannot be loaded

[Mon, 19 Nov 18 14:14:31 +0700][ERROR] [2]: PubilcController handler class cannot be loaded

[Mon, 19 Nov 18 14:14:33 +0700][ERROR] [2]: PubilcController handler class cannot be loaded

[Mon, 19 Nov 18 14:14:33 +0700][ERROR] [2]: VendorController handler class cannot be loaded

[Mon, 19 Nov 18 14:14:33 +0700][ERROR] [5]: Action 'public' was not found on handler 'artist'

[Mon, 19 Nov 18 14:14:36 +0700][ERROR] [2]: PubilcController handler class cannot be loaded

[Mon, 19 Nov 18 14:14:36 +0700][ERROR] [2]: VendorController handler class cannot be loaded

[Mon, 19 Nov 18 14:14:36 +0700][ERROR] [2]: PubilcController handler class cannot be loaded

[Mon, 19 Nov 18 14:16:02 +0700][ERROR] [2]: IndexController handler class cannot be loaded

[Mon, 19 Nov 18 14:16:02 +0700][ERROR] [2]: PubilcController handler class cannot be loaded

[Mon, 19 Nov 18 14:16:02 +0700][ERROR] [2]: VendorController handler class cannot be loaded

[Mon, 19 Nov 18 14:16:04 +0700][ERROR] [2]: PubilcController handler class cannot be loaded

[Mon, 19 Nov 18 14:16:04 +0700][ERROR] [2]: VendorController handler class cannot be loaded

[Mon, 19 Nov 18 14:16:04 +0700][ERROR] [5]: Action 'public' was not found on handler 'authen'

[Mon, 19 Nov 18 14:16:04 +0700][ERROR] [5]: Action 'public' was not found on handler 'authen'

[Mon, 19 Nov 18 14:16:04 +0700][ERROR] [5]: Action 'public' was not found on handler 'authen'

[Mon, 19 Nov 18 14:16:04 +0700][ERROR] [5]: Action 'public' was not found on handler 'authen'

[Mon, 19 Nov 18 14:16:04 +0700][ERROR] [5]: Action 'public' was not found on handler 'authen'

[Mon, 19 Nov 18 14:16:15 +0700][ERROR] [2]: PubilcController handler class cannot be loaded

[Mon, 19 Nov 18 14:16:15 +0700][ERROR] [5]: Action 'public' was not found on handler 'authen'

[Mon, 19 Nov 18 14:16:15 +0700][ERROR] [5]: Action 'public' was not found on handler 'authen'

[Mon, 19 Nov 18 14:16:21 +0700][ERROR] [2]: IndexController handler class cannot be loaded

[Mon, 19 Nov 18 14:16:21 +0700][ERROR] [2]: PubilcController handler class cannot be loaded

[Mon, 19 Nov 18 14:16:21 +0700][ERROR] [2]: VendorController handler class cannot be loaded

[Mon, 19 Nov 18 14:19:02 +0700][ERROR] [2]: IndexController handler class cannot be loaded

[Mon, 19 Nov 18 14:19:02 +0700][ERROR] [2]: PubilcController handler class cannot be loaded

[Mon, 19 Nov 18 14:19:02 +0700][ERROR] [2]: VendorController handler class cannot be loaded

[Mon, 19 Nov 18 14:19:02 +0700][ERROR] [2]: VendorController handler class cannot be loaded

[Mon, 19 Nov 18 14:19:04 +0700][ERROR] [2]: PubilcController handler class cannot be loaded

[Mon, 19 Nov 18 14:19:04 +0700][ERROR] [2]: VendorController handler class cannot be loaded

[Mon, 19 Nov 18 14:19:04 +0700][ERROR] [5]: Action 'public' was not found on handler 'authen'

[Mon, 19 Nov 18 14:19:04 +0700][ERROR] [5]: Action 'public' was not found on handler 'authen'

[Mon, 19 Nov 18 14:19:18 +0700][ERROR] [2]: PubilcController handler class cannot be loaded

[Mon, 19 Nov 18 14:19:18 +0700][ERROR] [2]: VendorController handler class cannot be loaded

[Mon, 19 Nov 18 14:19:18 +0700][ERROR] [2]: VendorController handler class cannot be loaded

[Mon, 19 Nov 18 14:19:18 +0700][ERROR] [5]: Action 'public' was not found on handler 'authen'

[Mon, 19 Nov 18 14:19:18 +0700][ERROR] [5]: Action 'public' was not found on handler 'authen'

[Mon, 19 Nov 18 14:24:15 +0700][ERROR] [2]: PubilcController handler class cannot be loaded

[Mon, 19 Nov 18 14:24:15 +0700][ERROR] [2]: VendorController handler class cannot be loaded

[Mon, 19 Nov 18 14:24:15 +0700][ERROR] [2]: VendorController handler class cannot be loaded

[Mon, 19 Nov 18 14:24:15 +0700][ERROR] [2]: VendorController handler class cannot be loaded

[Mon, 19 Nov 18 14:24:15 +0700][ERROR] [5]: Action 'public' was not found on handler 'authen'

[Mon, 19 Nov 18 14:24:15 +0700][ERROR] [2]: VendorController handler class cannot be loaded

[Mon, 19 Nov 18 14:24:15 +0700][ERROR] [2]: VendorController handler class cannot be loaded

[Mon, 19 Nov 18 14:24:15 +0700][ERROR] [5]: Action 'public' was not found on handler 'authen'

[Mon, 19 Nov 18 14:24:15 +0700][ERROR] [2]: VendorController handler class cannot be loaded

[Mon, 19 Nov 18 14:24:15 +0700][ERROR] [5]: Action 'public' was not found on handler 'authen'

[Mon, 19 Nov 18 14:24:15 +0700][ERROR] [5]: Action 'public' was not found on handler 'authen'

[Mon, 19 Nov 18 14:24:27 +0700][ERROR] [2]: PubilcController handler class cannot be loaded

[Mon, 19 Nov 18 14:24:27 +0700][ERROR] [2]: VendorController handler class cannot be loaded

[Mon, 19 Nov 18 14:24:27 +0700][ERROR] [2]: VendorController handler class cannot be loaded

[Mon, 19 Nov 18 14:24:27 +0700][ERROR] [2]: VendorController handler class cannot be loaded

[Mon, 19 Nov 18 14:24:27 +0700][ERROR] [5]: Action 'public' was not found on handler 'authen'

[Mon, 19 Nov 18 14:26:43 +0700][ERROR] [2]: PubilcController handler class cannot be loaded

[Mon, 19 Nov 18 14:26:43 +0700][ERROR] [2]: VendorController handler class cannot be loaded

[Mon, 19 Nov 18 14:26:43 +0700][ERROR] [5]: Action 'public' was not found on handler 'authen'

[Mon, 19 Nov 18 14:26:43 +0700][ERROR] [5]: Action 'public' was not found on handler 'authen'

[Mon, 19 Nov 18 14:26:43 +0700][ERROR] [5]: Action 'public' was not found on handler 'authen'

[Mon, 19 Nov 18 14:26:43 +0700][ERROR] [5]: Action 'public' was not found on handler 'authen'

[Mon, 19 Nov 18 14:26:43 +0700][ERROR] [5]: Action 'public' was not found on handler 'authen'

[Mon, 19 Nov 18 14:26:58 +0700][ERROR] [2]: PubilcController handler class cannot be loaded

[Mon, 19 Nov 18 14:26:58 +0700][ERROR] [2]: VendorController handler class cannot be loaded

[Mon, 19 Nov 18 14:26:58 +0700][ERROR] [2]: PubilcController handler class cannot be loaded

[Mon, 19 Nov 18 14:27:27 +0700][ERROR] [2]: PubilcController handler class cannot be loaded

[Mon, 19 Nov 18 14:27:27 +0700][ERROR] [2]: VendorController handler class cannot be loaded

[Mon, 19 Nov 18 14:27:27 +0700][ERROR] [2]: VendorController handler class cannot be loaded

[Mon, 19 Nov 18 14:27:27 +0700][ERROR] [2]: VendorController handler class cannot be loaded

[Mon, 19 Nov 18 14:27:27 +0700][ERROR] [2]: VendorController handler class cannot be loaded

[Mon, 19 Nov 18 14:27:27 +0700][ERROR] [5]: Action 'public' was not found on handler 'authen'

[Mon, 19 Nov 18 14:27:27 +0700][ERROR] [5]: Action 'public' was not found on handler 'authen'

[Mon, 19 Nov 18 14:27:42 +0700][ERROR] [2]: PubilcController handler class cannot be loaded

[Mon, 19 Nov 18 14:27:42 +0700][ERROR] [2]: VendorController handler class cannot be loaded

[Mon, 19 Nov 18 14:27:42 +0700][ERROR] [2]: VendorController handler class cannot be loaded

[Mon, 19 Nov 18 14:27:42 +0700][ERROR] [2]: PubilcController handler class cannot be loaded

[Mon, 19 Nov 18 14:28:14 +0700][ERROR] [2]: PubilcController handler class cannot be loaded

[Mon, 19 Nov 18 14:28:14 +0700][ERROR] [2]: VendorController handler class cannot be loaded

[Mon, 19 Nov 18 14:28:14 +0700][ERROR] [5]: Action 'public' was not found on handler 'authen'

[Mon, 19 Nov 18 14:28:14 +0700][ERROR] [2]: VendorController handler class cannot be loaded

[Mon, 19 Nov 18 14:28:14 +0700][ERROR] [5]: Action 'public' was not found on handler 'authen'

[Mon, 19 Nov 18 14:28:14 +0700][ERROR] [5]: Action 'public' was not found on handler 'authen'

[Mon, 19 Nov 18 14:28:14 +0700][ERROR] [5]: Action 'public' was not found on handler 'authen'

[Mon, 19 Nov 18 14:28:20 +0700][ERROR] [2]: PubilcController handler class cannot be loaded

[Mon, 19 Nov 18 14:31:40 +0700][ERROR] [2]: PubilcController handler class cannot be loaded

[Mon, 19 Nov 18 14:31:40 +0700][ERROR] [2]: VendorController handler class cannot be loaded

[Mon, 19 Nov 18 14:31:40 +0700][ERROR] [2]: PubilcController handler class cannot be loaded

[Mon, 19 Nov 18 14:31:42 +0700][ERROR] [2]: PubilcController handler class cannot be loaded

[Mon, 19 Nov 18 14:31:42 +0700][ERROR] [2]: VendorController handler class cannot be loaded

[Mon, 19 Nov 18 14:31:42 +0700][ERROR] [2]: PubilcController handler class cannot be loaded

[Mon, 19 Nov 18 14:31:48 +0700][ERROR] [2]: PubilcController handler class cannot be loaded

[Mon, 19 Nov 18 14:32:17 +0700][ERROR] [2]: PubilcController handler class cannot be loaded

[Mon, 19 Nov 18 14:32:32 +0700][ERROR] [2]: IndexController handler class cannot be loaded

[Mon, 19 Nov 18 14:32:32 +0700][ERROR] [2]: PubilcController handler class cannot be loaded

[Mon, 19 Nov 18 14:32:32 +0700][ERROR] [2]: VendorController handler class cannot be loaded

[Mon, 19 Nov 18 14:32:33 +0700][ERROR] [2]: VendorController handler class cannot be loaded

[Mon, 19 Nov 18 14:32:35 +0700][ERROR] [2]: PubilcController handler class cannot be loaded

[Mon, 19 Nov 18 14:33:05 +0700][ERROR] [2]: PubilcController handler class cannot be loaded

[Mon, 19 Nov 18 14:33:12 +0700][ERROR] [2]: IndexController handler class cannot be loaded

[Mon, 19 Nov 18 14:33:12 +0700][ERROR] [2]: PubilcController handler class cannot be loaded

[Mon, 19 Nov 18 14:33:12 +0700][ERROR] [2]: VendorController handler class cannot be loaded

[Mon, 19 Nov 18 14:33:13 +0700][ERROR] [2]: PubilcController handler class cannot be loaded

[Mon, 19 Nov 18 14:34:15 +0700][ERROR] [2]: VendorController handler class cannot be loaded

[Mon, 19 Nov 18 14:34:15 +0700][ERROR] [2]: VendorController handler class cannot be loaded

[Mon, 19 Nov 18 14:34:15 +0700][ERROR] [2]: VendorController handler class cannot be loaded

[Mon, 19 Nov 18 14:34:25 +0700][ERROR] [2]: PubilcController handler class cannot be loaded

[Mon, 19 Nov 18 14:34:25 +0700][ERROR] [2]: VendorController handler class cannot be loaded

[Mon, 19 Nov 18 14:34:25 +0700][ERROR] [2]: VendorController handler class cannot be loaded

[Mon, 19 Nov 18 14:34:25 +0700][ERROR] [2]: VendorController handler class cannot be loaded

[Mon, 19 Nov 18 14:34:25 +0700][ERROR] [2]: VendorController handler class cannot be loaded

[Mon, 19 Nov 18 14:34:25 +0700][ERROR] [2]: PubilcController handler class cannot be loaded

[Mon, 19 Nov 18 14:34:26 +0700][ERROR] [2]: PubilcController handler class cannot be loaded

[Mon, 19 Nov 18 14:34:26 +0700][ERROR] [2]: VendorController handler class cannot be loaded

[Mon, 19 Nov 18 14:34:26 +0700][ERROR] [2]: PubilcController handler class cannot be loaded

[Mon, 19 Nov 18 14:34:27 +0700][ERROR] [2]: PubilcController handler class cannot be loaded

[Mon, 19 Nov 18 14:34:27 +0700][ERROR] [2]: PubilcController handler class cannot be loaded

[Mon, 19 Nov 18 14:34:29 +0700][ERROR] [2]: AboutController handler class cannot be loaded

[Mon, 19 Nov 18 14:34:29 +0700][ERROR] [2]: PubilcController handler class cannot be loaded

[Mon, 19 Nov 18 14:34:29 +0700][ERROR] [2]: VendorController handler class cannot be loaded

[Mon, 19 Nov 18 20:53:18 +0700][ERROR] [2]: IndexController handler class cannot be loaded

[Mon, 19 Nov 18 20:53:18 +0700][ERROR] [2]: PubilcController handler class cannot be loaded

[Mon, 19 Nov 18 20:53:18 +0700][ERROR] [2]: VendorController handler class cannot be loaded

[Mon, 19 Nov 18 20:53:18 +0700][ERROR] [2]: VendorController handler class cannot be loaded

[Mon, 19 Nov 18 20:53:18 +0700][ERROR] [2]: VendorController handler class cannot be loaded

[Mon, 19 Nov 18 20:53:19 +0700][ERROR] [2]: VendorController handler class cannot be loaded

[Mon, 19 Nov 18 20:53:21 +0700][ERROR] [2]: PubilcController handler class cannot be loaded

[Mon, 19 Nov 18 20:53:21 +0700][ERROR] [2]: VendorController handler class cannot be loaded

[Mon, 19 Nov 18 20:53:21 +0700][ERROR] [2]: VendorController handler class cannot be loaded

[Mon, 19 Nov 18 20:53:21 +0700][ERROR] [5]: Action 'public' was not found on handler 'authen'

[Mon, 19 Nov 18 20:53:21 +0700][ERROR] [5]: Action 'public' was not found on handler 'authen'

[Mon, 19 Nov 18 20:53:21 +0700][ERROR] [5]: Action 'public' was not found on handler 'authen'

[Mon, 19 Nov 18 20:53:21 +0700][ERROR] [5]: Action 'public' was not found on handler 'authen'

[Mon, 19 Nov 18 20:53:43 +0700][ERROR] [2]: PageTopController handler class cannot be loaded

[Mon, 19 Nov 18 20:53:43 +0700][ERROR] [2]: PubilcController handler class cannot be loaded

[Mon, 19 Nov 18 20:53:43 +0700][ERROR] [2]: VendorController handler class cannot be loaded

[Mon, 19 Nov 18 20:53:43 +0700][ERROR] [2]: VendorController handler class cannot be loaded

[Mon, 19 Nov 18 20:53:46 +0700][ERROR] [2]: PubilcController handler class cannot be loaded

[Mon, 19 Nov 18 20:53:46 +0700][ERROR] [5]: Action 'public' was not found on handler 'authen'

[Mon, 19 Nov 18 20:53:46 +0700][ERROR] [5]: Action 'public' was not found on handler 'authen'

[Mon, 19 Nov 18 20:53:46 +0700][ERROR] [5]: Action 'public' was not found on handler 'authen'

[Mon, 19 Nov 18 20:54:03 +0700][ERROR] [2]: PageTopController handler class cannot be loaded

[Mon, 19 Nov 18 20:54:03 +0700][ERROR] [2]: PubilcController handler class cannot be loaded

[Mon, 19 Nov 18 20:54:03 +0700][ERROR] [2]: VendorController handler class cannot be loaded

[Mon, 19 Nov 18 20:54:05 +0700][ERROR] [2]: PubilcController handler class cannot be loaded

[Mon, 19 Nov 18 20:54:05 +0700][ERROR] [2]: VendorController handler class cannot be loaded

[Mon, 19 Nov 18 20:54:05 +0700][ERROR] [5]: Action 'public' was not found on handler 'authen'

[Mon, 19 Nov 18 20:54:05 +0700][ERROR] [5]: Action 'public' was not found on handler 'authen'

[Mon, 19 Nov 18 20:54:11 +0700][ERROR] [2]: PubilcController handler class cannot be loaded

[Mon, 19 Nov 18 20:54:11 +0700][ERROR] [2]: VendorController handler class cannot be loaded

[Mon, 19 Nov 18 20:54:11 +0700][ERROR] [2]: PubilcController handler class cannot be loaded

[Mon, 19 Nov 18 20:54:15 +0700][ERROR] [2]: PubilcController handler class cannot be loaded

[Mon, 19 Nov 18 20:54:15 +0700][ERROR] [2]: VendorController handler class cannot be loaded

[Mon, 19 Nov 18 20:54:15 +0700][ERROR] [2]: VendorController handler class cannot be loaded

[Mon, 19 Nov 18 20:54:15 +0700][ERROR] [2]: PubilcController handler class cannot be loaded

[Mon, 19 Nov 18 20:54:20 +0700][ERROR] [2]: PubilcController handler class cannot be loaded

[Mon, 19 Nov 18 20:54:20 +0700][ERROR] [2]: VendorController handler class cannot be loaded

[Mon, 19 Nov 18 20:54:20 +0700][ERROR] [5]: Action 'public' was not found on handler 'client'

[Mon, 19 Nov 18 20:54:20 +0700][ERROR] [5]: Action 'public' was not found on handler 'client'

[Mon, 19 Nov 18 20:54:25 +0700][ERROR] [2]: PubilcController handler class cannot be loaded

[Mon, 19 Nov 18 20:54:25 +0700][ERROR] [2]: VendorController handler class cannot be loaded

[Mon, 19 Nov 18 20:54:25 +0700][ERROR] [2]: PubilcController handler class cannot be loaded

[Mon, 19 Nov 18 20:54:25 +0700][ERROR] [2]: PubilcController handler class cannot be loaded

[Mon, 19 Nov 18 20:54:25 +0700][ERROR] [2]: VendorController handler class cannot be loaded

[Mon, 19 Nov 18 20:54:26 +0700][ERROR] [5]: Action 'public' was not found on handler 'client'

[Mon, 19 Nov 18 20:54:26 +0700][ERROR] [5]: Action 'public' was not found on handler 'client'

[Mon, 19 Nov 18 20:54:28 +0700][ERROR] [2]: PubilcController handler class cannot be loaded

[Mon, 19 Nov 18 20:54:28 +0700][ERROR] [2]: VendorController handler class cannot be loaded

[Mon, 19 Nov 18 20:54:29 +0700][ERROR] [2]: PubilcController handler class cannot be loaded

[Mon, 19 Nov 18 20:54:37 +0700][ERROR] [2]: PubilcController handler class cannot be loaded

[Mon, 19 Nov 18 20:54:37 +0700][ERROR] [2]: VendorController handler class cannot be loaded

[Mon, 19 Nov 18 20:54:37 +0700][ERROR] [2]: VendorController handler class cannot be loaded

[Mon, 19 Nov 18 20:54:37 +0700][ERROR] [5]: Action 'public' was not found on handler 'exhibition'

[Mon, 19 Nov 18 20:54:37 +0700][ERROR] [5]: Action 'public' was not found on handler 'exhibition'

[Mon, 19 Nov 18 20:54:43 +0700][ERROR] [2]: PubilcController handler class cannot be loaded

[Mon, 19 Nov 18 20:54:43 +0700][ERROR] [2]: VendorController handler class cannot be loaded

[Mon, 19 Nov 18 20:54:43 +0700][ERROR] [2]: PubilcController handler class cannot be loaded

[Mon, 19 Nov 18 20:55:27 +0700][ERROR] [2]: IndexController handler class cannot be loaded

[Mon, 19 Nov 18 20:55:28 +0700][ERROR] [2]: PubilcController handler class cannot be loaded

[Mon, 19 Nov 18 20:55:28 +0700][ERROR] [2]: VendorController handler class cannot be loaded

[Mon, 19 Nov 18 20:55:28 +0700][ERROR] [2]: VendorController handler class cannot be loaded

[Mon, 19 Nov 18 20:55:28 +0700][ERROR] [2]: VendorController handler class cannot be loaded

[Mon, 19 Nov 18 20:55:28 +0700][ERROR] [2]: VendorController handler class cannot be loaded

[Mon, 19 Nov 18 20:55:28 +0700][ERROR] [2]: VendorController handler class cannot be loaded

[Mon, 19 Nov 18 20:55:31 +0700][ERROR] [2]: PageTopController handler class cannot be loaded

[Mon, 19 Nov 18 20:55:31 +0700][ERROR] [2]: PubilcController handler class cannot be loaded

[Mon, 19 Nov 18 20:55:31 +0700][ERROR] [2]: VendorController handler class cannot be loaded

[Mon, 19 Nov 18 20:55:34 +0700][ERROR] [2]: PubilcController handler class cannot be loaded

[Mon, 19 Nov 18 20:55:34 +0700][ERROR] [2]: VendorController handler class cannot be loaded

[Mon, 19 Nov 18 20:55:34 +0700][ERROR] [5]: Action 'public' was not found on handler 'authen'

[Mon, 19 Nov 18 20:55:34 +0700][ERROR] [5]: Action 'public' was not found on handler 'authen'

[Mon, 19 Nov 18 20:55:34 +0700][ERROR] [5]: Action 'public' was not found on handler 'authen'

[Mon, 19 Nov 18 20:55:34 +0700][ERROR] [5]: Action 'public' was not found on handler 'authen'

[Mon, 19 Nov 18 20:55:39 +0700][ERROR] [2]: PubilcController handler class cannot be loaded

[Mon, 19 Nov 18 20:55:39 +0700][ERROR] [2]: VendorController handler class cannot be loaded

[Mon, 19 Nov 18 20:55:39 +0700][ERROR] [2]: PubilcController handler class cannot be loaded

[Mon, 19 Nov 18 20:55:41 +0700][ERROR] [2]: PubilcController handler class cannot be loaded

[Mon, 19 Nov 18 20:55:41 +0700][ERROR] [2]: VendorController handler class cannot be loaded

[Mon, 19 Nov 18 20:55:41 +0700][ERROR] [2]: PubilcController handler class cannot be loaded

[Mon, 19 Nov 18 20:55:44 +0700][ERROR] [2]: PubilcController handler class cannot be loaded

[Mon, 19 Nov 18 20:55:44 +0700][ERROR] [2]: VendorController handler class cannot be loaded

[Mon, 19 Nov 18 20:55:44 +0700][ERROR] [5]: Action 'public' was not found on handler 'artclass'

[Mon, 19 Nov 18 20:55:44 +0700][ERROR] [5]: Action 'public' was not found on handler 'artclass'

[Mon, 19 Nov 18 21:45:30 +0700][ERROR] [2]: PageTopController handler class cannot be loaded

[Mon, 19 Nov 18 21:45:30 +0700][ERROR] [2]: PubilcController handler class cannot be loaded

[Mon, 19 Nov 18 21:45:30 +0700][ERROR] [2]: VendorController handler class cannot be loaded

[Mon, 19 Nov 18 21:45:35 +0700][ERROR] [2]: PubilcController handler class cannot be loaded

[Mon, 19 Nov 18 21:45:35 +0700][ERROR] [2]: VendorController handler class cannot be loaded

[Mon, 19 Nov 18 21:45:35 +0700][ERROR] [5]: Action 'public' was not found on handler 'authen'

[Mon, 19 Nov 18 21:45:35 +0700][ERROR] [5]: Action 'public' was not found on handler 'authen'

[Mon, 19 Nov 18 21:45:35 +0700][ERROR] [5]: Action 'public' was not found on handler 'authen'

[Mon, 19 Nov 18 21:45:35 +0700][ERROR] [5]: Action 'public' was not found on handler 'authen'

[Mon, 19 Nov 18 21:45:35 +0700][ERROR] [5]: Action 'public' was not found on handler 'authen'

[Mon, 19 Nov 18 21:45:35 +0700][ERROR] [5]: Action 'public' was not found on handler 'authen'

[Mon, 19 Nov 18 21:45:49 +0700][ERROR] [2]: PageTopController handler class cannot be loaded

[Mon, 19 Nov 18 21:45:49 +0700][ERROR] [2]: PubilcController handler class cannot be loaded

[Mon, 19 Nov 18 21:45:49 +0700][ERROR] [2]: VendorController handler class cannot be loaded

[Mon, 19 Nov 18 21:46:12 +0700][ERROR] [2]: PubilcController handler class cannot be loaded

[Mon, 19 Nov 18 21:46:12 +0700][ERROR] [2]: VendorController handler class cannot be loaded

[Mon, 19 Nov 18 21:46:12 +0700][ERROR] [2]: VendorController handler class cannot be loaded

[Mon, 19 Nov 18 21:46:12 +0700][ERROR] [2]: PubilcController handler class cannot be loaded

[Mon, 19 Nov 18 21:46:13 +0700][ERROR] [2]: PubilcController handler class cannot be loaded

[Mon, 19 Nov 18 21:46:13 +0700][ERROR] [2]: VendorController handler class cannot be loaded

[Mon, 19 Nov 18 21:46:13 +0700][ERROR] [2]: PubilcController handler class cannot be loaded

[Mon, 19 Nov 18 22:35:13 +0700][ERROR] [2]: IndexController handler class cannot be loaded

[Mon, 19 Nov 18 22:35:13 +0700][ERROR] [2]: PubilcController handler class cannot be loaded

[Mon, 19 Nov 18 22:35:13 +0700][ERROR] [2]: VendorController handler class cannot be loaded

[Mon, 19 Nov 18 22:35:13 +0700][ERROR] [2]: VendorController handler class cannot be loaded

[Mon, 19 Nov 18 22:35:13 +0700][ERROR] [2]: VendorController handler class cannot be loaded

[Mon, 19 Nov 18 22:35:13 +0700][ERROR] [2]: VendorController handler class cannot be loaded

[Mon, 19 Nov 18 22:35:15 +0700][ERROR] [2]: PubilcController handler class cannot be loaded

[Mon, 19 Nov 18 22:35:15 +0700][ERROR] [2]: VendorController handler class cannot be loaded

[Mon, 19 Nov 18 22:35:15 +0700][ERROR] [2]: PubilcController handler class cannot be loaded

[Mon, 19 Nov 18 22:35:19 +0700][ERROR] [2]: PubilcController handler class cannot be loaded

[Mon, 19 Nov 18 22:35:19 +0700][ERROR] [2]: VendorController handler class cannot be loaded

[Mon, 19 Nov 18 22:35:19 +0700][ERROR] [2]: PubilcController handler class cannot be loaded

[Mon, 19 Nov 18 22:35:24 +0700][ERROR] [2]: PubilcController handler class cannot be loaded

[Mon, 19 Nov 18 22:35:24 +0700][ERROR] [2]: VendorController handler class cannot be loaded

[Mon, 19 Nov 18 22:35:24 +0700][ERROR] [2]: PubilcController handler class cannot be loaded

[Mon, 19 Nov 18 22:35:27 +0700][ERROR] [2]: PubilcController handler class cannot be loaded

[Mon, 19 Nov 18 22:35:27 +0700][ERROR] [2]: VendorController handler class cannot be loaded

[Mon, 19 Nov 18 22:35:27 +0700][ERROR] [5]: Action 'public' was not found on handler 'artist'

[Mon, 19 Nov 18 22:35:27 +0700][ERROR] [5]: Action 'public' was not found on handler 'artist'

[Mon, 19 Nov 18 22:35:29 +0700][ERROR] [2]: PubilcController handler class cannot be loaded

[Mon, 19 Nov 18 22:35:29 +0700][ERROR] [2]: VendorController handler class cannot be loaded

[Mon, 19 Nov 18 22:35:29 +0700][ERROR] [2]: PubilcController handler class cannot be loaded

[Mon, 19 Nov 18 22:35:31 +0700][ERROR] [2]: PubilcController handler class cannot be loaded

[Mon, 19 Nov 18 22:35:31 +0700][ERROR] [2]: VendorController handler class cannot be loaded

[Mon, 19 Nov 18 22:35:31 +0700][ERROR] [5]: Action 'public' was not found on handler 'artist'

[Mon, 19 Nov 18 22:35:31 +0700][ERROR] [5]: Action 'public' was not found on handler 'artist'

[Mon, 19 Nov 18 22:38:43 +0700][ERROR] [2]: PubilcController handler class cannot be loaded

[Mon, 19 Nov 18 22:38:43 +0700][ERROR] [2]: VendorController handler class cannot be loaded

[Mon, 19 Nov 18 22:38:43 +0700][ERROR] [2]: PubilcController handler class cannot be loaded

[Mon, 19 Nov 18 22:38:44 +0700][ERROR] [2]: PubilcController handler class cannot be loaded

[Mon, 19 Nov 18 22:38:48 +0700][ERROR] [2]: PubilcController handler class cannot be loaded

[Mon, 19 Nov 18 22:38:48 +0700][ERROR] [2]: VendorController handler class cannot be loaded

[Mon, 19 Nov 18 22:38:48 +0700][ERROR] [2]: PubilcController handler class cannot be loaded

[Mon, 19 Nov 18 22:38:51 +0700][ERROR] [2]: PubilcController handler class cannot be loaded

[Mon, 19 Nov 18 22:38:51 +0700][ERROR] [2]: VendorController handler class cannot be loaded

[Mon, 19 Nov 18 22:38:52 +0700][ERROR] [5]: Action 'public' was not found on handler 'painting'

[Mon, 19 Nov 18 22:38:52 +0700][ERROR] [5]: Action 'public' was not found on handler 'painting'

[Mon, 19 Nov 18 22:38:54 +0700][ERROR] [2]: PubilcController handler class cannot be loaded

[Mon, 19 Nov 18 22:38:54 +0700][ERROR] [2]: VendorController handler class cannot be loaded

[Mon, 19 Nov 18 22:38:54 +0700][ERROR] [2]: PubilcController handler class cannot be loaded

[Mon, 19 Nov 18 22:38:54 +0700][ERROR] [2]: PubilcController handler class cannot be loaded

[Mon, 19 Nov 18 22:38:54 +0700][ERROR] [2]: VendorController handler class cannot be loaded

[Mon, 19 Nov 18 22:38:55 +0700][ERROR] [2]: VendorController handler class cannot be loaded

[Mon, 19 Nov 18 22:57:05 +0700][ERROR] [2]: PubilcController handler class cannot be loaded

[Mon, 19 Nov 18 22:57:05 +0700][ERROR] [2]: VendorController handler class cannot be loaded

[Mon, 19 Nov 18 22:57:07 +0700][ERROR] [2]: PubilcController handler class cannot be loaded

[Mon, 19 Nov 18 22:57:07 +0700][ERROR] [2]: VendorController handler class cannot be loaded

[Mon, 19 Nov 18 22:57:07 +0700][ERROR] [2]: VendorController handler class cannot be loaded

[Mon, 19 Nov 18 22:57:07 +0700][ERROR] [2]: PubilcController handler class cannot be loaded

[Mon, 19 Nov 18 22:57:11 +0700][ERROR] [2]: PubilcController handler class cannot be loaded

[Mon, 19 Nov 18 22:57:11 +0700][ERROR] [2]: VendorController handler class cannot be loaded

[Mon, 19 Nov 18 22:57:11 +0700][ERROR] [2]: PubilcController handler class cannot be loaded

[Mon, 19 Nov 18 22:57:13 +0700][ERROR] [2]: PubilcController handler class cannot be loaded

[Mon, 19 Nov 18 22:57:13 +0700][ERROR] [2]: VendorController handler class cannot be loaded

[Mon, 19 Nov 18 22:57:13 +0700][ERROR] [5]: Action 'public' was not found on handler 'statue'

[Mon, 19 Nov 18 22:57:13 +0700][ERROR] [5]: Action 'public' was not found on handler 'statue'

[Mon, 19 Nov 18 22:57:16 +0700][ERROR] [2]: PubilcController handler class cannot be loaded

[Mon, 19 Nov 18 22:57:16 +0700][ERROR] [2]: VendorController handler class cannot be loaded

[Mon, 19 Nov 18 22:57:16 +0700][ERROR] [2]: PubilcController handler class cannot be loaded

[Mon, 19 Nov 18 22:57:18 +0700][ERROR] [2]: PubilcController handler class cannot be loaded

[Mon, 19 Nov 18 22:57:18 +0700][ERROR] [2]: VendorController handler class cannot be loaded

[Mon, 19 Nov 18 22:57:18 +0700][ERROR] [5]: Action 'public' was not found on handler 'artist'

[Mon, 19 Nov 18 22:57:18 +0700][ERROR] [5]: Action 'public' was not found on handler 'artist'

[Mon, 19 Nov 18 22:57:22 +0700][ERROR] [2]: PubilcController handler class cannot be loaded

[Mon, 19 Nov 18 22:57:22 +0700][ERROR] [2]: PubilcController handler class cannot be loaded

[Mon, 19 Nov 18 22:57:47 +0700][ERROR] [2]: PubilcController handler class cannot be loaded

[Mon, 19 Nov 18 22:57:47 +0700][ERROR] [2]: IndexController handler class cannot be loaded

[Mon, 19 Nov 18 22:57:52 +0700][ERROR] [2]: PubilcController handler class cannot be loaded

[Mon, 19 Nov 18 22:57:52 +0700][ERROR] [2]: VendorController handler class cannot be loaded

[Mon, 19 Nov 18 22:57:52 +0700][ERROR] [5]: Action 'public' was not found on handler 'authen'

[Mon, 19 Nov 18 22:57:59 +0700][ERROR] [2]: PubilcController handler class cannot be loaded

[Mon, 19 Nov 18 22:57:59 +0700][ERROR] [2]: VendorController handler class cannot be loaded

[Mon, 19 Nov 18 22:57:59 +0700][ERROR] [5]: Action 'public' was not found on handler 'authen'

[Mon, 19 Nov 18 22:58:01 +0700][ERROR] [2]: PubilcController handler class cannot be loaded

[Mon, 19 Nov 18 22:58:01 +0700][ERROR] [2]: VendorController handler class cannot be loaded

[Mon, 19 Nov 18 22:58:01 +0700][ERROR] [2]: PubilcController handler class cannot be loaded

[Mon, 19 Nov 18 22:58:03 +0700][ERROR] [2]: PubilcController handler class cannot be loaded

[Mon, 19 Nov 18 22:58:03 +0700][ERROR] [2]: VendorController handler class cannot be loaded

[Mon, 19 Nov 18 22:58:03 +0700][ERROR] [2]: PubilcController handler class cannot be loaded

[Mon, 19 Nov 18 22:58:07 +0700][ERROR] [2]: PubilcController handler class cannot be loaded

[Mon, 19 Nov 18 22:58:07 +0700][ERROR] [2]: VendorController handler class cannot be loaded

[Mon, 19 Nov 18 22:58:07 +0700][ERROR] [2]: PubilcController handler class cannot be loaded

[Mon, 19 Nov 18 22:58:22 +0700][ERROR] [2]: PubilcController handler class cannot be loaded

[Mon, 19 Nov 18 22:58:22 +0700][ERROR] [2]: VendorController handler class cannot be loaded

[Mon, 19 Nov 18 22:58:22 +0700][ERROR] [2]: PubilcController handler class cannot be loaded

[Mon, 19 Nov 18 23:00:16 +0700][ERROR] [2]: PubilcController handler class cannot be loaded

[Mon, 19 Nov 18 23:00:16 +0700][ERROR] [2]: VendorController handler class cannot be loaded

[Mon, 19 Nov 18 23:00:16 +0700][ERROR] [2]: PubilcController handler class cannot be loaded

[Mon, 19 Nov 18 23:00:18 +0700][ERROR] [2]: PubilcController handler class cannot be loaded

[Mon, 19 Nov 18 23:00:18 +0700][ERROR] [2]: VendorController handler class cannot be loaded

[Mon, 19 Nov 18 23:00:18 +0700][ERROR] [5]: Action 'public' was not found on handler 'authen'

[Mon, 19 Nov 18 23:00:18 +0700][ERROR] [5]: Action 'public' was not found on handler 'authen'

[Mon, 19 Nov 18 23:00:26 +0700][ERROR] [2]: PubilcController handler class cannot be loaded

[Mon, 19 Nov 18 23:00:26 +0700][ERROR] [2]: VendorController handler class cannot be loaded

[Mon, 19 Nov 18 23:00:26 +0700][ERROR] [5]: Action 'public' was not found on handler 'authen'

[Mon, 19 Nov 18 23:00:26 +0700][ERROR] [5]: Action 'public' was not found on handler 'authen'

[Mon, 19 Nov 18 23:00:29 +0700][ERROR] [2]: PubilcController handler class cannot be loaded

[Mon, 19 Nov 18 23:00:29 +0700][ERROR] [2]: VendorController handler class cannot be loaded

[Mon, 19 Nov 18 23:00:29 +0700][ERROR] [5]: Action 'public' was not found on handler 'authen'

[Mon, 19 Nov 18 23:00:29 +0700][ERROR] [5]: Action 'public' was not found on handler 'authen'

[Mon, 19 Nov 18 23:00:29 +0700][ERROR] [5]: Action 'public' was not found on handler 'authen'

[Mon, 19 Nov 18 23:00:29 +0700][ERROR] [5]: Action 'public' was not found on handler 'authen'

[Mon, 19 Nov 18 23:00:34 +0700][ERROR] [2]: PubilcController handler class cannot be loaded

[Mon, 19 Nov 18 23:00:34 +0700][ERROR] [2]: VendorController handler class cannot be loaded

[Mon, 19 Nov 18 23:00:34 +0700][ERROR] [2]: VendorController handler class cannot be loaded

[Mon, 19 Nov 18 23:00:34 +0700][ERROR] [5]: Action 'public' was not found on handler 'authen'

[Mon, 19 Nov 18 23:00:34 +0700][ERROR] [2]: VendorController handler class cannot be loaded

[Mon, 19 Nov 18 23:00:34 +0700][ERROR] [5]: Action 'public' was not found on handler 'authen'

[Mon, 19 Nov 18 23:00:38 +0700][ERROR] [2]: PubilcController handler class cannot be loaded

[Mon, 19 Nov 18 23:00:38 +0700][ERROR] [2]: VendorController handler class cannot be loaded

[Mon, 19 Nov 18 23:00:38 +0700][ERROR] [5]: Action 'public' was not found on handler 'authen'

[Mon, 19 Nov 18 23:00:38 +0700][ERROR] [5]: Action 'public' was not found on handler 'authen'

[Mon, 19 Nov 18 23:00:42 +0700][ERROR] [2]: PubilcController handler class cannot be loaded

[Mon, 19 Nov 18 23:00:42 +0700][ERROR] [2]: VendorController handler class cannot be loaded

[Mon, 19 Nov 18 23:00:42 +0700][ERROR] [5]: Action 'public' was not found on handler 'authen'

[Mon, 19 Nov 18 23:00:42 +0700][ERROR] [5]: Action 'public' was not found on handler 'authen'

[Mon, 19 Nov 18 23:00:42 +0700][ERROR] [5]: Action 'public' was not found on handler 'authen'

[Mon, 19 Nov 18 23:00:42 +0700][ERROR] [5]: Action 'public' was not found on handler 'authen'

[Mon, 19 Nov 18 23:00:50 +0700][ERROR] [2]: IndexController handler class cannot be loaded

[Mon, 19 Nov 18 23:00:50 +0700][ERROR] [2]: PubilcController handler class cannot be loaded

[Mon, 19 Nov 18 23:00:50 +0700][ERROR] [2]: VendorController handler class cannot be loaded

[Mon, 19 Nov 18 23:00:51 +0700][ERROR] [2]: PubilcController handler class cannot be loaded

[Mon, 19 Nov 18 23:00:51 +0700][ERROR] [2]: VendorController handler class cannot be loaded

[Mon, 19 Nov 18 23:00:51 +0700][ERROR] [5]: Action 'public' was not found on handler 'authen'

[Mon, 19 Nov 18 23:00:51 +0700][ERROR] [5]: Action 'public' was not found on handler 'authen'

[Mon, 19 Nov 18 23:00:51 +0700][ERROR] [5]: Action 'public' was not found on handler 'authen'

[Mon, 19 Nov 18 23:00:51 +0700][ERROR] [5]: Action 'public' was not found on handler 'authen'

[Mon, 19 Nov 18 23:01:07 +0700][ERROR] [2]: PageTopController handler class cannot be loaded

[Mon, 19 Nov 18 23:01:08 +0700][ERROR] [2]: PubilcController handler class cannot be loaded

[Mon, 19 Nov 18 23:01:08 +0700][ERROR] [2]: VendorController handler class cannot be loaded

[Mon, 19 Nov 18 23:01:09 +0700][ERROR] [2]: PubilcController handler class cannot be loaded

[Mon, 19 Nov 18 23:01:09 +0700][ERROR] [2]: VendorController handler class cannot be loaded

[Mon, 19 Nov 18 23:01:09 +0700][ERROR] [5]: Action 'public' was not found on handler 'authen'

[Mon, 19 Nov 18 23:01:09 +0700][ERROR] [5]: Action 'public' was not found on handler 'authen'

[Mon, 19 Nov 18 23:01:12 +0700][ERROR] [2]: PubilcController handler class cannot be loaded

[Mon, 19 Nov 18 23:01:12 +0700][ERROR] [2]: VendorController handler class cannot be loaded

[Mon, 19 Nov 18 23:01:12 +0700][ERROR] [2]: PubilcController handler class cannot be loaded

[Mon, 19 Nov 18 23:01:14 +0700][ERROR] [2]: PubilcController handler class cannot be loaded

[Mon, 19 Nov 18 23:01:14 +0700][ERROR] [2]: PubilcController handler class cannot be loaded

[Mon, 19 Nov 18 23:01:17 +0700][ERROR] [2]: PubilcController handler class cannot be loaded

[Mon, 19 Nov 18 23:01:17 +0700][ERROR] [2]: VendorController handler class cannot be loaded

[Mon, 19 Nov 18 23:01:17 +0700][ERROR] [5]: Action 'public' was not found on handler 'artclass'

[Mon, 19 Nov 18 23:01:17 +0700][ERROR] [5]: Action 'public' was not found on handler 'artclass'

[Mon, 19 Nov 18 23:01:18 +0700][ERROR] [2]: PubilcController handler class cannot be loaded

[Mon, 19 Nov 18 23:01:18 +0700][ERROR] [2]: VendorController handler class cannot be loaded

[Mon, 19 Nov 18 23:01:18 +0700][ERROR] [5]: Action 'public' was not found on handler 'artclass'

[Mon, 19 Nov 18 23:09:02 +0700][ERROR] [2]: PageTopController handler class cannot be loaded

[Mon, 19 Nov 18 23:09:02 +0700][ERROR] [2]: PubilcController handler class cannot be loaded

[Mon, 19 Nov 18 23:09:02 +0700][ERROR] [2]: VendorController handler class cannot be loaded

[Mon, 19 Nov 18 23:09:03 +0700][ERROR] [2]: PubilcController handler class cannot be loaded

[Mon, 19 Nov 18 23:09:03 +0700][ERROR] [2]: VendorController handler class cannot be loaded

[Mon, 19 Nov 18 23:09:03 +0700][ERROR] [2]: VendorController handler class cannot be loaded

[Mon, 19 Nov 18 23:09:04 +0700][ERROR] [5]: Action 'public' was not found on handler 'authen'

[Mon, 19 Nov 18 23:09:04 +0700][ERROR] [5]: Action 'public' was not found on handler 'authen'

[Mon, 19 Nov 18 23:13:28 +0700][ERROR] [2]: PubilcController handler class cannot be loaded

[Mon, 19 Nov 18 23:13:28 +0700][ERROR] [2]: VendorController handler class cannot be loaded

[Mon, 19 Nov 18 23:13:28 +0700][ERROR] [2]: PubilcController handler class cannot be loaded

[Mon, 19 Nov 18 23:13:31 +0700][ERROR] [2]: PubilcController handler class cannot be loaded

[Mon, 19 Nov 18 23:13:31 +0700][ERROR] [2]: VendorController handler class cannot be loaded

[Mon, 19 Nov 18 23:13:31 +0700][ERROR] [5]: Action 'public' was not found on handler 'authen'

[Mon, 19 Nov 18 23:13:31 +0700][ERROR] [5]: Action 'public' was not found on handler 'authen'

[Mon, 19 Nov 18 23:13:31 +0700][ERROR] [5]: Action 'public' was not found on handler 'authen'

[Mon, 19 Nov 18 23:13:31 +0700][ERROR] [5]: Action 'public' was not found on handler 'authen'

[Mon, 19 Nov 18 23:13:38 +0700][ERROR] [2]: PubilcController handler class cannot be loaded

[Mon, 19 Nov 18 23:13:38 +0700][ERROR] [2]: VendorController handler class cannot be loaded

[Mon, 19 Nov 18 23:13:38 +0700][ERROR] [5]: Action 'public' was not found on handler 'authen'

[Mon, 19 Nov 18 23:13:44 +0700][ERROR] [2]: PubilcController handler class cannot be loaded

[Mon, 19 Nov 18 23:13:44 +0700][ERROR] [2]: VendorController handler class cannot be loaded

[Mon, 19 Nov 18 23:13:44 +0700][ERROR] [2]: PubilcController handler class cannot be loaded

[Mon, 19 Nov 18 23:13:50 +0700][ERROR] [2]: PubilcController handler class cannot be loaded

[Mon, 19 Nov 18 23:13:50 +0700][ERROR] [2]: VendorController handler class cannot be loaded

[Mon, 19 Nov 18 23:13:50 +0700][ERROR] [2]: VendorController handler class cannot be loaded

[Mon, 19 Nov 18 23:13:50 +0700][ERROR] [2]: PubilcController handler class cannot be loaded

[Mon, 19 Nov 18 23:13:53 +0700][ERROR] [2]: PubilcController handler class cannot be loaded

[Mon, 19 Nov 18 23:13:53 +0700][ERROR] [2]: VendorController handler class cannot be loaded

[Mon, 19 Nov 18 23:13:53 +0700][ERROR] [5]: Action 'public' was not found on handler 'artclass'

[Mon, 19 Nov 18 23:13:55 +0700][ERROR] [2]: PubilcController handler class cannot be loaded

[Mon, 19 Nov 18 23:13:56 +0700][ERROR] [5]: Action 'public' was not found on handler 'artclass'

[Mon, 19 Nov 18 23:13:56 +0700][ERROR] [5]: Action 'public' was not found on handler 'artclass'

[Mon, 19 Nov 18 23:13:56 +0700][ERROR] [5]: Action 'public' was not found on handler 'artclass'

[Mon, 19 Nov 18 23:15:09 +0700][ERROR] [2]: PubilcController handler class cannot be loaded

[Mon, 19 Nov 18 23:15:09 +0700][ERROR] [2]: VendorController handler class cannot be loaded

[Mon, 19 Nov 18 23:15:09 +0700][ERROR] [5]: Action 'public' was not found on handler 'artclass'

[Mon, 19 Nov 18 23:15:09 +0700][ERROR] [2]: VendorController handler class cannot be loaded

[Mon, 19 Nov 18 23:15:09 +0700][ERROR] [5]: Action 'public' was not found on handler 'artclass'

[Mon, 19 Nov 18 23:15:13 +0700][ERROR] [2]: PubilcController handler class cannot be loaded

[Mon, 19 Nov 18 23:15:13 +0700][ERROR] [2]: VendorController handler class cannot be loaded

[Mon, 19 Nov 18 23:15:13 +0700][ERROR] [2]: PubilcController handler class cannot be loaded

[Mon, 19 Nov 18 23:15:14 +0700][ERROR] [2]: PubilcController handler class cannot be loaded

[Mon, 19 Nov 18 23:15:14 +0700][ERROR] [2]: VendorController handler class cannot be loaded

[Mon, 19 Nov 18 23:15:14 +0700][ERROR] [2]: PubilcController handler class cannot be loaded

[Mon, 19 Nov 18 23:15:16 +0700][ERROR] [2]: PubilcController handler class cannot be loaded

[Mon, 19 Nov 18 23:15:16 +0700][ERROR] [2]: VendorController handler class cannot be loaded

[Mon, 19 Nov 18 23:15:16 +0700][ERROR] [5]: Action 'public' was not found on handler 'artclass'

[Mon, 19 Nov 18 23:15:16 +0700][ERROR] [5]: Action 'public' was not found on handler 'artclass'

[Mon, 19 Nov 18 23:15:18 +0700][ERROR] [2]: PubilcController handler class cannot be loaded

[Mon, 19 Nov 18 23:15:18 +0700][ERROR] [2]: VendorController handler class cannot be loaded

[Mon, 19 Nov 18 23:15:18 +0700][ERROR] [5]: Action 'public' was not found on handler 'artclass'

[Mon, 19 Nov 18 23:15:18 +0700][ERROR] [5]: Action 'public' was not found on handler 'artclass'

[Mon, 19 Nov 18 23:15:18 +0700][ERROR] [5]: Action 'public' was not found on handler 'artclass'

[Mon, 19 Nov 18 23:15:18 +0700][ERROR] [5]: Action 'public' was not found on handler 'artclass'

[Mon, 19 Nov 18 23:15:21 +0700][ERROR] [2]: PubilcController handler class cannot be loaded

[Mon, 19 Nov 18 23:15:21 +0700][ERROR] [2]: VendorController handler class cannot be loaded

[Mon, 19 Nov 18 23:15:21 +0700][ERROR] [2]: PubilcController handler class cannot be loaded

[Mon, 19 Nov 18 23:18:01 +0700][ERROR] [2]: PubilcController handler class cannot be loaded

[Mon, 19 Nov 18 23:18:01 +0700][ERROR] [2]: VendorController handler class cannot be loaded

[Mon, 19 Nov 18 23:18:01 +0700][ERROR] [2]: PubilcController handler class cannot be loaded

[Mon, 19 Nov 18 23:18:02 +0700][ERROR] [2]: PubilcController handler class cannot be loaded

[Mon, 19 Nov 18 23:18:02 +0700][ERROR] [2]: VendorController handler class cannot be loaded

[Mon, 19 Nov 18 23:18:02 +0700][ERROR] [5]: Action 'public' was not found on handler 'artclass'

[Mon, 19 Nov 18 23:18:02 +0700][ERROR] [5]: Action 'public' was not found on handler 'artclass'

[Mon, 19 Nov 18 23:18:03 +0700][ERROR] [2]: PubilcController handler class cannot be loaded

[Mon, 19 Nov 18 23:18:03 +0700][ERROR] [2]: VendorController handler class cannot be loaded

[Mon, 19 Nov 18 23:18:03 +0700][ERROR] [5]: Action 'public' was not found on handler 'artclass'

[Mon, 19 Nov 18 23:18:03 +0700][ERROR] [5]: Action 'public' was not found on handler 'artclass'

[Mon, 19 Nov 18 23:18:06 +0700][ERROR] [2]: PubilcController handler class cannot be loaded

[Mon, 19 Nov 18 23:18:06 +0700][ERROR] [2]: VendorController handler class cannot be loaded

[Mon, 19 Nov 18 23:18:06 +0700][ERROR] [2]: PubilcController handler class cannot be loaded

[Mon, 19 Nov 18 23:18:07 +0700][ERROR] [2]: PubilcController handler class cannot be loaded

[Mon, 19 Nov 18 23:18:07 +0700][ERROR] [2]: VendorController handler class cannot be loaded

[Mon, 19 Nov 18 23:18:07 +0700][ERROR] [2]: PubilcController handler class cannot be loaded

[Mon, 19 Nov 18 23:18:07 +0700][ERROR] [2]: PubilcController handler class cannot be loaded

[Mon, 19 Nov 18 23:18:07 +0700][ERROR] [2]: VendorController handler class cannot be loaded

[Mon, 19 Nov 18 23:18:07 +0700][ERROR] [2]: VendorController handler class cannot be loaded

[Mon, 19 Nov 18 23:18:07 +0700][ERROR] [2]: PubilcController handler class cannot be loaded

[Mon, 19 Nov 18 23:18:08 +0700][ERROR] [2]: VendorController handler class cannot be loaded

[Mon, 19 Nov 18 23:18:11 +0700][ERROR] [2]: PubilcController handler class cannot be loaded

[Mon, 19 Nov 18 23:18:11 +0700][ERROR] [2]: VendorController handler class cannot be loaded

[Mon, 19 Nov 18 23:18:11 +0700][ERROR] [5]: Action 'public' was not found on handler 'artclass'

[Mon, 19 Nov 18 23:18:12 +0700][ERROR] [2]: PubilcController handler class cannot be loaded

[Mon, 19 Nov 18 23:18:12 +0700][ERROR] [2]: VendorController handler class cannot be loaded

[Mon, 19 Nov 18 23:18:12 +0700][ERROR] [5]: Action 'public' was not found on handler 'artclass'

[Mon, 19 Nov 18 23:18:14 +0700][ERROR] [2]: VendorController handler class cannot be loaded

[Mon, 19 Nov 18 23:18:14 +0700][ERROR] [2]: VendorController handler class cannot be loaded

[Mon, 19 Nov 18 23:18:14 +0700][ERROR] [2]: VendorController handler class cannot be loaded

[Mon, 19 Nov 18 23:18:27 +0700][ERROR] [2]: PageTopController handler class cannot be loaded

[Mon, 19 Nov 18 23:18:27 +0700][ERROR] [2]: PubilcController handler class cannot be loaded

[Mon, 19 Nov 18 23:18:27 +0700][ERROR] [2]: VendorController handler class cannot be loaded

[Mon, 19 Nov 18 23:18:28 +0700][ERROR] [2]: PubilcController handler class cannot be loaded

[Mon, 19 Nov 18 23:18:28 +0700][ERROR] [2]: VendorController handler class cannot be loaded

[Mon, 19 Nov 18 23:18:28 +0700][ERROR] [5]: Action 'public' was not found on handler 'authen'

[Mon, 19 Nov 18 23:18:28 +0700][ERROR] [5]: Action 'public' was not found on handler 'authen'

[Mon, 19 Nov 18 23:18:28 +0700][ERROR] [5]: Action 'public' was not found on handler 'authen'

[Mon, 19 Nov 18 23:18:28 +0700][ERROR] [5]: Action 'public' was not found on handler 'authen'

[Mon, 19 Nov 18 23:18:41 +0700][ERROR] [2]: PageTopController handler class cannot be loaded

[Mon, 19 Nov 18 23:18:41 +0700][ERROR] [2]: PubilcController handler class cannot be loaded

[Mon, 19 Nov 18 23:18:41 +0700][ERROR] [2]: VendorController handler class cannot be loaded

[Mon, 19 Nov 18 23:18:41 +0700][ERROR] [2]: VendorController handler class cannot be loaded

[Mon, 19 Nov 18 23:18:44 +0700][ERROR] [2]: PubilcController handler class cannot be loaded

[Mon, 19 Nov 18 23:18:44 +0700][ERROR] [2]: VendorController handler class cannot be loaded

[Mon, 19 Nov 18 23:18:44 +0700][ERROR] [5]: Action 'public' was not found on handler 'authen'

[Mon, 19 Nov 18 23:18:44 +0700][ERROR] [5]: Action 'public' was not found on handler 'authen'

[Mon, 19 Nov 18 23:18:44 +0700][ERROR] [5]: Action 'public' was not found on handler 'authen'

[Mon, 19 Nov 18 23:18:44 +0700][ERROR] [5]: Action 'public' was not found on handler 'authen'

[Mon, 19 Nov 18 23:18:44 +0700][ERROR] [5]: Action 'public' was not found on handler 'authen'

[Mon, 19 Nov 18 23:18:44 +0700][ERROR] [5]: Action 'public' was not found on handler 'authen'

[Mon, 19 Nov 18 23:19:04 +0700][ERROR] [2]: PageTopController handler class cannot be loaded

[Mon, 19 Nov 18 23:19:04 +0700][ERROR] [2]: PubilcController handler class cannot be loaded

[Mon, 19 Nov 18 23:19:04 +0700][ERROR] [2]: VendorController handler class cannot be loaded

[Mon, 19 Nov 18 23:34:52 +0700][ERROR] [2]: PubilcController handler class cannot be loaded

[Mon, 19 Nov 18 23:34:52 +0700][ERROR] [2]: VendorController handler class cannot be loaded

[Mon, 19 Nov 18 23:34:52 +0700][ERROR] [2]: VendorController handler class cannot be loaded

[Mon, 19 Nov 18 23:34:52 +0700][ERROR] [5]: Action 'public' was not found on handler 'authen'

[Mon, 19 Nov 18 23:34:52 +0700][ERROR] [2]: VendorController handler class cannot be loaded

[Mon, 19 Nov 18 23:34:52 +0700][ERROR] [5]: Action 'public' was not found on handler 'authen'

[Mon, 19 Nov 18 23:34:53 +0700][ERROR] [2]: PubilcController handler class cannot be loaded

[Mon, 19 Nov 18 23:34:53 +0700][ERROR] [2]: VendorController handler class cannot be loaded

[Mon, 19 Nov 18 23:34:53 +0700][ERROR] [2]: VendorController handler class cannot be loaded

[Mon, 19 Nov 18 23:34:53 +0700][ERROR] [5]: Action 'public' was not found on handler 'authen'

[Mon, 19 Nov 18 23:34:53 +0700][ERROR] [5]: Action 'public' was not found on handler 'authen'

[Mon, 19 Nov 18 23:34:53 +0700][ERROR] [2]: PubilcController handler class cannot be loaded

[Mon, 19 Nov 18 23:34:53 +0700][ERROR] [2]: VendorController handler class cannot be loaded

[Mon, 19 Nov 18 23:34:54 +0700][ERROR] [5]: Action 'public' was not found on handler 'authen'

[Mon, 19 Nov 18 23:34:54 +0700][ERROR] [5]: Action 'public' was not found on handler 'authen'

[Mon, 19 Nov 18 23:34:54 +0700][ERROR] [2]: VendorController handler class cannot be loaded

[Mon, 19 Nov 18 23:34:54 +0700][ERROR] [2]: VendorController handler class cannot be loaded

[Mon, 19 Nov 18 23:34:54 +0700][ERROR] [2]: VendorController handler class cannot be loaded

