[Fri, 23 Nov 18 16:18:10 +0700][ERROR] [2]: PubilcController handler class cannot be loaded

[Fri, 23 Nov 18 16:18:10 +0700][ERROR] [2]: VendorController handler class cannot be loaded

[Fri, 23 Nov 18 16:18:10 +0700][ERROR] [2]: VendorController handler class cannot be loaded

[Fri, 23 Nov 18 16:18:10 +0700][ERROR] [5]: Action 'public' was not found on handler 'artclass'

[Fri, 23 Nov 18 16:18:10 +0700][ERROR] [5]: Action 'public' was not found on handler 'artclass'

[Fri, 23 Nov 18 16:18:13 +0700][ERROR] [2]: PubilcController handler class cannot be loaded

[Fri, 23 Nov 18 16:18:13 +0700][ERROR] [2]: VendorController handler class cannot be loaded

[Fri, 23 Nov 18 16:18:19 +0700][ERROR] [2]: PubilcController handler class cannot be loaded

[Fri, 23 Nov 18 16:18:19 +0700][ERROR] [2]: VendorController handler class cannot be loaded

[Fri, 23 Nov 18 16:18:19 +0700][ERROR] [2]: PubilcController handler class cannot be loaded

[Fri, 23 Nov 18 16:20:29 +0700][ERROR] [2]: PubilcController handler class cannot be loaded

[Fri, 23 Nov 18 16:20:29 +0700][ERROR] [2]: VendorController handler class cannot be loaded

[Fri, 23 Nov 18 16:20:29 +0700][ERROR] [2]: VendorController handler class cannot be loaded

[Fri, 23 Nov 18 16:20:29 +0700][ERROR] [2]: PubilcController handler class cannot be loaded

[Fri, 23 Nov 18 16:20:33 +0700][ERROR] [2]: PubilcController handler class cannot be loaded

[Fri, 23 Nov 18 16:20:33 +0700][ERROR] [2]: VendorController handler class cannot be loaded

[Fri, 23 Nov 18 16:20:34 +0700][ERROR] [5]: Action 'public' was not found on handler 'artist'

[Fri, 23 Nov 18 16:20:34 +0700][ERROR] [5]: Action 'public' was not found on handler 'artist'

[Fri, 23 Nov 18 16:20:39 +0700][ERROR] [2]: PubilcController handler class cannot be loaded

[Fri, 23 Nov 18 16:20:39 +0700][ERROR] [2]: PubilcController handler class cannot be loaded

[Fri, 23 Nov 18 16:20:49 +0700][ERROR] [2]: PubilcController handler class cannot be loaded

[Fri, 23 Nov 18 16:20:49 +0700][ERROR] [2]: IndexController handler class cannot be loaded

[Fri, 23 Nov 18 16:20:49 +0700][ERROR] [2]: VendorController handler class cannot be loaded

[Fri, 23 Nov 18 16:20:49 +0700][ERROR] [2]: VendorController handler class cannot be loaded

[Fri, 23 Nov 18 16:20:49 +0700][ERROR] [2]: IndexController handler class cannot be loaded

[Fri, 23 Nov 18 16:20:49 +0700][ERROR] [5]: Action 'public' was not found on handler 'painting'

[Fri, 23 Nov 18 16:20:49 +0700][ERROR] [5]: Action 'public' was not found on handler 'painting'

[Fri, 23 Nov 18 16:20:49 +0700][ERROR] [5]: Action 'public' was not found on handler 'painting'

[Fri, 23 Nov 18 16:20:49 +0700][ERROR] [5]: Action 'public' was not found on handler 'painting'

[Fri, 23 Nov 18 16:20:52 +0700][ERROR] [2]: PubilcController handler class cannot be loaded

[Fri, 23 Nov 18 16:20:52 +0700][ERROR] [2]: PubilcController handler class cannot be loaded

[Fri, 23 Nov 18 16:21:31 +0700][ERROR] [2]: PubilcController handler class cannot be loaded

[Fri, 23 Nov 18 16:21:32 +0700][ERROR] [2]: VendorController handler class cannot be loaded

[Fri, 23 Nov 18 16:21:32 +0700][ERROR] [2]: PubilcController handler class cannot be loaded

[Fri, 23 Nov 18 16:21:33 +0700][ERROR] [2]: PubilcController handler class cannot be loaded

[Fri, 23 Nov 18 16:21:33 +0700][ERROR] [2]: VendorController handler class cannot be loaded

[Fri, 23 Nov 18 16:21:36 +0700][ERROR] [2]: PubilcController handler class cannot be loaded

[Fri, 23 Nov 18 16:21:36 +0700][ERROR] [2]: VendorController handler class cannot be loaded

[Fri, 23 Nov 18 16:21:36 +0700][ERROR] [5]: Action 'public' was not found on handler 'authen'

[Fri, 23 Nov 18 16:21:36 +0700][ERROR] [5]: Action 'public' was not found on handler 'authen'

[Fri, 23 Nov 18 16:21:43 +0700][ERROR] [2]: PubilcController handler class cannot be loaded

[Fri, 23 Nov 18 16:21:43 +0700][ERROR] [2]: VendorController handler class cannot be loaded

[Fri, 23 Nov 18 16:21:43 +0700][ERROR] [2]: PubilcController handler class cannot be loaded

[Fri, 23 Nov 18 16:21:48 +0700][ERROR] [2]: PubilcController handler class cannot be loaded

[Fri, 23 Nov 18 16:21:48 +0700][ERROR] [2]: VendorController handler class cannot be loaded

[Fri, 23 Nov 18 16:21:48 +0700][ERROR] [2]: PubilcController handler class cannot be loaded

[Fri, 23 Nov 18 16:21:51 +0700][ERROR] [2]: PubilcController handler class cannot be loaded

[Fri, 23 Nov 18 16:21:51 +0700][ERROR] [2]: VendorController handler class cannot be loaded

[Fri, 23 Nov 18 16:21:51 +0700][ERROR] [2]: PubilcController handler class cannot be loaded

[Fri, 23 Nov 18 16:21:53 +0700][ERROR] [2]: PubilcController handler class cannot be loaded

[Fri, 23 Nov 18 16:21:53 +0700][ERROR] [2]: VendorController handler class cannot be loaded

[Fri, 23 Nov 18 16:21:53 +0700][ERROR] [2]: VendorController handler class cannot be loaded

[Fri, 23 Nov 18 16:21:55 +0700][ERROR] [2]: PubilcController handler class cannot be loaded

[Fri, 23 Nov 18 16:21:55 +0700][ERROR] [2]: VendorController handler class cannot be loaded

[Fri, 23 Nov 18 16:21:55 +0700][ERROR] [2]: PubilcController handler class cannot be loaded

[Fri, 23 Nov 18 16:21:58 +0700][ERROR] [2]: PubilcController handler class cannot be loaded

[Fri, 23 Nov 18 16:21:58 +0700][ERROR] [2]: VendorController handler class cannot be loaded

[Fri, 23 Nov 18 16:21:59 +0700][ERROR] [2]: PubilcController handler class cannot be loaded

[Fri, 23 Nov 18 16:21:59 +0700][ERROR] [2]: VendorController handler class cannot be loaded

[Fri, 23 Nov 18 16:21:59 +0700][ERROR] [2]: PubilcController handler class cannot be loaded

[Fri, 23 Nov 18 16:22:03 +0700][ERROR] [2]: PubilcController handler class cannot be loaded

[Fri, 23 Nov 18 16:22:03 +0700][ERROR] [2]: VendorController handler class cannot be loaded

[Fri, 23 Nov 18 16:22:05 +0700][ERROR] [2]: PubilcController handler class cannot be loaded

[Fri, 23 Nov 18 16:22:05 +0700][ERROR] [2]: VendorController handler class cannot be loaded

[Fri, 23 Nov 18 16:22:05 +0700][ERROR] [2]: PubilcController handler class cannot be loaded

[Fri, 23 Nov 18 16:22:07 +0700][ERROR] [2]: PubilcController handler class cannot be loaded

[Fri, 23 Nov 18 16:22:07 +0700][ERROR] [2]: VendorController handler class cannot be loaded

[Fri, 23 Nov 18 16:23:50 +0700][ERROR] [2]: PubilcController handler class cannot be loaded

[Fri, 23 Nov 18 16:23:50 +0700][ERROR] [2]: VendorController handler class cannot be loaded

[Fri, 23 Nov 18 16:23:50 +0700][ERROR] [2]: VendorController handler class cannot be loaded

[Fri, 23 Nov 18 16:23:50 +0700][ERROR] [2]: VendorController handler class cannot be loaded

[Fri, 23 Nov 18 16:23:50 +0700][ERROR] [2]: VendorController handler class cannot be loaded

[Fri, 23 Nov 18 16:23:51 +0700][ERROR] [2]: PubilcController handler class cannot be loaded

[Fri, 23 Nov 18 16:23:51 +0700][ERROR] [2]: VendorController handler class cannot be loaded

[Fri, 23 Nov 18 16:23:51 +0700][ERROR] [2]: PubilcController handler class cannot be loaded

[Fri, 23 Nov 18 16:23:59 +0700][ERROR] [2]: PageTopController handler class cannot be loaded

[Fri, 23 Nov 18 16:23:59 +0700][ERROR] [2]: PubilcController handler class cannot be loaded

[Fri, 23 Nov 18 16:23:59 +0700][ERROR] [2]: VendorController handler class cannot be loaded

[Fri, 23 Nov 18 16:24:08 +0700][ERROR] [2]: PubilcController handler class cannot be loaded

[Fri, 23 Nov 18 16:24:08 +0700][ERROR] [2]: PubilcController handler class cannot be loaded

[Fri, 23 Nov 18 16:25:29 +0700][ERROR] [2]: PubilcController handler class cannot be loaded

[Fri, 23 Nov 18 16:25:29 +0700][ERROR] [2]: IndexController handler class cannot be loaded

[Fri, 23 Nov 18 16:25:29 +0700][ERROR] [2]: VendorController handler class cannot be loaded

[Fri, 23 Nov 18 16:25:29 +0700][ERROR] [2]: VendorController handler class cannot be loaded

[Fri, 23 Nov 18 16:25:31 +0700][ERROR] [2]: PubilcController handler class cannot be loaded

[Fri, 23 Nov 18 16:25:31 +0700][ERROR] [2]: VendorController handler class cannot be loaded

[Fri, 23 Nov 18 16:25:31 +0700][ERROR] [2]: PubilcController handler class cannot be loaded

[Fri, 23 Nov 18 16:25:33 +0700][ERROR] [2]: PageTopController handler class cannot be loaded

[Fri, 23 Nov 18 16:25:33 +0700][ERROR] [2]: PubilcController handler class cannot be loaded

[Fri, 23 Nov 18 16:25:33 +0700][ERROR] [2]: VendorController handler class cannot be loaded

[Fri, 23 Nov 18 16:25:33 +0700][ERROR] [2]: VendorController handler class cannot be loaded

[Fri, 23 Nov 18 16:25:35 +0700][ERROR] [2]: PubilcController handler class cannot be loaded

[Fri, 23 Nov 18 16:25:35 +0700][ERROR] [2]: VendorController handler class cannot be loaded

[Fri, 23 Nov 18 16:25:35 +0700][ERROR] [2]: PubilcController handler class cannot be loaded

[Fri, 23 Nov 18 16:25:37 +0700][ERROR] [2]: PubilcController handler class cannot be loaded

[Fri, 23 Nov 18 16:25:37 +0700][ERROR] [2]: VendorController handler class cannot be loaded

[Fri, 23 Nov 18 16:25:37 +0700][ERROR] [2]: VendorController handler class cannot be loaded

[Fri, 23 Nov 18 16:25:39 +0700][ERROR] [2]: PubilcController handler class cannot be loaded

[Fri, 23 Nov 18 16:25:39 +0700][ERROR] [2]: VendorController handler class cannot be loaded

[Fri, 23 Nov 18 16:25:39 +0700][ERROR] [2]: PubilcController handler class cannot be loaded

[Fri, 23 Nov 18 16:25:41 +0700][ERROR] [2]: PageTopController handler class cannot be loaded

[Fri, 23 Nov 18 16:25:41 +0700][ERROR] [2]: PubilcController handler class cannot be loaded

[Fri, 23 Nov 18 16:25:41 +0700][ERROR] [2]: VendorController handler class cannot be loaded

[Fri, 23 Nov 18 16:25:43 +0700][ERROR] [2]: PubilcController handler class cannot be loaded

[Fri, 23 Nov 18 16:25:43 +0700][ERROR] [2]: VendorController handler class cannot be loaded

[Fri, 23 Nov 18 16:25:43 +0700][ERROR] [2]: VendorController handler class cannot be loaded

[Fri, 23 Nov 18 16:25:43 +0700][ERROR] [2]: PubilcController handler class cannot be loaded

[Fri, 23 Nov 18 16:25:45 +0700][ERROR] [2]: PubilcController handler class cannot be loaded

[Fri, 23 Nov 18 16:25:45 +0700][ERROR] [2]: VendorController handler class cannot be loaded

[Fri, 23 Nov 18 16:25:47 +0700][ERROR] [2]: PubilcController handler class cannot be loaded

[Fri, 23 Nov 18 16:25:47 +0700][ERROR] [2]: VendorController handler class cannot be loaded

[Fri, 23 Nov 18 16:25:47 +0700][ERROR] [2]: PubilcController handler class cannot be loaded

[Fri, 23 Nov 18 16:25:48 +0700][ERROR] [2]: PageTopController handler class cannot be loaded

[Fri, 23 Nov 18 16:25:48 +0700][ERROR] [2]: PubilcController handler class cannot be loaded

[Fri, 23 Nov 18 16:25:48 +0700][ERROR] [2]: VendorController handler class cannot be loaded

[Fri, 23 Nov 18 16:25:49 +0700][ERROR] [2]: PubilcController handler class cannot be loaded

[Fri, 23 Nov 18 16:25:49 +0700][ERROR] [2]: VendorController handler class cannot be loaded

[Fri, 23 Nov 18 16:25:49 +0700][ERROR] [2]: VendorController handler class cannot be loaded

[Fri, 23 Nov 18 16:25:49 +0700][ERROR] [2]: PubilcController handler class cannot be loaded

[Fri, 23 Nov 18 16:25:53 +0700][ERROR] [2]: PageTopController handler class cannot be loaded

[Fri, 23 Nov 18 16:25:53 +0700][ERROR] [2]: PubilcController handler class cannot be loaded

[Fri, 23 Nov 18 16:25:53 +0700][ERROR] [2]: VendorController handler class cannot be loaded

[Fri, 23 Nov 18 16:25:54 +0700][ERROR] [2]: PubilcController handler class cannot be loaded

[Fri, 23 Nov 18 16:25:54 +0700][ERROR] [2]: VendorController handler class cannot be loaded

[Fri, 23 Nov 18 16:25:55 +0700][ERROR] [2]: PubilcController handler class cannot be loaded

[Fri, 23 Nov 18 16:25:55 +0700][ERROR] [2]: VendorController handler class cannot be loaded

[Fri, 23 Nov 18 16:25:56 +0700][ERROR] [2]: VendorController handler class cannot be loaded

[Fri, 23 Nov 18 16:25:56 +0700][ERROR] [2]: PubilcController handler class cannot be loaded

[Fri, 23 Nov 18 16:25:58 +0700][ERROR] [2]: PubilcController handler class cannot be loaded

[Fri, 23 Nov 18 16:25:58 +0700][ERROR] [2]: VendorController handler class cannot be loaded

[Fri, 23 Nov 18 16:25:59 +0700][ERROR] [2]: PubilcController handler class cannot be loaded

[Fri, 23 Nov 18 16:25:59 +0700][ERROR] [2]: VendorController handler class cannot be loaded

[Fri, 23 Nov 18 16:25:59 +0700][ERROR] [2]: PubilcController handler class cannot be loaded

[Fri, 23 Nov 18 16:26:00 +0700][ERROR] [2]: PageTopController handler class cannot be loaded

[Fri, 23 Nov 18 16:26:00 +0700][ERROR] [2]: PubilcController handler class cannot be loaded

[Fri, 23 Nov 18 16:26:00 +0700][ERROR] [2]: VendorController handler class cannot be loaded

[Fri, 23 Nov 18 16:29:05 +0700][ERROR] [2]: PubilcController handler class cannot be loaded

[Fri, 23 Nov 18 16:29:05 +0700][ERROR] [2]: VendorController handler class cannot be loaded

[Fri, 23 Nov 18 16:29:05 +0700][ERROR] [2]: PubilcController handler class cannot be loaded

[Fri, 23 Nov 18 16:29:10 +0700][ERROR] [2]: PubilcController handler class cannot be loaded

[Fri, 23 Nov 18 16:29:10 +0700][ERROR] [2]: IndexController handler class cannot be loaded

[Fri, 23 Nov 18 16:29:10 +0700][ERROR] [2]: VendorController handler class cannot be loaded

[Fri, 23 Nov 18 16:29:10 +0700][ERROR] [2]: VendorController handler class cannot be loaded

[Fri, 23 Nov 18 16:29:12 +0700][ERROR] [2]: PubilcController handler class cannot be loaded

[Fri, 23 Nov 18 16:29:12 +0700][ERROR] [2]: VendorController handler class cannot be loaded

[Fri, 23 Nov 18 16:29:12 +0700][ERROR] [2]: PubilcController handler class cannot be loaded

[Fri, 23 Nov 18 16:29:14 +0700][ERROR] [2]: PubilcController handler class cannot be loaded

[Fri, 23 Nov 18 16:29:14 +0700][ERROR] [2]: VendorController handler class cannot be loaded

[Fri, 23 Nov 18 16:29:14 +0700][ERROR] [2]: VendorController handler class cannot be loaded

[Fri, 23 Nov 18 16:29:16 +0700][ERROR] [2]: PubilcController handler class cannot be loaded

[Fri, 23 Nov 18 16:29:16 +0700][ERROR] [2]: VendorController handler class cannot be loaded

[Fri, 23 Nov 18 16:29:16 +0700][ERROR] [2]: PubilcController handler class cannot be loaded

[Fri, 23 Nov 18 16:29:18 +0700][ERROR] [2]: PubilcController handler class cannot be loaded

[Fri, 23 Nov 18 16:29:18 +0700][ERROR] [2]: VendorController handler class cannot be loaded

[Fri, 23 Nov 18 16:29:18 +0700][ERROR] [2]: VendorController handler class cannot be loaded

[Fri, 23 Nov 18 16:29:20 +0700][ERROR] [2]: PubilcController handler class cannot be loaded

[Fri, 23 Nov 18 16:29:20 +0700][ERROR] [2]: VendorController handler class cannot be loaded

[Fri, 23 Nov 18 16:29:20 +0700][ERROR] [2]: PubilcController handler class cannot be loaded

[Fri, 23 Nov 18 16:29:22 +0700][ERROR] [2]: PubilcController handler class cannot be loaded

[Fri, 23 Nov 18 16:29:22 +0700][ERROR] [2]: VendorController handler class cannot be loaded

[Fri, 23 Nov 18 16:29:28 +0700][ERROR] [2]: PubilcController handler class cannot be loaded

[Fri, 23 Nov 18 16:29:28 +0700][ERROR] [2]: VendorController handler class cannot be loaded

[Fri, 23 Nov 18 16:29:28 +0700][ERROR] [2]: PubilcController handler class cannot be loaded

[Fri, 23 Nov 18 16:29:29 +0700][ERROR] [2]: PubilcController handler class cannot be loaded

[Fri, 23 Nov 18 16:29:29 +0700][ERROR] [2]: VendorController handler class cannot be loaded

[Fri, 23 Nov 18 16:29:30 +0700][ERROR] [2]: PubilcController handler class cannot be loaded

[Fri, 23 Nov 18 16:29:30 +0700][ERROR] [2]: VendorController handler class cannot be loaded

[Fri, 23 Nov 18 16:29:30 +0700][ERROR] [2]: VendorController handler class cannot be loaded

[Fri, 23 Nov 18 16:29:30 +0700][ERROR] [2]: PubilcController handler class cannot be loaded

[Fri, 23 Nov 18 16:29:32 +0700][ERROR] [2]: PubilcController handler class cannot be loaded

[Fri, 23 Nov 18 16:29:32 +0700][ERROR] [2]: VendorController handler class cannot be loaded

[Fri, 23 Nov 18 16:29:33 +0700][ERROR] [2]: PubilcController handler class cannot be loaded

[Fri, 23 Nov 18 16:29:33 +0700][ERROR] [2]: VendorController handler class cannot be loaded

[Fri, 23 Nov 18 16:29:33 +0700][ERROR] [2]: PubilcController handler class cannot be loaded

[Fri, 23 Nov 18 16:29:34 +0700][ERROR] [2]: PubilcController handler class cannot be loaded

[Fri, 23 Nov 18 16:29:34 +0700][ERROR] [2]: IndexController handler class cannot be loaded

[Fri, 23 Nov 18 16:29:34 +0700][ERROR] [2]: VendorController handler class cannot be loaded

[Fri, 23 Nov 18 16:29:34 +0700][ERROR] [2]: VendorController handler class cannot be loaded

[Fri, 23 Nov 18 16:29:35 +0700][ERROR] [2]: PubilcController handler class cannot be loaded

[Fri, 23 Nov 18 16:29:35 +0700][ERROR] [2]: VendorController handler class cannot be loaded

[Fri, 23 Nov 18 16:29:35 +0700][ERROR] [2]: VendorController handler class cannot be loaded

[Fri, 23 Nov 18 16:29:35 +0700][ERROR] [2]: PubilcController handler class cannot be loaded

[Fri, 23 Nov 18 16:29:36 +0700][ERROR] [2]: PubilcController handler class cannot be loaded

[Fri, 23 Nov 18 16:29:36 +0700][ERROR] [2]: VendorController handler class cannot be loaded

[Fri, 23 Nov 18 16:29:47 +0700][ERROR] [2]: PubilcController handler class cannot be loaded

[Fri, 23 Nov 18 16:29:47 +0700][ERROR] [2]: VendorController handler class cannot be loaded

[Fri, 23 Nov 18 16:29:47 +0700][ERROR] [2]: PubilcController handler class cannot be loaded

[Fri, 23 Nov 18 16:29:51 +0700][ERROR] [2]: PageTopController handler class cannot be loaded

[Fri, 23 Nov 18 16:29:51 +0700][ERROR] [2]: PubilcController handler class cannot be loaded

[Fri, 23 Nov 18 16:29:51 +0700][ERROR] [2]: VendorController handler class cannot be loaded

[Fri, 23 Nov 18 16:29:51 +0700][ERROR] [2]: VendorController handler class cannot be loaded

[Fri, 23 Nov 18 16:29:51 +0700][ERROR] [2]: VendorController handler class cannot be loaded

[Fri, 23 Nov 18 16:29:51 +0700][ERROR] [2]: VendorController handler class cannot be loaded

[Fri, 23 Nov 18 16:29:55 +0700][ERROR] [2]: PubilcController handler class cannot be loaded

[Fri, 23 Nov 18 16:29:55 +0700][ERROR] [2]: VendorController handler class cannot be loaded

[Fri, 23 Nov 18 16:29:55 +0700][ERROR] [5]: Action 'public' was not found on handler 'authen'

[Fri, 23 Nov 18 16:29:55 +0700][ERROR] [5]: Action 'public' was not found on handler 'authen'

[Fri, 23 Nov 18 16:30:00 +0700][ERROR] [2]: PubilcController handler class cannot be loaded

[Fri, 23 Nov 18 16:30:00 +0700][ERROR] [2]: VendorController handler class cannot be loaded

[Fri, 23 Nov 18 16:30:00 +0700][ERROR] [2]: PubilcController handler class cannot be loaded

[Fri, 23 Nov 18 16:30:02 +0700][ERROR] [2]: PubilcController handler class cannot be loaded

[Fri, 23 Nov 18 16:30:02 +0700][ERROR] [2]: VendorController handler class cannot be loaded

[Fri, 23 Nov 18 16:30:02 +0700][ERROR] [2]: PubilcController handler class cannot be loaded

[Fri, 23 Nov 18 16:30:03 +0700][ERROR] [2]: PubilcController handler class cannot be loaded

[Fri, 23 Nov 18 16:30:03 +0700][ERROR] [2]: VendorController handler class cannot be loaded

[Fri, 23 Nov 18 16:30:03 +0700][ERROR] [2]: VendorController handler class cannot be loaded

[Fri, 23 Nov 18 16:30:03 +0700][ERROR] [2]: VendorController handler class cannot be loaded

[Fri, 23 Nov 18 16:30:03 +0700][ERROR] [2]: VendorController handler class cannot be loaded

[Fri, 23 Nov 18 16:30:05 +0700][ERROR] [2]: PubilcController handler class cannot be loaded

[Fri, 23 Nov 18 16:30:05 +0700][ERROR] [2]: VendorController handler class cannot be loaded

[Fri, 23 Nov 18 16:30:05 +0700][ERROR] [2]: PubilcController handler class cannot be loaded

[Fri, 23 Nov 18 16:30:06 +0700][ERROR] [2]: PubilcController handler class cannot be loaded

[Fri, 23 Nov 18 16:30:06 +0700][ERROR] [2]: VendorController handler class cannot be loaded

[Fri, 23 Nov 18 16:30:08 +0700][ERROR] [2]: PubilcController handler class cannot be loaded

[Fri, 23 Nov 18 16:30:08 +0700][ERROR] [2]: VendorController handler class cannot be loaded

[Fri, 23 Nov 18 16:30:08 +0700][ERROR] [2]: PubilcController handler class cannot be loaded

[Fri, 23 Nov 18 16:30:12 +0700][ERROR] [2]: PageTopController handler class cannot be loaded

[Fri, 23 Nov 18 16:30:12 +0700][ERROR] [2]: PubilcController handler class cannot be loaded

[Fri, 23 Nov 18 16:30:12 +0700][ERROR] [2]: VendorController handler class cannot be loaded

[Fri, 23 Nov 18 16:30:14 +0700][ERROR] [2]: PageTopController handler class cannot be loaded

[Fri, 23 Nov 18 16:30:14 +0700][ERROR] [2]: PubilcController handler class cannot be loaded

[Fri, 23 Nov 18 16:30:14 +0700][ERROR] [2]: VendorController handler class cannot be loaded

[Fri, 23 Nov 18 23:05:46 +0700][ERROR] [2]: PubilcController handler class cannot be loaded

[Fri, 23 Nov 18 23:05:46 +0700][ERROR] [2]: VendorController handler class cannot be loaded

[Fri, 23 Nov 18 23:05:46 +0700][ERROR] [2]: VendorController handler class cannot be loaded

[Fri, 23 Nov 18 23:05:47 +0700][ERROR] [5]: Action 'public' was not found on handler 'artclass'

[Fri, 23 Nov 18 23:05:47 +0700][ERROR] [5]: Action 'public' was not found on handler 'artclass'

[Fri, 23 Nov 18 23:05:47 +0700][ERROR] [2]: VendorController handler class cannot be loaded

[Fri, 23 Nov 18 23:05:47 +0700][ERROR] [5]: Action 'public' was not found on handler 'artclass'

[Fri, 23 Nov 18 23:05:47 +0700][ERROR] [5]: Action 'public' was not found on handler 'artclass'

[Fri, 23 Nov 18 23:05:47 +0700][ERROR] [5]: Action 'public' was not found on handler 'artclass'

[Fri, 23 Nov 18 23:05:47 +0700][ERROR] [5]: Action 'public' was not found on handler 'artclass'

[Fri, 23 Nov 18 23:05:47 +0700][ERROR] [5]: Action 'public' was not found on handler 'artclass'

[Fri, 23 Nov 18 23:05:49 +0700][ERROR] [2]: PubilcController handler class cannot be loaded

[Fri, 23 Nov 18 23:05:49 +0700][ERROR] [2]: VendorController handler class cannot be loaded

[Fri, 23 Nov 18 23:05:49 +0700][ERROR] [5]: Action 'public' was not found on handler 'authen'

[Fri, 23 Nov 18 23:05:49 +0700][ERROR] [5]: Action 'public' was not found on handler 'authen'

[Fri, 23 Nov 18 23:05:57 +0700][ERROR] [2]: PubilcController handler class cannot be loaded

[Fri, 23 Nov 18 23:05:57 +0700][ERROR] [2]: VendorController handler class cannot be loaded

[Fri, 23 Nov 18 23:05:57 +0700][ERROR] [2]: VendorController handler class cannot be loaded

[Fri, 23 Nov 18 23:05:57 +0700][ERROR] [2]: PubilcController handler class cannot be loaded

[Fri, 23 Nov 18 23:05:59 +0700][ERROR] [2]: PubilcController handler class cannot be loaded

[Fri, 23 Nov 18 23:05:59 +0700][ERROR] [2]: VendorController handler class cannot be loaded

[Fri, 23 Nov 18 23:05:59 +0700][ERROR] [2]: PubilcController handler class cannot be loaded

[Fri, 23 Nov 18 23:06:04 +0700][ERROR] [2]: PubilcController handler class cannot be loaded

[Fri, 23 Nov 18 23:06:04 +0700][ERROR] [2]: VendorController handler class cannot be loaded

[Fri, 23 Nov 18 23:06:04 +0700][ERROR] [2]: VendorController handler class cannot be loaded

[Fri, 23 Nov 18 23:06:04 +0700][ERROR] [5]: Action 'public' was not found on handler 'exhibition'

[Fri, 23 Nov 18 23:06:04 +0700][ERROR] [5]: Action 'public' was not found on handler 'exhibition'

[Fri, 23 Nov 18 23:06:04 +0700][ERROR] [5]: Action 'public' was not found on handler 'exhibition'

