[Mon, 29 Oct 18 00:00:43 +0700][ERROR] [2]: IndexController handler class cannot be loaded

[Mon, 29 Oct 18 00:00:43 +0700][ERROR] [2]: VendorController handler class cannot be loaded

[Mon, 29 Oct 18 00:00:43 +0700][ERROR] [2]: VendorController handler class cannot be loaded

[Mon, 29 Oct 18 00:00:43 +0700][ERROR] [2]: JsController handler class cannot be loaded

[Mon, 29 Oct 18 00:00:44 +0700][ERROR] [2]: VendorController handler class cannot be loaded

[Mon, 29 Oct 18 00:00:44 +0700][ERROR] [2]: JsController handler class cannot be loaded

[Mon, 29 Oct 18 00:00:54 +0700][ERROR] [2]: IndexController handler class cannot be loaded

[Mon, 29 Oct 18 00:00:55 +0700][ERROR] [2]: VendorController handler class cannot be loaded

[Mon, 29 Oct 18 00:00:55 +0700][ERROR] [2]: JsController handler class cannot be loaded

[Mon, 29 Oct 18 00:00:55 +0700][ERROR] [2]: VendorController handler class cannot be loaded

[Mon, 29 Oct 18 00:00:55 +0700][ERROR] [2]: JsController handler class cannot be loaded

[Mon, 29 Oct 18 00:01:02 +0700][ERROR] [2]: IndexController handler class cannot be loaded

[Mon, 29 Oct 18 00:01:02 +0700][ERROR] [2]: VendorController handler class cannot be loaded

[Mon, 29 Oct 18 00:01:02 +0700][ERROR] [2]: IndexController handler class cannot be loaded

[Mon, 29 Oct 18 00:01:03 +0700][ERROR] [2]: VendorController handler class cannot be loaded

[Mon, 29 Oct 18 00:01:03 +0700][ERROR] [2]: IndexController handler class cannot be loaded

[Mon, 29 Oct 18 00:01:30 +0700][ERROR] [2]: IndexController handler class cannot be loaded

[Mon, 29 Oct 18 00:01:30 +0700][ERROR] [2]: VendorController handler class cannot be loaded

[Mon, 29 Oct 18 00:01:30 +0700][ERROR] [2]: VendorController handler class cannot be loaded

[Mon, 29 Oct 18 00:01:31 +0700][ERROR] [2]: VendorController handler class cannot be loaded

[Mon, 29 Oct 18 00:01:31 +0700][ERROR] [2]: VendorController handler class cannot be loaded

[Mon, 29 Oct 18 00:01:47 +0700][ERROR] [2]: IndexController handler class cannot be loaded

[Mon, 29 Oct 18 00:01:47 +0700][ERROR] [2]: IndexController handler class cannot be loaded

[Mon, 29 Oct 18 00:01:47 +0700][ERROR] [2]: IndexController handler class cannot be loaded

[Mon, 29 Oct 18 00:01:47 +0700][ERROR] [2]: IndexController handler class cannot be loaded

[Mon, 29 Oct 18 00:01:47 +0700][ERROR] [2]: IndexController handler class cannot be loaded

[Mon, 29 Oct 18 00:02:13 +0700][ERROR] [2]: IndexController handler class cannot be loaded

[Mon, 29 Oct 18 00:02:13 +0700][ERROR] [2]: VendorController handler class cannot be loaded

[Mon, 29 Oct 18 00:02:13 +0700][ERROR] [2]: JsController handler class cannot be loaded

[Mon, 29 Oct 18 00:02:13 +0700][ERROR] [2]: VendorController handler class cannot be loaded

[Mon, 29 Oct 18 00:02:13 +0700][ERROR] [2]: JsController handler class cannot be loaded

[Mon, 29 Oct 18 00:02:36 +0700][ERROR] [2]: IndexController handler class cannot be loaded

[Mon, 29 Oct 18 00:02:36 +0700][ERROR] [2]: VendorController handler class cannot be loaded

[Mon, 29 Oct 18 00:02:38 +0700][ERROR] [2]: VendorController handler class cannot be loaded

[Mon, 29 Oct 18 00:03:04 +0700][ERROR] [2]: IndexController handler class cannot be loaded

[Mon, 29 Oct 18 00:03:04 +0700][ERROR] [2]: VendorController handler class cannot be loaded

[Mon, 29 Oct 18 00:03:04 +0700][ERROR] [2]: IndexController handler class cannot be loaded

[Mon, 29 Oct 18 00:03:04 +0700][ERROR] [2]: JsController handler class cannot be loaded

[Mon, 29 Oct 18 00:03:04 +0700][ERROR] [2]: VendorController handler class cannot be loaded

[Mon, 29 Oct 18 00:03:04 +0700][ERROR] [2]: IndexController handler class cannot be loaded

[Mon, 29 Oct 18 00:03:04 +0700][ERROR] [2]: JsController handler class cannot be loaded

[Mon, 29 Oct 18 00:03:24 +0700][ERROR] [2]: IndexController handler class cannot be loaded

[Mon, 29 Oct 18 00:03:24 +0700][ERROR] [2]: VendorController handler class cannot be loaded

[Mon, 29 Oct 18 00:03:24 +0700][ERROR] [2]: IndexController handler class cannot be loaded

[Mon, 29 Oct 18 00:03:43 +0700][ERROR] [2]: VendorController handler class cannot be loaded

[Mon, 29 Oct 18 00:03:43 +0700][ERROR] [2]: IndexController handler class cannot be loaded

[Mon, 29 Oct 18 00:03:59 +0700][ERROR] [2]: IndexController handler class cannot be loaded

[Mon, 29 Oct 18 00:03:59 +0700][ERROR] [2]: VendorController handler class cannot be loaded

[Mon, 29 Oct 18 00:03:59 +0700][ERROR] [2]: IndexController handler class cannot be loaded

[Mon, 29 Oct 18 00:03:59 +0700][ERROR] [2]: VendorController handler class cannot be loaded

[Mon, 29 Oct 18 00:04:12 +0700][ERROR] [2]: IndexController handler class cannot be loaded

[Mon, 29 Oct 18 00:04:12 +0700][ERROR] [2]: VendorController handler class cannot be loaded

[Mon, 29 Oct 18 00:04:12 +0700][ERROR] [2]: JsController handler class cannot be loaded

[Mon, 29 Oct 18 00:04:13 +0700][ERROR] [2]: VendorController handler class cannot be loaded

[Mon, 29 Oct 18 00:04:13 +0700][ERROR] [2]: JsController handler class cannot be loaded

[Mon, 29 Oct 18 00:04:17 +0700][ERROR] [2]: IndexController handler class cannot be loaded

[Mon, 29 Oct 18 00:04:18 +0700][ERROR] [2]: IndexController handler class cannot be loaded

[Mon, 29 Oct 18 00:04:18 +0700][ERROR] [2]: VendorController handler class cannot be loaded

[Mon, 29 Oct 18 00:04:18 +0700][ERROR] [2]: VendorController handler class cannot be loaded

[Mon, 29 Oct 18 00:04:27 +0700][ERROR] [2]: IndexController handler class cannot be loaded

[Mon, 29 Oct 18 00:04:27 +0700][ERROR] [2]: VendorController handler class cannot be loaded

[Mon, 29 Oct 18 00:04:27 +0700][ERROR] [2]: VendorController handler class cannot be loaded

[Mon, 29 Oct 18 00:04:27 +0700][ERROR] [2]: VendorController handler class cannot be loaded

[Mon, 29 Oct 18 00:04:27 +0700][ERROR] [2]: VendorController handler class cannot be loaded

[Mon, 29 Oct 18 00:10:07 +0700][ERROR] [2]: IndexController handler class cannot be loaded

[Mon, 29 Oct 18 00:10:07 +0700][ERROR] [2]: VendorController handler class cannot be loaded

[Mon, 29 Oct 18 00:10:07 +0700][ERROR] [2]: VendorController handler class cannot be loaded

[Mon, 29 Oct 18 00:10:08 +0700][ERROR] [2]: VendorController handler class cannot be loaded

[Mon, 29 Oct 18 00:10:31 +0700][ERROR] [2]: IndexController handler class cannot be loaded

[Mon, 29 Oct 18 00:10:31 +0700][ERROR] [2]: VendorController handler class cannot be loaded

[Mon, 29 Oct 18 00:10:31 +0700][ERROR] [2]: JsController handler class cannot be loaded

[Mon, 29 Oct 18 00:10:31 +0700][ERROR] [2]: IndexController handler class cannot be loaded

[Mon, 29 Oct 18 00:10:31 +0700][ERROR] [2]: JsController handler class cannot be loaded

[Mon, 29 Oct 18 00:11:55 +0700][ERROR] [2]: IndexController handler class cannot be loaded

[Mon, 29 Oct 18 00:11:55 +0700][ERROR] [2]: VendorController handler class cannot be loaded

[Mon, 29 Oct 18 00:11:55 +0700][ERROR] [2]: VendorController handler class cannot be loaded

[Mon, 29 Oct 18 00:11:55 +0700][ERROR] [2]: IndexController handler class cannot be loaded

[Mon, 29 Oct 18 00:13:19 +0700][ERROR] [2]: IndexController handler class cannot be loaded

[Mon, 29 Oct 18 00:13:19 +0700][ERROR] [2]: VendorController handler class cannot be loaded

[Mon, 29 Oct 18 00:13:19 +0700][ERROR] [2]: VendorController handler class cannot be loaded

[Mon, 29 Oct 18 00:13:19 +0700][ERROR] [2]: IndexController handler class cannot be loaded

[Mon, 29 Oct 18 00:13:19 +0700][ERROR] [2]: VendorController handler class cannot be loaded

[Mon, 29 Oct 18 00:13:20 +0700][ERROR] [2]: VendorController handler class cannot be loaded

[Mon, 29 Oct 18 00:13:41 +0700][ERROR] [2]: IndexController handler class cannot be loaded

[Mon, 29 Oct 18 00:13:41 +0700][ERROR] [2]: VendorController handler class cannot be loaded

[Mon, 29 Oct 18 00:13:41 +0700][ERROR] [2]: VendorController handler class cannot be loaded

[Mon, 29 Oct 18 00:13:41 +0700][ERROR] [2]: VendorController handler class cannot be loaded

[Mon, 29 Oct 18 00:13:41 +0700][ERROR] [2]: VendorController handler class cannot be loaded

[Mon, 29 Oct 18 00:14:04 +0700][ERROR] [2]: IndexController handler class cannot be loaded

[Mon, 29 Oct 18 00:14:04 +0700][ERROR] [2]: IndexController handler class cannot be loaded

[Mon, 29 Oct 18 00:14:04 +0700][ERROR] [2]: VendorController handler class cannot be loaded

[Mon, 29 Oct 18 00:14:04 +0700][ERROR] [2]: VendorController handler class cannot be loaded

[Mon, 29 Oct 18 00:14:49 +0700][ERROR] [2]: IndexController handler class cannot be loaded

[Mon, 29 Oct 18 00:14:50 +0700][ERROR] [2]: VendorController handler class cannot be loaded

[Mon, 29 Oct 18 00:14:50 +0700][ERROR] [2]: VendorController handler class cannot be loaded

[Mon, 29 Oct 18 00:14:50 +0700][ERROR] [2]: IndexController handler class cannot be loaded

[Mon, 29 Oct 18 00:14:50 +0700][ERROR] [2]: VendorController handler class cannot be loaded

[Mon, 29 Oct 18 00:14:50 +0700][ERROR] [2]: VendorController handler class cannot be loaded

[Mon, 29 Oct 18 00:14:50 +0700][ERROR] [2]: IndexController handler class cannot be loaded

[Mon, 29 Oct 18 00:14:59 +0700][ERROR] [2]: IndexController handler class cannot be loaded

[Mon, 29 Oct 18 00:14:59 +0700][ERROR] [2]: VendorController handler class cannot be loaded

[Mon, 29 Oct 18 00:14:59 +0700][ERROR] [2]: IndexController handler class cannot be loaded

[Mon, 29 Oct 18 00:14:59 +0700][ERROR] [2]: VendorController handler class cannot be loaded

[Mon, 29 Oct 18 00:14:59 +0700][ERROR] [2]: IndexController handler class cannot be loaded

[Mon, 29 Oct 18 00:15:29 +0700][ERROR] [2]: IndexController handler class cannot be loaded

[Mon, 29 Oct 18 00:15:29 +0700][ERROR] [2]: VendorController handler class cannot be loaded

[Mon, 29 Oct 18 00:15:29 +0700][ERROR] [2]: VendorController handler class cannot be loaded

[Mon, 29 Oct 18 00:15:30 +0700][ERROR] [2]: VendorController handler class cannot be loaded

[Mon, 29 Oct 18 00:15:30 +0700][ERROR] [2]: VendorController handler class cannot be loaded

[Mon, 29 Oct 18 00:15:38 +0700][ERROR] [2]: IndexController handler class cannot be loaded

[Mon, 29 Oct 18 00:15:38 +0700][ERROR] [2]: VendorController handler class cannot be loaded

[Mon, 29 Oct 18 00:15:38 +0700][ERROR] [2]: JsController handler class cannot be loaded

[Mon, 29 Oct 18 00:15:38 +0700][ERROR] [2]: IndexController handler class cannot be loaded

[Mon, 29 Oct 18 00:15:38 +0700][ERROR] [2]: JsController handler class cannot be loaded

[Mon, 29 Oct 18 00:15:55 +0700][ERROR] [2]: IndexController handler class cannot be loaded

[Mon, 29 Oct 18 00:15:55 +0700][ERROR] [2]: VendorController handler class cannot be loaded

[Mon, 29 Oct 18 00:15:55 +0700][ERROR] [2]: VendorController handler class cannot be loaded

[Mon, 29 Oct 18 00:15:55 +0700][ERROR] [2]: JsController handler class cannot be loaded

[Mon, 29 Oct 18 00:15:55 +0700][ERROR] [2]: VendorController handler class cannot be loaded

[Mon, 29 Oct 18 00:15:55 +0700][ERROR] [2]: IndexController handler class cannot be loaded

[Mon, 29 Oct 18 00:15:55 +0700][ERROR] [2]: VendorController handler class cannot be loaded

[Mon, 29 Oct 18 00:15:55 +0700][ERROR] [2]: JsController handler class cannot be loaded

[Mon, 29 Oct 18 00:16:39 +0700][ERROR] [2]: IndexController handler class cannot be loaded

[Mon, 29 Oct 18 00:16:40 +0700][ERROR] [2]: VendorController handler class cannot be loaded

[Mon, 29 Oct 18 00:16:40 +0700][ERROR] [2]: VendorController handler class cannot be loaded

[Mon, 29 Oct 18 00:16:40 +0700][ERROR] [2]: IndexController handler class cannot be loaded

[Mon, 29 Oct 18 00:16:55 +0700][ERROR] [2]: IndexController handler class cannot be loaded

[Mon, 29 Oct 18 00:16:55 +0700][ERROR] [2]: VendorController handler class cannot be loaded

[Mon, 29 Oct 18 00:16:55 +0700][ERROR] [2]: VendorController handler class cannot be loaded

[Mon, 29 Oct 18 00:16:55 +0700][ERROR] [2]: VendorController handler class cannot be loaded

[Mon, 29 Oct 18 00:17:06 +0700][ERROR] [2]: IndexController handler class cannot be loaded

[Mon, 29 Oct 18 00:17:06 +0700][ERROR] [2]: VendorController handler class cannot be loaded

[Mon, 29 Oct 18 00:17:06 +0700][ERROR] [2]: IndexController handler class cannot be loaded

[Mon, 29 Oct 18 00:17:06 +0700][ERROR] [2]: VendorController handler class cannot be loaded

[Mon, 29 Oct 18 00:17:06 +0700][ERROR] [2]: IndexController handler class cannot be loaded

[Mon, 29 Oct 18 00:17:06 +0700][ERROR] [2]: IndexController handler class cannot be loaded

[Mon, 29 Oct 18 00:19:49 +0700][ERROR] [2]: IndexController handler class cannot be loaded

[Mon, 29 Oct 18 00:19:49 +0700][ERROR] [2]: VendorController handler class cannot be loaded

[Mon, 29 Oct 18 00:19:50 +0700][ERROR] [2]: VendorController handler class cannot be loaded

[Mon, 29 Oct 18 00:19:50 +0700][ERROR] [2]: VendorController handler class cannot be loaded

[Mon, 29 Oct 18 00:20:12 +0700][ERROR] [2]: IndexController handler class cannot be loaded

[Mon, 29 Oct 18 00:20:12 +0700][ERROR] [2]: VendorController handler class cannot be loaded

[Mon, 29 Oct 18 00:20:12 +0700][ERROR] [2]: IndexController handler class cannot be loaded

[Mon, 29 Oct 18 00:20:13 +0700][ERROR] [2]: VendorController handler class cannot be loaded

[Mon, 29 Oct 18 00:20:13 +0700][ERROR] [2]: IndexController handler class cannot be loaded

[Mon, 29 Oct 18 00:20:26 +0700][ERROR] [2]: IndexController handler class cannot be loaded

[Mon, 29 Oct 18 00:20:26 +0700][ERROR] [2]: VendorController handler class cannot be loaded

[Mon, 29 Oct 18 00:20:26 +0700][ERROR] [2]: VendorController handler class cannot be loaded

[Mon, 29 Oct 18 00:20:26 +0700][ERROR] [2]: VendorController handler class cannot be loaded

[Mon, 29 Oct 18 00:20:32 +0700][ERROR] [2]: IndexController handler class cannot be loaded

[Mon, 29 Oct 18 00:20:32 +0700][ERROR] [2]: VendorController handler class cannot be loaded

[Mon, 29 Oct 18 00:20:32 +0700][ERROR] [2]: IndexController handler class cannot be loaded

[Mon, 29 Oct 18 00:20:32 +0700][ERROR] [2]: JsController handler class cannot be loaded

[Mon, 29 Oct 18 00:20:33 +0700][ERROR] [2]: VendorController handler class cannot be loaded

[Mon, 29 Oct 18 00:20:33 +0700][ERROR] [2]: JsController handler class cannot be loaded

[Mon, 29 Oct 18 00:20:40 +0700][ERROR] [2]: IndexController handler class cannot be loaded

[Mon, 29 Oct 18 00:20:40 +0700][ERROR] [2]: VendorController handler class cannot be loaded

[Mon, 29 Oct 18 00:20:40 +0700][ERROR] [2]: VendorController handler class cannot be loaded

[Mon, 29 Oct 18 00:20:40 +0700][ERROR] [2]: VendorController handler class cannot be loaded

[Mon, 29 Oct 18 00:20:40 +0700][ERROR] [2]: VendorController handler class cannot be loaded

[Mon, 29 Oct 18 00:20:49 +0700][ERROR] [2]: IndexController handler class cannot be loaded

[Mon, 29 Oct 18 00:20:49 +0700][ERROR] [2]: VendorController handler class cannot be loaded

[Mon, 29 Oct 18 00:20:49 +0700][ERROR] [2]: IndexController handler class cannot be loaded

[Mon, 29 Oct 18 00:20:50 +0700][ERROR] [2]: VendorController handler class cannot be loaded

[Mon, 29 Oct 18 00:20:50 +0700][ERROR] [2]: IndexController handler class cannot be loaded

[Mon, 29 Oct 18 00:21:35 +0700][ERROR] [2]: IndexController handler class cannot be loaded

[Mon, 29 Oct 18 00:21:35 +0700][ERROR] [2]: VendorController handler class cannot be loaded

[Mon, 29 Oct 18 00:21:35 +0700][ERROR] [2]: IndexController handler class cannot be loaded

[Mon, 29 Oct 18 00:21:35 +0700][ERROR] [2]: VendorController handler class cannot be loaded

[Mon, 29 Oct 18 00:21:35 +0700][ERROR] [2]: IndexController handler class cannot be loaded

[Mon, 29 Oct 18 00:21:55 +0700][ERROR] [2]: IndexController handler class cannot be loaded

[Mon, 29 Oct 18 00:21:55 +0700][ERROR] [2]: VendorController handler class cannot be loaded

[Mon, 29 Oct 18 00:21:55 +0700][ERROR] [2]: VendorController handler class cannot be loaded

[Mon, 29 Oct 18 00:22:27 +0700][ERROR] [2]: IndexController handler class cannot be loaded

[Mon, 29 Oct 18 00:22:27 +0700][ERROR] [2]: VendorController handler class cannot be loaded

[Mon, 29 Oct 18 00:22:27 +0700][ERROR] [2]: VendorController handler class cannot be loaded

[Mon, 29 Oct 18 00:22:27 +0700][ERROR] [2]: VendorController handler class cannot be loaded

[Mon, 29 Oct 18 00:22:57 +0700][ERROR] [2]: IndexController handler class cannot be loaded

[Mon, 29 Oct 18 00:22:57 +0700][ERROR] [2]: VendorController handler class cannot be loaded

[Mon, 29 Oct 18 00:22:57 +0700][ERROR] [2]: IndexController handler class cannot be loaded

[Mon, 29 Oct 18 00:22:57 +0700][ERROR] [2]: VendorController handler class cannot be loaded

[Mon, 29 Oct 18 00:22:57 +0700][ERROR] [2]: IndexController handler class cannot be loaded

[Mon, 29 Oct 18 00:23:24 +0700][ERROR] [2]: IndexController handler class cannot be loaded

[Mon, 29 Oct 18 00:23:24 +0700][ERROR] [2]: VendorController handler class cannot be loaded

[Mon, 29 Oct 18 00:23:24 +0700][ERROR] [2]: JsController handler class cannot be loaded

[Mon, 29 Oct 18 00:23:25 +0700][ERROR] [2]: VendorController handler class cannot be loaded

[Mon, 29 Oct 18 00:23:25 +0700][ERROR] [2]: JsController handler class cannot be loaded

[Mon, 29 Oct 18 00:23:34 +0700][ERROR] [2]: IndexController handler class cannot be loaded

[Mon, 29 Oct 18 00:23:34 +0700][ERROR] [2]: VendorController handler class cannot be loaded

[Mon, 29 Oct 18 00:23:34 +0700][ERROR] [2]: VendorController handler class cannot be loaded

[Mon, 29 Oct 18 00:23:35 +0700][ERROR] [2]: VendorController handler class cannot be loaded

[Mon, 29 Oct 18 00:24:25 +0700][ERROR] [2]: IndexController handler class cannot be loaded

[Mon, 29 Oct 18 00:24:25 +0700][ERROR] [2]: VendorController handler class cannot be loaded

[Mon, 29 Oct 18 00:24:25 +0700][ERROR] [2]: IndexController handler class cannot be loaded

[Mon, 29 Oct 18 00:24:25 +0700][ERROR] [2]: VendorController handler class cannot be loaded

[Mon, 29 Oct 18 00:24:25 +0700][ERROR] [2]: VendorController handler class cannot be loaded

[Mon, 29 Oct 18 00:24:25 +0700][ERROR] [2]: VendorController handler class cannot be loaded

[Mon, 29 Oct 18 00:24:36 +0700][ERROR] [2]: IndexController handler class cannot be loaded

[Mon, 29 Oct 18 00:24:36 +0700][ERROR] [2]: VendorController handler class cannot be loaded

[Mon, 29 Oct 18 00:24:36 +0700][ERROR] [2]: VendorController handler class cannot be loaded

[Mon, 29 Oct 18 00:24:37 +0700][ERROR] [2]: VendorController handler class cannot be loaded

[Mon, 29 Oct 18 00:24:37 +0700][ERROR] [2]: VendorController handler class cannot be loaded

[Mon, 29 Oct 18 00:24:55 +0700][ERROR] [2]: IndexController handler class cannot be loaded

[Mon, 29 Oct 18 00:24:55 +0700][ERROR] [2]: VendorController handler class cannot be loaded

[Mon, 29 Oct 18 00:24:55 +0700][ERROR] [2]: VendorController handler class cannot be loaded

[Mon, 29 Oct 18 00:24:55 +0700][ERROR] [2]: IndexController handler class cannot be loaded

[Mon, 29 Oct 18 00:24:55 +0700][ERROR] [2]: VendorController handler class cannot be loaded

[Mon, 29 Oct 18 00:24:55 +0700][ERROR] [2]: IndexController handler class cannot be loaded

[Mon, 29 Oct 18 00:25:02 +0700][ERROR] [2]: IndexController handler class cannot be loaded

[Mon, 29 Oct 18 00:25:02 +0700][ERROR] [2]: VendorController handler class cannot be loaded

[Mon, 29 Oct 18 00:25:02 +0700][ERROR] [2]: VendorController handler class cannot be loaded

[Mon, 29 Oct 18 00:25:02 +0700][ERROR] [2]: VendorController handler class cannot be loaded

[Mon, 29 Oct 18 00:25:02 +0700][ERROR] [2]: VendorController handler class cannot be loaded

[Mon, 29 Oct 18 00:25:11 +0700][ERROR] [2]: IndexController handler class cannot be loaded

[Mon, 29 Oct 18 00:25:11 +0700][ERROR] [2]: VendorController handler class cannot be loaded

[Mon, 29 Oct 18 00:25:11 +0700][ERROR] [2]: VendorController handler class cannot be loaded

[Mon, 29 Oct 18 00:25:11 +0700][ERROR] [2]: VendorController handler class cannot be loaded

[Mon, 29 Oct 18 00:25:33 +0700][ERROR] [2]: IndexController handler class cannot be loaded

[Mon, 29 Oct 18 00:25:34 +0700][ERROR] [2]: VendorController handler class cannot be loaded

[Mon, 29 Oct 18 00:25:34 +0700][ERROR] [2]: JsController handler class cannot be loaded

[Mon, 29 Oct 18 00:25:34 +0700][ERROR] [2]: VendorController handler class cannot be loaded

[Mon, 29 Oct 18 00:25:34 +0700][ERROR] [2]: JsController handler class cannot be loaded

[Mon, 29 Oct 18 00:26:28 +0700][ERROR] [2]: IndexController handler class cannot be loaded

[Mon, 29 Oct 18 00:26:28 +0700][ERROR] [2]: VendorController handler class cannot be loaded

[Mon, 29 Oct 18 00:26:28 +0700][ERROR] [2]: VendorController handler class cannot be loaded

[Mon, 29 Oct 18 00:26:28 +0700][ERROR] [2]: IndexController handler class cannot be loaded

[Mon, 29 Oct 18 00:26:29 +0700][ERROR] [2]: VendorController handler class cannot be loaded

[Mon, 29 Oct 18 00:26:29 +0700][ERROR] [2]: IndexController handler class cannot be loaded

[Mon, 29 Oct 18 00:27:18 +0700][ERROR] [2]: VendorController handler class cannot be loaded

[Mon, 29 Oct 18 00:27:18 +0700][ERROR] [2]: JsController handler class cannot be loaded

[Mon, 29 Oct 18 00:27:18 +0700][ERROR] [2]: JsController handler class cannot be loaded

[Mon, 29 Oct 18 00:27:24 +0700][ERROR] [2]: IndexController handler class cannot be loaded

[Mon, 29 Oct 18 00:27:24 +0700][ERROR] [2]: VendorController handler class cannot be loaded

[Mon, 29 Oct 18 00:27:24 +0700][ERROR] [2]: IndexController handler class cannot be loaded

[Mon, 29 Oct 18 00:27:24 +0700][ERROR] [2]: VendorController handler class cannot be loaded

[Mon, 29 Oct 18 00:27:24 +0700][ERROR] [2]: IndexController handler class cannot be loaded

[Mon, 29 Oct 18 00:33:38 +0700][ERROR] [2]: IndexController handler class cannot be loaded

[Mon, 29 Oct 18 00:33:39 +0700][ERROR] [2]: VendorController handler class cannot be loaded

[Mon, 29 Oct 18 00:33:39 +0700][ERROR] [2]: VendorController handler class cannot be loaded

[Mon, 29 Oct 18 00:33:39 +0700][ERROR] [2]: CurExhiController handler class cannot be loaded

[Mon, 29 Oct 18 00:33:41 +0700][ERROR] [2]: VendorController handler class cannot be loaded

[Mon, 29 Oct 18 00:33:41 +0700][ERROR] [2]: CurExhiController handler class cannot be loaded

[Mon, 29 Oct 18 00:34:03 +0700][ERROR] [2]: IndexController handler class cannot be loaded

[Mon, 29 Oct 18 00:34:03 +0700][ERROR] [2]: VendorController handler class cannot be loaded

[Mon, 29 Oct 18 00:34:03 +0700][ERROR] [2]: VendorController handler class cannot be loaded

[Mon, 29 Oct 18 00:34:03 +0700][ERROR] [2]: IndexController handler class cannot be loaded

[Mon, 29 Oct 18 00:34:03 +0700][ERROR] [2]: VendorController handler class cannot be loaded

[Mon, 29 Oct 18 00:34:23 +0700][ERROR] [2]: IndexController handler class cannot be loaded

[Mon, 29 Oct 18 00:34:24 +0700][ERROR] [2]: VendorController handler class cannot be loaded

[Mon, 29 Oct 18 00:34:24 +0700][ERROR] [2]: IndexController handler class cannot be loaded

[Mon, 29 Oct 18 00:34:24 +0700][ERROR] [2]: IndexController handler class cannot be loaded

[Mon, 29 Oct 18 00:34:24 +0700][ERROR] [2]: VendorController handler class cannot be loaded

[Mon, 29 Oct 18 00:34:24 +0700][ERROR] [2]: IndexController handler class cannot be loaded

[Mon, 29 Oct 18 00:34:36 +0700][ERROR] [2]: IndexController handler class cannot be loaded

[Mon, 29 Oct 18 00:34:36 +0700][ERROR] [2]: VendorController handler class cannot be loaded

[Mon, 29 Oct 18 00:34:36 +0700][ERROR] [2]: VendorController handler class cannot be loaded

[Mon, 29 Oct 18 00:34:37 +0700][ERROR] [2]: VendorController handler class cannot be loaded

[Mon, 29 Oct 18 00:34:57 +0700][ERROR] [2]: IndexController handler class cannot be loaded

[Mon, 29 Oct 18 00:34:58 +0700][ERROR] [2]: VendorController handler class cannot be loaded

[Mon, 29 Oct 18 00:34:58 +0700][ERROR] [2]: VendorController handler class cannot be loaded

[Mon, 29 Oct 18 00:35:38 +0700][ERROR] [2]: IndexController handler class cannot be loaded

[Mon, 29 Oct 18 00:35:38 +0700][ERROR] [2]: VendorController handler class cannot be loaded

[Mon, 29 Oct 18 00:35:38 +0700][ERROR] [2]: IndexController handler class cannot be loaded

[Mon, 29 Oct 18 00:35:38 +0700][ERROR] [2]: VendorController handler class cannot be loaded

[Mon, 29 Oct 18 00:35:38 +0700][ERROR] [2]: IndexController handler class cannot be loaded

[Mon, 29 Oct 18 00:36:09 +0700][ERROR] [2]: IndexController handler class cannot be loaded

[Mon, 29 Oct 18 00:36:09 +0700][ERROR] [2]: VendorController handler class cannot be loaded

[Mon, 29 Oct 18 00:36:09 +0700][ERROR] [2]: IndexController handler class cannot be loaded

[Mon, 29 Oct 18 00:36:09 +0700][ERROR] [2]: VendorController handler class cannot be loaded

[Mon, 29 Oct 18 00:36:09 +0700][ERROR] [2]: IndexController handler class cannot be loaded

[Mon, 29 Oct 18 00:36:09 +0700][ERROR] [2]: JsController handler class cannot be loaded

[Mon, 29 Oct 18 00:36:33 +0700][ERROR] [2]: IndexController handler class cannot be loaded

[Mon, 29 Oct 18 00:36:33 +0700][ERROR] [2]: VendorController handler class cannot be loaded

[Mon, 29 Oct 18 00:36:33 +0700][ERROR] [2]: IndexController handler class cannot be loaded

[Mon, 29 Oct 18 00:36:33 +0700][ERROR] [2]: IndexController handler class cannot be loaded

[Mon, 29 Oct 18 00:36:33 +0700][ERROR] [2]: VendorController handler class cannot be loaded

[Mon, 29 Oct 18 00:36:33 +0700][ERROR] [2]: IndexController handler class cannot be loaded

[Mon, 29 Oct 18 00:36:54 +0700][ERROR] [2]: IndexController handler class cannot be loaded

[Mon, 29 Oct 18 00:36:54 +0700][ERROR] [2]: VendorController handler class cannot be loaded

[Mon, 29 Oct 18 00:36:54 +0700][ERROR] [2]: VendorController handler class cannot be loaded

[Mon, 29 Oct 18 00:36:55 +0700][ERROR] [2]: IndexController handler class cannot be loaded

[Mon, 29 Oct 18 00:37:28 +0700][ERROR] [2]: IndexController handler class cannot be loaded

[Mon, 29 Oct 18 00:37:28 +0700][ERROR] [2]: VendorController handler class cannot be loaded

[Mon, 29 Oct 18 00:37:28 +0700][ERROR] [2]: IndexController handler class cannot be loaded

[Mon, 29 Oct 18 00:37:28 +0700][ERROR] [2]: VendorController handler class cannot be loaded

[Mon, 29 Oct 18 00:37:28 +0700][ERROR] [2]: IndexController handler class cannot be loaded

[Mon, 29 Oct 18 00:38:02 +0700][ERROR] [2]: IndexController handler class cannot be loaded

[Mon, 29 Oct 18 00:38:02 +0700][ERROR] [2]: VendorController handler class cannot be loaded

[Mon, 29 Oct 18 00:38:02 +0700][ERROR] [2]: VendorController handler class cannot be loaded

[Mon, 29 Oct 18 00:38:02 +0700][ERROR] [2]: VendorController handler class cannot be loaded

[Mon, 29 Oct 18 00:38:02 +0700][ERROR] [2]: VendorController handler class cannot be loaded

[Mon, 29 Oct 18 00:38:08 +0700][ERROR] [2]: IndexController handler class cannot be loaded

[Mon, 29 Oct 18 00:38:08 +0700][ERROR] [2]: VendorController handler class cannot be loaded

[Mon, 29 Oct 18 00:38:08 +0700][ERROR] [2]: IndexController handler class cannot be loaded

[Mon, 29 Oct 18 00:38:08 +0700][ERROR] [2]: VendorController handler class cannot be loaded

[Mon, 29 Oct 18 00:38:08 +0700][ERROR] [2]: IndexController handler class cannot be loaded

[Mon, 29 Oct 18 00:38:16 +0700][ERROR] [2]: IndexController handler class cannot be loaded

[Mon, 29 Oct 18 00:38:16 +0700][ERROR] [2]: VendorController handler class cannot be loaded

[Mon, 29 Oct 18 00:38:16 +0700][ERROR] [2]: JsController handler class cannot be loaded

[Mon, 29 Oct 18 00:38:16 +0700][ERROR] [2]: VendorController handler class cannot be loaded

[Mon, 29 Oct 18 00:38:16 +0700][ERROR] [2]: JsController handler class cannot be loaded

[Mon, 29 Oct 18 00:38:39 +0700][ERROR] [2]: IndexController handler class cannot be loaded

[Mon, 29 Oct 18 00:38:39 +0700][ERROR] [2]: VendorController handler class cannot be loaded

[Mon, 29 Oct 18 00:38:39 +0700][ERROR] [2]: VendorController handler class cannot be loaded

[Mon, 29 Oct 18 00:38:39 +0700][ERROR] [2]: IndexController handler class cannot be loaded

[Mon, 29 Oct 18 00:38:48 +0700][ERROR] [2]: IndexController handler class cannot be loaded

[Mon, 29 Oct 18 00:38:48 +0700][ERROR] [2]: VendorController handler class cannot be loaded

[Mon, 29 Oct 18 00:38:48 +0700][ERROR] [2]: IndexController handler class cannot be loaded

[Mon, 29 Oct 18 00:38:48 +0700][ERROR] [2]: VendorController handler class cannot be loaded

[Mon, 29 Oct 18 00:38:49 +0700][ERROR] [2]: VendorController handler class cannot be loaded

[Mon, 29 Oct 18 00:38:49 +0700][ERROR] [2]: IndexController handler class cannot be loaded

[Mon, 29 Oct 18 00:38:49 +0700][ERROR] [2]: VendorController handler class cannot be loaded

[Mon, 29 Oct 18 00:40:40 +0700][ERROR] [2]: IndexController handler class cannot be loaded

[Mon, 29 Oct 18 00:40:40 +0700][ERROR] [2]: VendorController handler class cannot be loaded

[Mon, 29 Oct 18 00:40:40 +0700][ERROR] [2]: IndexController handler class cannot be loaded

[Mon, 29 Oct 18 00:40:48 +0700][ERROR] [2]: IndexController handler class cannot be loaded

[Mon, 29 Oct 18 00:40:49 +0700][ERROR] [2]: VendorController handler class cannot be loaded

[Mon, 29 Oct 18 00:40:49 +0700][ERROR] [2]: IndexController handler class cannot be loaded

[Mon, 29 Oct 18 00:40:49 +0700][ERROR] [2]: IndexController handler class cannot be loaded

[Mon, 29 Oct 18 00:40:49 +0700][ERROR] [2]: IndexController handler class cannot be loaded

[Mon, 29 Oct 18 00:41:17 +0700][ERROR] [2]: IndexController handler class cannot be loaded

[Mon, 29 Oct 18 00:41:17 +0700][ERROR] [2]: IndexController handler class cannot be loaded

[Mon, 29 Oct 18 00:41:17 +0700][ERROR] [2]: IndexController handler class cannot be loaded

[Mon, 29 Oct 18 00:41:17 +0700][ERROR] [2]: VendorController handler class cannot be loaded

[Mon, 29 Oct 18 00:41:17 +0700][ERROR] [2]: IndexController handler class cannot be loaded

[Mon, 29 Oct 18 00:42:49 +0700][ERROR] [2]: IndexController handler class cannot be loaded

[Mon, 29 Oct 18 00:42:49 +0700][ERROR] [2]: VendorController handler class cannot be loaded

[Mon, 29 Oct 18 00:42:49 +0700][ERROR] [2]: IndexController handler class cannot be loaded

[Mon, 29 Oct 18 00:42:51 +0700][ERROR] [2]: IndexController handler class cannot be loaded

[Mon, 29 Oct 18 00:42:51 +0700][ERROR] [2]: IndexController handler class cannot be loaded

[Mon, 29 Oct 18 00:43:16 +0700][ERROR] [2]: IndexController handler class cannot be loaded

[Mon, 29 Oct 18 00:43:17 +0700][ERROR] [2]: VendorController handler class cannot be loaded

[Mon, 29 Oct 18 00:43:17 +0700][ERROR] [2]: VendorController handler class cannot be loaded

[Mon, 29 Oct 18 00:43:20 +0700][ERROR] [2]: VendorController handler class cannot be loaded

[Mon, 29 Oct 18 00:44:46 +0700][ERROR] [2]: IndexController handler class cannot be loaded

[Mon, 29 Oct 18 00:44:46 +0700][ERROR] [2]: VendorController handler class cannot be loaded

[Mon, 29 Oct 18 00:44:46 +0700][ERROR] [2]: VendorController handler class cannot be loaded

[Mon, 29 Oct 18 00:44:47 +0700][ERROR] [2]: VendorController handler class cannot be loaded

[Mon, 29 Oct 18 00:44:47 +0700][ERROR] [2]: VendorController handler class cannot be loaded

[Mon, 29 Oct 18 00:45:13 +0700][ERROR] [2]: VendorController handler class cannot be loaded

[Mon, 29 Oct 18 00:45:13 +0700][ERROR] [2]: VendorController handler class cannot be loaded

[Mon, 29 Oct 18 00:45:13 +0700][ERROR] [2]: VendorController handler class cannot be loaded

[Mon, 29 Oct 18 00:45:13 +0700][ERROR] [2]: VendorController handler class cannot be loaded

[Mon, 29 Oct 18 00:45:14 +0700][ERROR] [2]: IndexController handler class cannot be loaded

[Mon, 29 Oct 18 00:45:14 +0700][ERROR] [2]: VendorController handler class cannot be loaded

[Mon, 29 Oct 18 00:45:14 +0700][ERROR] [2]: VendorController handler class cannot be loaded

[Mon, 29 Oct 18 00:46:45 +0700][ERROR] [2]: IndexController handler class cannot be loaded

[Mon, 29 Oct 18 00:46:45 +0700][ERROR] [2]: VendorController handler class cannot be loaded

[Mon, 29 Oct 18 00:46:45 +0700][ERROR] [2]: IndexController handler class cannot be loaded

[Mon, 29 Oct 18 00:46:45 +0700][ERROR] [2]: VendorController handler class cannot be loaded

[Mon, 29 Oct 18 00:46:45 +0700][ERROR] [2]: IndexController handler class cannot be loaded

[Mon, 29 Oct 18 00:46:45 +0700][ERROR] [2]: IndexController handler class cannot be loaded

[Mon, 29 Oct 18 00:48:45 +0700][ERROR] [2]: IndexController handler class cannot be loaded

[Mon, 29 Oct 18 00:48:45 +0700][ERROR] [2]: VendorController handler class cannot be loaded

[Mon, 29 Oct 18 00:48:45 +0700][ERROR] [2]: IndexController handler class cannot be loaded

[Mon, 29 Oct 18 00:48:45 +0700][ERROR] [2]: VendorController handler class cannot be loaded

[Mon, 29 Oct 18 00:48:45 +0700][ERROR] [2]: VendorController handler class cannot be loaded

[Mon, 29 Oct 18 00:48:45 +0700][ERROR] [2]: JsController handler class cannot be loaded

[Mon, 29 Oct 18 00:48:45 +0700][ERROR] [2]: IndexController handler class cannot be loaded

[Mon, 29 Oct 18 00:48:45 +0700][ERROR] [2]: VendorController handler class cannot be loaded

[Mon, 29 Oct 18 00:48:45 +0700][ERROR] [2]: JsController handler class cannot be loaded

[Mon, 29 Oct 18 00:49:50 +0700][ERROR] [2]: IndexController handler class cannot be loaded

[Mon, 29 Oct 18 00:49:50 +0700][ERROR] [2]: VendorController handler class cannot be loaded

[Mon, 29 Oct 18 00:49:50 +0700][ERROR] [2]: VendorController handler class cannot be loaded

[Mon, 29 Oct 18 00:49:50 +0700][ERROR] [2]: IndexController handler class cannot be loaded

[Mon, 29 Oct 18 00:49:50 +0700][ERROR] [2]: VendorController handler class cannot be loaded

[Mon, 29 Oct 18 00:49:50 +0700][ERROR] [2]: VendorController handler class cannot be loaded

[Mon, 29 Oct 18 00:49:50 +0700][ERROR] [2]: IndexController handler class cannot be loaded

[Mon, 29 Oct 18 00:50:45 +0700][ERROR] [2]: IndexController handler class cannot be loaded

[Mon, 29 Oct 18 00:50:46 +0700][ERROR] [2]: VendorController handler class cannot be loaded

[Mon, 29 Oct 18 00:50:46 +0700][ERROR] [2]: IndexController handler class cannot be loaded

[Mon, 29 Oct 18 00:50:46 +0700][ERROR] [2]: VendorController handler class cannot be loaded

[Mon, 29 Oct 18 00:50:46 +0700][ERROR] [2]: VendorController handler class cannot be loaded

[Mon, 29 Oct 18 00:50:46 +0700][ERROR] [2]: VendorController handler class cannot be loaded

[Mon, 29 Oct 18 00:50:46 +0700][ERROR] [2]: IndexController handler class cannot be loaded

[Mon, 29 Oct 18 00:51:36 +0700][ERROR] [2]: IndexController handler class cannot be loaded

[Mon, 29 Oct 18 00:51:36 +0700][ERROR] [2]: VendorController handler class cannot be loaded

[Mon, 29 Oct 18 00:51:36 +0700][ERROR] [2]: JsController handler class cannot be loaded

[Mon, 29 Oct 18 00:51:36 +0700][ERROR] [2]: VendorController handler class cannot be loaded

[Mon, 29 Oct 18 00:51:36 +0700][ERROR] [2]: JsController handler class cannot be loaded

[Mon, 29 Oct 18 00:53:17 +0700][ERROR] [2]: IndexController handler class cannot be loaded

[Mon, 29 Oct 18 00:53:18 +0700][ERROR] [2]: VendorController handler class cannot be loaded

[Mon, 29 Oct 18 00:53:18 +0700][ERROR] [2]: IndexController handler class cannot be loaded

[Mon, 29 Oct 18 00:53:18 +0700][ERROR] [2]: VendorController handler class cannot be loaded

[Mon, 29 Oct 18 00:53:18 +0700][ERROR] [2]: IndexController handler class cannot be loaded

[Mon, 29 Oct 18 00:53:18 +0700][ERROR] [2]: IndexController handler class cannot be loaded

[Mon, 29 Oct 18 00:53:34 +0700][ERROR] [2]: IndexController handler class cannot be loaded

[Mon, 29 Oct 18 00:53:34 +0700][ERROR] [2]: VendorController handler class cannot be loaded

[Mon, 29 Oct 18 00:53:34 +0700][ERROR] [2]: VendorController handler class cannot be loaded

[Mon, 29 Oct 18 00:53:34 +0700][ERROR] [2]: VendorController handler class cannot be loaded

[Mon, 29 Oct 18 00:55:00 +0700][ERROR] [2]: IndexController handler class cannot be loaded

[Mon, 29 Oct 18 00:55:00 +0700][ERROR] [2]: VendorController handler class cannot be loaded

[Mon, 29 Oct 18 00:55:00 +0700][ERROR] [2]: IndexController handler class cannot be loaded

[Mon, 29 Oct 18 00:55:00 +0700][ERROR] [2]: VendorController handler class cannot be loaded

[Mon, 29 Oct 18 00:55:00 +0700][ERROR] [2]: IndexController handler class cannot be loaded

[Mon, 29 Oct 18 00:55:26 +0700][ERROR] [2]: IndexController handler class cannot be loaded

[Mon, 29 Oct 18 00:55:26 +0700][ERROR] [2]: VendorController handler class cannot be loaded

[Mon, 29 Oct 18 00:55:26 +0700][ERROR] [2]: JsController handler class cannot be loaded

[Mon, 29 Oct 18 00:55:26 +0700][ERROR] [2]: VendorController handler class cannot be loaded

[Mon, 29 Oct 18 00:55:26 +0700][ERROR] [2]: JsController handler class cannot be loaded

[Mon, 29 Oct 18 00:55:59 +0700][ERROR] [2]: IndexController handler class cannot be loaded

[Mon, 29 Oct 18 00:56:00 +0700][ERROR] [2]: VendorController handler class cannot be loaded

[Mon, 29 Oct 18 00:56:00 +0700][ERROR] [2]: VendorController handler class cannot be loaded

[Mon, 29 Oct 18 00:56:00 +0700][ERROR] [2]: IndexController handler class cannot be loaded

[Mon, 29 Oct 18 00:57:02 +0700][ERROR] [2]: IndexController handler class cannot be loaded

[Mon, 29 Oct 18 00:57:02 +0700][ERROR] [2]: VendorController handler class cannot be loaded

[Mon, 29 Oct 18 00:57:02 +0700][ERROR] [2]: VendorController handler class cannot be loaded

[Mon, 29 Oct 18 00:57:02 +0700][ERROR] [2]: VendorController handler class cannot be loaded

[Mon, 29 Oct 18 00:57:05 +0700][ERROR] [2]: VendorController handler class cannot be loaded

[Mon, 29 Oct 18 00:57:05 +0700][ERROR] [2]: VendorController handler class cannot be loaded

[Mon, 29 Oct 18 00:57:05 +0700][ERROR] [2]: VendorController handler class cannot be loaded

[Mon, 29 Oct 18 00:57:05 +0700][ERROR] [2]: VendorController handler class cannot be loaded

[Mon, 29 Oct 18 00:57:10 +0700][ERROR] [2]: IndexController handler class cannot be loaded

[Mon, 29 Oct 18 00:57:10 +0700][ERROR] [2]: VendorController handler class cannot be loaded

[Mon, 29 Oct 18 00:57:10 +0700][ERROR] [2]: VendorController handler class cannot be loaded

[Mon, 29 Oct 18 00:57:10 +0700][ERROR] [2]: VendorController handler class cannot be loaded

[Mon, 29 Oct 18 00:57:10 +0700][ERROR] [2]: IndexController handler class cannot be loaded

[Mon, 29 Oct 18 00:57:10 +0700][ERROR] [2]: VendorController handler class cannot be loaded

[Mon, 29 Oct 18 01:20:46 +0700][ERROR] [2]: IndexController handler class cannot be loaded

[Mon, 29 Oct 18 01:20:46 +0700][ERROR] [2]: VendorController handler class cannot be loaded

[Mon, 29 Oct 18 01:20:49 +0700][ERROR] [2]: VendorController handler class cannot be loaded

[Mon, 29 Oct 18 01:21:10 +0700][ERROR] [2]: VendorController handler class cannot be loaded

[Mon, 29 Oct 18 01:21:10 +0700][ERROR] [2]: IndexController handler class cannot be loaded

[Mon, 29 Oct 18 01:21:13 +0700][ERROR] [2]: ExhibitionController handler class cannot be loaded

[Mon, 29 Oct 18 01:21:13 +0700][ERROR] [2]: VendorController handler class cannot be loaded

[Mon, 29 Oct 18 01:21:13 +0700][ERROR] [2]: VendorController handler class cannot be loaded

[Mon, 29 Oct 18 01:21:15 +0700][ERROR] [2]: ExhibitionController handler class cannot be loaded

[Mon, 29 Oct 18 01:21:15 +0700][ERROR] [2]: VendorController handler class cannot be loaded

[Mon, 29 Oct 18 01:21:15 +0700][ERROR] [2]: VendorController handler class cannot be loaded

[Mon, 29 Oct 18 01:21:15 +0700][ERROR] [2]: IndexController handler class cannot be loaded

[Mon, 29 Oct 18 01:21:20 +0700][ERROR] [2]: VendorController handler class cannot be loaded

[Mon, 29 Oct 18 01:21:20 +0700][ERROR] [2]: VendorController handler class cannot be loaded

[Mon, 29 Oct 18 01:21:20 +0700][ERROR] [2]: VendorController handler class cannot be loaded

[Mon, 29 Oct 18 01:21:20 +0700][ERROR] [2]: VendorController handler class cannot be loaded

[Mon, 29 Oct 18 01:21:22 +0700][ERROR] [2]: ExhibitionController handler class cannot be loaded

[Mon, 29 Oct 18 01:21:22 +0700][ERROR] [2]: VendorController handler class cannot be loaded

[Mon, 29 Oct 18 01:21:22 +0700][ERROR] [2]: IndexController handler class cannot be loaded

[Mon, 29 Oct 18 01:21:22 +0700][ERROR] [2]: VendorController handler class cannot be loaded

[Mon, 29 Oct 18 01:21:22 +0700][ERROR] [2]: IndexController handler class cannot be loaded

[Mon, 29 Oct 18 01:22:53 +0700][ERROR] [2]: ExhibitionController handler class cannot be loaded

[Mon, 29 Oct 18 01:22:54 +0700][ERROR] [2]: VendorController handler class cannot be loaded

[Mon, 29 Oct 18 01:22:54 +0700][ERROR] [2]: VendorController handler class cannot be loaded

[Mon, 29 Oct 18 01:22:54 +0700][ERROR] [2]: IndexController handler class cannot be loaded

[Mon, 29 Oct 18 01:22:56 +0700][ERROR] [2]: ExhibitionController handler class cannot be loaded

[Mon, 29 Oct 18 01:22:56 +0700][ERROR] [2]: VendorController handler class cannot be loaded

[Mon, 29 Oct 18 01:22:56 +0700][ERROR] [2]: IndexController handler class cannot be loaded

[Mon, 29 Oct 18 01:22:56 +0700][ERROR] [2]: IndexController handler class cannot be loaded

[Mon, 29 Oct 18 01:22:58 +0700][ERROR] [2]: ExhibitionController handler class cannot be loaded

[Mon, 29 Oct 18 01:22:58 +0700][ERROR] [2]: VendorController handler class cannot be loaded

[Mon, 29 Oct 18 01:23:00 +0700][ERROR] [2]: VendorController handler class cannot be loaded

[Mon, 29 Oct 18 01:23:00 +0700][ERROR] [2]: VendorController handler class cannot be loaded

[Mon, 29 Oct 18 01:23:00 +0700][ERROR] [2]: VendorController handler class cannot be loaded

[Mon, 29 Oct 18 01:23:00 +0700][ERROR] [2]: VendorController handler class cannot be loaded

[Mon, 29 Oct 18 01:23:08 +0700][ERROR] [2]: VendorController handler class cannot be loaded

[Mon, 29 Oct 18 01:23:08 +0700][ERROR] [2]: IndexController handler class cannot be loaded

[Mon, 29 Oct 18 01:23:08 +0700][ERROR] [2]: VendorController handler class cannot be loaded

[Mon, 29 Oct 18 01:23:08 +0700][ERROR] [2]: IndexController handler class cannot be loaded

[Mon, 29 Oct 18 01:23:09 +0700][ERROR] [2]: ExhibitionController handler class cannot be loaded

[Mon, 29 Oct 18 01:23:10 +0700][ERROR] [2]: VendorController handler class cannot be loaded

[Mon, 29 Oct 18 01:23:10 +0700][ERROR] [2]: IndexController handler class cannot be loaded

[Mon, 29 Oct 18 01:23:10 +0700][ERROR] [2]: VendorController handler class cannot be loaded

[Mon, 29 Oct 18 01:23:10 +0700][ERROR] [2]: IndexController handler class cannot be loaded

[Mon, 29 Oct 18 01:23:43 +0700][ERROR] [2]: ExhibitionController handler class cannot be loaded

[Mon, 29 Oct 18 01:23:43 +0700][ERROR] [2]: VendorController handler class cannot be loaded

[Mon, 29 Oct 18 01:23:43 +0700][ERROR] [2]: IndexController handler class cannot be loaded

[Mon, 29 Oct 18 01:23:55 +0700][ERROR] [2]: VendorController handler class cannot be loaded

[Mon, 29 Oct 18 01:23:55 +0700][ERROR] [2]: IndexController handler class cannot be loaded

[Mon, 29 Oct 18 01:23:55 +0700][ERROR] [2]: IndexController handler class cannot be loaded

[Mon, 29 Oct 18 01:24:30 +0700][ERROR] [2]: IndexController handler class cannot be loaded

[Mon, 29 Oct 18 01:24:30 +0700][ERROR] [2]: VendorController handler class cannot be loaded

[Mon, 29 Oct 18 01:24:30 +0700][ERROR] [2]: IndexController handler class cannot be loaded

[Mon, 29 Oct 18 01:24:30 +0700][ERROR] [2]: IndexController handler class cannot be loaded

[Mon, 29 Oct 18 01:24:30 +0700][ERROR] [2]: IndexController handler class cannot be loaded

[Mon, 29 Oct 18 01:24:33 +0700][ERROR] [2]: VendorController handler class cannot be loaded

[Mon, 29 Oct 18 01:24:33 +0700][ERROR] [2]: VendorController handler class cannot be loaded

[Mon, 29 Oct 18 01:24:33 +0700][ERROR] [2]: VendorController handler class cannot be loaded

[Mon, 29 Oct 18 01:24:33 +0700][ERROR] [2]: VendorController handler class cannot be loaded

[Mon, 29 Oct 18 01:24:33 +0700][ERROR] [2]: VendorController handler class cannot be loaded

[Mon, 29 Oct 18 01:24:33 +0700][ERROR] [2]: VendorController handler class cannot be loaded

[Mon, 29 Oct 18 01:24:36 +0700][ERROR] [2]: IndexController handler class cannot be loaded

[Mon, 29 Oct 18 01:24:36 +0700][ERROR] [2]: VendorController handler class cannot be loaded

[Mon, 29 Oct 18 01:24:36 +0700][ERROR] [2]: VendorController handler class cannot be loaded

[Mon, 29 Oct 18 01:24:51 +0700][ERROR] [2]: ExhibitionController handler class cannot be loaded

[Mon, 29 Oct 18 01:24:51 +0700][ERROR] [2]: VendorController handler class cannot be loaded

[Mon, 29 Oct 18 01:24:51 +0700][ERROR] [2]: VendorController handler class cannot be loaded

[Mon, 29 Oct 18 01:24:51 +0700][ERROR] [2]: VendorController handler class cannot be loaded

[Mon, 29 Oct 18 01:24:54 +0700][ERROR] [2]: VendorController handler class cannot be loaded

[Mon, 29 Oct 18 01:24:54 +0700][ERROR] [2]: IndexController handler class cannot be loaded

[Mon, 29 Oct 18 01:24:54 +0700][ERROR] [2]: VendorController handler class cannot be loaded

[Mon, 29 Oct 18 01:24:54 +0700][ERROR] [2]: IndexController handler class cannot be loaded

[Mon, 29 Oct 18 01:28:06 +0700][ERROR] [2]: VendorController handler class cannot be loaded

[Mon, 29 Oct 18 01:28:06 +0700][ERROR] [2]: VendorController handler class cannot be loaded

[Mon, 29 Oct 18 01:28:06 +0700][ERROR] [2]: VendorController handler class cannot be loaded

[Mon, 29 Oct 18 01:28:07 +0700][ERROR] [2]: VendorController handler class cannot be loaded

[Mon, 29 Oct 18 01:28:49 +0700][ERROR] [2]: ExhibitionController handler class cannot be loaded

[Mon, 29 Oct 18 01:28:49 +0700][ERROR] [2]: VendorController handler class cannot be loaded

[Mon, 29 Oct 18 01:28:49 +0700][ERROR] [2]: VendorController handler class cannot be loaded

[Mon, 29 Oct 18 01:28:49 +0700][ERROR] [2]: VendorController handler class cannot be loaded

[Mon, 29 Oct 18 01:29:04 +0700][ERROR] [2]: VendorController handler class cannot be loaded

[Mon, 29 Oct 18 01:29:04 +0700][ERROR] [2]: IndexController handler class cannot be loaded

[Mon, 29 Oct 18 01:29:04 +0700][ERROR] [2]: VendorController handler class cannot be loaded

[Mon, 29 Oct 18 01:29:04 +0700][ERROR] [2]: VendorController handler class cannot be loaded

[Mon, 29 Oct 18 01:29:04 +0700][ERROR] [2]: VendorController handler class cannot be loaded

[Mon, 29 Oct 18 01:29:57 +0700][ERROR] [2]: VendorController handler class cannot be loaded

[Mon, 29 Oct 18 01:29:57 +0700][ERROR] [2]: VendorController handler class cannot be loaded

[Mon, 29 Oct 18 01:29:57 +0700][ERROR] [2]: VendorController handler class cannot be loaded

[Mon, 29 Oct 18 01:29:57 +0700][ERROR] [2]: IndexController handler class cannot be loaded

[Mon, 29 Oct 18 01:29:57 +0700][ERROR] [2]: VendorController handler class cannot be loaded

[Mon, 29 Oct 18 01:30:53 +0700][ERROR] [2]: IndexController handler class cannot be loaded

[Mon, 29 Oct 18 01:30:53 +0700][ERROR] [2]: VendorController handler class cannot be loaded

[Mon, 29 Oct 18 01:30:53 +0700][ERROR] [2]: VendorController handler class cannot be loaded

[Mon, 29 Oct 18 01:30:53 +0700][ERROR] [2]: VendorController handler class cannot be loaded

[Mon, 29 Oct 18 01:30:58 +0700][ERROR] [2]: ExhibitionController handler class cannot be loaded

[Mon, 29 Oct 18 01:30:58 +0700][ERROR] [2]: VendorController handler class cannot be loaded

[Mon, 29 Oct 18 01:30:58 +0700][ERROR] [2]: IndexController handler class cannot be loaded

[Mon, 29 Oct 18 01:30:58 +0700][ERROR] [2]: VendorController handler class cannot be loaded

[Mon, 29 Oct 18 01:30:59 +0700][ERROR] [2]: VendorController handler class cannot be loaded

[Mon, 29 Oct 18 01:30:59 +0700][ERROR] [2]: VendorController handler class cannot be loaded

[Mon, 29 Oct 18 01:30:59 +0700][ERROR] [2]: VendorController handler class cannot be loaded

[Mon, 29 Oct 18 01:30:59 +0700][ERROR] [2]: VendorController handler class cannot be loaded

[Mon, 29 Oct 18 01:31:08 +0700][ERROR] [2]: VendorController handler class cannot be loaded

[Mon, 29 Oct 18 01:31:08 +0700][ERROR] [2]: VendorController handler class cannot be loaded

[Mon, 29 Oct 18 01:31:08 +0700][ERROR] [2]: VendorController handler class cannot be loaded

[Mon, 29 Oct 18 01:31:08 +0700][ERROR] [2]: IndexController handler class cannot be loaded

[Mon, 29 Oct 18 01:31:08 +0700][ERROR] [2]: VendorController handler class cannot be loaded

[Mon, 29 Oct 18 01:31:13 +0700][ERROR] [2]: IndexController handler class cannot be loaded

[Mon, 29 Oct 18 01:31:13 +0700][ERROR] [2]: VendorController handler class cannot be loaded

[Mon, 29 Oct 18 01:31:13 +0700][ERROR] [2]: VendorController handler class cannot be loaded

[Mon, 29 Oct 18 01:31:13 +0700][ERROR] [2]: VendorController handler class cannot be loaded

[Mon, 29 Oct 18 01:31:15 +0700][ERROR] [2]: VendorController handler class cannot be loaded

[Mon, 29 Oct 18 01:31:15 +0700][ERROR] [2]: IndexController handler class cannot be loaded

[Mon, 29 Oct 18 01:31:15 +0700][ERROR] [2]: VendorController handler class cannot be loaded

[Mon, 29 Oct 18 01:31:15 +0700][ERROR] [2]: VendorController handler class cannot be loaded

[Mon, 29 Oct 18 01:31:15 +0700][ERROR] [2]: VendorController handler class cannot be loaded

[Mon, 29 Oct 18 01:31:40 +0700][ERROR] [2]: VendorController handler class cannot be loaded

[Mon, 29 Oct 18 01:31:40 +0700][ERROR] [2]: VendorController handler class cannot be loaded

[Mon, 29 Oct 18 01:31:55 +0700][ERROR] [2]: VendorController handler class cannot be loaded

[Mon, 29 Oct 18 01:31:55 +0700][ERROR] [2]: VendorController handler class cannot be loaded

[Mon, 29 Oct 18 01:31:55 +0700][ERROR] [2]: IndexController handler class cannot be loaded

[Mon, 29 Oct 18 01:32:07 +0700][ERROR] [2]: IndexController handler class cannot be loaded

[Mon, 29 Oct 18 01:32:07 +0700][ERROR] [2]: VendorController handler class cannot be loaded

[Mon, 29 Oct 18 01:32:07 +0700][ERROR] [2]: VendorController handler class cannot be loaded

[Mon, 29 Oct 18 01:32:07 +0700][ERROR] [2]: VendorController handler class cannot be loaded

[Mon, 29 Oct 18 01:32:09 +0700][ERROR] [2]: VendorController handler class cannot be loaded

[Mon, 29 Oct 18 01:32:09 +0700][ERROR] [2]: VendorController handler class cannot be loaded

[Mon, 29 Oct 18 01:32:09 +0700][ERROR] [2]: IndexController handler class cannot be loaded

[Mon, 29 Oct 18 01:32:09 +0700][ERROR] [2]: VendorController handler class cannot be loaded

[Mon, 29 Oct 18 01:32:18 +0700][ERROR] [2]: ExhibitionController handler class cannot be loaded

[Mon, 29 Oct 18 01:32:18 +0700][ERROR] [2]: VendorController handler class cannot be loaded

[Mon, 29 Oct 18 01:32:18 +0700][ERROR] [2]: VendorController handler class cannot be loaded

[Mon, 29 Oct 18 01:32:18 +0700][ERROR] [2]: VendorController handler class cannot be loaded

[Mon, 29 Oct 18 01:33:48 +0700][ERROR] [2]: IndexController handler class cannot be loaded

[Mon, 29 Oct 18 01:33:48 +0700][ERROR] [2]: VendorController handler class cannot be loaded

[Mon, 29 Oct 18 01:33:48 +0700][ERROR] [2]: VendorController handler class cannot be loaded

[Mon, 29 Oct 18 01:33:48 +0700][ERROR] [2]: VendorController handler class cannot be loaded

[Mon, 29 Oct 18 01:33:48 +0700][ERROR] [2]: VendorController handler class cannot be loaded

[Mon, 29 Oct 18 01:33:50 +0700][ERROR] [2]: VendorController handler class cannot be loaded

[Mon, 29 Oct 18 01:33:50 +0700][ERROR] [2]: VendorController handler class cannot be loaded

[Mon, 29 Oct 18 01:33:51 +0700][ERROR] [2]: VendorController handler class cannot be loaded

[Mon, 29 Oct 18 01:33:51 +0700][ERROR] [2]: VendorController handler class cannot be loaded

[Mon, 29 Oct 18 01:35:42 +0700][ERROR] [2]: IndexController handler class cannot be loaded

[Mon, 29 Oct 18 01:35:42 +0700][ERROR] [2]: VendorController handler class cannot be loaded

[Mon, 29 Oct 18 01:35:42 +0700][ERROR] [2]: IndexController handler class cannot be loaded

[Mon, 29 Oct 18 01:35:42 +0700][ERROR] [2]: VendorController handler class cannot be loaded

[Mon, 29 Oct 18 01:35:42 +0700][ERROR] [2]: IndexController handler class cannot be loaded

[Mon, 29 Oct 18 01:36:32 +0700][ERROR] [2]: IndexController handler class cannot be loaded

[Mon, 29 Oct 18 01:36:32 +0700][ERROR] [2]: VendorController handler class cannot be loaded

[Mon, 29 Oct 18 01:36:32 +0700][ERROR] [2]: VendorController handler class cannot be loaded

[Mon, 29 Oct 18 01:36:33 +0700][ERROR] [2]: VendorController handler class cannot be loaded

[Mon, 29 Oct 18 01:36:33 +0700][ERROR] [2]: VendorController handler class cannot be loaded

[Mon, 29 Oct 18 01:36:38 +0700][ERROR] [2]: IndexController handler class cannot be loaded

[Mon, 29 Oct 18 01:36:38 +0700][ERROR] [2]: VendorController handler class cannot be loaded

[Mon, 29 Oct 18 01:36:38 +0700][ERROR] [2]: VendorController handler class cannot be loaded

[Mon, 29 Oct 18 01:36:38 +0700][ERROR] [2]: VendorController handler class cannot be loaded

[Mon, 29 Oct 18 01:36:38 +0700][ERROR] [2]: VendorController handler class cannot be loaded

[Mon, 29 Oct 18 01:37:27 +0700][ERROR] [2]: IndexController handler class cannot be loaded

[Mon, 29 Oct 18 01:37:27 +0700][ERROR] [2]: VendorController handler class cannot be loaded

[Mon, 29 Oct 18 01:37:27 +0700][ERROR] [2]: VendorController handler class cannot be loaded

[Mon, 29 Oct 18 01:37:28 +0700][ERROR] [2]: VendorController handler class cannot be loaded

[Mon, 29 Oct 18 01:37:52 +0700][ERROR] [2]: IndexController handler class cannot be loaded

[Mon, 29 Oct 18 01:37:52 +0700][ERROR] [2]: VendorController handler class cannot be loaded

[Mon, 29 Oct 18 01:37:52 +0700][ERROR] [2]: IndexController handler class cannot be loaded

[Mon, 29 Oct 18 01:37:52 +0700][ERROR] [2]: VendorController handler class cannot be loaded

[Mon, 29 Oct 18 01:38:09 +0700][ERROR] [2]: IndexController handler class cannot be loaded

[Mon, 29 Oct 18 01:38:09 +0700][ERROR] [2]: VendorController handler class cannot be loaded

[Mon, 29 Oct 18 01:38:09 +0700][ERROR] [2]: VendorController handler class cannot be loaded

[Mon, 29 Oct 18 01:38:09 +0700][ERROR] [2]: VendorController handler class cannot be loaded

[Mon, 29 Oct 18 01:38:09 +0700][ERROR] [2]: VendorController handler class cannot be loaded

[Mon, 29 Oct 18 01:39:18 +0700][ERROR] [2]: IndexController handler class cannot be loaded

[Mon, 29 Oct 18 01:39:18 +0700][ERROR] [2]: VendorController handler class cannot be loaded

[Mon, 29 Oct 18 01:39:18 +0700][ERROR] [2]: VendorController handler class cannot be loaded

[Mon, 29 Oct 18 01:39:19 +0700][ERROR] [2]: VendorController handler class cannot be loaded

[Mon, 29 Oct 18 01:39:19 +0700][ERROR] [2]: IndexController handler class cannot be loaded

[Mon, 29 Oct 18 01:39:36 +0700][ERROR] [2]: IndexController handler class cannot be loaded

[Mon, 29 Oct 18 01:39:36 +0700][ERROR] [2]: VendorController handler class cannot be loaded

[Mon, 29 Oct 18 01:39:36 +0700][ERROR] [2]: VendorController handler class cannot be loaded

[Mon, 29 Oct 18 01:39:36 +0700][ERROR] [2]: VendorController handler class cannot be loaded

[Mon, 29 Oct 18 01:39:51 +0700][ERROR] [2]: IndexController handler class cannot be loaded

[Mon, 29 Oct 18 01:39:51 +0700][ERROR] [2]: VendorController handler class cannot be loaded

[Mon, 29 Oct 18 01:39:51 +0700][ERROR] [2]: VendorController handler class cannot be loaded

[Mon, 29 Oct 18 01:39:51 +0700][ERROR] [2]: VendorController handler class cannot be loaded

[Mon, 29 Oct 18 01:40:05 +0700][ERROR] [2]: IndexController handler class cannot be loaded

[Mon, 29 Oct 18 01:40:05 +0700][ERROR] [2]: VendorController handler class cannot be loaded

[Mon, 29 Oct 18 01:40:05 +0700][ERROR] [2]: VendorController handler class cannot be loaded

[Mon, 29 Oct 18 01:40:06 +0700][ERROR] [2]: VendorController handler class cannot be loaded

[Mon, 29 Oct 18 01:40:06 +0700][ERROR] [2]: IndexController handler class cannot be loaded

[Mon, 29 Oct 18 01:40:19 +0700][ERROR] [2]: IndexController handler class cannot be loaded

[Mon, 29 Oct 18 01:40:19 +0700][ERROR] [2]: VendorController handler class cannot be loaded

[Mon, 29 Oct 18 01:40:19 +0700][ERROR] [2]: VendorController handler class cannot be loaded

[Mon, 29 Oct 18 01:40:20 +0700][ERROR] [2]: VendorController handler class cannot be loaded

[Mon, 29 Oct 18 01:40:42 +0700][ERROR] [2]: IndexController handler class cannot be loaded

[Mon, 29 Oct 18 01:40:42 +0700][ERROR] [2]: VendorController handler class cannot be loaded

[Mon, 29 Oct 18 01:40:42 +0700][ERROR] [2]: IndexController handler class cannot be loaded

[Mon, 29 Oct 18 01:40:42 +0700][ERROR] [2]: VendorController handler class cannot be loaded

[Mon, 29 Oct 18 01:40:42 +0700][ERROR] [2]: IndexController handler class cannot be loaded

[Mon, 29 Oct 18 01:40:52 +0700][ERROR] [2]: IndexController handler class cannot be loaded

[Mon, 29 Oct 18 01:40:52 +0700][ERROR] [2]: VendorController handler class cannot be loaded

[Mon, 29 Oct 18 01:40:52 +0700][ERROR] [2]: IndexController handler class cannot be loaded

[Mon, 29 Oct 18 01:40:52 +0700][ERROR] [2]: VendorController handler class cannot be loaded

[Mon, 29 Oct 18 01:40:52 +0700][ERROR] [2]: IndexController handler class cannot be loaded

[Mon, 29 Oct 18 01:41:00 +0700][ERROR] [2]: VendorController handler class cannot be loaded

[Mon, 29 Oct 18 01:41:00 +0700][ERROR] [2]: VendorController handler class cannot be loaded

[Mon, 29 Oct 18 01:41:00 +0700][ERROR] [2]: VendorController handler class cannot be loaded

[Mon, 29 Oct 18 01:41:00 +0700][ERROR] [2]: VendorController handler class cannot be loaded

[Mon, 29 Oct 18 01:41:14 +0700][ERROR] [2]: IndexController handler class cannot be loaded

[Mon, 29 Oct 18 01:41:14 +0700][ERROR] [2]: VendorController handler class cannot be loaded

[Mon, 29 Oct 18 01:41:14 +0700][ERROR] [2]: IndexController handler class cannot be loaded

[Mon, 29 Oct 18 01:41:14 +0700][ERROR] [2]: VendorController handler class cannot be loaded

[Mon, 29 Oct 18 01:41:14 +0700][ERROR] [2]: IndexController handler class cannot be loaded

[Mon, 29 Oct 18 03:27:42 +0700][ERROR] [2]: IndexController handler class cannot be loaded

[Mon, 29 Oct 18 03:27:42 +0700][ERROR] [2]: VendorController handler class cannot be loaded

[Mon, 29 Oct 18 03:27:42 +0700][ERROR] [2]: VendorController handler class cannot be loaded

[Mon, 29 Oct 18 03:27:42 +0700][ERROR] [2]: IndexController handler class cannot be loaded

[Mon, 29 Oct 18 03:27:42 +0700][ERROR] [2]: VendorController handler class cannot be loaded

[Mon, 29 Oct 18 03:27:42 +0700][ERROR] [2]: IndexController handler class cannot be loaded

[Mon, 29 Oct 18 03:27:53 +0700][ERROR] [2]: VendorController handler class cannot be loaded

[Mon, 29 Oct 18 03:27:53 +0700][ERROR] [2]: IndexController handler class cannot be loaded

[Mon, 29 Oct 18 03:28:07 +0700][ERROR] [2]: IndexController handler class cannot be loaded

[Mon, 29 Oct 18 03:28:07 +0700][ERROR] [2]: VendorController handler class cannot be loaded

[Mon, 29 Oct 18 03:28:07 +0700][ERROR] [2]: IndexController handler class cannot be loaded

[Mon, 29 Oct 18 03:28:07 +0700][ERROR] [2]: VendorController handler class cannot be loaded

[Mon, 29 Oct 18 03:28:07 +0700][ERROR] [2]: IndexController handler class cannot be loaded

[Mon, 29 Oct 18 03:28:13 +0700][ERROR] [2]: ExhibitionController handler class cannot be loaded

[Mon, 29 Oct 18 03:28:13 +0700][ERROR] [2]: VendorController handler class cannot be loaded

[Mon, 29 Oct 18 03:28:13 +0700][ERROR] [2]: IndexController handler class cannot be loaded

[Mon, 29 Oct 18 03:28:19 +0700][ERROR] [2]: VendorController handler class cannot be loaded

[Mon, 29 Oct 18 03:28:19 +0700][ERROR] [2]: IndexController handler class cannot be loaded

[Mon, 29 Oct 18 03:28:20 +0700][ERROR] [2]: VendorController handler class cannot be loaded

[Mon, 29 Oct 18 03:28:20 +0700][ERROR] [2]: IndexController handler class cannot be loaded

[Mon, 29 Oct 18 03:28:23 +0700][ERROR] [2]: IndexController handler class cannot be loaded

[Mon, 29 Oct 18 03:28:23 +0700][ERROR] [2]: VendorController handler class cannot be loaded

[Mon, 29 Oct 18 03:28:23 +0700][ERROR] [2]: IndexController handler class cannot be loaded

[Mon, 29 Oct 18 03:28:23 +0700][ERROR] [2]: VendorController handler class cannot be loaded

[Mon, 29 Oct 18 03:28:23 +0700][ERROR] [2]: IndexController handler class cannot be loaded

[Mon, 29 Oct 18 03:34:44 +0700][ERROR] [2]: ExhibitionController handler class cannot be loaded

[Mon, 29 Oct 18 03:34:44 +0700][ERROR] [2]: VendorController handler class cannot be loaded

[Mon, 29 Oct 18 03:34:44 +0700][ERROR] [2]: IndexController handler class cannot be loaded

[Mon, 29 Oct 18 03:34:44 +0700][ERROR] [2]: VendorController handler class cannot be loaded

[Mon, 29 Oct 18 03:34:44 +0700][ERROR] [2]: IndexController handler class cannot be loaded

[Mon, 29 Oct 18 03:35:28 +0700][ERROR] [2]: ExhibitionController handler class cannot be loaded

[Mon, 29 Oct 18 03:35:28 +0700][ERROR] [2]: VendorController handler class cannot be loaded

[Mon, 29 Oct 18 03:35:28 +0700][ERROR] [2]: IndexController handler class cannot be loaded

[Mon, 29 Oct 18 03:35:28 +0700][ERROR] [2]: VendorController handler class cannot be loaded

[Mon, 29 Oct 18 03:35:28 +0700][ERROR] [2]: IndexController handler class cannot be loaded

[Mon, 29 Oct 18 03:35:33 +0700][ERROR] [2]: IndexController handler class cannot be loaded

[Mon, 29 Oct 18 03:35:33 +0700][ERROR] [2]: VendorController handler class cannot be loaded

[Mon, 29 Oct 18 03:35:33 +0700][ERROR] [2]: IndexController handler class cannot be loaded

[Mon, 29 Oct 18 03:35:38 +0700][ERROR] [2]: IndexController handler class cannot be loaded

[Mon, 29 Oct 18 03:35:38 +0700][ERROR] [2]: VendorController handler class cannot be loaded

[Mon, 29 Oct 18 03:35:38 +0700][ERROR] [2]: VendorController handler class cannot be loaded

[Mon, 29 Oct 18 03:35:53 +0700][ERROR] [2]: IndexController handler class cannot be loaded

[Mon, 29 Oct 18 03:35:53 +0700][ERROR] [2]: VendorController handler class cannot be loaded

[Mon, 29 Oct 18 03:35:53 +0700][ERROR] [2]: IndexController handler class cannot be loaded

[Mon, 29 Oct 18 03:35:54 +0700][ERROR] [2]: VendorController handler class cannot be loaded

[Mon, 29 Oct 18 03:35:54 +0700][ERROR] [2]: IndexController handler class cannot be loaded

[Mon, 29 Oct 18 03:36:00 +0700][ERROR] [2]: IndexController handler class cannot be loaded

[Mon, 29 Oct 18 03:36:00 +0700][ERROR] [2]: VendorController handler class cannot be loaded

[Mon, 29 Oct 18 03:36:00 +0700][ERROR] [2]: IndexController handler class cannot be loaded

[Mon, 29 Oct 18 03:36:00 +0700][ERROR] [2]: VendorController handler class cannot be loaded

[Mon, 29 Oct 18 03:36:00 +0700][ERROR] [2]: IndexController handler class cannot be loaded

[Mon, 29 Oct 18 03:36:13 +0700][ERROR] [2]: IndexController handler class cannot be loaded

[Mon, 29 Oct 18 03:36:13 +0700][ERROR] [2]: VendorController handler class cannot be loaded

[Mon, 29 Oct 18 03:36:13 +0700][ERROR] [2]: VendorController handler class cannot be loaded

[Mon, 29 Oct 18 03:36:15 +0700][ERROR] [2]: HomeController handler class cannot be loaded

[Mon, 29 Oct 18 03:36:15 +0700][ERROR] [2]: IndexController handler class cannot be loaded

[Mon, 29 Oct 18 03:36:15 +0700][ERROR] [2]: IndexController handler class cannot be loaded

[Mon, 29 Oct 18 03:36:15 +0700][ERROR] [2]: IndexController handler class cannot be loaded

[Mon, 29 Oct 18 03:36:15 +0700][ERROR] [2]: IndexController handler class cannot be loaded

[Mon, 29 Oct 18 03:36:16 +0700][ERROR] [2]: HomeController handler class cannot be loaded

[Mon, 29 Oct 18 03:36:16 +0700][ERROR] [2]: IndexController handler class cannot be loaded

[Mon, 29 Oct 18 03:36:16 +0700][ERROR] [2]: IndexController handler class cannot be loaded

[Mon, 29 Oct 18 03:36:17 +0700][ERROR] [2]: HomeController handler class cannot be loaded

[Mon, 29 Oct 18 03:36:17 +0700][ERROR] [2]: VendorController handler class cannot be loaded

[Mon, 29 Oct 18 03:36:17 +0700][ERROR] [2]: IndexController handler class cannot be loaded

[Mon, 29 Oct 18 03:36:17 +0700][ERROR] [2]: VendorController handler class cannot be loaded

[Mon, 29 Oct 18 03:36:17 +0700][ERROR] [2]: IndexController handler class cannot be loaded

[Mon, 29 Oct 18 03:36:17 +0700][ERROR] [2]: HomeController handler class cannot be loaded

[Mon, 29 Oct 18 03:36:17 +0700][ERROR] [2]: VendorController handler class cannot be loaded

[Mon, 29 Oct 18 03:36:17 +0700][ERROR] [2]: IndexController handler class cannot be loaded

[Mon, 29 Oct 18 03:36:17 +0700][ERROR] [2]: HomeController handler class cannot be loaded

[Mon, 29 Oct 18 03:36:17 +0700][ERROR] [2]: VendorController handler class cannot be loaded

[Mon, 29 Oct 18 03:36:17 +0700][ERROR] [2]: IndexController handler class cannot be loaded

[Mon, 29 Oct 18 03:36:17 +0700][ERROR] [2]: VendorController handler class cannot be loaded

[Mon, 29 Oct 18 03:36:17 +0700][ERROR] [2]: IndexController handler class cannot be loaded

[Mon, 29 Oct 18 03:36:17 +0700][ERROR] [2]: HomeController handler class cannot be loaded

[Mon, 29 Oct 18 03:36:17 +0700][ERROR] [2]: VendorController handler class cannot be loaded

[Mon, 29 Oct 18 03:36:17 +0700][ERROR] [2]: IndexController handler class cannot be loaded

[Mon, 29 Oct 18 03:36:21 +0700][ERROR] [2]: VendorController handler class cannot be loaded

[Mon, 29 Oct 18 03:36:21 +0700][ERROR] [2]: IndexController handler class cannot be loaded

[Mon, 29 Oct 18 03:36:21 +0700][ERROR] [2]: VendorController handler class cannot be loaded

[Mon, 29 Oct 18 03:36:21 +0700][ERROR] [2]: IndexController handler class cannot be loaded

[Mon, 29 Oct 18 03:36:24 +0700][ERROR] [2]: HomeController handler class cannot be loaded

[Mon, 29 Oct 18 03:36:24 +0700][ERROR] [2]: VendorController handler class cannot be loaded

[Mon, 29 Oct 18 03:36:24 +0700][ERROR] [2]: IndexController handler class cannot be loaded

[Mon, 29 Oct 18 03:37:03 +0700][ERROR] [2]: IndexController handler class cannot be loaded

[Mon, 29 Oct 18 03:37:04 +0700][ERROR] [2]: VendorController handler class cannot be loaded

[Mon, 29 Oct 18 03:37:04 +0700][ERROR] [2]: IndexController handler class cannot be loaded

[Mon, 29 Oct 18 03:37:04 +0700][ERROR] [2]: VendorController handler class cannot be loaded

[Mon, 29 Oct 18 03:37:04 +0700][ERROR] [2]: IndexController handler class cannot be loaded

[Mon, 29 Oct 18 03:37:05 +0700][ERROR] [2]: PageTopController handler class cannot be loaded

[Mon, 29 Oct 18 03:37:05 +0700][ERROR] [2]: VendorController handler class cannot be loaded

[Mon, 29 Oct 18 03:37:05 +0700][ERROR] [2]: IndexController handler class cannot be loaded

[Mon, 29 Oct 18 03:37:06 +0700][ERROR] [2]: PageTopController handler class cannot be loaded

[Mon, 29 Oct 18 03:37:06 +0700][ERROR] [2]: VendorController handler class cannot be loaded

[Mon, 29 Oct 18 03:37:06 +0700][ERROR] [2]: IndexController handler class cannot be loaded

[Mon, 29 Oct 18 03:37:06 +0700][ERROR] [2]: VendorController handler class cannot be loaded

[Mon, 29 Oct 18 03:37:06 +0700][ERROR] [2]: IndexController handler class cannot be loaded

[Mon, 29 Oct 18 03:37:07 +0700][ERROR] [2]: HomeController handler class cannot be loaded

[Mon, 29 Oct 18 03:37:07 +0700][ERROR] [2]: VendorController handler class cannot be loaded

[Mon, 29 Oct 18 03:37:07 +0700][ERROR] [2]: IndexController handler class cannot be loaded

[Mon, 29 Oct 18 03:37:08 +0700][ERROR] [2]: VendorController handler class cannot be loaded

[Mon, 29 Oct 18 03:37:08 +0700][ERROR] [2]: IndexController handler class cannot be loaded

[Mon, 29 Oct 18 03:37:08 +0700][ERROR] [2]: VendorController handler class cannot be loaded

[Mon, 29 Oct 18 03:37:08 +0700][ERROR] [2]: IndexController handler class cannot be loaded

[Mon, 29 Oct 18 03:37:09 +0700][ERROR] [2]: PageTopController handler class cannot be loaded

[Mon, 29 Oct 18 03:37:09 +0700][ERROR] [2]: VendorController handler class cannot be loaded

[Mon, 29 Oct 18 03:37:09 +0700][ERROR] [2]: IndexController handler class cannot be loaded

[Mon, 29 Oct 18 03:37:09 +0700][ERROR] [2]: IndexController handler class cannot be loaded

[Mon, 29 Oct 18 03:37:31 +0700][ERROR] [2]: HomeController handler class cannot be loaded

[Mon, 29 Oct 18 03:37:31 +0700][ERROR] [2]: IndexController handler class cannot be loaded

[Mon, 29 Oct 18 03:37:31 +0700][ERROR] [2]: IndexController handler class cannot be loaded

[Mon, 29 Oct 18 03:37:31 +0700][ERROR] [2]: IndexController handler class cannot be loaded

[Mon, 29 Oct 18 03:37:31 +0700][ERROR] [2]: IndexController handler class cannot be loaded

[Mon, 29 Oct 18 03:37:32 +0700][ERROR] [2]: PageTopController handler class cannot be loaded

[Mon, 29 Oct 18 03:37:32 +0700][ERROR] [2]: VendorController handler class cannot be loaded

[Mon, 29 Oct 18 03:37:32 +0700][ERROR] [2]: IndexController handler class cannot be loaded

[Mon, 29 Oct 18 03:37:33 +0700][ERROR] [2]: VendorController handler class cannot be loaded

[Mon, 29 Oct 18 03:37:33 +0700][ERROR] [2]: IndexController handler class cannot be loaded

[Mon, 29 Oct 18 03:37:33 +0700][ERROR] [2]: IndexController handler class cannot be loaded

[Mon, 29 Oct 18 03:37:39 +0700][ERROR] [2]: VendorController handler class cannot be loaded

[Mon, 29 Oct 18 03:37:39 +0700][ERROR] [2]: IndexController handler class cannot be loaded

[Mon, 29 Oct 18 03:37:39 +0700][ERROR] [2]: VendorController handler class cannot be loaded

[Mon, 29 Oct 18 03:37:39 +0700][ERROR] [2]: IndexController handler class cannot be loaded

[Mon, 29 Oct 18 03:37:42 +0700][ERROR] [2]: PageTopController handler class cannot be loaded

[Mon, 29 Oct 18 03:37:42 +0700][ERROR] [2]: VendorController handler class cannot be loaded

[Mon, 29 Oct 18 03:37:42 +0700][ERROR] [2]: IndexController handler class cannot be loaded

[Mon, 29 Oct 18 03:37:42 +0700][ERROR] [2]: VendorController handler class cannot be loaded

[Mon, 29 Oct 18 03:37:42 +0700][ERROR] [2]: IndexController handler class cannot be loaded

[Mon, 29 Oct 18 03:39:37 +0700][ERROR] [2]: PageTopController handler class cannot be loaded

[Mon, 29 Oct 18 03:39:37 +0700][ERROR] [2]: VendorController handler class cannot be loaded

[Mon, 29 Oct 18 03:39:37 +0700][ERROR] [2]: VendorController handler class cannot be loaded

[Mon, 29 Oct 18 03:39:37 +0700][ERROR] [2]: VendorController handler class cannot be loaded

[Mon, 29 Oct 18 03:39:37 +0700][ERROR] [2]: PageTopController handler class cannot be loaded

[Mon, 29 Oct 18 03:39:37 +0700][ERROR] [2]: VendorController handler class cannot be loaded

[Mon, 29 Oct 18 03:39:37 +0700][ERROR] [2]: IndexController handler class cannot be loaded

[Mon, 29 Oct 18 03:39:37 +0700][ERROR] [2]: VendorController handler class cannot be loaded

[Mon, 29 Oct 18 03:39:37 +0700][ERROR] [2]: IndexController handler class cannot be loaded

[Mon, 29 Oct 18 03:39:45 +0700][ERROR] [2]: IndexController handler class cannot be loaded

[Mon, 29 Oct 18 03:39:45 +0700][ERROR] [2]: IndexController handler class cannot be loaded

[Mon, 29 Oct 18 03:39:45 +0700][ERROR] [2]: VendorController handler class cannot be loaded

[Mon, 29 Oct 18 03:39:45 +0700][ERROR] [2]: IndexController handler class cannot be loaded

[Mon, 29 Oct 18 03:39:45 +0700][ERROR] [2]: VendorController handler class cannot be loaded

[Mon, 29 Oct 18 03:39:45 +0700][ERROR] [2]: IndexController handler class cannot be loaded

[Mon, 29 Oct 18 03:40:15 +0700][ERROR] [2]: IndexController handler class cannot be loaded

[Mon, 29 Oct 18 03:40:15 +0700][ERROR] [2]: VendorController handler class cannot be loaded

[Mon, 29 Oct 18 03:40:15 +0700][ERROR] [2]: VendorController handler class cannot be loaded

[Mon, 29 Oct 18 03:40:15 +0700][ERROR] [2]: IndexController handler class cannot be loaded

[Mon, 29 Oct 18 03:40:15 +0700][ERROR] [2]: VendorController handler class cannot be loaded

[Mon, 29 Oct 18 03:40:15 +0700][ERROR] [2]: VendorController handler class cannot be loaded

[Mon, 29 Oct 18 03:40:15 +0700][ERROR] [2]: IndexController handler class cannot be loaded

[Mon, 29 Oct 18 03:40:16 +0700][ERROR] [2]: IndexController handler class cannot be loaded

[Mon, 29 Oct 18 03:40:16 +0700][ERROR] [2]: VendorController handler class cannot be loaded

[Mon, 29 Oct 18 03:40:17 +0700][ERROR] [2]: IndexController handler class cannot be loaded

[Mon, 29 Oct 18 03:40:18 +0700][ERROR] [2]: IndexController handler class cannot be loaded

[Mon, 29 Oct 18 03:40:18 +0700][ERROR] [2]: VendorController handler class cannot be loaded

[Mon, 29 Oct 18 03:40:18 +0700][ERROR] [2]: IndexController handler class cannot be loaded

[Mon, 29 Oct 18 03:40:18 +0700][ERROR] [2]: VendorController handler class cannot be loaded

[Mon, 29 Oct 18 03:40:18 +0700][ERROR] [2]: IndexController handler class cannot be loaded

[Mon, 29 Oct 18 03:40:19 +0700][ERROR] [2]: IndexController handler class cannot be loaded

[Mon, 29 Oct 18 03:40:19 +0700][ERROR] [2]: VendorController handler class cannot be loaded

[Mon, 29 Oct 18 03:40:19 +0700][ERROR] [2]: IndexController handler class cannot be loaded

[Mon, 29 Oct 18 03:40:19 +0700][ERROR] [2]: VendorController handler class cannot be loaded

[Mon, 29 Oct 18 03:40:19 +0700][ERROR] [2]: IndexController handler class cannot be loaded

[Mon, 29 Oct 18 03:40:19 +0700][ERROR] [2]: IndexController handler class cannot be loaded

[Mon, 29 Oct 18 03:40:19 +0700][ERROR] [2]: VendorController handler class cannot be loaded

[Mon, 29 Oct 18 03:40:19 +0700][ERROR] [2]: IndexController handler class cannot be loaded

[Mon, 29 Oct 18 03:40:20 +0700][ERROR] [2]: IndexController handler class cannot be loaded

[Mon, 29 Oct 18 03:40:20 +0700][ERROR] [2]: VendorController handler class cannot be loaded

[Mon, 29 Oct 18 03:40:20 +0700][ERROR] [2]: IndexController handler class cannot be loaded

[Mon, 29 Oct 18 03:40:20 +0700][ERROR] [2]: VendorController handler class cannot be loaded

[Mon, 29 Oct 18 03:40:20 +0700][ERROR] [2]: IndexController handler class cannot be loaded

[Mon, 29 Oct 18 03:40:24 +0700][ERROR] [2]: VendorController handler class cannot be loaded

[Mon, 29 Oct 18 03:40:24 +0700][ERROR] [2]: IndexController handler class cannot be loaded

[Mon, 29 Oct 18 03:40:24 +0700][ERROR] [2]: IndexController handler class cannot be loaded

[Mon, 29 Oct 18 03:41:44 +0700][ERROR] [2]: VendorController handler class cannot be loaded

[Mon, 29 Oct 18 03:41:44 +0700][ERROR] [2]: VendorController handler class cannot be loaded

[Mon, 29 Oct 18 03:41:44 +0700][ERROR] [2]: IndexController handler class cannot be loaded

[Mon, 29 Oct 18 03:41:44 +0700][ERROR] [2]: VendorController handler class cannot be loaded

[Mon, 29 Oct 18 03:41:44 +0700][ERROR] [2]: VendorController handler class cannot be loaded

[Mon, 29 Oct 18 03:41:44 +0700][ERROR] [2]: IndexController handler class cannot be loaded

[Mon, 29 Oct 18 03:41:56 +0700][ERROR] [2]: IndexController handler class cannot be loaded

[Mon, 29 Oct 18 03:41:56 +0700][ERROR] [2]: VendorController handler class cannot be loaded

[Mon, 29 Oct 18 03:41:56 +0700][ERROR] [2]: IndexController handler class cannot be loaded

[Mon, 29 Oct 18 03:41:56 +0700][ERROR] [2]: VendorController handler class cannot be loaded

[Mon, 29 Oct 18 03:41:56 +0700][ERROR] [2]: IndexController handler class cannot be loaded

[Mon, 29 Oct 18 03:43:12 +0700][ERROR] [2]: IndexController handler class cannot be loaded

[Mon, 29 Oct 18 03:43:12 +0700][ERROR] [2]: VendorController handler class cannot be loaded

[Mon, 29 Oct 18 03:43:12 +0700][ERROR] [2]: IndexController handler class cannot be loaded

[Mon, 29 Oct 18 03:43:12 +0700][ERROR] [2]: VendorController handler class cannot be loaded

[Mon, 29 Oct 18 03:43:12 +0700][ERROR] [2]: IndexController handler class cannot be loaded

[Mon, 29 Oct 18 03:43:12 +0700][ERROR] [2]: VendorController handler class cannot be loaded

[Mon, 29 Oct 18 03:43:12 +0700][ERROR] [2]: IndexController handler class cannot be loaded

[Mon, 29 Oct 18 03:43:36 +0700][ERROR] [2]: PageTopController handler class cannot be loaded

[Mon, 29 Oct 18 03:43:36 +0700][ERROR] [2]: VendorController handler class cannot be loaded

[Mon, 29 Oct 18 03:43:36 +0700][ERROR] [2]: IndexController handler class cannot be loaded

[Mon, 29 Oct 18 03:43:36 +0700][ERROR] [2]: VendorController handler class cannot be loaded

[Mon, 29 Oct 18 03:43:36 +0700][ERROR] [2]: IndexController handler class cannot be loaded

[Mon, 29 Oct 18 03:43:38 +0700][ERROR] [2]: PageTopController handler class cannot be loaded

[Mon, 29 Oct 18 03:43:38 +0700][ERROR] [2]: VendorController handler class cannot be loaded

[Mon, 29 Oct 18 03:43:38 +0700][ERROR] [2]: IndexController handler class cannot be loaded

[Mon, 29 Oct 18 03:43:38 +0700][ERROR] [2]: VendorController handler class cannot be loaded

[Mon, 29 Oct 18 03:43:38 +0700][ERROR] [2]: PageTopController handler class cannot be loaded

[Mon, 29 Oct 18 03:43:38 +0700][ERROR] [2]: VendorController handler class cannot be loaded

[Mon, 29 Oct 18 03:43:38 +0700][ERROR] [2]: IndexController handler class cannot be loaded

[Mon, 29 Oct 18 03:43:39 +0700][ERROR] [2]: PageTopController handler class cannot be loaded

[Mon, 29 Oct 18 03:43:39 +0700][ERROR] [2]: VendorController handler class cannot be loaded

[Mon, 29 Oct 18 03:43:39 +0700][ERROR] [2]: IndexController handler class cannot be loaded

[Mon, 29 Oct 18 03:43:39 +0700][ERROR] [2]: VendorController handler class cannot be loaded

[Mon, 29 Oct 18 03:43:39 +0700][ERROR] [2]: PageTopController handler class cannot be loaded

[Mon, 29 Oct 18 03:43:39 +0700][ERROR] [2]: VendorController handler class cannot be loaded

[Mon, 29 Oct 18 03:43:39 +0700][ERROR] [2]: IndexController handler class cannot be loaded

[Mon, 29 Oct 18 03:43:44 +0700][ERROR] [2]: VendorController handler class cannot be loaded

[Mon, 29 Oct 18 03:43:44 +0700][ERROR] [2]: IndexController handler class cannot be loaded

[Mon, 29 Oct 18 03:43:44 +0700][ERROR] [2]: IndexController handler class cannot be loaded

[Mon, 29 Oct 18 03:43:47 +0700][ERROR] [2]: VendorController handler class cannot be loaded

[Mon, 29 Oct 18 03:43:47 +0700][ERROR] [2]: IndexController handler class cannot be loaded

[Mon, 29 Oct 18 03:43:47 +0700][ERROR] [2]: VendorController handler class cannot be loaded

[Mon, 29 Oct 18 03:43:47 +0700][ERROR] [2]: IndexController handler class cannot be loaded

[Mon, 29 Oct 18 03:46:32 +0700][ERROR] [2]: VendorController handler class cannot be loaded

[Mon, 29 Oct 18 03:46:32 +0700][ERROR] [2]: VendorController handler class cannot be loaded

[Mon, 29 Oct 18 03:46:32 +0700][ERROR] [2]: VendorController handler class cannot be loaded

[Mon, 29 Oct 18 03:46:32 +0700][ERROR] [2]: VendorController handler class cannot be loaded

[Mon, 29 Oct 18 03:46:33 +0700][ERROR] [2]: VendorController handler class cannot be loaded

[Mon, 29 Oct 18 03:46:33 +0700][ERROR] [2]: IndexController handler class cannot be loaded

[Mon, 29 Oct 18 03:46:39 +0700][ERROR] [2]: PageTopController handler class cannot be loaded

[Mon, 29 Oct 18 03:46:39 +0700][ERROR] [2]: VendorController handler class cannot be loaded

[Mon, 29 Oct 18 03:46:39 +0700][ERROR] [2]: IndexController handler class cannot be loaded

[Mon, 29 Oct 18 03:46:43 +0700][ERROR] [2]: VendorController handler class cannot be loaded

[Mon, 29 Oct 18 03:46:43 +0700][ERROR] [2]: IndexController handler class cannot be loaded

[Mon, 29 Oct 18 03:46:43 +0700][ERROR] [2]: VendorController handler class cannot be loaded

[Mon, 29 Oct 18 03:46:43 +0700][ERROR] [2]: IndexController handler class cannot be loaded

[Mon, 29 Oct 18 03:46:51 +0700][ERROR] [2]: PageTopController handler class cannot be loaded

[Mon, 29 Oct 18 03:46:51 +0700][ERROR] [2]: VendorController handler class cannot be loaded

[Mon, 29 Oct 18 03:46:51 +0700][ERROR] [2]: IndexController handler class cannot be loaded

[Mon, 29 Oct 18 03:46:53 +0700][ERROR] [2]: VendorController handler class cannot be loaded

[Mon, 29 Oct 18 03:46:53 +0700][ERROR] [2]: IndexController handler class cannot be loaded

[Mon, 29 Oct 18 03:46:53 +0700][ERROR] [2]: VendorController handler class cannot be loaded

[Mon, 29 Oct 18 03:46:53 +0700][ERROR] [2]: IndexController handler class cannot be loaded

[Mon, 29 Oct 18 03:46:55 +0700][ERROR] [2]: PageTopController handler class cannot be loaded

[Mon, 29 Oct 18 03:46:55 +0700][ERROR] [2]: VendorController handler class cannot be loaded

[Mon, 29 Oct 18 03:46:55 +0700][ERROR] [2]: IndexController handler class cannot be loaded

[Mon, 29 Oct 18 03:47:51 +0700][ERROR] [2]: VendorController handler class cannot be loaded

[Mon, 29 Oct 18 03:47:51 +0700][ERROR] [2]: IndexController handler class cannot be loaded

[Mon, 29 Oct 18 03:47:51 +0700][ERROR] [2]: VendorController handler class cannot be loaded

[Mon, 29 Oct 18 03:47:51 +0700][ERROR] [2]: IndexController handler class cannot be loaded

[Mon, 29 Oct 18 03:49:04 +0700][ERROR] [2]: PageTopController handler class cannot be loaded

[Mon, 29 Oct 18 03:49:04 +0700][ERROR] [2]: VendorController handler class cannot be loaded

[Mon, 29 Oct 18 03:49:04 +0700][ERROR] [2]: IndexController handler class cannot be loaded

[Mon, 29 Oct 18 03:49:04 +0700][ERROR] [2]: VendorController handler class cannot be loaded

[Mon, 29 Oct 18 03:49:04 +0700][ERROR] [2]: IndexController handler class cannot be loaded

[Mon, 29 Oct 18 03:49:56 +0700][ERROR] [2]: PageTopController handler class cannot be loaded

[Mon, 29 Oct 18 03:49:57 +0700][ERROR] [2]: VendorController handler class cannot be loaded

[Mon, 29 Oct 18 03:49:57 +0700][ERROR] [2]: IndexController handler class cannot be loaded

[Mon, 29 Oct 18 03:49:57 +0700][ERROR] [2]: VendorController handler class cannot be loaded

[Mon, 29 Oct 18 03:49:57 +0700][ERROR] [2]: IndexController handler class cannot be loaded

[Mon, 29 Oct 18 03:50:02 +0700][ERROR] [2]: VendorController handler class cannot be loaded

[Mon, 29 Oct 18 03:50:02 +0700][ERROR] [2]: IndexController handler class cannot be loaded

[Mon, 29 Oct 18 03:50:02 +0700][ERROR] [2]: VendorController handler class cannot be loaded

[Mon, 29 Oct 18 03:50:02 +0700][ERROR] [2]: IndexController handler class cannot be loaded

[Mon, 29 Oct 18 03:50:56 +0700][ERROR] [2]: PageTopController handler class cannot be loaded

[Mon, 29 Oct 18 03:50:56 +0700][ERROR] [2]: VendorController handler class cannot be loaded

[Mon, 29 Oct 18 03:50:56 +0700][ERROR] [2]: IndexController handler class cannot be loaded

[Mon, 29 Oct 18 03:50:56 +0700][ERROR] [2]: VendorController handler class cannot be loaded

[Mon, 29 Oct 18 03:50:56 +0700][ERROR] [2]: IndexController handler class cannot be loaded

[Mon, 29 Oct 18 03:51:08 +0700][ERROR] [2]: VendorController handler class cannot be loaded

[Mon, 29 Oct 18 03:51:08 +0700][ERROR] [2]: IndexController handler class cannot be loaded

[Mon, 29 Oct 18 03:51:08 +0700][ERROR] [2]: VendorController handler class cannot be loaded

[Mon, 29 Oct 18 03:51:08 +0700][ERROR] [2]: IndexController handler class cannot be loaded

[Mon, 29 Oct 18 03:53:00 +0700][ERROR] [2]: VendorController handler class cannot be loaded

[Mon, 29 Oct 18 03:53:00 +0700][ERROR] [2]: IndexController handler class cannot be loaded

[Mon, 29 Oct 18 03:53:03 +0700][ERROR] [2]: VendorController handler class cannot be loaded

[Mon, 29 Oct 18 03:53:03 +0700][ERROR] [2]: IndexController handler class cannot be loaded

[Mon, 29 Oct 18 03:53:03 +0700][ERROR] [2]: IndexController handler class cannot be loaded

[Mon, 29 Oct 18 03:53:10 +0700][ERROR] [2]: VendorController handler class cannot be loaded

[Mon, 29 Oct 18 03:53:10 +0700][ERROR] [2]: IndexController handler class cannot be loaded

[Mon, 29 Oct 18 03:53:13 +0700][ERROR] [2]: PageTopController handler class cannot be loaded

[Mon, 29 Oct 18 03:53:13 +0700][ERROR] [2]: IndexController handler class cannot be loaded

[Mon, 29 Oct 18 03:53:13 +0700][ERROR] [2]: IndexController handler class cannot be loaded

[Mon, 29 Oct 18 03:53:15 +0700][ERROR] [2]: IndexController handler class cannot be loaded

[Mon, 29 Oct 18 03:53:15 +0700][ERROR] [2]: IndexController handler class cannot be loaded

[Mon, 29 Oct 18 03:53:15 +0700][ERROR] [2]: IndexController handler class cannot be loaded

[Mon, 29 Oct 18 03:53:15 +0700][ERROR] [2]: IndexController handler class cannot be loaded

[Mon, 29 Oct 18 03:53:50 +0700][ERROR] [2]: IndexController handler class cannot be loaded

[Mon, 29 Oct 18 03:53:50 +0700][ERROR] [2]: IndexController handler class cannot be loaded

[Mon, 29 Oct 18 03:53:50 +0700][ERROR] [2]: IndexController handler class cannot be loaded

[Mon, 29 Oct 18 03:53:50 +0700][ERROR] [2]: IndexController handler class cannot be loaded

[Mon, 29 Oct 18 03:54:20 +0700][ERROR] [2]: VendorController handler class cannot be loaded

[Mon, 29 Oct 18 03:54:20 +0700][ERROR] [2]: IndexController handler class cannot be loaded

[Mon, 29 Oct 18 03:54:20 +0700][ERROR] [2]: IndexController handler class cannot be loaded

[Mon, 29 Oct 18 03:54:25 +0700][ERROR] [2]: VendorController handler class cannot be loaded

[Mon, 29 Oct 18 03:54:25 +0700][ERROR] [2]: IndexController handler class cannot be loaded

[Mon, 29 Oct 18 03:54:25 +0700][ERROR] [2]: VendorController handler class cannot be loaded

[Mon, 29 Oct 18 03:54:25 +0700][ERROR] [2]: IndexController handler class cannot be loaded

[Mon, 29 Oct 18 03:54:38 +0700][ERROR] [2]: VendorController handler class cannot be loaded

[Mon, 29 Oct 18 03:54:38 +0700][ERROR] [2]: IndexController handler class cannot be loaded

[Mon, 29 Oct 18 03:54:38 +0700][ERROR] [2]: VendorController handler class cannot be loaded

[Mon, 29 Oct 18 03:54:38 +0700][ERROR] [2]: IndexController handler class cannot be loaded

[Mon, 29 Oct 18 03:55:14 +0700][ERROR] [2]: VendorController handler class cannot be loaded

[Mon, 29 Oct 18 03:55:14 +0700][ERROR] [2]: IndexController handler class cannot be loaded

[Mon, 29 Oct 18 03:55:14 +0700][ERROR] [2]: VendorController handler class cannot be loaded

[Mon, 29 Oct 18 03:55:14 +0700][ERROR] [2]: IndexController handler class cannot be loaded

[Mon, 29 Oct 18 03:55:17 +0700][ERROR] [2]: VendorController handler class cannot be loaded

[Mon, 29 Oct 18 03:55:17 +0700][ERROR] [2]: IndexController handler class cannot be loaded

[Mon, 29 Oct 18 03:55:17 +0700][ERROR] [2]: VendorController handler class cannot be loaded

[Mon, 29 Oct 18 03:55:17 +0700][ERROR] [2]: IndexController handler class cannot be loaded

[Mon, 29 Oct 18 03:55:21 +0700][ERROR] [2]: VendorController handler class cannot be loaded

[Mon, 29 Oct 18 03:55:21 +0700][ERROR] [2]: IndexController handler class cannot be loaded

[Mon, 29 Oct 18 03:55:21 +0700][ERROR] [2]: VendorController handler class cannot be loaded

[Mon, 29 Oct 18 03:55:21 +0700][ERROR] [2]: IndexController handler class cannot be loaded

[Mon, 29 Oct 18 03:55:23 +0700][ERROR] [2]: PageTopController handler class cannot be loaded

[Mon, 29 Oct 18 03:55:23 +0700][ERROR] [2]: VendorController handler class cannot be loaded

[Mon, 29 Oct 18 03:55:23 +0700][ERROR] [2]: IndexController handler class cannot be loaded

[Mon, 29 Oct 18 03:55:23 +0700][ERROR] [2]: VendorController handler class cannot be loaded

[Mon, 29 Oct 18 03:55:23 +0700][ERROR] [2]: IndexController handler class cannot be loaded

[Mon, 29 Oct 18 12:50:31 +0700][ERROR] [2]: IndexController handler class cannot be loaded

[Mon, 29 Oct 18 12:50:31 +0700][ERROR] [2]: VendorController handler class cannot be loaded

[Mon, 29 Oct 18 12:50:31 +0700][ERROR] [2]: VendorController handler class cannot be loaded

[Mon, 29 Oct 18 12:50:31 +0700][ERROR] [2]: VendorController handler class cannot be loaded

[Mon, 29 Oct 18 12:50:31 +0700][ERROR] [2]: VendorController handler class cannot be loaded

[Mon, 29 Oct 18 12:50:37 +0700][ERROR] [2]: VendorController handler class cannot be loaded

[Mon, 29 Oct 18 12:50:37 +0700][ERROR] [2]: IndexController handler class cannot be loaded

[Mon, 29 Oct 18 12:50:37 +0700][ERROR] [2]: IndexController handler class cannot be loaded

[Mon, 29 Oct 18 12:50:50 +0700][ERROR] [2]: VendorController handler class cannot be loaded

[Mon, 29 Oct 18 12:50:50 +0700][ERROR] [2]: IndexController handler class cannot be loaded

[Mon, 29 Oct 18 12:50:54 +0700][ERROR] [2]: VendorController handler class cannot be loaded

[Mon, 29 Oct 18 12:50:54 +0700][ERROR] [2]: IndexController handler class cannot be loaded

[Mon, 29 Oct 18 12:50:54 +0700][ERROR] [2]: VendorController handler class cannot be loaded

[Mon, 29 Oct 18 12:50:54 +0700][ERROR] [2]: IndexController handler class cannot be loaded

[Mon, 29 Oct 18 12:51:00 +0700][ERROR] [2]: VendorController handler class cannot be loaded

[Mon, 29 Oct 18 12:51:00 +0700][ERROR] [2]: IndexController handler class cannot be loaded

[Mon, 29 Oct 18 12:51:00 +0700][ERROR] [2]: IndexController handler class cannot be loaded

[Mon, 29 Oct 18 12:51:05 +0700][ERROR] [2]: VendorController handler class cannot be loaded

[Mon, 29 Oct 18 12:51:05 +0700][ERROR] [2]: VendorController handler class cannot be loaded

[Mon, 29 Oct 18 12:51:05 +0700][ERROR] [2]: VendorController handler class cannot be loaded

[Mon, 29 Oct 18 12:51:05 +0700][ERROR] [2]: VendorController handler class cannot be loaded

[Mon, 29 Oct 18 12:51:07 +0700][ERROR] [2]: PageTopController handler class cannot be loaded

[Mon, 29 Oct 18 12:51:07 +0700][ERROR] [2]: VendorController handler class cannot be loaded

[Mon, 29 Oct 18 12:51:07 +0700][ERROR] [2]: IndexController handler class cannot be loaded

[Mon, 29 Oct 18 12:51:07 +0700][ERROR] [2]: VendorController handler class cannot be loaded

[Mon, 29 Oct 18 12:51:07 +0700][ERROR] [2]: IndexController handler class cannot be loaded

[Mon, 29 Oct 18 12:51:11 +0700][ERROR] [2]: VendorController handler class cannot be loaded

[Mon, 29 Oct 18 12:51:11 +0700][ERROR] [2]: IndexController handler class cannot be loaded

[Mon, 29 Oct 18 12:51:11 +0700][ERROR] [2]: VendorController handler class cannot be loaded

[Mon, 29 Oct 18 12:51:11 +0700][ERROR] [2]: IndexController handler class cannot be loaded

[Mon, 29 Oct 18 12:53:49 +0700][ERROR] [2]: VendorController handler class cannot be loaded

[Mon, 29 Oct 18 12:53:49 +0700][ERROR] [2]: IndexController handler class cannot be loaded

[Mon, 29 Oct 18 12:53:49 +0700][ERROR] [2]: VendorController handler class cannot be loaded

[Mon, 29 Oct 18 12:53:49 +0700][ERROR] [2]: IndexController handler class cannot be loaded

[Mon, 29 Oct 18 12:54:03 +0700][ERROR] [2]: PageTopController handler class cannot be loaded

[Mon, 29 Oct 18 12:54:03 +0700][ERROR] [2]: VendorController handler class cannot be loaded

[Mon, 29 Oct 18 12:54:03 +0700][ERROR] [2]: IndexController handler class cannot be loaded

[Mon, 29 Oct 18 12:54:03 +0700][ERROR] [2]: VendorController handler class cannot be loaded

[Mon, 29 Oct 18 12:54:03 +0700][ERROR] [2]: IndexController handler class cannot be loaded

[Mon, 29 Oct 18 16:31:34 +0700][ERROR] [2]: IndexController handler class cannot be loaded

[Mon, 29 Oct 18 16:31:34 +0700][ERROR] [2]: VendorController handler class cannot be loaded

[Mon, 29 Oct 18 16:31:34 +0700][ERROR] [2]: IndexController handler class cannot be loaded

[Mon, 29 Oct 18 16:31:34 +0700][ERROR] [2]: VendorController handler class cannot be loaded

[Mon, 29 Oct 18 16:31:34 +0700][ERROR] [2]: IndexController handler class cannot be loaded

[Mon, 29 Oct 18 16:31:38 +0700][ERROR] [2]: VendorController handler class cannot be loaded

[Mon, 29 Oct 18 16:31:38 +0700][ERROR] [2]: IndexController handler class cannot be loaded

[Mon, 29 Oct 18 16:31:38 +0700][ERROR] [2]: VendorController handler class cannot be loaded

[Mon, 29 Oct 18 16:31:38 +0700][ERROR] [2]: IndexController handler class cannot be loaded

[Mon, 29 Oct 18 16:31:42 +0700][ERROR] [2]: PageTopController handler class cannot be loaded

[Mon, 29 Oct 18 16:31:42 +0700][ERROR] [2]: VendorController handler class cannot be loaded

[Mon, 29 Oct 18 16:31:42 +0700][ERROR] [2]: IndexController handler class cannot be loaded

[Mon, 29 Oct 18 16:31:42 +0700][ERROR] [2]: VendorController handler class cannot be loaded

[Mon, 29 Oct 18 16:31:42 +0700][ERROR] [2]: IndexController handler class cannot be loaded

[Mon, 29 Oct 18 16:31:45 +0700][ERROR] [2]: VendorController handler class cannot be loaded

[Mon, 29 Oct 18 16:31:45 +0700][ERROR] [2]: IndexController handler class cannot be loaded

[Mon, 29 Oct 18 16:31:45 +0700][ERROR] [2]: VendorController handler class cannot be loaded

[Mon, 29 Oct 18 16:31:45 +0700][ERROR] [2]: IndexController handler class cannot be loaded

[Mon, 29 Oct 18 16:31:50 +0700][ERROR] [2]: VendorController handler class cannot be loaded

[Mon, 29 Oct 18 16:31:50 +0700][ERROR] [2]: VendorController handler class cannot be loaded

[Mon, 29 Oct 18 16:31:50 +0700][ERROR] [2]: IndexController handler class cannot be loaded

[Mon, 29 Oct 18 16:31:50 +0700][ERROR] [2]: VendorController handler class cannot be loaded

[Mon, 29 Oct 18 16:31:50 +0700][ERROR] [2]: VendorController handler class cannot be loaded

[Mon, 29 Oct 18 16:31:50 +0700][ERROR] [2]: IndexController handler class cannot be loaded

[Mon, 29 Oct 18 16:31:55 +0700][ERROR] [2]: VendorController handler class cannot be loaded

[Mon, 29 Oct 18 16:31:55 +0700][ERROR] [2]: IndexController handler class cannot be loaded

[Mon, 29 Oct 18 16:31:55 +0700][ERROR] [2]: IndexController handler class cannot be loaded

[Mon, 29 Oct 18 16:31:57 +0700][ERROR] [2]: PageTopController handler class cannot be loaded

[Mon, 29 Oct 18 16:31:57 +0700][ERROR] [2]: VendorController handler class cannot be loaded

