[Mon, 09 Apr 18 01:56:28 +0700][ERROR] [2]: LoginController handler class cannot be loaded

[Mon, 09 Apr 18 02:20:56 +0700][ERROR] [2]: LoginController handler class cannot be loaded

[Mon, 09 Apr 18 03:00:57 +0700][ERROR] [2]: VendorController handler class cannot be loaded

[Mon, 09 Apr 18 03:00:57 +0700][ERROR] [2]: VendorController handler class cannot be loaded

[Mon, 09 Apr 18 03:00:57 +0700][ERROR] [2]: CssController handler class cannot be loaded

[Mon, 09 Apr 18 03:00:57 +0700][ERROR] [2]: JsController handler class cannot be loaded

[Mon, 09 Apr 18 03:00:57 +0700][ERROR] [2]: VendorController handler class cannot be loaded

[Mon, 09 Apr 18 03:00:57 +0700][ERROR] [2]: JsController handler class cannot be loaded

[Mon, 09 Apr 18 03:01:00 +0700][ERROR] [2]: VendorController handler class cannot be loaded

[Mon, 09 Apr 18 03:01:00 +0700][ERROR] [2]: VendorController handler class cannot be loaded

[Mon, 09 Apr 18 04:00:34 +0700][ERROR] [2]: FontsController handler class cannot be loaded

[Mon, 09 Apr 18 04:00:37 +0700][ERROR] [2]: FontsController handler class cannot be loaded

[Mon, 09 Apr 18 04:01:45 +0700][ERROR] [2]: FontsController handler class cannot be loaded

[Mon, 09 Apr 18 04:04:56 +0700][ERROR] [2]: FontsController handler class cannot be loaded

[Mon, 09 Apr 18 04:05:36 +0700][ERROR] [2]: FontsController handler class cannot be loaded

[Mon, 09 Apr 18 04:05:51 +0700][ERROR] [2]: FontsController handler class cannot be loaded

[Mon, 09 Apr 18 04:10:19 +0700][ERROR] [2]: CssController handler class cannot be loaded

[Mon, 09 Apr 18 04:10:47 +0700][ERROR] [2]: CssController handler class cannot be loaded

[Mon, 09 Apr 18 04:11:06 +0700][ERROR] [2]: CssController handler class cannot be loaded

[Mon, 09 Apr 18 04:11:34 +0700][ERROR] [2]: CssController handler class cannot be loaded

[Mon, 09 Apr 18 04:12:06 +0700][ERROR] [2]: CssController handler class cannot be loaded

[Mon, 09 Apr 18 04:12:45 +0700][ERROR] [2]: CssController handler class cannot be loaded

[Mon, 09 Apr 18 04:13:34 +0700][ERROR] [2]: CssController handler class cannot be loaded

[Mon, 09 Apr 18 04:13:59 +0700][ERROR] [2]: CssController handler class cannot be loaded

[Mon, 09 Apr 18 04:14:54 +0700][ERROR] [2]: CssController handler class cannot be loaded

[Mon, 09 Apr 18 04:15:50 +0700][ERROR] [2]: CssController handler class cannot be loaded

[Mon, 09 Apr 18 04:17:53 +0700][ERROR] [2]: CssController handler class cannot be loaded

[Mon, 09 Apr 18 04:18:28 +0700][ERROR] [2]: CssController handler class cannot be loaded

[Mon, 09 Apr 18 04:19:09 +0700][ERROR] [2]: CssController handler class cannot be loaded

[Mon, 09 Apr 18 04:20:02 +0700][ERROR] [2]: CssController handler class cannot be loaded

[Mon, 09 Apr 18 04:21:40 +0700][ERROR] [2]: CssController handler class cannot be loaded

[Mon, 09 Apr 18 04:22:33 +0700][ERROR] [2]: CssController handler class cannot be loaded

[Mon, 09 Apr 18 04:22:45 +0700][ERROR] [2]: CssController handler class cannot be loaded

[Mon, 09 Apr 18 04:22:46 +0700][ERROR] [2]: CssController handler class cannot be loaded

[Mon, 09 Apr 18 04:24:23 +0700][ERROR] [2]: CssController handler class cannot be loaded

[Mon, 09 Apr 18 04:24:29 +0700][ERROR] [2]: CssController handler class cannot be loaded

[Mon, 09 Apr 18 04:24:29 +0700][ERROR] [5]: Action 'css' was not found on handler 'authen'

[Mon, 09 Apr 18 04:24:29 +0700][ERROR] [5]: Action 'vendor' was not found on handler 'authen'

[Mon, 09 Apr 18 04:24:29 +0700][ERROR] [5]: Action 'vendor' was not found on handler 'authen'

[Mon, 09 Apr 18 04:24:29 +0700][ERROR] [5]: Action 'images' was not found on handler 'authen'

[Mon, 09 Apr 18 04:24:29 +0700][ERROR] [5]: Action 'images' was not found on handler 'authen'

[Mon, 09 Apr 18 04:24:36 +0700][ERROR] [2]: CssController handler class cannot be loaded

[Mon, 09 Apr 18 04:24:36 +0700][ERROR] [5]: Action 'vendor' was not found on handler 'authen'

[Mon, 09 Apr 18 04:24:36 +0700][ERROR] [5]: Action 'vendor' was not found on handler 'authen'

[Mon, 09 Apr 18 04:24:36 +0700][ERROR] [5]: Action 'vendor' was not found on handler 'authen'

[Mon, 09 Apr 18 04:24:36 +0700][ERROR] [5]: Action 'vendor' was not found on handler 'authen'

[Mon, 09 Apr 18 04:25:43 +0700][ERROR] [2]: CssController handler class cannot be loaded

[Mon, 09 Apr 18 04:25:46 +0700][ERROR] [2]: CssController handler class cannot be loaded

[Mon, 09 Apr 18 04:31:04 +0700][ERROR] [2]: CssController handler class cannot be loaded

[Mon, 09 Apr 18 04:31:04 +0700][ERROR] [2]: CssController handler class cannot be loaded

[Mon, 09 Apr 18 04:33:04 +0700][ERROR] [2]: CssController handler class cannot be loaded

[Mon, 09 Apr 18 04:48:27 +0700][ERROR] [2]: CssController handler class cannot be loaded

[Mon, 09 Apr 18 04:54:14 +0700][ERROR] [2]: FontsController handler class cannot be loaded

[Mon, 09 Apr 18 04:54:30 +0700][ERROR] [2]: FontsController handler class cannot be loaded

[Mon, 09 Apr 18 04:57:35 +0700][ERROR] [2]: FontsController handler class cannot be loaded

[Mon, 09 Apr 18 04:57:47 +0700][ERROR] [2]: FontsController handler class cannot be loaded

[Mon, 09 Apr 18 05:06:23 +0700][ERROR] [5]: Action 'vendor' was not found on handler 'authen'

[Mon, 09 Apr 18 05:06:23 +0700][ERROR] [5]: Action 'vendor' was not found on handler 'authen'

[Mon, 09 Apr 18 05:06:23 +0700][ERROR] [5]: Action 'vendor' was not found on handler 'authen'

[Mon, 09 Apr 18 05:06:23 +0700][ERROR] [5]: Action 'vendor' was not found on handler 'authen'

[Mon, 09 Apr 18 05:06:23 +0700][ERROR] [5]: Action 'vendor' was not found on handler 'authen'

[Mon, 09 Apr 18 05:06:23 +0700][ERROR] [5]: Action 'vendor' was not found on handler 'authen'

[Mon, 09 Apr 18 05:06:23 +0700][ERROR] [5]: Action 'vendor' was not found on handler 'authen'

[Mon, 09 Apr 18 05:06:24 +0700][ERROR] [5]: Action 'vendor' was not found on handler 'authen'

[Mon, 09 Apr 18 05:06:24 +0700][ERROR] [5]: Action 'img' was not found on handler 'authen'

[Mon, 09 Apr 18 05:06:50 +0700][ERROR] [5]: Action 'vendor' was not found on handler 'authen'

[Mon, 09 Apr 18 05:06:50 +0700][ERROR] [5]: Action 'vendor' was not found on handler 'authen'

[Mon, 09 Apr 18 05:06:50 +0700][ERROR] [5]: Action 'vendor' was not found on handler 'authen'

[Mon, 09 Apr 18 05:06:50 +0700][ERROR] [5]: Action 'vendor' was not found on handler 'authen'

[Mon, 09 Apr 18 05:06:50 +0700][ERROR] [5]: Action 'vendor' was not found on handler 'authen'

[Mon, 09 Apr 18 05:07:40 +0700][ERROR] [5]: Action 'vendor' was not found on handler 'authen'

[Mon, 09 Apr 18 05:07:40 +0700][ERROR] [5]: Action 'vendor' was not found on handler 'authen'

[Mon, 09 Apr 18 05:07:40 +0700][ERROR] [5]: Action 'vendor' was not found on handler 'authen'

[Mon, 09 Apr 18 05:07:40 +0700][ERROR] [5]: Action 'vendor' was not found on handler 'authen'

[Mon, 09 Apr 18 05:07:40 +0700][ERROR] [5]: Action 'js' was not found on handler 'authen'

[Mon, 09 Apr 18 05:07:40 +0700][ERROR] [5]: Action 'vendor' was not found on handler 'authen'

[Mon, 09 Apr 18 05:07:40 +0700][ERROR] [5]: Action 'js' was not found on handler 'authen'

[Mon, 09 Apr 18 05:08:09 +0700][ERROR] [2]: FontsController handler class cannot be loaded

[Mon, 09 Apr 18 05:08:15 +0700][ERROR] [5]: Action 'vendor' was not found on handler 'authen'

[Mon, 09 Apr 18 05:08:15 +0700][ERROR] [5]: Action 'vendor' was not found on handler 'authen'

[Mon, 09 Apr 18 05:08:15 +0700][ERROR] [5]: Action 'vendor' was not found on handler 'authen'

[Mon, 09 Apr 18 05:08:15 +0700][ERROR] [5]: Action 'vendor' was not found on handler 'authen'

[Mon, 09 Apr 18 05:09:04 +0700][ERROR] [2]: FontsController handler class cannot be loaded

[Mon, 09 Apr 18 05:09:07 +0700][ERROR] [5]: Action 'vendor' was not found on handler 'authen'

[Mon, 09 Apr 18 05:09:07 +0700][ERROR] [5]: Action 'vendor' was not found on handler 'authen'

[Mon, 09 Apr 18 05:09:07 +0700][ERROR] [5]: Action 'vendor' was not found on handler 'authen'

[Mon, 09 Apr 18 05:09:07 +0700][ERROR] [5]: Action 'vendor' was not found on handler 'authen'

[Mon, 09 Apr 18 05:09:07 +0700][ERROR] [2]: FontsController handler class cannot be loaded

[Mon, 09 Apr 18 05:13:01 +0700][ERROR] [2]: FontsController handler class cannot be loaded

[Mon, 09 Apr 18 05:13:57 +0700][ERROR] [2]: FontsController handler class cannot be loaded

[Mon, 09 Apr 18 05:14:01 +0700][ERROR] [2]: FontsController handler class cannot be loaded

[Mon, 09 Apr 18 05:14:04 +0700][ERROR] [2]: FontsController handler class cannot be loaded

[Mon, 09 Apr 18 05:17:30 +0700][ERROR] [2]: CssController handler class cannot be loaded

[Mon, 09 Apr 18 05:39:49 +0700][ERROR] [5]: Action 'show' was not found on handler 'event'

[Mon, 09 Apr 18 05:39:49 +0700][ERROR] [5]: Action 'vendor' was not found on handler 'event'

[Mon, 09 Apr 18 05:49:02 +0700][ERROR] [5]: Action 'vendor' was not found on handler 'event'

[Mon, 09 Apr 18 05:49:02 +0700][ERROR] [5]: Action 'js' was not found on handler 'event'

[Mon, 09 Apr 18 05:49:02 +0700][ERROR] [5]: Action 'vendor' was not found on handler 'event'

[Mon, 09 Apr 18 05:49:02 +0700][ERROR] [5]: Action 'js' was not found on handler 'event'

[Mon, 09 Apr 18 05:49:08 +0700][ERROR] [5]: Action 'authen' was not found on handler 'event'

[Mon, 09 Apr 18 05:49:08 +0700][ERROR] [5]: Action 'authen' was not found on handler 'event'

[Mon, 09 Apr 18 05:49:08 +0700][ERROR] [5]: Action 'authen' was not found on handler 'event'

[Mon, 09 Apr 18 05:49:08 +0700][ERROR] [5]: Action 'authen' was not found on handler 'event'

[Mon, 09 Apr 18 05:49:09 +0700][ERROR] [5]: Action 'authen' was not found on handler 'event'

[Mon, 09 Apr 18 05:49:09 +0700][ERROR] [5]: Action 'authen' was not found on handler 'event'

[Mon, 09 Apr 18 05:49:10 +0700][ERROR] [5]: Action 'authen' was not found on handler 'event'

[Mon, 09 Apr 18 05:49:10 +0700][ERROR] [5]: Action 'authen' was not found on handler 'event'

[Mon, 09 Apr 18 05:49:12 +0700][ERROR] [5]: Action 'authen' was not found on handler 'event'

[Mon, 09 Apr 18 05:49:12 +0700][ERROR] [5]: Action 'authen' was not found on handler 'event'

[Mon, 09 Apr 18 05:49:21 +0700][ERROR] [5]: Action 'vendor' was not found on handler 'event'

[Mon, 09 Apr 18 05:49:21 +0700][ERROR] [5]: Action 'vendor' was not found on handler 'event'

[Mon, 09 Apr 18 05:49:21 +0700][ERROR] [5]: Action 'vendor' was not found on handler 'event'

[Mon, 09 Apr 18 05:50:12 +0700][ERROR] [5]: Action 'vendor' was not found on handler 'event'

[Mon, 09 Apr 18 05:50:12 +0700][ERROR] [5]: Action 'js' was not found on handler 'event'

[Mon, 09 Apr 18 05:50:12 +0700][ERROR] [5]: Action 'js' was not found on handler 'event'

[Mon, 09 Apr 18 05:50:19 +0700][ERROR] [5]: Action 'authen' was not found on handler 'event'

[Mon, 09 Apr 18 05:50:19 +0700][ERROR] [5]: Action 'authen' was not found on handler 'event'

[Mon, 09 Apr 18 05:50:19 +0700][ERROR] [5]: Action 'authen' was not found on handler 'event'

[Mon, 09 Apr 18 05:50:58 +0700][ERROR] [5]: Action 'authen' was not found on handler 'event'

[Mon, 09 Apr 18 05:50:58 +0700][ERROR] [5]: Action 'authen' was not found on handler 'event'

[Mon, 09 Apr 18 05:52:01 +0700][ERROR] [5]: Action 'vendor' was not found on handler 'event'

[Mon, 09 Apr 18 05:52:03 +0700][ERROR] [5]: Action 'event' was not found on handler 'event'

[Mon, 09 Apr 18 05:52:03 +0700][ERROR] [5]: Action 'event' was not found on handler 'event'

[Mon, 09 Apr 18 05:52:54 +0700][ERROR] [5]: Action 'vendor' was not found on handler 'event'

[Mon, 09 Apr 18 05:52:54 +0700][ERROR] [5]: Action 'js' was not found on handler 'event'

[Mon, 09 Apr 18 05:52:54 +0700][ERROR] [5]: Action 'js' was not found on handler 'event'

[Mon, 09 Apr 18 05:52:55 +0700][ERROR] [5]: Action 'vendor' was not found on handler 'event'

[Mon, 09 Apr 18 05:53:18 +0700][ERROR] [2]: LoginController handler class cannot be loaded

[Mon, 09 Apr 18 05:54:25 +0700][ERROR] [2]: LoginController handler class cannot be loaded

[Mon, 09 Apr 18 05:54:26 +0700][ERROR] [2]: LoginController handler class cannot be loaded

[Mon, 09 Apr 18 05:54:27 +0700][ERROR] [5]: Action 'vendor' was not found on handler 'event'

[Mon, 09 Apr 18 05:54:32 +0700][ERROR] [5]: Action 'vendor' was not found on handler 'event'

[Mon, 09 Apr 18 05:54:34 +0700][ERROR] [5]: Action 'event' was not found on handler 'event'

[Mon, 09 Apr 18 05:54:34 +0700][ERROR] [5]: Action 'event' was not found on handler 'event'

[Mon, 09 Apr 18 05:55:36 +0700][ERROR] [5]: Action 'vendor' was not found on handler 'event'

[Mon, 09 Apr 18 05:55:39 +0700][ERROR] [5]: Action 'delete9' was not found on handler 'event'

[Mon, 09 Apr 18 05:55:39 +0700][ERROR] [5]: Action 'vendor' was not found on handler 'event'

[Mon, 09 Apr 18 05:55:59 +0700][ERROR] [5]: Action 'vendor' was not found on handler 'event'

[Mon, 09 Apr 18 05:56:08 +0700][ERROR] [5]: Action 'vendor' was not found on handler 'event'

[Mon, 09 Apr 18 05:56:15 +0700][ERROR] [5]: Action 'vendor' was not found on handler 'event'

[Mon, 09 Apr 18 05:56:39 +0700][ERROR] [5]: Action 'vendor' was not found on handler 'event'

[Mon, 09 Apr 18 05:56:56 +0700][ERROR] [5]: Action 'authen' was not found on handler 'event'

[Mon, 09 Apr 18 05:56:56 +0700][ERROR] [5]: Action 'authen' was not found on handler 'event'

[Mon, 09 Apr 18 05:56:56 +0700][ERROR] [5]: Action 'authen' was not found on handler 'event'

[Mon, 09 Apr 18 05:56:56 +0700][ERROR] [5]: Action 'authen' was not found on handler 'event'

[Mon, 09 Apr 18 05:57:03 +0700][ERROR] [5]: Action 'authen' was not found on handler 'event'

[Mon, 09 Apr 18 05:57:03 +0700][ERROR] [5]: Action 'authen' was not found on handler 'event'

[Mon, 09 Apr 18 05:57:03 +0700][ERROR] [5]: Action 'authen' was not found on handler 'event'

[Mon, 09 Apr 18 05:57:04 +0700][ERROR] [5]: Action 'authen' was not found on handler 'event'

[Mon, 09 Apr 18 05:57:04 +0700][ERROR] [5]: Action 'authen' was not found on handler 'event'

[Mon, 09 Apr 18 05:57:46 +0700][ERROR] [5]: Action 'vendor' was not found on handler 'event'

[Mon, 09 Apr 18 05:58:13 +0700][ERROR] [5]: Action 'vendor' was not found on handler 'event'

[Mon, 09 Apr 18 05:58:13 +0700][ERROR] [5]: Action 'js' was not found on handler 'event'

[Mon, 09 Apr 18 05:58:13 +0700][ERROR] [5]: Action 'js' was not found on handler 'event'

[Mon, 09 Apr 18 05:58:20 +0700][ERROR] [5]: Action 'vendor' was not found on handler 'event'

[Mon, 09 Apr 18 05:58:20 +0700][ERROR] [5]: Action 'vendor' was not found on handler 'event'

[Mon, 09 Apr 18 05:58:20 +0700][ERROR] [5]: Action 'vendor' was not found on handler 'event'

[Mon, 09 Apr 18 05:58:29 +0700][ERROR] [5]: Action 'vendor' was not found on handler 'event'

[Mon, 09 Apr 18 05:58:50 +0700][ERROR] [5]: Action 'vendor' was not found on handler 'event'

[Mon, 09 Apr 18 05:58:50 +0700][ERROR] [5]: Action 'js' was not found on handler 'event'

[Mon, 09 Apr 18 05:58:50 +0700][ERROR] [5]: Action 'js' was not found on handler 'event'

[Mon, 09 Apr 18 06:00:07 +0700][ERROR] [5]: Action 'authen' was not found on handler 'event'

[Mon, 09 Apr 18 06:00:07 +0700][ERROR] [5]: Action 'authen' was not found on handler 'event'

[Mon, 09 Apr 18 06:00:16 +0700][ERROR] [5]: Action 'vendor' was not found on handler 'event'

[Mon, 09 Apr 18 06:00:39 +0700][ERROR] [5]: Action 'vendor' was not found on handler 'event'

[Mon, 09 Apr 18 06:00:59 +0700][ERROR] [5]: Action 'vendor' was not found on handler 'event'

[Mon, 09 Apr 18 06:00:59 +0700][ERROR] [5]: Action 'js' was not found on handler 'event'

[Mon, 09 Apr 18 06:00:59 +0700][ERROR] [5]: Action 'vendor' was not found on handler 'event'

[Mon, 09 Apr 18 06:00:59 +0700][ERROR] [5]: Action 'js' was not found on handler 'event'

[Mon, 09 Apr 18 06:02:32 +0700][ERROR] [5]: Action 'vendor' was not found on handler 'event'

[Mon, 09 Apr 18 06:02:32 +0700][ERROR] [5]: Action 'vendor' was not found on handler 'event'

[Mon, 09 Apr 18 06:02:32 +0700][ERROR] [5]: Action 'vendor' was not found on handler 'event'

[Mon, 09 Apr 18 06:02:32 +0700][ERROR] [5]: Action 'vendor' was not found on handler 'event'

[Mon, 09 Apr 18 06:02:35 +0700][ERROR] [5]: Action 'vendor' was not found on handler 'event'

[Mon, 09 Apr 18 06:02:35 +0700][ERROR] [5]: Action 'vendor' was not found on handler 'event'

[Mon, 09 Apr 18 06:02:58 +0700][ERROR] [5]: Action 'vendor' was not found on handler 'event'

[Mon, 09 Apr 18 06:02:58 +0700][ERROR] [5]: Action 'js' was not found on handler 'event'

[Mon, 09 Apr 18 06:02:58 +0700][ERROR] [5]: Action 'vendor' was not found on handler 'event'

[Mon, 09 Apr 18 06:02:58 +0700][ERROR] [5]: Action 'js' was not found on handler 'event'

[Mon, 09 Apr 18 06:03:02 +0700][ERROR] [5]: Action 'event' was not found on handler 'event'

[Mon, 09 Apr 18 06:03:02 +0700][ERROR] [5]: Action 'event' was not found on handler 'event'

[Mon, 09 Apr 18 06:03:07 +0700][ERROR] [5]: Action 'event' was not found on handler 'event'

[Mon, 09 Apr 18 06:03:07 +0700][ERROR] [5]: Action 'event' was not found on handler 'event'

[Mon, 09 Apr 18 06:03:10 +0700][ERROR] [5]: Action 'event' was not found on handler 'event'

[Mon, 09 Apr 18 06:03:10 +0700][ERROR] [5]: Action 'event' was not found on handler 'event'

[Mon, 09 Apr 18 06:03:31 +0700][ERROR] [5]: Action 'event' was not found on handler 'event'

[Mon, 09 Apr 18 06:03:31 +0700][ERROR] [5]: Action 'event' was not found on handler 'event'

[Mon, 09 Apr 18 06:03:31 +0700][ERROR] [5]: Action 'event' was not found on handler 'event'

[Mon, 09 Apr 18 06:04:18 +0700][ERROR] [5]: Action 'vendor' was not found on handler 'event'

[Mon, 09 Apr 18 06:04:18 +0700][ERROR] [5]: Action 'vendor' was not found on handler 'event'

[Mon, 09 Apr 18 06:04:19 +0700][ERROR] [5]: Action 'event' was not found on handler 'event'

[Mon, 09 Apr 18 06:04:19 +0700][ERROR] [5]: Action 'event' was not found on handler 'event'

[Mon, 09 Apr 18 06:04:20 +0700][ERROR] [5]: Action 'event' was not found on handler 'event'

[Mon, 09 Apr 18 06:04:20 +0700][ERROR] [5]: Action 'event' was not found on handler 'event'

[Mon, 09 Apr 18 06:04:21 +0700][ERROR] [5]: Action 'event' was not found on handler 'event'

[Mon, 09 Apr 18 06:04:21 +0700][ERROR] [5]: Action 'event' was not found on handler 'event'

[Mon, 09 Apr 18 06:04:21 +0700][ERROR] [5]: Action 'event' was not found on handler 'event'

[Mon, 09 Apr 18 06:04:22 +0700][ERROR] [5]: Action 'event' was not found on handler 'event'

[Mon, 09 Apr 18 06:04:22 +0700][ERROR] [5]: Action 'event' was not found on handler 'event'

[Mon, 09 Apr 18 06:04:22 +0700][ERROR] [5]: Action 'event' was not found on handler 'event'

[Mon, 09 Apr 18 06:04:28 +0700][ERROR] [5]: Action 'vendor' was not found on handler 'event'

[Mon, 09 Apr 18 06:04:28 +0700][ERROR] [5]: Action 'js' was not found on handler 'event'

[Mon, 09 Apr 18 06:04:32 +0700][ERROR] [5]: Action 'event' was not found on handler 'event'

[Mon, 09 Apr 18 06:04:32 +0700][ERROR] [5]: Action 'event' was not found on handler 'event'

[Mon, 09 Apr 18 06:04:54 +0700][ERROR] [5]: Action 'vendor' was not found on handler 'event'

[Mon, 09 Apr 18 06:04:54 +0700][ERROR] [5]: Action 'vendor' was not found on handler 'event'

[Mon, 09 Apr 18 06:04:54 +0700][ERROR] [5]: Action 'vendor' was not found on handler 'event'

[Mon, 09 Apr 18 06:04:55 +0700][ERROR] [2]: Homework3Controller handler class cannot be loaded

[Mon, 09 Apr 18 06:04:55 +0700][ERROR] [2]: Homework3Controller handler class cannot be loaded

[Mon, 09 Apr 18 06:05:02 +0700][ERROR] [2]: Homework3Controller handler class cannot be loaded

[Mon, 09 Apr 18 06:05:02 +0700][ERROR] [2]: Homework3Controller handler class cannot be loaded

[Mon, 09 Apr 18 06:05:13 +0700][ERROR] [5]: Action 'vendor' was not found on handler 'event'

[Mon, 09 Apr 18 06:05:13 +0700][ERROR] [5]: Action 'vendor' was not found on handler 'event'

[Mon, 09 Apr 18 06:05:20 +0700][ERROR] [2]: Homework3Controller handler class cannot be loaded

[Mon, 09 Apr 18 06:05:20 +0700][ERROR] [2]: Homework3Controller handler class cannot be loaded

[Mon, 09 Apr 18 06:05:20 +0700][ERROR] [2]: Homework3Controller handler class cannot be loaded

[Mon, 09 Apr 18 06:05:20 +0700][ERROR] [2]: Homework3Controller handler class cannot be loaded

[Mon, 09 Apr 18 06:06:22 +0700][ERROR] [2]: Homework3Controller handler class cannot be loaded

[Mon, 09 Apr 18 06:06:22 +0700][ERROR] [2]: Homework3Controller handler class cannot be loaded

[Mon, 09 Apr 18 06:07:01 +0700][ERROR] [5]: Action 'vendor' was not found on handler 'event'

[Mon, 09 Apr 18 06:07:03 +0700][ERROR] [5]: Action 'authen' was not found on handler 'event'

[Mon, 09 Apr 18 06:07:03 +0700][ERROR] [5]: Action 'authen' was not found on handler 'event'

[Mon, 09 Apr 18 06:07:03 +0700][ERROR] [5]: Action 'authen' was not found on handler 'event'

[Mon, 09 Apr 18 06:07:04 +0700][ERROR] [5]: Action 'authen' was not found on handler 'event'

