[Thu, 22 Nov 18 00:13:39 +0700][ERROR] [2]: PubilcController handler class cannot be loaded

[Thu, 22 Nov 18 00:13:39 +0700][ERROR] [2]: VendorController handler class cannot be loaded

[Thu, 22 Nov 18 00:13:39 +0700][ERROR] [2]: VendorController handler class cannot be loaded

[Thu, 22 Nov 18 00:13:39 +0700][ERROR] [2]: VendorController handler class cannot be loaded

[Thu, 22 Nov 18 00:13:39 +0700][ERROR] [5]: Action 'public' was not found on handler 'authen'

[Thu, 22 Nov 18 00:13:39 +0700][ERROR] [2]: VendorController handler class cannot be loaded

[Thu, 22 Nov 18 00:13:39 +0700][ERROR] [5]: Action 'public' was not found on handler 'authen'

[Thu, 22 Nov 18 00:13:39 +0700][ERROR] [5]: Action 'public' was not found on handler 'authen'

[Thu, 22 Nov 18 00:13:39 +0700][ERROR] [5]: Action 'public' was not found on handler 'authen'

[Thu, 22 Nov 18 00:13:41 +0700][ERROR] [2]: PubilcController handler class cannot be loaded

[Thu, 22 Nov 18 00:13:41 +0700][ERROR] [2]: VendorController handler class cannot be loaded

[Thu, 22 Nov 18 00:13:41 +0700][ERROR] [2]: PubilcController handler class cannot be loaded

[Thu, 22 Nov 18 00:13:44 +0700][ERROR] [2]: PubilcController handler class cannot be loaded

[Thu, 22 Nov 18 00:13:44 +0700][ERROR] [2]: VendorController handler class cannot be loaded

[Thu, 22 Nov 18 00:13:44 +0700][ERROR] [5]: Action 'public' was not found on handler 'authen'

[Thu, 22 Nov 18 00:13:44 +0700][ERROR] [5]: Action 'public' was not found on handler 'authen'

[Thu, 22 Nov 18 00:13:44 +0700][ERROR] [5]: Action 'public' was not found on handler 'authen'

[Thu, 22 Nov 18 00:13:44 +0700][ERROR] [5]: Action 'public' was not found on handler 'authen'

[Thu, 22 Nov 18 00:13:46 +0700][ERROR] [2]: PubilcController handler class cannot be loaded

[Thu, 22 Nov 18 00:13:46 +0700][ERROR] [2]: VendorController handler class cannot be loaded

[Thu, 22 Nov 18 00:13:46 +0700][ERROR] [2]: PubilcController handler class cannot be loaded

[Thu, 22 Nov 18 00:13:47 +0700][ERROR] [2]: PubilcController handler class cannot be loaded

[Thu, 22 Nov 18 00:13:47 +0700][ERROR] [2]: VendorController handler class cannot be loaded

[Thu, 22 Nov 18 00:13:47 +0700][ERROR] [5]: Action 'public' was not found on handler 'authen'

[Thu, 22 Nov 18 00:13:47 +0700][ERROR] [5]: Action 'public' was not found on handler 'authen'

[Thu, 22 Nov 18 00:13:47 +0700][ERROR] [5]: Action 'public' was not found on handler 'authen'

[Thu, 22 Nov 18 00:13:47 +0700][ERROR] [5]: Action 'public' was not found on handler 'authen'

[Thu, 22 Nov 18 00:13:50 +0700][ERROR] [2]: PubilcController handler class cannot be loaded

[Thu, 22 Nov 18 00:13:50 +0700][ERROR] [2]: VendorController handler class cannot be loaded

[Thu, 22 Nov 18 00:13:50 +0700][ERROR] [2]: PubilcController handler class cannot be loaded

[Thu, 22 Nov 18 00:13:50 +0700][ERROR] [2]: PubilcController handler class cannot be loaded

[Thu, 22 Nov 18 00:13:50 +0700][ERROR] [2]: VendorController handler class cannot be loaded

[Thu, 22 Nov 18 00:13:51 +0700][ERROR] [2]: PubilcController handler class cannot be loaded

[Thu, 22 Nov 18 00:13:51 +0700][ERROR] [2]: VendorController handler class cannot be loaded

[Thu, 22 Nov 18 00:13:51 +0700][ERROR] [2]: PubilcController handler class cannot be loaded

[Thu, 22 Nov 18 00:13:51 +0700][ERROR] [2]: PubilcController handler class cannot be loaded

[Thu, 22 Nov 18 00:13:51 +0700][ERROR] [2]: VendorController handler class cannot be loaded

[Thu, 22 Nov 18 00:13:51 +0700][ERROR] [2]: PubilcController handler class cannot be loaded

[Thu, 22 Nov 18 00:13:51 +0700][ERROR] [2]: VendorController handler class cannot be loaded

[Thu, 22 Nov 18 00:13:51 +0700][ERROR] [2]: VendorController handler class cannot be loaded

[Thu, 22 Nov 18 00:13:51 +0700][ERROR] [2]: VendorController handler class cannot be loaded

[Thu, 22 Nov 18 00:13:51 +0700][ERROR] [5]: Action 'public' was not found on handler 'authen'

[Thu, 22 Nov 18 00:13:51 +0700][ERROR] [5]: Action 'public' was not found on handler 'authen'

[Thu, 22 Nov 18 00:13:51 +0700][ERROR] [5]: Action 'public' was not found on handler 'authen'

[Thu, 22 Nov 18 00:13:52 +0700][ERROR] [5]: Action 'public' was not found on handler 'authen'

[Thu, 22 Nov 18 00:13:52 +0700][ERROR] [2]: PubilcController handler class cannot be loaded

[Thu, 22 Nov 18 00:13:52 +0700][ERROR] [2]: VendorController handler class cannot be loaded

[Thu, 22 Nov 18 00:13:52 +0700][ERROR] [5]: Action 'public' was not found on handler 'authen'

[Thu, 22 Nov 18 00:13:52 +0700][ERROR] [5]: Action 'public' was not found on handler 'authen'

[Thu, 22 Nov 18 00:13:52 +0700][ERROR] [5]: Action 'public' was not found on handler 'authen'

[Thu, 22 Nov 18 00:13:52 +0700][ERROR] [5]: Action 'public' was not found on handler 'authen'

[Thu, 22 Nov 18 00:13:52 +0700][ERROR] [2]: PubilcController handler class cannot be loaded

[Thu, 22 Nov 18 00:13:52 +0700][ERROR] [2]: VendorController handler class cannot be loaded

[Thu, 22 Nov 18 00:13:52 +0700][ERROR] [2]: PubilcController handler class cannot be loaded

[Thu, 22 Nov 18 00:13:53 +0700][ERROR] [2]: PubilcController handler class cannot be loaded

[Thu, 22 Nov 18 00:13:53 +0700][ERROR] [2]: VendorController handler class cannot be loaded

[Thu, 22 Nov 18 00:13:53 +0700][ERROR] [2]: VendorController handler class cannot be loaded

[Thu, 22 Nov 18 00:13:53 +0700][ERROR] [2]: VendorController handler class cannot be loaded

[Thu, 22 Nov 18 00:13:53 +0700][ERROR] [2]: VendorController handler class cannot be loaded

[Thu, 22 Nov 18 00:13:53 +0700][ERROR] [2]: PubilcController handler class cannot be loaded

[Thu, 22 Nov 18 00:13:53 +0700][ERROR] [2]: PubilcController handler class cannot be loaded

[Thu, 22 Nov 18 00:17:43 +0700][ERROR] [2]: PubilcController handler class cannot be loaded

[Thu, 22 Nov 18 00:17:43 +0700][ERROR] [2]: VendorController handler class cannot be loaded

[Thu, 22 Nov 18 00:17:43 +0700][ERROR] [2]: PubilcController handler class cannot be loaded

[Thu, 22 Nov 18 00:17:44 +0700][ERROR] [2]: PubilcController handler class cannot be loaded

[Thu, 22 Nov 18 00:17:44 +0700][ERROR] [2]: VendorController handler class cannot be loaded

[Thu, 22 Nov 18 00:17:44 +0700][ERROR] [2]: PubilcController handler class cannot be loaded

[Thu, 22 Nov 18 00:17:45 +0700][ERROR] [2]: PubilcController handler class cannot be loaded

[Thu, 22 Nov 18 00:17:45 +0700][ERROR] [2]: VendorController handler class cannot be loaded

[Thu, 22 Nov 18 00:17:45 +0700][ERROR] [5]: Action 'public' was not found on handler 'exhibition'

[Thu, 22 Nov 18 00:17:47 +0700][ERROR] [2]: PubilcController handler class cannot be loaded

[Thu, 22 Nov 18 00:17:47 +0700][ERROR] [2]: VendorController handler class cannot be loaded

[Thu, 22 Nov 18 00:17:47 +0700][ERROR] [2]: PubilcController handler class cannot be loaded

[Thu, 22 Nov 18 00:19:51 +0700][ERROR] [2]: PubilcController handler class cannot be loaded

[Thu, 22 Nov 18 00:19:52 +0700][ERROR] [2]: VendorController handler class cannot be loaded

[Thu, 22 Nov 18 00:19:52 +0700][ERROR] [5]: Action 'public' was not found on handler 'exhibition'

[Thu, 22 Nov 18 00:19:52 +0700][ERROR] [5]: Action 'public' was not found on handler 'exhibition'

[Thu, 22 Nov 18 00:19:53 +0700][ERROR] [2]: PubilcController handler class cannot be loaded

[Thu, 22 Nov 18 00:19:53 +0700][ERROR] [2]: VendorController handler class cannot be loaded

[Thu, 22 Nov 18 00:19:54 +0700][ERROR] [2]: PubilcController handler class cannot be loaded

[Thu, 22 Nov 18 00:19:56 +0700][ERROR] [2]: PubilcController handler class cannot be loaded

[Thu, 22 Nov 18 00:19:56 +0700][ERROR] [2]: VendorController handler class cannot be loaded

[Thu, 22 Nov 18 00:19:56 +0700][ERROR] [5]: Action 'public' was not found on handler 'exhibition'

[Thu, 22 Nov 18 00:19:56 +0700][ERROR] [5]: Action 'public' was not found on handler 'exhibition'

[Thu, 22 Nov 18 00:20:09 +0700][ERROR] [2]: PubilcController handler class cannot be loaded

[Thu, 22 Nov 18 00:20:09 +0700][ERROR] [2]: VendorController handler class cannot be loaded

[Thu, 22 Nov 18 00:20:09 +0700][ERROR] [2]: VendorController handler class cannot be loaded

[Thu, 22 Nov 18 00:20:09 +0700][ERROR] [5]: Action 'public' was not found on handler 'exhibition'

[Thu, 22 Nov 18 00:20:09 +0700][ERROR] [5]: Action 'public' was not found on handler 'exhibition'

[Thu, 22 Nov 18 00:20:09 +0700][ERROR] [5]: Action 'public' was not found on handler 'exhibition'

[Thu, 22 Nov 18 00:20:09 +0700][ERROR] [5]: Action 'public' was not found on handler 'exhibition'

[Thu, 22 Nov 18 00:20:09 +0700][ERROR] [5]: Action 'public' was not found on handler 'exhibition'

[Thu, 22 Nov 18 00:20:11 +0700][ERROR] [2]: PubilcController handler class cannot be loaded

[Thu, 22 Nov 18 00:20:11 +0700][ERROR] [2]: VendorController handler class cannot be loaded

[Thu, 22 Nov 18 00:20:11 +0700][ERROR] [2]: PubilcController handler class cannot be loaded

[Thu, 22 Nov 18 00:20:12 +0700][ERROR] [2]: PubilcController handler class cannot be loaded

[Thu, 22 Nov 18 00:20:12 +0700][ERROR] [2]: VendorController handler class cannot be loaded

[Thu, 22 Nov 18 00:20:12 +0700][ERROR] [5]: Action 'public' was not found on handler 'exhibition'

[Thu, 22 Nov 18 00:20:12 +0700][ERROR] [5]: Action 'public' was not found on handler 'exhibition'

[Thu, 22 Nov 18 00:20:20 +0700][ERROR] [2]: PubilcController handler class cannot be loaded

[Thu, 22 Nov 18 00:20:20 +0700][ERROR] [2]: VendorController handler class cannot be loaded

[Thu, 22 Nov 18 00:20:20 +0700][ERROR] [2]: VendorController handler class cannot be loaded

[Thu, 22 Nov 18 00:20:20 +0700][ERROR] [2]: VendorController handler class cannot be loaded

[Thu, 22 Nov 18 00:20:20 +0700][ERROR] [2]: VendorController handler class cannot be loaded

[Thu, 22 Nov 18 00:20:20 +0700][ERROR] [2]: PubilcController handler class cannot be loaded

[Thu, 22 Nov 18 00:24:49 +0700][ERROR] [2]: PubilcController handler class cannot be loaded

[Thu, 22 Nov 18 00:24:49 +0700][ERROR] [2]: VendorController handler class cannot be loaded

[Thu, 22 Nov 18 00:24:49 +0700][ERROR] [2]: PubilcController handler class cannot be loaded

[Thu, 22 Nov 18 00:25:34 +0700][ERROR] [2]: PubilcController handler class cannot be loaded

[Thu, 22 Nov 18 00:25:34 +0700][ERROR] [2]: PubilcController handler class cannot be loaded

[Thu, 22 Nov 18 00:25:36 +0700][ERROR] [2]: PubilcController handler class cannot be loaded

[Thu, 22 Nov 18 00:25:36 +0700][ERROR] [2]: PubilcController handler class cannot be loaded

[Thu, 22 Nov 18 00:25:39 +0700][ERROR] [2]: PubilcController handler class cannot be loaded

[Thu, 22 Nov 18 00:25:39 +0700][ERROR] [2]: PubilcController handler class cannot be loaded

[Thu, 22 Nov 18 00:25:47 +0700][ERROR] [2]: PubilcController handler class cannot be loaded

[Thu, 22 Nov 18 00:25:47 +0700][ERROR] [2]: VendorController handler class cannot be loaded

[Thu, 22 Nov 18 00:25:47 +0700][ERROR] [5]: Action 'public' was not found on handler 'exhibition'

[Thu, 22 Nov 18 00:25:47 +0700][ERROR] [5]: Action 'public' was not found on handler 'exhibition'

[Thu, 22 Nov 18 00:26:26 +0700][ERROR] [2]: PubilcController handler class cannot be loaded

[Thu, 22 Nov 18 00:26:26 +0700][ERROR] [2]: VendorController handler class cannot be loaded

[Thu, 22 Nov 18 00:26:26 +0700][ERROR] [5]: Action 'public' was not found on handler 'exhibition'

[Thu, 22 Nov 18 00:26:26 +0700][ERROR] [2]: VendorController handler class cannot be loaded

[Thu, 22 Nov 18 00:26:26 +0700][ERROR] [5]: Action 'public' was not found on handler 'exhibition'

[Thu, 22 Nov 18 00:26:26 +0700][ERROR] [5]: Action 'public' was not found on handler 'exhibition'

[Thu, 22 Nov 18 00:26:26 +0700][ERROR] [5]: Action 'public' was not found on handler 'exhibition'

[Thu, 22 Nov 18 00:26:31 +0700][ERROR] [2]: PubilcController handler class cannot be loaded

[Thu, 22 Nov 18 00:26:31 +0700][ERROR] [2]: VendorController handler class cannot be loaded

[Thu, 22 Nov 18 00:26:31 +0700][ERROR] [5]: Action 'public' was not found on handler 'exhibition'

[Thu, 22 Nov 18 00:26:31 +0700][ERROR] [5]: Action 'public' was not found on handler 'exhibition'

[Thu, 22 Nov 18 00:26:45 +0700][ERROR] [2]: PubilcController handler class cannot be loaded

[Thu, 22 Nov 18 00:26:45 +0700][ERROR] [2]: VendorController handler class cannot be loaded

[Thu, 22 Nov 18 00:26:45 +0700][ERROR] [5]: Action 'public' was not found on handler 'authen'

[Thu, 22 Nov 18 00:26:45 +0700][ERROR] [5]: Action 'public' was not found on handler 'authen'

[Thu, 22 Nov 18 00:26:49 +0700][ERROR] [2]: PubilcController handler class cannot be loaded

[Thu, 22 Nov 18 00:26:49 +0700][ERROR] [2]: VendorController handler class cannot be loaded

[Thu, 22 Nov 18 00:26:49 +0700][ERROR] [2]: PubilcController handler class cannot be loaded

[Thu, 22 Nov 18 00:26:51 +0700][ERROR] [2]: PubilcController handler class cannot be loaded

[Thu, 22 Nov 18 00:26:51 +0700][ERROR] [2]: VendorController handler class cannot be loaded

[Thu, 22 Nov 18 00:26:51 +0700][ERROR] [2]: PubilcController handler class cannot be loaded

[Thu, 22 Nov 18 00:26:53 +0700][ERROR] [2]: PubilcController handler class cannot be loaded

[Thu, 22 Nov 18 00:26:53 +0700][ERROR] [2]: VendorController handler class cannot be loaded

[Thu, 22 Nov 18 00:26:53 +0700][ERROR] [5]: Action 'public' was not found on handler 'exhibition'

[Thu, 22 Nov 18 00:26:54 +0700][ERROR] [2]: PubilcController handler class cannot be loaded

[Thu, 22 Nov 18 00:26:54 +0700][ERROR] [2]: VendorController handler class cannot be loaded

[Thu, 22 Nov 18 00:26:54 +0700][ERROR] [2]: PubilcController handler class cannot be loaded

[Thu, 22 Nov 18 00:26:57 +0700][ERROR] [2]: PubilcController handler class cannot be loaded

[Thu, 22 Nov 18 00:26:57 +0700][ERROR] [2]: VendorController handler class cannot be loaded

[Thu, 22 Nov 18 00:26:57 +0700][ERROR] [5]: Action 'public' was not found on handler 'exhibition'

[Thu, 22 Nov 18 00:27:41 +0700][ERROR] [2]: PubilcController handler class cannot be loaded

[Thu, 22 Nov 18 00:27:41 +0700][ERROR] [2]: VendorController handler class cannot be loaded

[Thu, 22 Nov 18 00:27:41 +0700][ERROR] [5]: Action 'public' was not found on handler 'exhibition'

[Thu, 22 Nov 18 00:27:41 +0700][ERROR] [5]: Action 'public' was not found on handler 'exhibition'

[Thu, 22 Nov 18 00:27:42 +0700][ERROR] [2]: PubilcController handler class cannot be loaded

[Thu, 22 Nov 18 00:27:42 +0700][ERROR] [2]: VendorController handler class cannot be loaded

[Thu, 22 Nov 18 00:27:42 +0700][ERROR] [5]: Action 'public' was not found on handler 'exhibition'

[Thu, 22 Nov 18 00:27:42 +0700][ERROR] [5]: Action 'public' was not found on handler 'exhibition'

[Thu, 22 Nov 18 00:27:55 +0700][ERROR] [2]: PubilcController handler class cannot be loaded

[Thu, 22 Nov 18 00:27:55 +0700][ERROR] [2]: VendorController handler class cannot be loaded

[Thu, 22 Nov 18 00:27:56 +0700][ERROR] [2]: PubilcController handler class cannot be loaded

[Thu, 22 Nov 18 00:27:56 +0700][ERROR] [2]: VendorController handler class cannot be loaded

[Thu, 22 Nov 18 00:27:56 +0700][ERROR] [2]: PubilcController handler class cannot be loaded

[Thu, 22 Nov 18 00:27:57 +0700][ERROR] [2]: PubilcController handler class cannot be loaded

[Thu, 22 Nov 18 00:27:57 +0700][ERROR] [2]: VendorController handler class cannot be loaded

[Thu, 22 Nov 18 00:27:57 +0700][ERROR] [2]: PubilcController handler class cannot be loaded

[Thu, 22 Nov 18 00:27:58 +0700][ERROR] [2]: PubilcController handler class cannot be loaded

[Thu, 22 Nov 18 00:27:58 +0700][ERROR] [2]: VendorController handler class cannot be loaded

[Thu, 22 Nov 18 00:27:58 +0700][ERROR] [2]: PubilcController handler class cannot be loaded

[Thu, 22 Nov 18 00:27:59 +0700][ERROR] [2]: PubilcController handler class cannot be loaded

[Thu, 22 Nov 18 00:27:59 +0700][ERROR] [2]: VendorController handler class cannot be loaded

[Thu, 22 Nov 18 00:27:59 +0700][ERROR] [2]: PubilcController handler class cannot be loaded

[Thu, 22 Nov 18 00:28:00 +0700][ERROR] [2]: PubilcController handler class cannot be loaded

[Thu, 22 Nov 18 00:28:00 +0700][ERROR] [2]: VendorController handler class cannot be loaded

[Thu, 22 Nov 18 00:28:00 +0700][ERROR] [5]: Action 'public' was not found on handler 'exhibition'

[Thu, 22 Nov 18 00:28:00 +0700][ERROR] [5]: Action 'public' was not found on handler 'exhibition'

[Thu, 22 Nov 18 00:28:00 +0700][ERROR] [5]: Action 'public' was not found on handler 'exhibition'

[Thu, 22 Nov 18 00:28:03 +0700][ERROR] [2]: PubilcController handler class cannot be loaded

[Thu, 22 Nov 18 00:28:03 +0700][ERROR] [2]: VendorController handler class cannot be loaded

[Thu, 22 Nov 18 00:28:03 +0700][ERROR] [2]: PubilcController handler class cannot be loaded

[Thu, 22 Nov 18 00:28:05 +0700][ERROR] [2]: PubilcController handler class cannot be loaded

[Thu, 22 Nov 18 00:28:05 +0700][ERROR] [2]: VendorController handler class cannot be loaded

[Thu, 22 Nov 18 00:28:05 +0700][ERROR] [5]: Action 'public' was not found on handler 'exhibition'

[Thu, 22 Nov 18 00:28:05 +0700][ERROR] [5]: Action 'public' was not found on handler 'exhibition'

[Thu, 22 Nov 18 00:28:08 +0700][ERROR] [2]: PubilcController handler class cannot be loaded

[Thu, 22 Nov 18 00:28:08 +0700][ERROR] [2]: VendorController handler class cannot be loaded

[Thu, 22 Nov 18 00:28:08 +0700][ERROR] [2]: VendorController handler class cannot be loaded

[Thu, 22 Nov 18 00:28:08 +0700][ERROR] [2]: VendorController handler class cannot be loaded

[Thu, 22 Nov 18 00:28:08 +0700][ERROR] [2]: PubilcController handler class cannot be loaded

[Thu, 22 Nov 18 00:28:10 +0700][ERROR] [2]: PubilcController handler class cannot be loaded

[Thu, 22 Nov 18 00:28:10 +0700][ERROR] [2]: VendorController handler class cannot be loaded

[Thu, 22 Nov 18 00:28:10 +0700][ERROR] [5]: Action 'public' was not found on handler 'exhibition'

[Thu, 22 Nov 18 00:28:10 +0700][ERROR] [5]: Action 'public' was not found on handler 'exhibition'

[Thu, 22 Nov 18 00:28:12 +0700][ERROR] [2]: PubilcController handler class cannot be loaded

[Thu, 22 Nov 18 00:28:12 +0700][ERROR] [2]: VendorController handler class cannot be loaded

[Thu, 22 Nov 18 00:28:12 +0700][ERROR] [2]: PubilcController handler class cannot be loaded

[Thu, 22 Nov 18 00:28:13 +0700][ERROR] [2]: PubilcController handler class cannot be loaded

[Thu, 22 Nov 18 00:28:13 +0700][ERROR] [2]: VendorController handler class cannot be loaded

[Thu, 22 Nov 18 00:28:14 +0700][ERROR] [2]: PubilcController handler class cannot be loaded

[Thu, 22 Nov 18 00:28:15 +0700][ERROR] [2]: PubilcController handler class cannot be loaded

[Thu, 22 Nov 18 00:28:15 +0700][ERROR] [2]: VendorController handler class cannot be loaded

[Thu, 22 Nov 18 00:28:15 +0700][ERROR] [2]: VendorController handler class cannot be loaded

[Thu, 22 Nov 18 00:28:15 +0700][ERROR] [2]: VendorController handler class cannot be loaded

[Thu, 22 Nov 18 00:28:15 +0700][ERROR] [2]: VendorController handler class cannot be loaded

[Thu, 22 Nov 18 00:28:15 +0700][ERROR] [2]: PubilcController handler class cannot be loaded

[Thu, 22 Nov 18 00:28:16 +0700][ERROR] [2]: PubilcController handler class cannot be loaded

[Thu, 22 Nov 18 00:28:16 +0700][ERROR] [2]: VendorController handler class cannot be loaded

[Thu, 22 Nov 18 00:28:16 +0700][ERROR] [5]: Action 'public' was not found on handler 'exhibition'

[Thu, 22 Nov 18 00:28:16 +0700][ERROR] [5]: Action 'public' was not found on handler 'exhibition'

[Thu, 22 Nov 18 00:28:17 +0700][ERROR] [2]: PubilcController handler class cannot be loaded

[Thu, 22 Nov 18 00:28:17 +0700][ERROR] [2]: VendorController handler class cannot be loaded

[Thu, 22 Nov 18 00:28:17 +0700][ERROR] [2]: PubilcController handler class cannot be loaded

[Thu, 22 Nov 18 00:28:20 +0700][ERROR] [2]: PubilcController handler class cannot be loaded

[Thu, 22 Nov 18 00:28:20 +0700][ERROR] [2]: VendorController handler class cannot be loaded

[Thu, 22 Nov 18 00:28:20 +0700][ERROR] [5]: Action 'public' was not found on handler 'exhibition'

[Thu, 22 Nov 18 00:28:22 +0700][ERROR] [2]: PubilcController handler class cannot be loaded

[Thu, 22 Nov 18 00:28:22 +0700][ERROR] [2]: VendorController handler class cannot be loaded

[Thu, 22 Nov 18 00:28:22 +0700][ERROR] [2]: PubilcController handler class cannot be loaded

[Thu, 22 Nov 18 00:28:26 +0700][ERROR] [2]: PageTopController handler class cannot be loaded

[Thu, 22 Nov 18 00:28:26 +0700][ERROR] [2]: PubilcController handler class cannot be loaded

[Thu, 22 Nov 18 00:28:26 +0700][ERROR] [2]: VendorController handler class cannot be loaded

[Thu, 22 Nov 18 00:28:26 +0700][ERROR] [2]: PubilcController handler class cannot be loaded

[Thu, 22 Nov 18 00:28:26 +0700][ERROR] [2]: VendorController handler class cannot be loaded

[Thu, 22 Nov 18 00:28:27 +0700][ERROR] [2]: PubilcController handler class cannot be loaded

[Thu, 22 Nov 18 00:28:29 +0700][ERROR] [2]: PubilcController handler class cannot be loaded

[Thu, 22 Nov 18 00:28:29 +0700][ERROR] [2]: IndexController handler class cannot be loaded

[Thu, 22 Nov 18 00:28:29 +0700][ERROR] [2]: VendorController handler class cannot be loaded

[Thu, 22 Nov 18 00:28:29 +0700][ERROR] [2]: IndexController handler class cannot be loaded

[Thu, 22 Nov 18 00:28:29 +0700][ERROR] [5]: Action 'public' was not found on handler 'exhibition'

[Thu, 22 Nov 18 00:28:29 +0700][ERROR] [5]: Action 'public' was not found on handler 'exhibition'

[Thu, 22 Nov 18 00:28:31 +0700][ERROR] [2]: PubilcController handler class cannot be loaded

[Thu, 22 Nov 18 00:28:31 +0700][ERROR] [2]: VendorController handler class cannot be loaded

[Thu, 22 Nov 18 00:28:31 +0700][ERROR] [2]: PubilcController handler class cannot be loaded

[Thu, 22 Nov 18 00:29:14 +0700][ERROR] [2]: PubilcController handler class cannot be loaded

[Thu, 22 Nov 18 00:29:14 +0700][ERROR] [2]: VendorController handler class cannot be loaded

[Thu, 22 Nov 18 00:29:14 +0700][ERROR] [2]: VendorController handler class cannot be loaded

[Thu, 22 Nov 18 00:29:15 +0700][ERROR] [2]: VendorController handler class cannot be loaded

[Thu, 22 Nov 18 00:29:15 +0700][ERROR] [2]: VendorController handler class cannot be loaded

[Thu, 22 Nov 18 00:29:15 +0700][ERROR] [2]: PubilcController handler class cannot be loaded

[Thu, 22 Nov 18 00:29:15 +0700][ERROR] [2]: PubilcController handler class cannot be loaded

[Thu, 22 Nov 18 00:29:15 +0700][ERROR] [5]: Action 'public' was not found on handler 'exhibition'

[Thu, 22 Nov 18 00:29:15 +0700][ERROR] [5]: Action 'public' was not found on handler 'exhibition'

[Thu, 22 Nov 18 00:29:21 +0700][ERROR] [2]: PubilcController handler class cannot be loaded

[Thu, 22 Nov 18 00:29:21 +0700][ERROR] [2]: VendorController handler class cannot be loaded

[Thu, 22 Nov 18 00:29:21 +0700][ERROR] [2]: VendorController handler class cannot be loaded

[Thu, 22 Nov 18 00:29:21 +0700][ERROR] [2]: VendorController handler class cannot be loaded

[Thu, 22 Nov 18 00:29:21 +0700][ERROR] [2]: VendorController handler class cannot be loaded

[Thu, 22 Nov 18 00:29:21 +0700][ERROR] [2]: PubilcController handler class cannot be loaded

[Thu, 22 Nov 18 00:29:25 +0700][ERROR] [2]: PubilcController handler class cannot be loaded

[Thu, 22 Nov 18 00:29:25 +0700][ERROR] [2]: VendorController handler class cannot be loaded

[Thu, 22 Nov 18 00:29:25 +0700][ERROR] [2]: PubilcController handler class cannot be loaded

[Thu, 22 Nov 18 00:29:26 +0700][ERROR] [2]: PubilcController handler class cannot be loaded

[Thu, 22 Nov 18 00:29:27 +0700][ERROR] [2]: VendorController handler class cannot be loaded

[Thu, 22 Nov 18 00:29:27 +0700][ERROR] [2]: PubilcController handler class cannot be loaded

[Thu, 22 Nov 18 00:29:28 +0700][ERROR] [2]: PubilcController handler class cannot be loaded

[Thu, 22 Nov 18 00:29:28 +0700][ERROR] [2]: VendorController handler class cannot be loaded

[Thu, 22 Nov 18 00:29:28 +0700][ERROR] [5]: Action 'public' was not found on handler 'exhibition'

[Thu, 22 Nov 18 00:29:28 +0700][ERROR] [5]: Action 'public' was not found on handler 'exhibition'

[Thu, 22 Nov 18 00:29:35 +0700][ERROR] [2]: PubilcController handler class cannot be loaded

[Thu, 22 Nov 18 00:29:35 +0700][ERROR] [2]: VendorController handler class cannot be loaded

[Thu, 22 Nov 18 00:29:35 +0700][ERROR] [2]: VendorController handler class cannot be loaded

[Thu, 22 Nov 18 00:29:35 +0700][ERROR] [2]: VendorController handler class cannot be loaded

[Thu, 22 Nov 18 00:29:35 +0700][ERROR] [2]: PubilcController handler class cannot be loaded

[Thu, 22 Nov 18 00:29:37 +0700][ERROR] [2]: PubilcController handler class cannot be loaded

[Thu, 22 Nov 18 00:29:37 +0700][ERROR] [2]: VendorController handler class cannot be loaded

[Thu, 22 Nov 18 00:29:37 +0700][ERROR] [5]: Action 'public' was not found on handler 'exhibition'

[Thu, 22 Nov 18 00:29:37 +0700][ERROR] [5]: Action 'public' was not found on handler 'exhibition'

[Thu, 22 Nov 18 00:29:39 +0700][ERROR] [2]: PubilcController handler class cannot be loaded

[Thu, 22 Nov 18 00:29:39 +0700][ERROR] [2]: VendorController handler class cannot be loaded

[Thu, 22 Nov 18 00:29:39 +0700][ERROR] [2]: PubilcController handler class cannot be loaded

[Thu, 22 Nov 18 00:29:45 +0700][ERROR] [2]: PubilcController handler class cannot be loaded

[Thu, 22 Nov 18 00:29:45 +0700][ERROR] [2]: VendorController handler class cannot be loaded

[Thu, 22 Nov 18 00:29:45 +0700][ERROR] [5]: Action 'public' was not found on handler 'exhibition'

[Thu, 22 Nov 18 00:29:46 +0700][ERROR] [2]: PubilcController handler class cannot be loaded

[Thu, 22 Nov 18 00:29:46 +0700][ERROR] [2]: VendorController handler class cannot be loaded

[Thu, 22 Nov 18 00:29:46 +0700][ERROR] [2]: PubilcController handler class cannot be loaded

[Thu, 22 Nov 18 00:29:49 +0700][ERROR] [2]: PubilcController handler class cannot be loaded

[Thu, 22 Nov 18 00:29:49 +0700][ERROR] [2]: VendorController handler class cannot be loaded

[Thu, 22 Nov 18 00:29:49 +0700][ERROR] [5]: Action 'public' was not found on handler 'authen'

[Thu, 22 Nov 18 00:29:49 +0700][ERROR] [5]: Action 'public' was not found on handler 'authen'

[Thu, 22 Nov 18 00:29:49 +0700][ERROR] [5]: Action 'public' was not found on handler 'authen'

[Thu, 22 Nov 18 00:29:49 +0700][ERROR] [5]: Action 'public' was not found on handler 'authen'

[Thu, 22 Nov 18 00:29:49 +0700][ERROR] [5]: Action 'public' was not found on handler 'authen'

[Thu, 22 Nov 18 00:29:49 +0700][ERROR] [5]: Action 'public' was not found on handler 'authen'

[Thu, 22 Nov 18 00:29:54 +0700][ERROR] [2]: PubilcController handler class cannot be loaded

[Thu, 22 Nov 18 00:29:54 +0700][ERROR] [2]: VendorController handler class cannot be loaded

[Thu, 22 Nov 18 00:29:54 +0700][ERROR] [2]: PubilcController handler class cannot be loaded

[Thu, 22 Nov 18 00:29:56 +0700][ERROR] [2]: PubilcController handler class cannot be loaded

[Thu, 22 Nov 18 00:29:56 +0700][ERROR] [2]: VendorController handler class cannot be loaded

[Thu, 22 Nov 18 00:29:56 +0700][ERROR] [2]: PubilcController handler class cannot be loaded

[Thu, 22 Nov 18 00:29:57 +0700][ERROR] [2]: PubilcController handler class cannot be loaded

[Thu, 22 Nov 18 00:29:57 +0700][ERROR] [2]: VendorController handler class cannot be loaded

[Thu, 22 Nov 18 00:29:57 +0700][ERROR] [2]: PubilcController handler class cannot be loaded

[Thu, 22 Nov 18 00:29:59 +0700][ERROR] [2]: PubilcController handler class cannot be loaded

[Thu, 22 Nov 18 00:29:59 +0700][ERROR] [2]: VendorController handler class cannot be loaded

[Thu, 22 Nov 18 00:29:59 +0700][ERROR] [5]: Action 'public' was not found on handler 'exhibition'

[Thu, 22 Nov 18 00:30:00 +0700][ERROR] [2]: PubilcController handler class cannot be loaded

[Thu, 22 Nov 18 00:30:00 +0700][ERROR] [2]: VendorController handler class cannot be loaded

[Thu, 22 Nov 18 00:30:00 +0700][ERROR] [2]: PubilcController handler class cannot be loaded

[Thu, 22 Nov 18 00:30:02 +0700][ERROR] [2]: PubilcController handler class cannot be loaded

[Thu, 22 Nov 18 00:30:02 +0700][ERROR] [2]: VendorController handler class cannot be loaded

[Thu, 22 Nov 18 00:30:02 +0700][ERROR] [5]: Action 'public' was not found on handler 'exhibition'

[Thu, 22 Nov 18 00:30:02 +0700][ERROR] [5]: Action 'public' was not found on handler 'exhibition'

[Thu, 22 Nov 18 00:30:05 +0700][ERROR] [2]: PubilcController handler class cannot be loaded

[Thu, 22 Nov 18 00:30:05 +0700][ERROR] [2]: VendorController handler class cannot be loaded

[Thu, 22 Nov 18 00:30:05 +0700][ERROR] [2]: PubilcController handler class cannot be loaded

[Thu, 22 Nov 18 00:30:07 +0700][ERROR] [2]: PubilcController handler class cannot be loaded

[Thu, 22 Nov 18 00:30:07 +0700][ERROR] [2]: VendorController handler class cannot be loaded

[Thu, 22 Nov 18 00:30:07 +0700][ERROR] [2]: PubilcController handler class cannot be loaded

[Thu, 22 Nov 18 00:30:08 +0700][ERROR] [2]: PageTopController handler class cannot be loaded

[Thu, 22 Nov 18 00:30:08 +0700][ERROR] [2]: PubilcController handler class cannot be loaded

[Thu, 22 Nov 18 00:30:08 +0700][ERROR] [2]: VendorController handler class cannot be loaded

[Thu, 22 Nov 18 00:30:09 +0700][ERROR] [2]: PubilcController handler class cannot be loaded

[Thu, 22 Nov 18 00:30:09 +0700][ERROR] [2]: VendorController handler class cannot be loaded

[Thu, 22 Nov 18 00:30:09 +0700][ERROR] [2]: VendorController handler class cannot be loaded

[Thu, 22 Nov 18 00:30:09 +0700][ERROR] [2]: PubilcController handler class cannot be loaded

[Thu, 22 Nov 18 00:30:10 +0700][ERROR] [2]: PubilcController handler class cannot be loaded

[Thu, 22 Nov 18 00:30:10 +0700][ERROR] [2]: VendorController handler class cannot be loaded

[Thu, 22 Nov 18 00:30:10 +0700][ERROR] [5]: Action 'public' was not found on handler 'exhibition'

[Thu, 22 Nov 18 00:30:10 +0700][ERROR] [5]: Action 'public' was not found on handler 'exhibition'

[Thu, 22 Nov 18 00:30:13 +0700][ERROR] [2]: PubilcController handler class cannot be loaded

[Thu, 22 Nov 18 00:30:13 +0700][ERROR] [2]: VendorController handler class cannot be loaded

[Thu, 22 Nov 18 00:30:13 +0700][ERROR] [2]: PubilcController handler class cannot be loaded

[Thu, 22 Nov 18 00:30:13 +0700][ERROR] [2]: PubilcController handler class cannot be loaded

[Thu, 22 Nov 18 00:30:13 +0700][ERROR] [2]: VendorController handler class cannot be loaded

[Thu, 22 Nov 18 00:30:13 +0700][ERROR] [5]: Action 'public' was not found on handler 'authen'

[Thu, 22 Nov 18 00:30:13 +0700][ERROR] [5]: Action 'public' was not found on handler 'authen'

[Thu, 22 Nov 18 00:30:13 +0700][ERROR] [5]: Action 'public' was not found on handler 'authen'

[Thu, 22 Nov 18 00:30:22 +0700][ERROR] [2]: PubilcController handler class cannot be loaded

[Thu, 22 Nov 18 00:30:22 +0700][ERROR] [2]: VendorController handler class cannot be loaded

[Thu, 22 Nov 18 00:30:22 +0700][ERROR] [2]: PubilcController handler class cannot be loaded

[Thu, 22 Nov 18 00:30:25 +0700][ERROR] [2]: PubilcController handler class cannot be loaded

[Thu, 22 Nov 18 00:30:25 +0700][ERROR] [2]: VendorController handler class cannot be loaded

[Thu, 22 Nov 18 00:30:25 +0700][ERROR] [2]: PubilcController handler class cannot be loaded

[Thu, 22 Nov 18 00:30:26 +0700][ERROR] [2]: PubilcController handler class cannot be loaded

[Thu, 22 Nov 18 00:30:26 +0700][ERROR] [2]: VendorController handler class cannot be loaded

[Thu, 22 Nov 18 00:30:26 +0700][ERROR] [5]: Action 'public' was not found on handler 'exhibition'

[Thu, 22 Nov 18 00:30:31 +0700][ERROR] [2]: PageTopController handler class cannot be loaded

[Thu, 22 Nov 18 00:30:31 +0700][ERROR] [2]: PubilcController handler class cannot be loaded

[Thu, 22 Nov 18 00:30:31 +0700][ERROR] [2]: VendorController handler class cannot be loaded

[Thu, 22 Nov 18 00:30:48 +0700][ERROR] [2]: PubilcController handler class cannot be loaded

[Thu, 22 Nov 18 00:30:48 +0700][ERROR] [2]: VendorController handler class cannot be loaded

[Thu, 22 Nov 18 00:30:48 +0700][ERROR] [2]: VendorController handler class cannot be loaded

[Thu, 22 Nov 18 00:30:48 +0700][ERROR] [2]: PubilcController handler class cannot be loaded

[Thu, 22 Nov 18 00:30:49 +0700][ERROR] [2]: PubilcController handler class cannot be loaded

[Thu, 22 Nov 18 00:30:49 +0700][ERROR] [2]: VendorController handler class cannot be loaded

[Thu, 22 Nov 18 00:30:49 +0700][ERROR] [5]: Action 'public' was not found on handler 'exhibition'

[Thu, 22 Nov 18 00:31:02 +0700][ERROR] [2]: PubilcController handler class cannot be loaded

[Thu, 22 Nov 18 00:31:02 +0700][ERROR] [2]: VendorController handler class cannot be loaded

[Thu, 22 Nov 18 00:31:02 +0700][ERROR] [2]: PubilcController handler class cannot be loaded

[Thu, 22 Nov 18 00:31:04 +0700][ERROR] [2]: PubilcController handler class cannot be loaded

[Thu, 22 Nov 18 00:31:04 +0700][ERROR] [2]: VendorController handler class cannot be loaded

[Thu, 22 Nov 18 00:31:04 +0700][ERROR] [5]: Action 'public' was not found on handler 'exhibition'

[Thu, 22 Nov 18 00:31:06 +0700][ERROR] [2]: PubilcController handler class cannot be loaded

[Thu, 22 Nov 18 00:31:06 +0700][ERROR] [2]: VendorController handler class cannot be loaded

[Thu, 22 Nov 18 00:31:06 +0700][ERROR] [2]: PubilcController handler class cannot be loaded

[Thu, 22 Nov 18 00:31:08 +0700][ERROR] [2]: PubilcController handler class cannot be loaded

[Thu, 22 Nov 18 00:31:08 +0700][ERROR] [2]: VendorController handler class cannot be loaded

[Thu, 22 Nov 18 00:31:08 +0700][ERROR] [5]: Action 'public' was not found on handler 'exhibition'

[Thu, 22 Nov 18 00:31:08 +0700][ERROR] [5]: Action 'public' was not found on handler 'exhibition'

[Thu, 22 Nov 18 00:31:09 +0700][ERROR] [2]: PubilcController handler class cannot be loaded

[Thu, 22 Nov 18 00:31:09 +0700][ERROR] [2]: PubilcController handler class cannot be loaded

[Thu, 22 Nov 18 00:31:10 +0700][ERROR] [2]: PubilcController handler class cannot be loaded

[Thu, 22 Nov 18 00:31:10 +0700][ERROR] [2]: VendorController handler class cannot be loaded

[Thu, 22 Nov 18 00:31:10 +0700][ERROR] [5]: Action 'public' was not found on handler 'authen'

[Thu, 22 Nov 18 00:31:10 +0700][ERROR] [5]: Action 'public' was not found on handler 'authen'

[Thu, 22 Nov 18 00:31:15 +0700][ERROR] [2]: PubilcController handler class cannot be loaded

[Thu, 22 Nov 18 00:31:15 +0700][ERROR] [2]: VendorController handler class cannot be loaded

[Thu, 22 Nov 18 00:31:15 +0700][ERROR] [2]: PubilcController handler class cannot be loaded

[Thu, 22 Nov 18 00:31:16 +0700][ERROR] [2]: PubilcController handler class cannot be loaded

[Thu, 22 Nov 18 00:31:16 +0700][ERROR] [2]: PubilcController handler class cannot be loaded

[Thu, 22 Nov 18 00:31:18 +0700][ERROR] [2]: PubilcController handler class cannot be loaded

[Thu, 22 Nov 18 00:31:18 +0700][ERROR] [2]: VendorController handler class cannot be loaded

[Thu, 22 Nov 18 00:31:18 +0700][ERROR] [2]: VendorController handler class cannot be loaded

[Thu, 22 Nov 18 00:31:18 +0700][ERROR] [5]: Action 'public' was not found on handler 'exhibition'

[Thu, 22 Nov 18 00:31:18 +0700][ERROR] [5]: Action 'public' was not found on handler 'exhibition'

[Thu, 22 Nov 18 00:31:19 +0700][ERROR] [2]: PubilcController handler class cannot be loaded

[Thu, 22 Nov 18 00:31:19 +0700][ERROR] [2]: VendorController handler class cannot be loaded

[Thu, 22 Nov 18 00:31:19 +0700][ERROR] [2]: PubilcController handler class cannot be loaded

[Thu, 22 Nov 18 00:31:26 +0700][ERROR] [2]: PageTopController handler class cannot be loaded

[Thu, 22 Nov 18 00:31:26 +0700][ERROR] [2]: PubilcController handler class cannot be loaded

[Thu, 22 Nov 18 00:31:26 +0700][ERROR] [2]: VendorController handler class cannot be loaded

[Thu, 22 Nov 18 00:31:28 +0700][ERROR] [2]: PubilcController handler class cannot be loaded

[Thu, 22 Nov 18 00:31:28 +0700][ERROR] [2]: VendorController handler class cannot be loaded

[Thu, 22 Nov 18 00:31:28 +0700][ERROR] [5]: Action 'public' was not found on handler 'authen'

[Thu, 22 Nov 18 00:31:28 +0700][ERROR] [5]: Action 'public' was not found on handler 'authen'

[Thu, 22 Nov 18 00:31:28 +0700][ERROR] [5]: Action 'public' was not found on handler 'authen'

[Thu, 22 Nov 18 00:31:28 +0700][ERROR] [5]: Action 'public' was not found on handler 'authen'

[Thu, 22 Nov 18 00:31:34 +0700][ERROR] [2]: PubilcController handler class cannot be loaded

[Thu, 22 Nov 18 00:31:34 +0700][ERROR] [2]: VendorController handler class cannot be loaded

[Thu, 22 Nov 18 00:31:34 +0700][ERROR] [2]: VendorController handler class cannot be loaded

[Thu, 22 Nov 18 00:31:34 +0700][ERROR] [2]: VendorController handler class cannot be loaded

[Thu, 22 Nov 18 00:31:34 +0700][ERROR] [2]: VendorController handler class cannot be loaded

[Thu, 22 Nov 18 00:31:34 +0700][ERROR] [2]: VendorController handler class cannot be loaded

[Thu, 22 Nov 18 00:31:34 +0700][ERROR] [2]: VendorController handler class cannot be loaded

[Thu, 22 Nov 18 00:31:34 +0700][ERROR] [2]: PubilcController handler class cannot be loaded

[Thu, 22 Nov 18 00:31:36 +0700][ERROR] [2]: PubilcController handler class cannot be loaded

[Thu, 22 Nov 18 00:31:36 +0700][ERROR] [2]: VendorController handler class cannot be loaded

[Thu, 22 Nov 18 00:31:36 +0700][ERROR] [2]: PubilcController handler class cannot be loaded

[Thu, 22 Nov 18 00:31:37 +0700][ERROR] [2]: PubilcController handler class cannot be loaded

[Thu, 22 Nov 18 00:31:37 +0700][ERROR] [2]: VendorController handler class cannot be loaded

[Thu, 22 Nov 18 00:31:37 +0700][ERROR] [5]: Action 'public' was not found on handler 'exhibition'

[Thu, 22 Nov 18 00:31:37 +0700][ERROR] [5]: Action 'public' was not found on handler 'exhibition'

[Thu, 22 Nov 18 00:31:38 +0700][ERROR] [2]: PubilcController handler class cannot be loaded

[Thu, 22 Nov 18 00:31:38 +0700][ERROR] [2]: VendorController handler class cannot be loaded

[Thu, 22 Nov 18 00:31:38 +0700][ERROR] [2]: PubilcController handler class cannot be loaded

[Thu, 22 Nov 18 00:33:00 +0700][ERROR] [2]: PubilcController handler class cannot be loaded

[Thu, 22 Nov 18 00:33:00 +0700][ERROR] [2]: VendorController handler class cannot be loaded

[Thu, 22 Nov 18 00:33:00 +0700][ERROR] [2]: VendorController handler class cannot be loaded

[Thu, 22 Nov 18 00:33:00 +0700][ERROR] [2]: PubilcController handler class cannot be loaded

[Thu, 22 Nov 18 00:33:02 +0700][ERROR] [2]: PubilcController handler class cannot be loaded

[Thu, 22 Nov 18 00:33:02 +0700][ERROR] [2]: VendorController handler class cannot be loaded

[Thu, 22 Nov 18 00:33:02 +0700][ERROR] [5]: Action 'public' was not found on handler 'exhibition'

[Thu, 22 Nov 18 00:33:02 +0700][ERROR] [5]: Action 'public' was not found on handler 'exhibition'

[Thu, 22 Nov 18 00:33:10 +0700][ERROR] [2]: PubilcController handler class cannot be loaded

[Thu, 22 Nov 18 00:33:10 +0700][ERROR] [2]: VendorController handler class cannot be loaded

[Thu, 22 Nov 18 00:33:10 +0700][ERROR] [5]: Action 'public' was not found on handler 'exhibition'

[Thu, 22 Nov 18 00:33:10 +0700][ERROR] [5]: Action 'public' was not found on handler 'exhibition'

[Thu, 22 Nov 18 00:33:10 +0700][ERROR] [2]: PubilcController handler class cannot be loaded

[Thu, 22 Nov 18 00:33:10 +0700][ERROR] [2]: VendorController handler class cannot be loaded

[Thu, 22 Nov 18 00:33:11 +0700][ERROR] [2]: PubilcController handler class cannot be loaded

[Thu, 22 Nov 18 00:33:13 +0700][ERROR] [2]: PubilcController handler class cannot be loaded

[Thu, 22 Nov 18 00:33:13 +0700][ERROR] [2]: VendorController handler class cannot be loaded

[Thu, 22 Nov 18 00:33:13 +0700][ERROR] [5]: Action 'public' was not found on handler 'exhibition'

[Thu, 22 Nov 18 00:33:14 +0700][ERROR] [2]: PubilcController handler class cannot be loaded

[Thu, 22 Nov 18 00:33:14 +0700][ERROR] [2]: VendorController handler class cannot be loaded

[Thu, 22 Nov 18 00:33:14 +0700][ERROR] [2]: PubilcController handler class cannot be loaded

[Thu, 22 Nov 18 00:33:15 +0700][ERROR] [2]: PageTopController handler class cannot be loaded

[Thu, 22 Nov 18 00:33:15 +0700][ERROR] [2]: PubilcController handler class cannot be loaded

[Thu, 22 Nov 18 00:33:15 +0700][ERROR] [2]: VendorController handler class cannot be loaded

[Thu, 22 Nov 18 00:33:21 +0700][ERROR] [2]: PubilcController handler class cannot be loaded

[Thu, 22 Nov 18 00:33:21 +0700][ERROR] [2]: VendorController handler class cannot be loaded

[Thu, 22 Nov 18 00:33:21 +0700][ERROR] [2]: PubilcController handler class cannot be loaded

[Thu, 22 Nov 18 00:33:22 +0700][ERROR] [2]: PubilcController handler class cannot be loaded

[Thu, 22 Nov 18 00:33:22 +0700][ERROR] [2]: VendorController handler class cannot be loaded

[Thu, 22 Nov 18 00:33:22 +0700][ERROR] [5]: Action 'public' was not found on handler 'exhibition'

[Thu, 22 Nov 18 00:33:22 +0700][ERROR] [5]: Action 'public' was not found on handler 'exhibition'

[Thu, 22 Nov 18 00:33:24 +0700][ERROR] [2]: PubilcController handler class cannot be loaded

[Thu, 22 Nov 18 00:33:24 +0700][ERROR] [2]: VendorController handler class cannot be loaded

[Thu, 22 Nov 18 00:33:24 +0700][ERROR] [2]: VendorController handler class cannot be loaded

[Thu, 22 Nov 18 00:33:24 +0700][ERROR] [2]: PubilcController handler class cannot be loaded

[Thu, 22 Nov 18 00:33:24 +0700][ERROR] [2]: PubilcController handler class cannot be loaded

[Thu, 22 Nov 18 00:33:24 +0700][ERROR] [2]: VendorController handler class cannot be loaded

[Thu, 22 Nov 18 00:33:24 +0700][ERROR] [5]: Action 'public' was not found on handler 'authen'

[Thu, 22 Nov 18 00:33:24 +0700][ERROR] [5]: Action 'public' was not found on handler 'authen'

[Thu, 22 Nov 18 00:33:24 +0700][ERROR] [5]: Action 'public' was not found on handler 'authen'

[Thu, 22 Nov 18 00:33:24 +0700][ERROR] [5]: Action 'public' was not found on handler 'authen'

[Thu, 22 Nov 18 00:33:28 +0700][ERROR] [2]: PubilcController handler class cannot be loaded

[Thu, 22 Nov 18 00:33:28 +0700][ERROR] [2]: VendorController handler class cannot be loaded

[Thu, 22 Nov 18 00:33:28 +0700][ERROR] [2]: PubilcController handler class cannot be loaded

[Thu, 22 Nov 18 00:33:30 +0700][ERROR] [2]: PubilcController handler class cannot be loaded

[Thu, 22 Nov 18 00:33:30 +0700][ERROR] [2]: VendorController handler class cannot be loaded

[Thu, 22 Nov 18 00:33:30 +0700][ERROR] [2]: PubilcController handler class cannot be loaded

[Thu, 22 Nov 18 00:33:32 +0700][ERROR] [2]: PubilcController handler class cannot be loaded

[Thu, 22 Nov 18 00:33:32 +0700][ERROR] [2]: VendorController handler class cannot be loaded

[Thu, 22 Nov 18 00:33:32 +0700][ERROR] [5]: Action 'public' was not found on handler 'exhibition'

[Thu, 22 Nov 18 00:33:34 +0700][ERROR] [2]: PubilcController handler class cannot be loaded

[Thu, 22 Nov 18 00:33:34 +0700][ERROR] [2]: VendorController handler class cannot be loaded

[Thu, 22 Nov 18 00:33:34 +0700][ERROR] [2]: PubilcController handler class cannot be loaded

[Thu, 22 Nov 18 00:33:37 +0700][ERROR] [2]: PubilcController handler class cannot be loaded

[Thu, 22 Nov 18 00:33:37 +0700][ERROR] [2]: VendorController handler class cannot be loaded

[Thu, 22 Nov 18 00:33:37 +0700][ERROR] [2]: PubilcController handler class cannot be loaded

[Thu, 22 Nov 18 00:33:39 +0700][ERROR] [2]: PubilcController handler class cannot be loaded

[Thu, 22 Nov 18 00:33:39 +0700][ERROR] [2]: VendorController handler class cannot be loaded

[Thu, 22 Nov 18 00:33:39 +0700][ERROR] [2]: PubilcController handler class cannot be loaded

[Thu, 22 Nov 18 00:33:40 +0700][ERROR] [2]: PubilcController handler class cannot be loaded

[Thu, 22 Nov 18 00:33:40 +0700][ERROR] [2]: VendorController handler class cannot be loaded

[Thu, 22 Nov 18 00:33:40 +0700][ERROR] [2]: PubilcController handler class cannot be loaded

[Thu, 22 Nov 18 00:33:41 +0700][ERROR] [2]: PubilcController handler class cannot be loaded

[Thu, 22 Nov 18 00:33:41 +0700][ERROR] [2]: VendorController handler class cannot be loaded

[Thu, 22 Nov 18 00:33:41 +0700][ERROR] [5]: Action 'public' was not found on handler 'exhibition'

[Thu, 22 Nov 18 00:33:41 +0700][ERROR] [5]: Action 'public' was not found on handler 'exhibition'

[Thu, 22 Nov 18 00:33:42 +0700][ERROR] [2]: PubilcController handler class cannot be loaded

[Thu, 22 Nov 18 00:33:42 +0700][ERROR] [2]: VendorController handler class cannot be loaded

[Thu, 22 Nov 18 00:33:42 +0700][ERROR] [2]: PubilcController handler class cannot be loaded

[Thu, 22 Nov 18 00:33:43 +0700][ERROR] [2]: PubilcController handler class cannot be loaded

[Thu, 22 Nov 18 00:33:43 +0700][ERROR] [2]: VendorController handler class cannot be loaded

[Thu, 22 Nov 18 00:33:43 +0700][ERROR] [5]: Action 'public' was not found on handler 'exhibition'

[Thu, 22 Nov 18 00:33:46 +0700][ERROR] [2]: PubilcController handler class cannot be loaded

[Thu, 22 Nov 18 00:33:46 +0700][ERROR] [2]: VendorController handler class cannot be loaded

[Thu, 22 Nov 18 00:33:46 +0700][ERROR] [2]: PubilcController handler class cannot be loaded

[Thu, 22 Nov 18 00:33:48 +0700][ERROR] [2]: PageTopController handler class cannot be loaded

[Thu, 22 Nov 18 00:33:48 +0700][ERROR] [2]: PubilcController handler class cannot be loaded

[Thu, 22 Nov 18 00:33:48 +0700][ERROR] [2]: VendorController handler class cannot be loaded

[Thu, 22 Nov 18 00:35:11 +0700][ERROR] [2]: PubilcController handler class cannot be loaded

[Thu, 22 Nov 18 00:35:11 +0700][ERROR] [2]: VendorController handler class cannot be loaded

[Thu, 22 Nov 18 00:35:11 +0700][ERROR] [2]: VendorController handler class cannot be loaded

[Thu, 22 Nov 18 00:35:11 +0700][ERROR] [2]: PubilcController handler class cannot be loaded

[Thu, 22 Nov 18 00:35:13 +0700][ERROR] [2]: PubilcController handler class cannot be loaded

[Thu, 22 Nov 18 00:35:13 +0700][ERROR] [2]: VendorController handler class cannot be loaded

[Thu, 22 Nov 18 00:35:13 +0700][ERROR] [5]: Action 'public' was not found on handler 'artclass'

[Thu, 22 Nov 18 00:35:13 +0700][ERROR] [5]: Action 'public' was not found on handler 'artclass'

[Thu, 22 Nov 18 00:35:19 +0700][ERROR] [2]: PubilcController handler class cannot be loaded

[Thu, 22 Nov 18 00:35:19 +0700][ERROR] [2]: VendorController handler class cannot be loaded

[Thu, 22 Nov 18 00:35:19 +0700][ERROR] [5]: Action 'public' was not found on handler 'authen'

[Thu, 22 Nov 18 00:35:24 +0700][ERROR] [2]: PubilcController handler class cannot be loaded

[Thu, 22 Nov 18 00:35:24 +0700][ERROR] [2]: VendorController handler class cannot be loaded

[Thu, 22 Nov 18 00:35:24 +0700][ERROR] [2]: PubilcController handler class cannot be loaded

[Thu, 22 Nov 18 00:35:25 +0700][ERROR] [2]: PubilcController handler class cannot be loaded

[Thu, 22 Nov 18 00:35:25 +0700][ERROR] [2]: VendorController handler class cannot be loaded

[Thu, 22 Nov 18 00:35:25 +0700][ERROR] [2]: PubilcController handler class cannot be loaded

[Thu, 22 Nov 18 00:35:26 +0700][ERROR] [2]: PubilcController handler class cannot be loaded

[Thu, 22 Nov 18 00:35:26 +0700][ERROR] [2]: VendorController handler class cannot be loaded

[Thu, 22 Nov 18 00:35:27 +0700][ERROR] [5]: Action 'public' was not found on handler 'artclass'

[Thu, 22 Nov 18 00:35:27 +0700][ERROR] [5]: Action 'public' was not found on handler 'artclass'

[Thu, 22 Nov 18 00:35:27 +0700][ERROR] [5]: Action 'public' was not found on handler 'artclass'

[Thu, 22 Nov 18 00:35:28 +0700][ERROR] [2]: PubilcController handler class cannot be loaded

[Thu, 22 Nov 18 00:35:28 +0700][ERROR] [2]: VendorController handler class cannot be loaded

[Thu, 22 Nov 18 00:35:28 +0700][ERROR] [2]: PubilcController handler class cannot be loaded

[Thu, 22 Nov 18 00:35:33 +0700][ERROR] [2]: PubilcController handler class cannot be loaded

[Thu, 22 Nov 18 00:35:33 +0700][ERROR] [2]: VendorController handler class cannot be loaded

[Thu, 22 Nov 18 00:35:34 +0700][ERROR] [2]: PubilcController handler class cannot be loaded

[Thu, 22 Nov 18 00:35:36 +0700][ERROR] [2]: PageTopController handler class cannot be loaded

[Thu, 22 Nov 18 00:35:36 +0700][ERROR] [2]: PubilcController handler class cannot be loaded

[Thu, 22 Nov 18 00:35:36 +0700][ERROR] [2]: VendorController handler class cannot be loaded

[Thu, 22 Nov 18 00:35:37 +0700][ERROR] [2]: PubilcController handler class cannot be loaded

[Thu, 22 Nov 18 00:35:37 +0700][ERROR] [2]: VendorController handler class cannot be loaded

[Thu, 22 Nov 18 00:35:37 +0700][ERROR] [5]: Action 'public' was not found on handler 'authen'

[Thu, 22 Nov 18 00:35:37 +0700][ERROR] [5]: Action 'public' was not found on handler 'authen'

[Thu, 22 Nov 18 00:35:37 +0700][ERROR] [5]: Action 'public' was not found on handler 'authen'

[Thu, 22 Nov 18 00:35:37 +0700][ERROR] [5]: Action 'public' was not found on handler 'authen'

[Thu, 22 Nov 18 00:35:41 +0700][ERROR] [2]: PubilcController handler class cannot be loaded

[Thu, 22 Nov 18 00:35:41 +0700][ERROR] [2]: VendorController handler class cannot be loaded

[Thu, 22 Nov 18 00:35:41 +0700][ERROR] [5]: Action 'public' was not found on handler 'authen'

[Thu, 22 Nov 18 00:35:41 +0700][ERROR] [5]: Action 'public' was not found on handler 'authen'

[Thu, 22 Nov 18 00:35:41 +0700][ERROR] [5]: Action 'public' was not found on handler 'authen'

[Thu, 22 Nov 18 00:35:41 +0700][ERROR] [5]: Action 'public' was not found on handler 'authen'

[Thu, 22 Nov 18 00:35:45 +0700][ERROR] [2]: PubilcController handler class cannot be loaded

[Thu, 22 Nov 18 00:35:46 +0700][ERROR] [2]: VendorController handler class cannot be loaded

[Thu, 22 Nov 18 00:35:46 +0700][ERROR] [2]: PubilcController handler class cannot be loaded

[Thu, 22 Nov 18 00:35:48 +0700][ERROR] [2]: PubilcController handler class cannot be loaded

[Thu, 22 Nov 18 00:35:48 +0700][ERROR] [2]: VendorController handler class cannot be loaded

[Thu, 22 Nov 18 00:35:48 +0700][ERROR] [2]: PubilcController handler class cannot be loaded

[Thu, 22 Nov 18 00:35:51 +0700][ERROR] [2]: PubilcController handler class cannot be loaded

[Thu, 22 Nov 18 00:35:51 +0700][ERROR] [2]: VendorController handler class cannot be loaded

[Thu, 22 Nov 18 00:35:51 +0700][ERROR] [5]: Action 'public' was not found on handler 'artclass'

[Thu, 22 Nov 18 00:35:51 +0700][ERROR] [5]: Action 'public' was not found on handler 'artclass'

[Thu, 22 Nov 18 00:36:22 +0700][ERROR] [2]: PubilcController handler class cannot be loaded

[Thu, 22 Nov 18 00:36:22 +0700][ERROR] [5]: Action 'public' was not found on handler 'artclass'

[Thu, 22 Nov 18 00:36:22 +0700][ERROR] [5]: Action 'public' was not found on handler 'artclass'

[Thu, 22 Nov 18 00:36:22 +0700][ERROR] [5]: Action 'public' was not found on handler 'artclass'

[Thu, 22 Nov 18 00:36:41 +0700][ERROR] [2]: PubilcController handler class cannot be loaded

[Thu, 22 Nov 18 00:36:41 +0700][ERROR] [2]: VendorController handler class cannot be loaded

[Thu, 22 Nov 18 00:36:41 +0700][ERROR] [5]: Action 'public' was not found on handler 'artclass'

[Thu, 22 Nov 18 00:36:49 +0700][ERROR] [2]: PubilcController handler class cannot be loaded

[Thu, 22 Nov 18 00:36:49 +0700][ERROR] [2]: VendorController handler class cannot be loaded

[Thu, 22 Nov 18 00:36:49 +0700][ERROR] [5]: Action 'public' was not found on handler 'artclass'

[Thu, 22 Nov 18 00:36:49 +0700][ERROR] [5]: Action 'public' was not found on handler 'artclass'

[Thu, 22 Nov 18 00:36:49 +0700][ERROR] [5]: Action 'public' was not found on handler 'artclass'

[Thu, 22 Nov 18 00:36:49 +0700][ERROR] [5]: Action 'public' was not found on handler 'artclass'

[Thu, 22 Nov 18 00:36:49 +0700][ERROR] [2]: VendorController handler class cannot be loaded

[Thu, 22 Nov 18 00:36:49 +0700][ERROR] [5]: Action 'public' was not found on handler 'artclass'

[Thu, 22 Nov 18 00:36:49 +0700][ERROR] [5]: Action 'public' was not found on handler 'artclass'

[Thu, 22 Nov 18 00:36:49 +0700][ERROR] [5]: Action 'public' was not found on handler 'artclass'

[Thu, 22 Nov 18 00:36:49 +0700][ERROR] [5]: Action 'public' was not found on handler 'artclass'

[Thu, 22 Nov 18 00:36:51 +0700][ERROR] [2]: IndexController handler class cannot be loaded

[Thu, 22 Nov 18 00:36:51 +0700][ERROR] [2]: PubilcController handler class cannot be loaded

[Thu, 22 Nov 18 00:36:51 +0700][ERROR] [2]: VendorController handler class cannot be loaded

[Thu, 22 Nov 18 00:36:56 +0700][ERROR] [2]: PubilcController handler class cannot be loaded

[Thu, 22 Nov 18 00:36:56 +0700][ERROR] [2]: VendorController handler class cannot be loaded

[Thu, 22 Nov 18 00:36:56 +0700][ERROR] [2]: PubilcController handler class cannot be loaded

[Thu, 22 Nov 18 00:36:58 +0700][ERROR] [2]: PubilcController handler class cannot be loaded

[Thu, 22 Nov 18 00:36:58 +0700][ERROR] [2]: VendorController handler class cannot be loaded

[Thu, 22 Nov 18 00:36:58 +0700][ERROR] [5]: Action 'public' was not found on handler 'artclass'

[Thu, 22 Nov 18 00:36:59 +0700][ERROR] [2]: IndexController handler class cannot be loaded

[Thu, 22 Nov 18 00:36:59 +0700][ERROR] [2]: PubilcController handler class cannot be loaded

[Thu, 22 Nov 18 00:36:59 +0700][ERROR] [2]: VendorController handler class cannot be loaded

[Thu, 22 Nov 18 00:37:02 +0700][ERROR] [2]: PageTopController handler class cannot be loaded

[Thu, 22 Nov 18 00:37:02 +0700][ERROR] [2]: PubilcController handler class cannot be loaded

[Thu, 22 Nov 18 00:37:02 +0700][ERROR] [2]: VendorController handler class cannot be loaded

[Thu, 22 Nov 18 00:37:04 +0700][ERROR] [2]: PubilcController handler class cannot be loaded

[Thu, 22 Nov 18 00:37:04 +0700][ERROR] [2]: VendorController handler class cannot be loaded

[Thu, 22 Nov 18 00:37:04 +0700][ERROR] [2]: PubilcController handler class cannot be loaded

[Thu, 22 Nov 18 00:37:04 +0700][ERROR] [2]: PubilcController handler class cannot be loaded

[Thu, 22 Nov 18 00:37:04 +0700][ERROR] [2]: VendorController handler class cannot be loaded

[Thu, 22 Nov 18 00:37:04 +0700][ERROR] [2]: PubilcController handler class cannot be loaded

[Thu, 22 Nov 18 00:37:06 +0700][ERROR] [2]: PubilcController handler class cannot be loaded

[Thu, 22 Nov 18 00:37:06 +0700][ERROR] [2]: VendorController handler class cannot be loaded

[Thu, 22 Nov 18 00:37:06 +0700][ERROR] [5]: Action 'public' was not found on handler 'artclass'

[Thu, 22 Nov 18 00:37:06 +0700][ERROR] [5]: Action 'public' was not found on handler 'artclass'

[Thu, 22 Nov 18 00:37:06 +0700][ERROR] [5]: Action 'public' was not found on handler 'artclass'

[Thu, 22 Nov 18 00:37:07 +0700][ERROR] [2]: IndexController handler class cannot be loaded

[Thu, 22 Nov 18 00:37:07 +0700][ERROR] [2]: PubilcController handler class cannot be loaded

[Thu, 22 Nov 18 00:37:07 +0700][ERROR] [2]: VendorController handler class cannot be loaded

[Thu, 22 Nov 18 00:37:26 +0700][ERROR] [2]: PubilcController handler class cannot be loaded

[Thu, 22 Nov 18 00:37:26 +0700][ERROR] [2]: VendorController handler class cannot be loaded

[Thu, 22 Nov 18 00:37:26 +0700][ERROR] [5]: Action 'public' was not found on handler 'artclass'

[Thu, 22 Nov 18 00:37:30 +0700][ERROR] [2]: IndexController handler class cannot be loaded

[Thu, 22 Nov 18 00:37:30 +0700][ERROR] [2]: PubilcController handler class cannot be loaded

[Thu, 22 Nov 18 00:37:30 +0700][ERROR] [2]: VendorController handler class cannot be loaded

[Thu, 22 Nov 18 00:37:36 +0700][ERROR] [2]: PubilcController handler class cannot be loaded

[Thu, 22 Nov 18 00:37:36 +0700][ERROR] [2]: VendorController handler class cannot be loaded

[Thu, 22 Nov 18 00:37:36 +0700][ERROR] [5]: Action 'public' was not found on handler 'authen'

[Thu, 22 Nov 18 00:37:44 +0700][ERROR] [2]: PubilcController handler class cannot be loaded

[Thu, 22 Nov 18 00:37:44 +0700][ERROR] [2]: VendorController handler class cannot be loaded

[Thu, 22 Nov 18 00:37:44 +0700][ERROR] [2]: VendorController handler class cannot be loaded

[Thu, 22 Nov 18 00:37:44 +0700][ERROR] [2]: VendorController handler class cannot be loaded

[Thu, 22 Nov 18 00:37:44 +0700][ERROR] [2]: VendorController handler class cannot be loaded

[Thu, 22 Nov 18 00:37:44 +0700][ERROR] [2]: PubilcController handler class cannot be loaded

[Thu, 22 Nov 18 00:37:46 +0700][ERROR] [2]: PubilcController handler class cannot be loaded

[Thu, 22 Nov 18 00:37:46 +0700][ERROR] [2]: VendorController handler class cannot be loaded

[Thu, 22 Nov 18 00:37:46 +0700][ERROR] [2]: PubilcController handler class cannot be loaded

[Thu, 22 Nov 18 00:37:48 +0700][ERROR] [2]: PubilcController handler class cannot be loaded

[Thu, 22 Nov 18 00:37:48 +0700][ERROR] [2]: VendorController handler class cannot be loaded

[Thu, 22 Nov 18 00:37:48 +0700][ERROR] [5]: Action 'public' was not found on handler 'artclass'

[Thu, 22 Nov 18 00:38:27 +0700][ERROR] [2]: PubilcController handler class cannot be loaded

[Thu, 22 Nov 18 00:38:27 +0700][ERROR] [2]: VendorController handler class cannot be loaded

[Thu, 22 Nov 18 00:38:27 +0700][ERROR] [5]: Action 'public' was not found on handler 'artclass'

[Thu, 22 Nov 18 00:38:27 +0700][ERROR] [5]: Action 'public' was not found on handler 'artclass'

[Thu, 22 Nov 18 00:38:27 +0700][ERROR] [5]: Action 'public' was not found on handler 'artclass'

[Thu, 22 Nov 18 00:38:30 +0700][ERROR] [2]: IndexController handler class cannot be loaded

[Thu, 22 Nov 18 00:38:30 +0700][ERROR] [2]: PubilcController handler class cannot be loaded

[Thu, 22 Nov 18 00:38:30 +0700][ERROR] [2]: VendorController handler class cannot be loaded

[Thu, 22 Nov 18 00:38:30 +0700][ERROR] [2]: VendorController handler class cannot be loaded

[Thu, 22 Nov 18 00:38:30 +0700][ERROR] [2]: VendorController handler class cannot be loaded

[Thu, 22 Nov 18 00:38:30 +0700][ERROR] [2]: PageTopController handler class cannot be loaded

[Thu, 22 Nov 18 00:38:30 +0700][ERROR] [2]: PubilcController handler class cannot be loaded

[Thu, 22 Nov 18 00:38:30 +0700][ERROR] [2]: VendorController handler class cannot be loaded

[Thu, 22 Nov 18 00:38:31 +0700][ERROR] [2]: PubilcController handler class cannot be loaded

[Thu, 22 Nov 18 00:38:31 +0700][ERROR] [2]: VendorController handler class cannot be loaded

[Thu, 22 Nov 18 00:38:31 +0700][ERROR] [2]: PubilcController handler class cannot be loaded

[Thu, 22 Nov 18 00:38:32 +0700][ERROR] [2]: PubilcController handler class cannot be loaded

[Thu, 22 Nov 18 00:38:32 +0700][ERROR] [2]: VendorController handler class cannot be loaded

[Thu, 22 Nov 18 00:38:32 +0700][ERROR] [2]: PubilcController handler class cannot be loaded

[Thu, 22 Nov 18 00:38:33 +0700][ERROR] [2]: PubilcController handler class cannot be loaded

[Thu, 22 Nov 18 00:38:33 +0700][ERROR] [2]: VendorController handler class cannot be loaded

[Thu, 22 Nov 18 00:38:33 +0700][ERROR] [5]: Action 'public' was not found on handler 'artclass'

[Thu, 22 Nov 18 00:38:33 +0700][ERROR] [2]: VendorController handler class cannot be loaded

[Thu, 22 Nov 18 00:38:33 +0700][ERROR] [5]: Action 'public' was not found on handler 'artclass'

[Thu, 22 Nov 18 00:38:35 +0700][ERROR] [2]: IndexController handler class cannot be loaded

[Thu, 22 Nov 18 00:38:35 +0700][ERROR] [2]: PubilcController handler class cannot be loaded

[Thu, 22 Nov 18 00:38:35 +0700][ERROR] [2]: VendorController handler class cannot be loaded

[Thu, 22 Nov 18 00:38:37 +0700][ERROR] [2]: PubilcController handler class cannot be loaded

[Thu, 22 Nov 18 00:38:37 +0700][ERROR] [2]: VendorController handler class cannot be loaded

[Thu, 22 Nov 18 00:38:37 +0700][ERROR] [5]: Action 'public' was not found on handler 'authen'

[Thu, 22 Nov 18 00:38:37 +0700][ERROR] [5]: Action 'public' was not found on handler 'authen'

[Thu, 22 Nov 18 00:38:38 +0700][ERROR] [5]: Action 'public' was not found on handler 'authen'

[Thu, 22 Nov 18 00:38:38 +0700][ERROR] [5]: Action 'public' was not found on handler 'authen'

[Thu, 22 Nov 18 00:38:43 +0700][ERROR] [2]: PubilcController handler class cannot be loaded

[Thu, 22 Nov 18 00:38:43 +0700][ERROR] [2]: VendorController handler class cannot be loaded

[Thu, 22 Nov 18 00:38:43 +0700][ERROR] [2]: PubilcController handler class cannot be loaded

[Thu, 22 Nov 18 00:38:51 +0700][ERROR] [2]: PubilcController handler class cannot be loaded

[Thu, 22 Nov 18 00:38:51 +0700][ERROR] [2]: VendorController handler class cannot be loaded

[Thu, 22 Nov 18 00:38:51 +0700][ERROR] [2]: VendorController handler class cannot be loaded

[Thu, 22 Nov 18 00:38:51 +0700][ERROR] [5]: Action 'public' was not found on handler 'artclass'

[Thu, 22 Nov 18 00:38:51 +0700][ERROR] [5]: Action 'public' was not found on handler 'artclass'

[Thu, 22 Nov 18 00:38:54 +0700][ERROR] [2]: IndexController handler class cannot be loaded

[Thu, 22 Nov 18 00:38:54 +0700][ERROR] [2]: PubilcController handler class cannot be loaded

[Thu, 22 Nov 18 00:38:54 +0700][ERROR] [2]: VendorController handler class cannot be loaded

[Thu, 22 Nov 18 00:39:08 +0700][ERROR] [2]: PubilcController handler class cannot be loaded

[Thu, 22 Nov 18 00:39:08 +0700][ERROR] [2]: VendorController handler class cannot be loaded

[Thu, 22 Nov 18 00:39:08 +0700][ERROR] [2]: VendorController handler class cannot be loaded

[Thu, 22 Nov 18 00:39:08 +0700][ERROR] [2]: PubilcController handler class cannot be loaded

[Thu, 22 Nov 18 00:39:10 +0700][ERROR] [2]: PubilcController handler class cannot be loaded

[Thu, 22 Nov 18 00:39:10 +0700][ERROR] [2]: VendorController handler class cannot be loaded

[Thu, 22 Nov 18 00:39:10 +0700][ERROR] [5]: Action 'public' was not found on handler 'artclass'

[Thu, 22 Nov 18 00:39:10 +0700][ERROR] [5]: Action 'public' was not found on handler 'artclass'

[Thu, 22 Nov 18 00:39:12 +0700][ERROR] [2]: IndexController handler class cannot be loaded

[Thu, 22 Nov 18 00:39:12 +0700][ERROR] [2]: PubilcController handler class cannot be loaded

[Thu, 22 Nov 18 00:39:12 +0700][ERROR] [2]: VendorController handler class cannot be loaded

[Thu, 22 Nov 18 00:39:14 +0700][ERROR] [2]: PageTopController handler class cannot be loaded

[Thu, 22 Nov 18 00:39:14 +0700][ERROR] [2]: PubilcController handler class cannot be loaded

[Thu, 22 Nov 18 00:39:14 +0700][ERROR] [2]: VendorController handler class cannot be loaded

[Thu, 22 Nov 18 00:39:16 +0700][ERROR] [2]: PubilcController handler class cannot be loaded

[Thu, 22 Nov 18 00:39:16 +0700][ERROR] [2]: VendorController handler class cannot be loaded

[Thu, 22 Nov 18 00:39:16 +0700][ERROR] [5]: Action 'public' was not found on handler 'authen'

[Thu, 22 Nov 18 00:39:16 +0700][ERROR] [5]: Action 'public' was not found on handler 'authen'

[Thu, 22 Nov 18 00:39:22 +0700][ERROR] [2]: PubilcController handler class cannot be loaded

[Thu, 22 Nov 18 00:39:22 +0700][ERROR] [2]: VendorController handler class cannot be loaded

[Thu, 22 Nov 18 00:39:22 +0700][ERROR] [2]: VendorController handler class cannot be loaded

[Thu, 22 Nov 18 00:39:22 +0700][ERROR] [5]: Action 'public' was not found on handler 'authen'

[Thu, 22 Nov 18 00:39:22 +0700][ERROR] [5]: Action 'public' was not found on handler 'authen'

[Thu, 22 Nov 18 00:39:26 +0700][ERROR] [2]: PubilcController handler class cannot be loaded

[Thu, 22 Nov 18 00:39:26 +0700][ERROR] [2]: VendorController handler class cannot be loaded

[Thu, 22 Nov 18 00:39:26 +0700][ERROR] [2]: PubilcController handler class cannot be loaded

[Thu, 22 Nov 18 00:39:28 +0700][ERROR] [2]: PubilcController handler class cannot be loaded

[Thu, 22 Nov 18 00:39:28 +0700][ERROR] [2]: VendorController handler class cannot be loaded

[Thu, 22 Nov 18 00:39:28 +0700][ERROR] [2]: PubilcController handler class cannot be loaded

[Thu, 22 Nov 18 00:39:29 +0700][ERROR] [2]: PubilcController handler class cannot be loaded

[Thu, 22 Nov 18 00:39:29 +0700][ERROR] [2]: VendorController handler class cannot be loaded

[Thu, 22 Nov 18 00:39:30 +0700][ERROR] [5]: Action 'public' was not found on handler 'artclass'

[Thu, 22 Nov 18 00:39:30 +0700][ERROR] [5]: Action 'public' was not found on handler 'artclass'

[Thu, 22 Nov 18 00:39:32 +0700][ERROR] [2]: PubilcController handler class cannot be loaded

[Thu, 22 Nov 18 00:39:32 +0700][ERROR] [2]: VendorController handler class cannot be loaded

[Thu, 22 Nov 18 00:39:32 +0700][ERROR] [2]: PubilcController handler class cannot be loaded

[Thu, 22 Nov 18 00:39:34 +0700][ERROR] [2]: PubilcController handler class cannot be loaded

[Thu, 22 Nov 18 00:39:34 +0700][ERROR] [2]: VendorController handler class cannot be loaded

[Thu, 22 Nov 18 00:39:34 +0700][ERROR] [5]: Action 'public' was not found on handler 'artclass'

[Thu, 22 Nov 18 00:39:34 +0700][ERROR] [5]: Action 'public' was not found on handler 'artclass'

[Thu, 22 Nov 18 00:39:36 +0700][ERROR] [2]: PubilcController handler class cannot be loaded

[Thu, 22 Nov 18 00:39:36 +0700][ERROR] [2]: VendorController handler class cannot be loaded

[Thu, 22 Nov 18 00:39:36 +0700][ERROR] [2]: PubilcController handler class cannot be loaded

[Thu, 22 Nov 18 00:39:41 +0700][ERROR] [2]: PubilcController handler class cannot be loaded

[Thu, 22 Nov 18 00:39:41 +0700][ERROR] [2]: VendorController handler class cannot be loaded

[Thu, 22 Nov 18 00:39:41 +0700][ERROR] [2]: PubilcController handler class cannot be loaded

[Thu, 22 Nov 18 00:39:41 +0700][ERROR] [2]: PageTopController handler class cannot be loaded

[Thu, 22 Nov 18 00:39:41 +0700][ERROR] [2]: PubilcController handler class cannot be loaded

[Thu, 22 Nov 18 00:39:41 +0700][ERROR] [2]: VendorController handler class cannot be loaded

