[Sun, 18 Nov 18 01:10:12 +0700][ERROR] [2]: IndexController handler class cannot be loaded

[Sun, 18 Nov 18 01:10:12 +0700][ERROR] [2]: PubilcController handler class cannot be loaded

[Sun, 18 Nov 18 01:10:12 +0700][ERROR] [2]: VendorController handler class cannot be loaded

[Sun, 18 Nov 18 01:10:12 +0700][ERROR] [2]: VendorController handler class cannot be loaded

[Sun, 18 Nov 18 01:10:12 +0700][ERROR] [2]: VendorController handler class cannot be loaded

[Sun, 18 Nov 18 01:10:12 +0700][ERROR] [2]: VendorController handler class cannot be loaded

[Sun, 18 Nov 18 01:10:12 +0700][ERROR] [2]: VendorController handler class cannot be loaded

[Sun, 18 Nov 18 01:10:17 +0700][ERROR] [2]: PubilcController handler class cannot be loaded

[Sun, 18 Nov 18 01:10:17 +0700][ERROR] [2]: VendorController handler class cannot be loaded

[Sun, 18 Nov 18 01:10:17 +0700][ERROR] [2]: PubilcController handler class cannot be loaded

[Sun, 18 Nov 18 01:10:21 +0700][ERROR] [2]: PubilcController handler class cannot be loaded

[Sun, 18 Nov 18 01:10:21 +0700][ERROR] [2]: VendorController handler class cannot be loaded

[Sun, 18 Nov 18 01:10:21 +0700][ERROR] [5]: Action 'public' was not found on handler 'authen'

[Sun, 18 Nov 18 01:10:21 +0700][ERROR] [5]: Action 'public' was not found on handler 'authen'

[Sun, 18 Nov 18 01:10:53 +0700][ERROR] [2]: IndexController handler class cannot be loaded

[Sun, 18 Nov 18 01:10:53 +0700][ERROR] [2]: PubilcController handler class cannot be loaded

[Sun, 18 Nov 18 01:10:53 +0700][ERROR] [2]: VendorController handler class cannot be loaded

[Sun, 18 Nov 18 01:10:53 +0700][ERROR] [2]: VendorController handler class cannot be loaded

[Sun, 18 Nov 18 01:10:53 +0700][ERROR] [2]: VendorController handler class cannot be loaded

[Sun, 18 Nov 18 01:10:53 +0700][ERROR] [2]: VendorController handler class cannot be loaded

[Sun, 18 Nov 18 01:10:54 +0700][ERROR] [2]: PubilcController handler class cannot be loaded

[Sun, 18 Nov 18 01:10:54 +0700][ERROR] [2]: VendorController handler class cannot be loaded

[Sun, 18 Nov 18 01:10:54 +0700][ERROR] [2]: PubilcController handler class cannot be loaded

[Sun, 18 Nov 18 01:10:56 +0700][ERROR] [2]: PubilcController handler class cannot be loaded

[Sun, 18 Nov 18 01:10:56 +0700][ERROR] [2]: VendorController handler class cannot be loaded

[Sun, 18 Nov 18 01:10:56 +0700][ERROR] [5]: Action 'public' was not found on handler 'authen'

[Sun, 18 Nov 18 01:10:56 +0700][ERROR] [5]: Action 'public' was not found on handler 'authen'

[Sun, 18 Nov 18 01:10:56 +0700][ERROR] [5]: Action 'public' was not found on handler 'authen'

[Sun, 18 Nov 18 01:10:56 +0700][ERROR] [5]: Action 'public' was not found on handler 'authen'

[Sun, 18 Nov 18 01:10:56 +0700][ERROR] [5]: Action 'public' was not found on handler 'authen'

[Sun, 18 Nov 18 01:11:15 +0700][ERROR] [2]: PubilcController handler class cannot be loaded

[Sun, 18 Nov 18 01:11:15 +0700][ERROR] [2]: VendorController handler class cannot be loaded

[Sun, 18 Nov 18 01:11:15 +0700][ERROR] [2]: VendorController handler class cannot be loaded

[Sun, 18 Nov 18 01:11:15 +0700][ERROR] [2]: VendorController handler class cannot be loaded

[Sun, 18 Nov 18 01:11:15 +0700][ERROR] [2]: VendorController handler class cannot be loaded

[Sun, 18 Nov 18 01:11:15 +0700][ERROR] [2]: PubilcController handler class cannot be loaded

[Sun, 18 Nov 18 01:12:26 +0700][ERROR] [2]: PubilcController handler class cannot be loaded

[Sun, 18 Nov 18 01:12:26 +0700][ERROR] [2]: VendorController handler class cannot be loaded

[Sun, 18 Nov 18 01:12:26 +0700][ERROR] [2]: VendorController handler class cannot be loaded

[Sun, 18 Nov 18 01:12:26 +0700][ERROR] [2]: VendorController handler class cannot be loaded

[Sun, 18 Nov 18 01:12:32 +0700][ERROR] [2]: PubilcController handler class cannot be loaded

[Sun, 18 Nov 18 01:12:32 +0700][ERROR] [2]: VendorController handler class cannot be loaded

[Sun, 18 Nov 18 01:12:32 +0700][ERROR] [2]: VendorController handler class cannot be loaded

[Sun, 18 Nov 18 01:12:34 +0700][ERROR] [2]: PubilcController handler class cannot be loaded

[Sun, 18 Nov 18 01:12:34 +0700][ERROR] [2]: VendorController handler class cannot be loaded

[Sun, 18 Nov 18 01:12:34 +0700][ERROR] [2]: PubilcController handler class cannot be loaded

[Sun, 18 Nov 18 01:13:16 +0700][ERROR] [2]: PubilcController handler class cannot be loaded

[Sun, 18 Nov 18 01:13:16 +0700][ERROR] [2]: VendorController handler class cannot be loaded

[Sun, 18 Nov 18 01:13:16 +0700][ERROR] [2]: VendorController handler class cannot be loaded

[Sun, 18 Nov 18 01:13:16 +0700][ERROR] [2]: PubilcController handler class cannot be loaded

[Sun, 18 Nov 18 01:13:21 +0700][ERROR] [2]: PubilcController handler class cannot be loaded

[Sun, 18 Nov 18 01:13:21 +0700][ERROR] [2]: VendorController handler class cannot be loaded

[Sun, 18 Nov 18 01:13:21 +0700][ERROR] [2]: VendorController handler class cannot be loaded

[Sun, 18 Nov 18 01:13:21 +0700][ERROR] [5]: Action 'public' was not found on handler 'authen'

[Sun, 18 Nov 18 01:13:21 +0700][ERROR] [5]: Action 'public' was not found on handler 'authen'

[Sun, 18 Nov 18 01:13:21 +0700][ERROR] [5]: Action 'public' was not found on handler 'authen'

[Sun, 18 Nov 18 01:13:21 +0700][ERROR] [5]: Action 'public' was not found on handler 'authen'

[Sun, 18 Nov 18 01:13:31 +0700][ERROR] [2]: PubilcController handler class cannot be loaded

[Sun, 18 Nov 18 01:13:31 +0700][ERROR] [2]: VendorController handler class cannot be loaded

[Sun, 18 Nov 18 01:13:31 +0700][ERROR] [2]: PubilcController handler class cannot be loaded

[Sun, 18 Nov 18 01:13:42 +0700][ERROR] [2]: PubilcController handler class cannot be loaded

[Sun, 18 Nov 18 01:13:42 +0700][ERROR] [2]: VendorController handler class cannot be loaded

[Sun, 18 Nov 18 01:13:42 +0700][ERROR] [2]: VendorController handler class cannot be loaded

[Sun, 18 Nov 18 01:13:42 +0700][ERROR] [2]: PubilcController handler class cannot be loaded

[Sun, 18 Nov 18 01:13:44 +0700][ERROR] [2]: PubilcController handler class cannot be loaded

[Sun, 18 Nov 18 01:13:44 +0700][ERROR] [2]: VendorController handler class cannot be loaded

[Sun, 18 Nov 18 01:13:44 +0700][ERROR] [5]: Action 'public' was not found on handler 'exhibition'

[Sun, 18 Nov 18 01:13:44 +0700][ERROR] [5]: Action 'public' was not found on handler 'exhibition'

[Sun, 18 Nov 18 01:14:56 +0700][ERROR] [2]: PubilcController handler class cannot be loaded

[Sun, 18 Nov 18 01:14:56 +0700][ERROR] [2]: IndexController handler class cannot be loaded

[Sun, 18 Nov 18 01:14:56 +0700][ERROR] [2]: VendorController handler class cannot be loaded

[Sun, 18 Nov 18 01:14:56 +0700][ERROR] [2]: VendorController handler class cannot be loaded

[Sun, 18 Nov 18 01:14:56 +0700][ERROR] [2]: PubilcController handler class cannot be loaded

[Sun, 18 Nov 18 01:32:00 +0700][ERROR] [2]: PageTopController handler class cannot be loaded

[Sun, 18 Nov 18 01:32:00 +0700][ERROR] [2]: PubilcController handler class cannot be loaded

[Sun, 18 Nov 18 01:32:00 +0700][ERROR] [2]: VendorController handler class cannot be loaded

[Sun, 18 Nov 18 01:32:02 +0700][ERROR] [2]: PubilcController handler class cannot be loaded

[Sun, 18 Nov 18 01:32:02 +0700][ERROR] [2]: VendorController handler class cannot be loaded

[Sun, 18 Nov 18 01:32:02 +0700][ERROR] [5]: Action 'public' was not found on handler 'authen'

[Sun, 18 Nov 18 01:32:02 +0700][ERROR] [5]: Action 'public' was not found on handler 'authen'

[Sun, 18 Nov 18 01:32:02 +0700][ERROR] [5]: Action 'public' was not found on handler 'authen'

[Sun, 18 Nov 18 01:32:02 +0700][ERROR] [5]: Action 'public' was not found on handler 'authen'

[Sun, 18 Nov 18 01:32:02 +0700][ERROR] [5]: Action 'public' was not found on handler 'authen'

[Sun, 18 Nov 18 01:32:10 +0700][ERROR] [2]: PubilcController handler class cannot be loaded

[Sun, 18 Nov 18 01:32:10 +0700][ERROR] [2]: VendorController handler class cannot be loaded

[Sun, 18 Nov 18 01:32:10 +0700][ERROR] [2]: PubilcController handler class cannot be loaded

[Sun, 18 Nov 18 01:32:13 +0700][ERROR] [2]: PubilcController handler class cannot be loaded

[Sun, 18 Nov 18 01:32:13 +0700][ERROR] [2]: VendorController handler class cannot be loaded

[Sun, 18 Nov 18 01:32:13 +0700][ERROR] [2]: VendorController handler class cannot be loaded

[Sun, 18 Nov 18 01:32:13 +0700][ERROR] [2]: VendorController handler class cannot be loaded

[Sun, 18 Nov 18 01:32:13 +0700][ERROR] [2]: PubilcController handler class cannot be loaded

[Sun, 18 Nov 18 01:32:14 +0700][ERROR] [2]: PubilcController handler class cannot be loaded

[Sun, 18 Nov 18 01:32:14 +0700][ERROR] [2]: VendorController handler class cannot be loaded

[Sun, 18 Nov 18 01:32:14 +0700][ERROR] [2]: PubilcController handler class cannot be loaded

[Sun, 18 Nov 18 01:32:19 +0700][ERROR] [2]: PubilcController handler class cannot be loaded

[Sun, 18 Nov 18 01:32:19 +0700][ERROR] [2]: VendorController handler class cannot be loaded

[Sun, 18 Nov 18 01:32:19 +0700][ERROR] [2]: PubilcController handler class cannot be loaded

[Sun, 18 Nov 18 01:32:28 +0700][ERROR] [2]: PubilcController handler class cannot be loaded

[Sun, 18 Nov 18 01:32:28 +0700][ERROR] [2]: VendorController handler class cannot be loaded

[Sun, 18 Nov 18 01:33:26 +0700][ERROR] [2]: PubilcController handler class cannot be loaded

[Sun, 18 Nov 18 01:33:26 +0700][ERROR] [2]: IndexController handler class cannot be loaded

[Sun, 18 Nov 18 01:33:26 +0700][ERROR] [2]: VendorController handler class cannot be loaded

[Sun, 18 Nov 18 01:33:27 +0700][ERROR] [2]: IndexController handler class cannot be loaded

[Sun, 18 Nov 18 01:33:27 +0700][ERROR] [2]: PubilcController handler class cannot be loaded

[Sun, 18 Nov 18 01:35:06 +0700][ERROR] [2]: PubilcController handler class cannot be loaded

[Sun, 18 Nov 18 01:35:06 +0700][ERROR] [2]: VendorController handler class cannot be loaded

[Sun, 18 Nov 18 01:35:06 +0700][ERROR] [2]: PubilcController handler class cannot be loaded

[Sun, 18 Nov 18 01:38:44 +0700][ERROR] [2]: PubilcController handler class cannot be loaded

[Sun, 18 Nov 18 01:38:45 +0700][ERROR] [2]: PubilcController handler class cannot be loaded

[Sun, 18 Nov 18 01:38:45 +0700][ERROR] [2]: PubilcController handler class cannot be loaded

[Sun, 18 Nov 18 01:38:45 +0700][ERROR] [2]: VendorController handler class cannot be loaded

[Sun, 18 Nov 18 01:38:45 +0700][ERROR] [2]: PubilcController handler class cannot be loaded

[Sun, 18 Nov 18 01:38:46 +0700][ERROR] [2]: PubilcController handler class cannot be loaded

[Sun, 18 Nov 18 01:38:46 +0700][ERROR] [2]: VendorController handler class cannot be loaded

[Sun, 18 Nov 18 01:38:46 +0700][ERROR] [2]: PubilcController handler class cannot be loaded

[Sun, 18 Nov 18 01:39:48 +0700][ERROR] [2]: PubilcController handler class cannot be loaded

[Sun, 18 Nov 18 01:39:48 +0700][ERROR] [2]: PubilcController handler class cannot be loaded

[Sun, 18 Nov 18 01:40:19 +0700][ERROR] [2]: PubilcController handler class cannot be loaded

[Sun, 18 Nov 18 01:40:19 +0700][ERROR] [2]: VendorController handler class cannot be loaded

[Sun, 18 Nov 18 01:40:19 +0700][ERROR] [2]: VendorController handler class cannot be loaded

[Sun, 18 Nov 18 01:40:19 +0700][ERROR] [2]: PubilcController handler class cannot be loaded

[Sun, 18 Nov 18 01:45:47 +0700][ERROR] [2]: PubilcController handler class cannot be loaded

[Sun, 18 Nov 18 01:45:47 +0700][ERROR] [2]: VendorController handler class cannot be loaded

[Sun, 18 Nov 18 01:45:47 +0700][ERROR] [2]: PubilcController handler class cannot be loaded

[Sun, 18 Nov 18 01:45:53 +0700][ERROR] [2]: PubilcController handler class cannot be loaded

[Sun, 18 Nov 18 01:45:53 +0700][ERROR] [2]: VendorController handler class cannot be loaded

[Sun, 18 Nov 18 01:45:56 +0700][ERROR] [2]: PubilcController handler class cannot be loaded

[Sun, 18 Nov 18 01:45:56 +0700][ERROR] [2]: VendorController handler class cannot be loaded

[Sun, 18 Nov 18 01:45:56 +0700][ERROR] [2]: PubilcController handler class cannot be loaded

[Sun, 18 Nov 18 01:46:00 +0700][ERROR] [2]: PubilcController handler class cannot be loaded

[Sun, 18 Nov 18 01:46:00 +0700][ERROR] [2]: VendorController handler class cannot be loaded

[Sun, 18 Nov 18 01:46:00 +0700][ERROR] [5]: Action 'public' was not found on handler 'artobject'

[Sun, 18 Nov 18 01:46:00 +0700][ERROR] [5]: Action 'public' was not found on handler 'artobject'

[Sun, 18 Nov 18 01:46:03 +0700][ERROR] [2]: PubilcController handler class cannot be loaded

[Sun, 18 Nov 18 01:46:03 +0700][ERROR] [2]: VendorController handler class cannot be loaded

[Sun, 18 Nov 18 01:46:03 +0700][ERROR] [2]: PubilcController handler class cannot be loaded

[Sun, 18 Nov 18 01:46:06 +0700][ERROR] [2]: PubilcController handler class cannot be loaded

[Sun, 18 Nov 18 01:46:06 +0700][ERROR] [2]: VendorController handler class cannot be loaded

[Sun, 18 Nov 18 01:46:07 +0700][ERROR] [2]: PubilcController handler class cannot be loaded

[Sun, 18 Nov 18 01:46:26 +0700][ERROR] [2]: PubilcController handler class cannot be loaded

[Sun, 18 Nov 18 01:46:26 +0700][ERROR] [2]: VendorController handler class cannot be loaded

[Sun, 18 Nov 18 01:46:27 +0700][ERROR] [2]: PubilcController handler class cannot be loaded

[Sun, 18 Nov 18 01:46:39 +0700][ERROR] [2]: PubilcController handler class cannot be loaded

[Sun, 18 Nov 18 01:46:39 +0700][ERROR] [2]: VendorController handler class cannot be loaded

[Sun, 18 Nov 18 01:46:39 +0700][ERROR] [2]: VendorController handler class cannot be loaded

[Sun, 18 Nov 18 01:46:39 +0700][ERROR] [2]: VendorController handler class cannot be loaded

[Sun, 18 Nov 18 01:46:39 +0700][ERROR] [2]: VendorController handler class cannot be loaded

[Sun, 18 Nov 18 01:46:41 +0700][ERROR] [2]: PubilcController handler class cannot be loaded

[Sun, 18 Nov 18 01:46:41 +0700][ERROR] [2]: VendorController handler class cannot be loaded

[Sun, 18 Nov 18 01:46:41 +0700][ERROR] [2]: PubilcController handler class cannot be loaded

[Sun, 18 Nov 18 01:46:46 +0700][ERROR] [2]: PubilcController handler class cannot be loaded

[Sun, 18 Nov 18 01:46:46 +0700][ERROR] [2]: VendorController handler class cannot be loaded

[Sun, 18 Nov 18 01:46:46 +0700][ERROR] [2]: PubilcController handler class cannot be loaded

[Sun, 18 Nov 18 01:48:14 +0700][ERROR] [2]: PubilcController handler class cannot be loaded

[Sun, 18 Nov 18 01:48:14 +0700][ERROR] [2]: VendorController handler class cannot be loaded

[Sun, 18 Nov 18 01:48:14 +0700][ERROR] [2]: VendorController handler class cannot be loaded

[Sun, 18 Nov 18 01:48:15 +0700][ERROR] [2]: VendorController handler class cannot be loaded

[Sun, 18 Nov 18 01:48:15 +0700][ERROR] [2]: VendorController handler class cannot be loaded

[Sun, 18 Nov 18 01:48:15 +0700][ERROR] [2]: PubilcController handler class cannot be loaded

[Sun, 18 Nov 18 01:48:15 +0700][ERROR] [2]: PubilcController handler class cannot be loaded

[Sun, 18 Nov 18 01:48:15 +0700][ERROR] [2]: VendorController handler class cannot be loaded

[Sun, 18 Nov 18 01:48:15 +0700][ERROR] [2]: PubilcController handler class cannot be loaded

[Sun, 18 Nov 18 01:48:16 +0700][ERROR] [2]: PubilcController handler class cannot be loaded

[Sun, 18 Nov 18 01:48:16 +0700][ERROR] [2]: VendorController handler class cannot be loaded

[Sun, 18 Nov 18 01:48:16 +0700][ERROR] [2]: PubilcController handler class cannot be loaded

[Sun, 18 Nov 18 02:10:24 +0700][ERROR] [2]: PubilcController handler class cannot be loaded

[Sun, 18 Nov 18 02:10:24 +0700][ERROR] [2]: VendorController handler class cannot be loaded

[Sun, 18 Nov 18 02:10:24 +0700][ERROR] [2]: PubilcController handler class cannot be loaded

[Sun, 18 Nov 18 02:10:26 +0700][ERROR] [2]: PubilcController handler class cannot be loaded

[Sun, 18 Nov 18 02:10:26 +0700][ERROR] [2]: VendorController handler class cannot be loaded

[Sun, 18 Nov 18 02:10:26 +0700][ERROR] [2]: PubilcController handler class cannot be loaded

[Sun, 18 Nov 18 02:11:43 +0700][ERROR] [2]: PubilcController handler class cannot be loaded

[Sun, 18 Nov 18 02:11:43 +0700][ERROR] [2]: VendorController handler class cannot be loaded

[Sun, 18 Nov 18 02:11:43 +0700][ERROR] [2]: VendorController handler class cannot be loaded

[Sun, 18 Nov 18 02:11:43 +0700][ERROR] [2]: PubilcController handler class cannot be loaded

[Sun, 18 Nov 18 02:11:49 +0700][ERROR] [2]: PubilcController handler class cannot be loaded

[Sun, 18 Nov 18 02:11:49 +0700][ERROR] [2]: VendorController handler class cannot be loaded

[Sun, 18 Nov 18 02:11:49 +0700][ERROR] [5]: Action 'public' was not found on handler 'artist'

[Sun, 18 Nov 18 02:11:49 +0700][ERROR] [5]: Action 'public' was not found on handler 'artist'

[Sun, 18 Nov 18 02:11:56 +0700][ERROR] [2]: PubilcController handler class cannot be loaded

[Sun, 18 Nov 18 02:11:56 +0700][ERROR] [2]: VendorController handler class cannot be loaded

[Sun, 18 Nov 18 02:11:56 +0700][ERROR] [2]: PubilcController handler class cannot be loaded

[Sun, 18 Nov 18 02:13:38 +0700][ERROR] [2]: PubilcController handler class cannot be loaded

[Sun, 18 Nov 18 02:13:38 +0700][ERROR] [2]: VendorController handler class cannot be loaded

[Sun, 18 Nov 18 02:13:38 +0700][ERROR] [2]: VendorController handler class cannot be loaded

[Sun, 18 Nov 18 02:13:38 +0700][ERROR] [2]: PubilcController handler class cannot be loaded

