[Tue, 09 Apr 19 03:33:32 +0700][ERROR] [2]: IndexController handler class cannot be loaded

[Tue, 09 Apr 19 03:33:32 +0700][ERROR] [2]: IndexController handler class cannot be loaded

[Tue, 09 Apr 19 03:33:33 +0700][ERROR] [2]: ImagesController handler class cannot be loaded

[Tue, 09 Apr 19 03:33:34 +0700][ERROR] [2]: VendorController handler class cannot be loaded

[Tue, 09 Apr 19 03:33:34 +0700][ERROR] [2]: VendorController handler class cannot be loaded

[Tue, 09 Apr 19 03:33:34 +0700][ERROR] [2]: VendorController handler class cannot be loaded

[Tue, 09 Apr 19 03:33:34 +0700][ERROR] [2]: VendorController handler class cannot be loaded

[Tue, 09 Apr 19 03:33:34 +0700][ERROR] [2]: VendorController handler class cannot be loaded

[Tue, 09 Apr 19 03:33:34 +0700][ERROR] [2]: ImagesController handler class cannot be loaded

[Tue, 09 Apr 19 03:33:34 +0700][ERROR] [2]: CssController handler class cannot be loaded

[Tue, 09 Apr 19 03:33:34 +0700][ERROR] [5]: Action 'public' was not found on handler 'authen'

[Tue, 09 Apr 19 03:33:43 +0700][ERROR] [5]: Action 'images' was not found on handler 'profile'

[Tue, 09 Apr 19 03:37:21 +0700][ERROR] [2]: ImagesController handler class cannot be loaded

[Tue, 09 Apr 19 03:37:22 +0700][ERROR] [5]: Action 'images' was not found on handler 'profile'

[Tue, 09 Apr 19 03:37:28 +0700][ERROR] [5]: Action 'images' was not found on handler 'profile'

[Tue, 09 Apr 19 03:38:22 +0700][ERROR] [5]: Action 'images' was not found on handler 'profile'

[Tue, 09 Apr 19 03:38:31 +0700][ERROR] [5]: Action 'images' was not found on handler 'profile'

[Tue, 09 Apr 19 03:38:41 +0700][ERROR] [5]: Action 'images' was not found on handler 'profile'

[Tue, 09 Apr 19 03:40:00 +0700][ERROR] [5]: Action 'images' was not found on handler 'profile'

[Tue, 09 Apr 19 03:41:14 +0700][ERROR] [2]: ImagesController handler class cannot be loaded

[Tue, 09 Apr 19 03:41:21 +0700][ERROR] [5]: Action 'images' was not found on handler 'profile'

[Tue, 09 Apr 19 03:42:45 +0700][ERROR] [2]: PageTopController handler class cannot be loaded

[Tue, 09 Apr 19 03:42:47 +0700][ERROR] [2]: VendorController handler class cannot be loaded

[Tue, 09 Apr 19 03:42:47 +0700][ERROR] [2]: VendorController handler class cannot be loaded

[Tue, 09 Apr 19 03:42:47 +0700][ERROR] [2]: VendorController handler class cannot be loaded

[Tue, 09 Apr 19 03:42:47 +0700][ERROR] [2]: VendorController handler class cannot be loaded

[Tue, 09 Apr 19 03:42:47 +0700][ERROR] [5]: Action 'images' was not found on handler 'authen'

[Tue, 09 Apr 19 03:42:48 +0700][ERROR] [2]: CssController handler class cannot be loaded

[Tue, 09 Apr 19 03:42:48 +0700][ERROR] [2]: VendorController handler class cannot be loaded

[Tue, 09 Apr 19 03:42:48 +0700][ERROR] [2]: VendorController handler class cannot be loaded

[Tue, 09 Apr 19 03:42:48 +0700][ERROR] [2]: VendorController handler class cannot be loaded

[Tue, 09 Apr 19 03:42:48 +0700][ERROR] [2]: VendorController handler class cannot be loaded

[Tue, 09 Apr 19 03:42:48 +0700][ERROR] [5]: Action 'images' was not found on handler 'authen'

[Tue, 09 Apr 19 03:42:48 +0700][ERROR] [2]: CssController handler class cannot be loaded

[Tue, 09 Apr 19 03:43:00 +0700][ERROR] [5]: Action 'images' was not found on handler 'profile'

[Tue, 09 Apr 19 03:43:02 +0700][ERROR] [5]: Action 'images' was not found on handler 'profile'

[Tue, 09 Apr 19 03:43:08 +0700][ERROR] [5]: Action 'images' was not found on handler 'profile'

[Tue, 09 Apr 19 03:45:32 +0700][ERROR] [5]: Action 'images' was not found on handler 'profile'

[Tue, 09 Apr 19 03:45:38 +0700][ERROR] [5]: Action 'images' was not found on handler 'profile'

[Tue, 09 Apr 19 03:46:10 +0700][ERROR] [5]: Action 'images' was not found on handler 'profile'

[Tue, 09 Apr 19 03:46:15 +0700][ERROR] [5]: Action 'images' was not found on handler 'profile'

[Tue, 09 Apr 19 03:46:18 +0700][ERROR] [5]: Action 'images' was not found on handler 'profile'

[Tue, 09 Apr 19 03:46:47 +0700][ERROR] [5]: Action 'images' was not found on handler 'profile'

[Tue, 09 Apr 19 03:46:51 +0700][ERROR] [5]: Action 'images' was not found on handler 'profile'

[Tue, 09 Apr 19 03:46:52 +0700][ERROR] [5]: Action 'images' was not found on handler 'profile'

[Tue, 09 Apr 19 03:47:03 +0700][ERROR] [5]: Action 'images' was not found on handler 'profile'

[Tue, 09 Apr 19 03:47:07 +0700][ERROR] [5]: Action 'images' was not found on handler 'profile'

[Tue, 09 Apr 19 03:49:41 +0700][ERROR] [5]: Action 'images' was not found on handler 'profile'

[Tue, 09 Apr 19 03:50:25 +0700][ERROR] [5]: Action 'images' was not found on handler 'profile'

[Tue, 09 Apr 19 03:50:34 +0700][ERROR] [5]: Action 'images' was not found on handler 'profile'

[Tue, 09 Apr 19 03:51:00 +0700][ERROR] [5]: Action 'images' was not found on handler 'profile'

[Tue, 09 Apr 19 03:51:14 +0700][ERROR] [5]: Action 'images' was not found on handler 'profile'

[Tue, 09 Apr 19 03:51:29 +0700][ERROR] [5]: Action 'images' was not found on handler 'profile'

[Tue, 09 Apr 19 03:51:52 +0700][ERROR] [2]: ImagesController handler class cannot be loaded

[Tue, 09 Apr 19 03:53:42 +0700][ERROR] [2]: ImagesController handler class cannot be loaded

[Tue, 09 Apr 19 03:53:44 +0700][ERROR] [2]: ImagesController handler class cannot be loaded

[Tue, 09 Apr 19 03:53:45 +0700][ERROR] [2]: ImagesController handler class cannot be loaded

[Tue, 09 Apr 19 03:53:50 +0700][ERROR] [2]: HistoryController handler class cannot be loaded

[Tue, 09 Apr 19 03:53:50 +0700][ERROR] [2]: ImagesController handler class cannot be loaded

[Tue, 09 Apr 19 03:53:51 +0700][ERROR] [2]: ImagesController handler class cannot be loaded

[Tue, 09 Apr 19 03:54:05 +0700][ERROR] [2]: LendController handler class cannot be loaded

[Tue, 09 Apr 19 03:54:05 +0700][ERROR] [2]: ImagesController handler class cannot be loaded

[Tue, 09 Apr 19 03:54:06 +0700][ERROR] [2]: ImagesController handler class cannot be loaded

[Tue, 09 Apr 19 03:54:11 +0700][ERROR] [2]: ImagesController handler class cannot be loaded

[Tue, 09 Apr 19 03:54:14 +0700][ERROR] [2]: IndexController handler class cannot be loaded

[Tue, 09 Apr 19 03:54:14 +0700][ERROR] [2]: ImagesController handler class cannot be loaded

[Tue, 09 Apr 19 03:54:15 +0700][ERROR] [2]: ImagesController handler class cannot be loaded

[Tue, 09 Apr 19 03:54:16 +0700][ERROR] [2]: ImagesController handler class cannot be loaded

[Tue, 09 Apr 19 03:54:18 +0700][ERROR] [2]: PageTopController handler class cannot be loaded

[Tue, 09 Apr 19 03:54:19 +0700][ERROR] [2]: ImagesController handler class cannot be loaded

[Tue, 09 Apr 19 03:54:21 +0700][ERROR] [2]: VendorController handler class cannot be loaded

[Tue, 09 Apr 19 03:54:21 +0700][ERROR] [2]: VendorController handler class cannot be loaded

[Tue, 09 Apr 19 03:54:21 +0700][ERROR] [2]: VendorController handler class cannot be loaded

[Tue, 09 Apr 19 03:54:21 +0700][ERROR] [2]: VendorController handler class cannot be loaded

[Tue, 09 Apr 19 03:54:21 +0700][ERROR] [2]: VendorController handler class cannot be loaded

[Tue, 09 Apr 19 03:54:21 +0700][ERROR] [2]: VendorController handler class cannot be loaded

[Tue, 09 Apr 19 03:54:21 +0700][ERROR] [2]: ImagesController handler class cannot be loaded

[Tue, 09 Apr 19 03:54:21 +0700][ERROR] [2]: CssController handler class cannot be loaded

[Tue, 09 Apr 19 03:54:33 +0700][ERROR] [5]: Action 'images' was not found on handler 'profile'

[Tue, 09 Apr 19 03:58:21 +0700][ERROR] [2]: LendController handler class cannot be loaded

[Tue, 09 Apr 19 03:58:25 +0700][ERROR] [5]: Action 'images' was not found on handler 'profile'

[Tue, 09 Apr 19 03:58:48 +0700][ERROR] [5]: Action 'images' was not found on handler 'profile'

[Tue, 09 Apr 19 03:59:44 +0700][ERROR] [5]: Action 'images' was not found on handler 'profile'

[Tue, 09 Apr 19 04:01:29 +0700][ERROR] [2]: PageTopController handler class cannot be loaded

[Tue, 09 Apr 19 04:01:31 +0700][ERROR] [2]: VendorController handler class cannot be loaded

[Tue, 09 Apr 19 04:01:31 +0700][ERROR] [2]: VendorController handler class cannot be loaded

[Tue, 09 Apr 19 04:01:31 +0700][ERROR] [2]: VendorController handler class cannot be loaded

[Tue, 09 Apr 19 04:01:31 +0700][ERROR] [5]: Action 'images' was not found on handler 'authen'

[Tue, 09 Apr 19 04:01:31 +0700][ERROR] [2]: CssController handler class cannot be loaded

[Tue, 09 Apr 19 04:02:24 +0700][ERROR] [5]: Action 'images' was not found on handler 'equip'

[Tue, 09 Apr 19 04:02:29 +0700][ERROR] [5]: Action 'images' was not found on handler 'equip'

[Tue, 09 Apr 19 04:04:43 +0700][ERROR] [2]: VendorController handler class cannot be loaded

[Tue, 09 Apr 19 04:04:43 +0700][ERROR] [2]: VendorController handler class cannot be loaded

[Tue, 09 Apr 19 04:04:43 +0700][ERROR] [2]: VendorController handler class cannot be loaded

[Tue, 09 Apr 19 04:04:43 +0700][ERROR] [2]: CssController handler class cannot be loaded

[Tue, 09 Apr 19 04:04:43 +0700][ERROR] [2]: ImagesController handler class cannot be loaded

[Tue, 09 Apr 19 04:04:44 +0700][ERROR] [2]: CssController handler class cannot be loaded

[Tue, 09 Apr 19 04:10:42 +0700][ERROR] [2]: ImagesController handler class cannot be loaded

[Tue, 09 Apr 19 04:10:43 +0700][ERROR] [2]: VendorController handler class cannot be loaded

[Tue, 09 Apr 19 04:10:43 +0700][ERROR] [2]: VendorController handler class cannot be loaded

[Tue, 09 Apr 19 04:10:43 +0700][ERROR] [2]: VendorController handler class cannot be loaded

[Tue, 09 Apr 19 04:10:43 +0700][ERROR] [2]: VendorController handler class cannot be loaded

[Tue, 09 Apr 19 04:10:43 +0700][ERROR] [2]: VendorController handler class cannot be loaded

[Tue, 09 Apr 19 04:10:43 +0700][ERROR] [2]: VendorController handler class cannot be loaded

[Tue, 09 Apr 19 04:10:43 +0700][ERROR] [2]: ImagesController handler class cannot be loaded

[Tue, 09 Apr 19 04:10:43 +0700][ERROR] [2]: CssController handler class cannot be loaded

[Tue, 09 Apr 19 04:10:52 +0700][ERROR] [2]: VendorController handler class cannot be loaded

[Tue, 09 Apr 19 04:10:52 +0700][ERROR] [2]: VendorController handler class cannot be loaded

[Tue, 09 Apr 19 04:10:52 +0700][ERROR] [2]: VendorController handler class cannot be loaded

[Tue, 09 Apr 19 04:10:52 +0700][ERROR] [2]: CssController handler class cannot be loaded

[Tue, 09 Apr 19 04:10:52 +0700][ERROR] [2]: ImagesController handler class cannot be loaded

[Tue, 09 Apr 19 04:10:52 +0700][ERROR] [2]: CssController handler class cannot be loaded

[Tue, 09 Apr 19 04:11:04 +0700][ERROR] [2]: ImagesController handler class cannot be loaded

[Tue, 09 Apr 19 04:12:24 +0700][ERROR] [2]: VendorController handler class cannot be loaded

[Tue, 09 Apr 19 04:12:24 +0700][ERROR] [2]: VendorController handler class cannot be loaded

[Tue, 09 Apr 19 04:12:24 +0700][ERROR] [2]: VendorController handler class cannot be loaded

[Tue, 09 Apr 19 04:12:24 +0700][ERROR] [2]: VendorController handler class cannot be loaded

[Tue, 09 Apr 19 04:12:24 +0700][ERROR] [2]: VendorController handler class cannot be loaded

[Tue, 09 Apr 19 04:12:25 +0700][ERROR] [2]: VendorController handler class cannot be loaded

[Tue, 09 Apr 19 04:12:25 +0700][ERROR] [2]: VendorController handler class cannot be loaded

[Tue, 09 Apr 19 04:12:25 +0700][ERROR] [2]: VendorController handler class cannot be loaded

[Tue, 09 Apr 19 04:12:25 +0700][ERROR] [2]: VendorController handler class cannot be loaded

[Tue, 09 Apr 19 04:12:25 +0700][ERROR] [2]: VendorController handler class cannot be loaded

[Tue, 09 Apr 19 04:12:25 +0700][ERROR] [2]: ImagesController handler class cannot be loaded

[Tue, 09 Apr 19 04:12:25 +0700][ERROR] [2]: CssController handler class cannot be loaded

[Tue, 09 Apr 19 04:12:44 +0700][ERROR] [2]: ImagesController handler class cannot be loaded

[Tue, 09 Apr 19 04:16:31 +0700][ERROR] [2]: VendorController handler class cannot be loaded

[Tue, 09 Apr 19 04:16:31 +0700][ERROR] [2]: VendorController handler class cannot be loaded

[Tue, 09 Apr 19 04:16:31 +0700][ERROR] [2]: VendorController handler class cannot be loaded

[Tue, 09 Apr 19 04:16:31 +0700][ERROR] [2]: VendorController handler class cannot be loaded

[Tue, 09 Apr 19 04:16:31 +0700][ERROR] [2]: ImagesController handler class cannot be loaded

[Tue, 09 Apr 19 04:16:31 +0700][ERROR] [2]: CssController handler class cannot be loaded

[Tue, 09 Apr 19 04:16:50 +0700][ERROR] [2]: ImagesController handler class cannot be loaded

[Tue, 09 Apr 19 04:19:07 +0700][ERROR] [2]: ImagesController handler class cannot be loaded

[Tue, 09 Apr 19 04:19:08 +0700][ERROR] [2]: ImagesController handler class cannot be loaded

[Tue, 09 Apr 19 04:19:09 +0700][ERROR] [5]: Action 'addstd' was not found on handler 'client'

[Tue, 09 Apr 19 04:19:09 +0700][ERROR] [2]: ImagesController handler class cannot be loaded

[Tue, 09 Apr 19 04:21:07 +0700][ERROR] [2]: ImagesController handler class cannot be loaded

[Tue, 09 Apr 19 04:21:08 +0700][ERROR] [2]: VendorController handler class cannot be loaded

[Tue, 09 Apr 19 04:21:08 +0700][ERROR] [2]: VendorController handler class cannot be loaded

[Tue, 09 Apr 19 04:21:08 +0700][ERROR] [2]: VendorController handler class cannot be loaded

[Tue, 09 Apr 19 04:21:08 +0700][ERROR] [2]: VendorController handler class cannot be loaded

[Tue, 09 Apr 19 04:21:08 +0700][ERROR] [2]: CssController handler class cannot be loaded

[Tue, 09 Apr 19 04:21:08 +0700][ERROR] [2]: ImagesController handler class cannot be loaded

[Tue, 09 Apr 19 04:21:08 +0700][ERROR] [2]: CssController handler class cannot be loaded

[Tue, 09 Apr 19 04:21:22 +0700][ERROR] [2]: ImagesController handler class cannot be loaded

[Tue, 09 Apr 19 04:21:40 +0700][ERROR] [2]: ImagesController handler class cannot be loaded

[Tue, 09 Apr 19 04:21:43 +0700][ERROR] [2]: VendorController handler class cannot be loaded

[Tue, 09 Apr 19 04:21:43 +0700][ERROR] [2]: VendorController handler class cannot be loaded

[Tue, 09 Apr 19 04:21:44 +0700][ERROR] [2]: VendorController handler class cannot be loaded

[Tue, 09 Apr 19 04:21:44 +0700][ERROR] [2]: VendorController handler class cannot be loaded

[Tue, 09 Apr 19 04:21:44 +0700][ERROR] [2]: ImagesController handler class cannot be loaded

[Tue, 09 Apr 19 04:21:44 +0700][ERROR] [2]: CssController handler class cannot be loaded

[Tue, 09 Apr 19 04:21:47 +0700][ERROR] [2]: ImagesController handler class cannot be loaded

[Tue, 09 Apr 19 04:21:53 +0700][ERROR] [2]: ImagesController handler class cannot be loaded

[Tue, 09 Apr 19 04:21:54 +0700][ERROR] [2]: VendorController handler class cannot be loaded

[Tue, 09 Apr 19 04:21:54 +0700][ERROR] [2]: VendorController handler class cannot be loaded

[Tue, 09 Apr 19 04:21:54 +0700][ERROR] [2]: VendorController handler class cannot be loaded

[Tue, 09 Apr 19 04:21:54 +0700][ERROR] [2]: VendorController handler class cannot be loaded

[Tue, 09 Apr 19 04:21:54 +0700][ERROR] [2]: CssController handler class cannot be loaded

[Tue, 09 Apr 19 04:21:54 +0700][ERROR] [2]: ImagesController handler class cannot be loaded

[Tue, 09 Apr 19 04:21:54 +0700][ERROR] [2]: CssController handler class cannot be loaded

[Tue, 09 Apr 19 04:21:56 +0700][ERROR] [2]: ImagesController handler class cannot be loaded

[Tue, 09 Apr 19 04:30:34 +0700][ERROR] [2]: ImagesController handler class cannot be loaded

[Tue, 09 Apr 19 04:30:35 +0700][ERROR] [2]: VendorController handler class cannot be loaded

[Tue, 09 Apr 19 04:30:35 +0700][ERROR] [2]: VendorController handler class cannot be loaded

[Tue, 09 Apr 19 04:30:35 +0700][ERROR] [2]: VendorController handler class cannot be loaded

[Tue, 09 Apr 19 04:30:35 +0700][ERROR] [2]: VendorController handler class cannot be loaded

[Tue, 09 Apr 19 04:30:35 +0700][ERROR] [2]: VendorController handler class cannot be loaded

[Tue, 09 Apr 19 04:30:35 +0700][ERROR] [2]: CssController handler class cannot be loaded

[Tue, 09 Apr 19 04:30:35 +0700][ERROR] [2]: ImagesController handler class cannot be loaded

[Tue, 09 Apr 19 04:30:35 +0700][ERROR] [2]: CssController handler class cannot be loaded

[Tue, 09 Apr 19 04:30:52 +0700][ERROR] [2]: ImagesController handler class cannot be loaded

[Tue, 09 Apr 19 04:32:14 +0700][ERROR] [2]: ImagesController handler class cannot be loaded

[Tue, 09 Apr 19 04:32:16 +0700][ERROR] [2]: ImagesController handler class cannot be loaded

[Tue, 09 Apr 19 04:37:01 +0700][ERROR] [2]: ImagesController handler class cannot be loaded

[Tue, 09 Apr 19 04:37:03 +0700][ERROR] [2]: ImagesController handler class cannot be loaded

[Tue, 09 Apr 19 04:37:51 +0700][ERROR] [2]: ImagesController handler class cannot be loaded

[Tue, 09 Apr 19 04:37:53 +0700][ERROR] [2]: ImagesController handler class cannot be loaded

[Tue, 09 Apr 19 04:38:00 +0700][ERROR] [2]: ImagesController handler class cannot be loaded

[Tue, 09 Apr 19 04:39:16 +0700][ERROR] [2]: ImagesController handler class cannot be loaded

[Tue, 09 Apr 19 04:39:17 +0700][ERROR] [2]: VendorController handler class cannot be loaded

[Tue, 09 Apr 19 04:39:17 +0700][ERROR] [2]: VendorController handler class cannot be loaded

[Tue, 09 Apr 19 04:39:17 +0700][ERROR] [2]: VendorController handler class cannot be loaded

[Tue, 09 Apr 19 04:39:17 +0700][ERROR] [2]: VendorController handler class cannot be loaded

[Tue, 09 Apr 19 04:39:17 +0700][ERROR] [2]: VendorController handler class cannot be loaded

[Tue, 09 Apr 19 04:39:17 +0700][ERROR] [2]: VendorController handler class cannot be loaded

[Tue, 09 Apr 19 04:39:17 +0700][ERROR] [2]: VendorController handler class cannot be loaded

[Tue, 09 Apr 19 04:39:17 +0700][ERROR] [2]: VendorController handler class cannot be loaded

[Tue, 09 Apr 19 04:39:17 +0700][ERROR] [2]: ImagesController handler class cannot be loaded

[Tue, 09 Apr 19 04:39:17 +0700][ERROR] [2]: CssController handler class cannot be loaded

[Tue, 09 Apr 19 04:39:31 +0700][ERROR] [2]: ImagesController handler class cannot be loaded

[Tue, 09 Apr 19 04:39:33 +0700][ERROR] [2]: ImagesController handler class cannot be loaded

[Tue, 09 Apr 19 04:39:35 +0700][ERROR] [2]: ImagesController handler class cannot be loaded

[Tue, 09 Apr 19 04:40:03 +0700][ERROR] [2]: VendorController handler class cannot be loaded

[Tue, 09 Apr 19 04:40:03 +0700][ERROR] [2]: VendorController handler class cannot be loaded

[Tue, 09 Apr 19 04:40:03 +0700][ERROR] [2]: VendorController handler class cannot be loaded

[Tue, 09 Apr 19 04:40:03 +0700][ERROR] [2]: VendorController handler class cannot be loaded

[Tue, 09 Apr 19 04:40:03 +0700][ERROR] [2]: VendorController handler class cannot be loaded

[Tue, 09 Apr 19 04:40:03 +0700][ERROR] [2]: CssController handler class cannot be loaded

[Tue, 09 Apr 19 04:40:03 +0700][ERROR] [2]: ImagesController handler class cannot be loaded

[Tue, 09 Apr 19 04:40:03 +0700][ERROR] [2]: CssController handler class cannot be loaded

[Tue, 09 Apr 19 04:40:19 +0700][ERROR] [2]: ImagesController handler class cannot be loaded

[Tue, 09 Apr 19 04:40:20 +0700][ERROR] [2]: ImagesController handler class cannot be loaded

[Tue, 09 Apr 19 04:40:27 +0700][ERROR] [2]: VendorController handler class cannot be loaded

[Tue, 09 Apr 19 04:40:27 +0700][ERROR] [2]: VendorController handler class cannot be loaded

[Tue, 09 Apr 19 04:40:27 +0700][ERROR] [2]: VendorController handler class cannot be loaded

[Tue, 09 Apr 19 04:40:27 +0700][ERROR] [2]: VendorController handler class cannot be loaded

[Tue, 09 Apr 19 04:40:27 +0700][ERROR] [2]: VendorController handler class cannot be loaded

[Tue, 09 Apr 19 04:40:27 +0700][ERROR] [2]: CssController handler class cannot be loaded

[Tue, 09 Apr 19 04:40:27 +0700][ERROR] [2]: ImagesController handler class cannot be loaded

[Tue, 09 Apr 19 04:40:27 +0700][ERROR] [2]: CssController handler class cannot be loaded

[Tue, 09 Apr 19 04:40:42 +0700][ERROR] [2]: ImagesController handler class cannot be loaded

[Tue, 09 Apr 19 04:42:56 +0700][ERROR] [2]: ImagesController handler class cannot be loaded

[Tue, 09 Apr 19 04:43:49 +0700][ERROR] [2]: ImagesController handler class cannot be loaded

[Tue, 09 Apr 19 04:44:19 +0700][ERROR] [2]: ImagesController handler class cannot be loaded

[Tue, 09 Apr 19 04:47:28 +0700][ERROR] [2]: ImagesController handler class cannot be loaded

[Tue, 09 Apr 19 04:47:30 +0700][ERROR] [2]: ImagesController handler class cannot be loaded

[Tue, 09 Apr 19 04:47:38 +0700][ERROR] [2]: ImagesController handler class cannot be loaded

[Tue, 09 Apr 19 04:47:43 +0700][ERROR] [5]: Action 'images' was not found on handler 'client'

[Tue, 09 Apr 19 04:50:46 +0700][ERROR] [5]: Action 'images' was not found on handler 'client'

[Tue, 09 Apr 19 04:51:14 +0700][ERROR] [5]: Action 'images' was not found on handler 'client'

[Tue, 09 Apr 19 04:51:15 +0700][ERROR] [5]: Action 'images' was not found on handler 'client'

[Tue, 09 Apr 19 04:51:15 +0700][ERROR] [5]: Action 'images' was not found on handler 'client'

[Tue, 09 Apr 19 04:51:22 +0700][ERROR] [2]: ImagesController handler class cannot be loaded

[Tue, 09 Apr 19 04:51:49 +0700][ERROR] [2]: ImagesController handler class cannot be loaded

[Tue, 09 Apr 19 04:51:50 +0700][ERROR] [2]: ImagesController handler class cannot be loaded

[Tue, 09 Apr 19 04:51:52 +0700][ERROR] [2]: ImagesController handler class cannot be loaded

[Tue, 09 Apr 19 04:51:53 +0700][ERROR] [2]: ImagesController handler class cannot be loaded

[Tue, 09 Apr 19 04:51:55 +0700][ERROR] [2]: ImagesController handler class cannot be loaded

[Tue, 09 Apr 19 04:51:56 +0700][ERROR] [2]: ImagesController handler class cannot be loaded

[Tue, 09 Apr 19 04:52:27 +0700][ERROR] [2]: ImagesController handler class cannot be loaded

[Tue, 09 Apr 19 04:52:29 +0700][ERROR] [5]: Action 'images' was not found on handler 'client'

[Tue, 09 Apr 19 04:55:49 +0700][ERROR] [5]: Action 'images' was not found on handler 'client'

[Tue, 09 Apr 19 04:58:06 +0700][ERROR] [5]: Action 'images' was not found on handler 'client'

[Tue, 09 Apr 19 04:58:13 +0700][ERROR] [5]: Action 'images' was not found on handler 'client'

[Tue, 09 Apr 19 04:58:53 +0700][ERROR] [5]: Action 'images' was not found on handler 'client'

[Tue, 09 Apr 19 04:58:55 +0700][ERROR] [5]: Action 'images' was not found on handler 'client'

[Tue, 09 Apr 19 05:01:20 +0700][ERROR] [2]: ImagesController handler class cannot be loaded

[Tue, 09 Apr 19 05:01:21 +0700][ERROR] [5]: Action 'images' was not found on handler 'client'

[Tue, 09 Apr 19 05:02:08 +0700][ERROR] [5]: Action 'images' was not found on handler 'client'

[Tue, 09 Apr 19 05:03:13 +0700][ERROR] [5]: Action 'images' was not found on handler 'client'

[Tue, 09 Apr 19 05:03:14 +0700][ERROR] [5]: Action 'images' was not found on handler 'client'

[Tue, 09 Apr 19 05:03:34 +0700][ERROR] [5]: Action 'images' was not found on handler 'client'

[Tue, 09 Apr 19 05:04:04 +0700][ERROR] [5]: Action 'images' was not found on handler 'client'

[Tue, 09 Apr 19 05:04:05 +0700][ERROR] [5]: Action 'images' was not found on handler 'client'

[Tue, 09 Apr 19 05:04:05 +0700][ERROR] [5]: Action 'images' was not found on handler 'client'

[Tue, 09 Apr 19 05:06:17 +0700][ERROR] [2]: ImagesController handler class cannot be loaded

[Tue, 09 Apr 19 05:06:58 +0700][ERROR] [2]: ImagesController handler class cannot be loaded

[Tue, 09 Apr 19 05:07:00 +0700][ERROR] [2]: ImagesController handler class cannot be loaded

[Tue, 09 Apr 19 05:08:16 +0700][ERROR] [2]: ImagesController handler class cannot be loaded

[Tue, 09 Apr 19 05:08:20 +0700][ERROR] [2]: ImagesController handler class cannot be loaded

[Tue, 09 Apr 19 05:08:22 +0700][ERROR] [2]: ImagesController handler class cannot be loaded

[Tue, 09 Apr 19 05:08:23 +0700][ERROR] [2]: ImagesController handler class cannot be loaded

[Tue, 09 Apr 19 05:08:50 +0700][ERROR] [2]: ImagesController handler class cannot be loaded

[Tue, 09 Apr 19 05:09:10 +0700][ERROR] [2]: ImagesController handler class cannot be loaded

[Tue, 09 Apr 19 05:10:09 +0700][ERROR] [5]: Action 'images' was not found on handler 'client'

[Tue, 09 Apr 19 05:11:35 +0700][ERROR] [5]: Action 'images' was not found on handler 'client'

[Tue, 09 Apr 19 05:11:49 +0700][ERROR] [2]: ImagesController handler class cannot be loaded

[Tue, 09 Apr 19 05:12:03 +0700][ERROR] [2]: ImagesController handler class cannot be loaded

[Tue, 09 Apr 19 05:13:08 +0700][ERROR] [2]: ImagesController handler class cannot be loaded

[Tue, 09 Apr 19 05:13:33 +0700][ERROR] [2]: ImagesController handler class cannot be loaded

[Tue, 09 Apr 19 05:14:17 +0700][ERROR] [2]: ImagesController handler class cannot be loaded

[Tue, 09 Apr 19 05:14:25 +0700][ERROR] [2]: VendorController handler class cannot be loaded

[Tue, 09 Apr 19 05:14:25 +0700][ERROR] [2]: VendorController handler class cannot be loaded

[Tue, 09 Apr 19 05:14:26 +0700][ERROR] [2]: VendorController handler class cannot be loaded

[Tue, 09 Apr 19 05:14:26 +0700][ERROR] [2]: VendorController handler class cannot be loaded

[Tue, 09 Apr 19 05:14:26 +0700][ERROR] [2]: ImagesController handler class cannot be loaded

[Tue, 09 Apr 19 05:14:26 +0700][ERROR] [2]: CssController handler class cannot be loaded

[Tue, 09 Apr 19 05:14:40 +0700][ERROR] [2]: ImagesController handler class cannot be loaded

[Tue, 09 Apr 19 05:14:42 +0700][ERROR] [2]: VendorController handler class cannot be loaded

[Tue, 09 Apr 19 05:14:42 +0700][ERROR] [2]: VendorController handler class cannot be loaded

[Tue, 09 Apr 19 05:14:42 +0700][ERROR] [2]: ImagesController handler class cannot be loaded

[Tue, 09 Apr 19 05:14:51 +0700][ERROR] [2]: ImagesController handler class cannot be loaded

[Tue, 09 Apr 19 05:14:55 +0700][ERROR] [2]: ImagesController handler class cannot be loaded

[Tue, 09 Apr 19 05:15:06 +0700][ERROR] [2]: ImagesController handler class cannot be loaded

[Tue, 09 Apr 19 05:15:55 +0700][ERROR] [5]: Action 'images' was not found on handler 'client'

[Tue, 09 Apr 19 05:16:09 +0700][ERROR] [2]: ImagesController handler class cannot be loaded

[Tue, 09 Apr 19 05:16:10 +0700][ERROR] [2]: VendorController handler class cannot be loaded

[Tue, 09 Apr 19 05:16:10 +0700][ERROR] [2]: VendorController handler class cannot be loaded

[Tue, 09 Apr 19 05:16:10 +0700][ERROR] [2]: VendorController handler class cannot be loaded

[Tue, 09 Apr 19 05:16:10 +0700][ERROR] [2]: VendorController handler class cannot be loaded

[Tue, 09 Apr 19 05:16:10 +0700][ERROR] [2]: VendorController handler class cannot be loaded

[Tue, 09 Apr 19 05:16:10 +0700][ERROR] [2]: CssController handler class cannot be loaded

[Tue, 09 Apr 19 05:16:10 +0700][ERROR] [2]: ImagesController handler class cannot be loaded

[Tue, 09 Apr 19 05:16:10 +0700][ERROR] [2]: CssController handler class cannot be loaded

[Tue, 09 Apr 19 05:16:12 +0700][ERROR] [2]: ImagesController handler class cannot be loaded

[Tue, 09 Apr 19 05:16:13 +0700][ERROR] [2]: ImagesController handler class cannot be loaded

[Tue, 09 Apr 19 05:17:58 +0700][ERROR] [2]: ImagesController handler class cannot be loaded

[Tue, 09 Apr 19 05:18:45 +0700][ERROR] [2]: ImagesController handler class cannot be loaded

[Tue, 09 Apr 19 05:19:11 +0700][ERROR] [2]: ImagesController handler class cannot be loaded

[Tue, 09 Apr 19 05:19:16 +0700][ERROR] [2]: ImagesController handler class cannot be loaded

[Tue, 09 Apr 19 05:19:17 +0700][ERROR] [2]: ImagesController handler class cannot be loaded

[Tue, 09 Apr 19 05:19:25 +0700][ERROR] [2]: ImagesController handler class cannot be loaded

[Tue, 09 Apr 19 05:19:47 +0700][ERROR] [2]: ImagesController handler class cannot be loaded

[Tue, 09 Apr 19 05:19:48 +0700][ERROR] [2]: ImagesController handler class cannot be loaded

[Tue, 09 Apr 19 05:21:27 +0700][ERROR] [5]: Action 'images' was not found on handler 'client'

[Tue, 09 Apr 19 05:21:32 +0700][ERROR] [5]: Action 'images' was not found on handler 'client'

[Tue, 09 Apr 19 05:22:21 +0700][ERROR] [2]: VendorController handler class cannot be loaded

[Tue, 09 Apr 19 05:22:21 +0700][ERROR] [2]: VendorController handler class cannot be loaded

[Tue, 09 Apr 19 05:22:21 +0700][ERROR] [2]: VendorController handler class cannot be loaded

[Tue, 09 Apr 19 05:22:21 +0700][ERROR] [2]: VendorController handler class cannot be loaded

[Tue, 09 Apr 19 05:22:21 +0700][ERROR] [2]: VendorController handler class cannot be loaded

[Tue, 09 Apr 19 05:22:21 +0700][ERROR] [2]: CssController handler class cannot be loaded

[Tue, 09 Apr 19 05:22:21 +0700][ERROR] [5]: Action 'images' was not found on handler 'client'

[Tue, 09 Apr 19 05:22:21 +0700][ERROR] [2]: CssController handler class cannot be loaded

[Tue, 09 Apr 19 05:22:23 +0700][ERROR] [5]: Action 'images' was not found on handler 'client'

[Tue, 09 Apr 19 05:22:39 +0700][ERROR] [5]: Action 'images' was not found on handler 'client'

[Tue, 09 Apr 19 05:22:41 +0700][ERROR] [5]: Action 'images' was not found on handler 'client'

[Tue, 09 Apr 19 05:22:45 +0700][ERROR] [5]: Action 'images' was not found on handler 'client'

[Tue, 09 Apr 19 05:22:47 +0700][ERROR] [5]: Action 'images' was not found on handler 'client'

[Tue, 09 Apr 19 05:24:08 +0700][ERROR] [2]: ImagesController handler class cannot be loaded

[Tue, 09 Apr 19 05:24:52 +0700][ERROR] [2]: ImagesController handler class cannot be loaded

[Tue, 09 Apr 19 05:25:26 +0700][ERROR] [2]: ImagesController handler class cannot be loaded

[Tue, 09 Apr 19 05:25:33 +0700][ERROR] [2]: ImagesController handler class cannot be loaded

[Tue, 09 Apr 19 05:25:36 +0700][ERROR] [2]: ImagesController handler class cannot be loaded

[Tue, 09 Apr 19 05:25:38 +0700][ERROR] [2]: ImagesController handler class cannot be loaded

[Tue, 09 Apr 19 05:29:38 +0700][ERROR] [2]: ImagesController handler class cannot be loaded

[Tue, 09 Apr 19 05:30:08 +0700][ERROR] [5]: Action 'images' was not found on handler 'client'

[Tue, 09 Apr 19 05:30:22 +0700][ERROR] [5]: Action 'images' was not found on handler 'client'

[Tue, 09 Apr 19 05:36:19 +0700][ERROR] [5]: Action 'images' was not found on handler 'client'

[Tue, 09 Apr 19 05:36:25 +0700][ERROR] [2]: ImagesController handler class cannot be loaded

[Tue, 09 Apr 19 05:36:27 +0700][ERROR] [2]: ImagesController handler class cannot be loaded

[Tue, 09 Apr 19 05:36:43 +0700][ERROR] [2]: ImagesController handler class cannot be loaded

[Tue, 09 Apr 19 05:37:12 +0700][ERROR] [2]: ImagesController handler class cannot be loaded

[Tue, 09 Apr 19 05:37:14 +0700][ERROR] [2]: ImagesController handler class cannot be loaded

[Tue, 09 Apr 19 05:37:17 +0700][ERROR] [2]: ImagesController handler class cannot be loaded

[Tue, 09 Apr 19 05:37:21 +0700][ERROR] [2]: ImagesController handler class cannot be loaded

[Tue, 09 Apr 19 05:37:23 +0700][ERROR] [2]: ImagesController handler class cannot be loaded

[Tue, 09 Apr 19 05:37:33 +0700][ERROR] [2]: ImagesController handler class cannot be loaded

[Tue, 09 Apr 19 05:37:51 +0700][ERROR] [2]: ImagesController handler class cannot be loaded

[Tue, 09 Apr 19 05:37:56 +0700][ERROR] [2]: ImagesController handler class cannot be loaded

[Tue, 09 Apr 19 05:38:05 +0700][ERROR] [2]: ImagesController handler class cannot be loaded

[Tue, 09 Apr 19 05:38:08 +0700][ERROR] [2]: ImagesController handler class cannot be loaded

[Tue, 09 Apr 19 05:38:17 +0700][ERROR] [2]: ImagesController handler class cannot be loaded

