[Mon, 22 Apr 19 00:08:37 +0700][ERROR] [2]: ImagesController handler class cannot be loaded

[Mon, 22 Apr 19 00:08:44 +0700][ERROR] [2]: HomeController handler class cannot be loaded

[Mon, 22 Apr 19 00:08:55 +0700][ERROR] [5]: Action 'images' was not found on handler 'equip'

[Mon, 22 Apr 19 00:13:52 +0700][ERROR] [2]: ImagesController handler class cannot be loaded

[Mon, 22 Apr 19 00:13:55 +0700][ERROR] [5]: Action 'images' was not found on handler 'equip'

[Mon, 22 Apr 19 00:17:49 +0700][ERROR] [2]: ImagesController handler class cannot be loaded

[Mon, 22 Apr 19 00:18:03 +0700][ERROR] [2]: ImagesController handler class cannot be loaded

[Mon, 22 Apr 19 00:27:48 +0700][ERROR] [2]: ImagesController handler class cannot be loaded

[Mon, 22 Apr 19 00:29:09 +0700][ERROR] [2]: ImagesController handler class cannot be loaded

[Mon, 22 Apr 19 00:33:08 +0700][ERROR] [2]: ImagesController handler class cannot be loaded

[Mon, 22 Apr 19 00:33:51 +0700][ERROR] [2]: ImagesController handler class cannot be loaded

[Mon, 22 Apr 19 00:37:02 +0700][ERROR] [2]: ProductController handler class cannot be loaded

[Mon, 22 Apr 19 00:37:02 +0700][ERROR] [2]: ImagesController handler class cannot be loaded

[Mon, 22 Apr 19 00:37:12 +0700][ERROR] [2]: ImagesController handler class cannot be loaded

[Mon, 22 Apr 19 00:37:18 +0700][ERROR] [2]: ProductController handler class cannot be loaded

[Mon, 22 Apr 19 00:37:18 +0700][ERROR] [2]: ImagesController handler class cannot be loaded

[Mon, 22 Apr 19 00:45:09 +0700][ERROR] [2]: ImagesController handler class cannot be loaded

[Mon, 22 Apr 19 00:45:10 +0700][ERROR] [2]: ImagesController handler class cannot be loaded

[Mon, 22 Apr 19 00:45:15 +0700][ERROR] [2]: ProductController handler class cannot be loaded

[Mon, 22 Apr 19 00:45:16 +0700][ERROR] [2]: ImagesController handler class cannot be loaded

[Mon, 22 Apr 19 00:45:43 +0700][ERROR] [2]: ImagesController handler class cannot be loaded

[Mon, 22 Apr 19 00:45:49 +0700][ERROR] [2]: ProductController handler class cannot be loaded

[Mon, 22 Apr 19 00:45:49 +0700][ERROR] [2]: ImagesController handler class cannot be loaded

[Mon, 22 Apr 19 00:46:38 +0700][ERROR] [2]: ImagesController handler class cannot be loaded

[Mon, 22 Apr 19 00:46:46 +0700][ERROR] [2]: ImagesController handler class cannot be loaded

[Mon, 22 Apr 19 00:46:47 +0700][ERROR] [2]: ImagesController handler class cannot be loaded

[Mon, 22 Apr 19 00:46:48 +0700][ERROR] [2]: ProductController handler class cannot be loaded

[Mon, 22 Apr 19 00:46:48 +0700][ERROR] [2]: ImagesController handler class cannot be loaded

[Mon, 22 Apr 19 00:48:00 +0700][ERROR] [2]: ImagesController handler class cannot be loaded

[Mon, 22 Apr 19 00:48:04 +0700][ERROR] [2]: ProductController handler class cannot be loaded

[Mon, 22 Apr 19 00:48:04 +0700][ERROR] [2]: ImagesController handler class cannot be loaded

[Mon, 22 Apr 19 00:48:06 +0700][ERROR] [2]: ImagesController handler class cannot be loaded

[Mon, 22 Apr 19 00:50:25 +0700][ERROR] [2]: ImagesController handler class cannot be loaded

[Mon, 22 Apr 19 00:50:26 +0700][ERROR] [2]: ImagesController handler class cannot be loaded

[Mon, 22 Apr 19 00:50:28 +0700][ERROR] [2]: ImagesController handler class cannot be loaded

[Mon, 22 Apr 19 00:50:30 +0700][ERROR] [2]: ProductController handler class cannot be loaded

[Mon, 22 Apr 19 00:50:30 +0700][ERROR] [2]: ImagesController handler class cannot be loaded

[Mon, 22 Apr 19 00:50:32 +0700][ERROR] [2]: ImagesController handler class cannot be loaded

[Mon, 22 Apr 19 00:50:36 +0700][ERROR] [2]: ImagesController handler class cannot be loaded

[Mon, 22 Apr 19 00:51:52 +0700][ERROR] [2]: ImagesController handler class cannot be loaded

[Mon, 22 Apr 19 00:51:53 +0700][ERROR] [2]: ImagesController handler class cannot be loaded

[Mon, 22 Apr 19 00:54:36 +0700][ERROR] [2]: ImagesController handler class cannot be loaded

[Mon, 22 Apr 19 00:54:38 +0700][ERROR] [2]: ImagesController handler class cannot be loaded

[Mon, 22 Apr 19 00:54:40 +0700][ERROR] [2]: ImagesController handler class cannot be loaded

[Mon, 22 Apr 19 00:55:53 +0700][ERROR] [2]: ImagesController handler class cannot be loaded

[Mon, 22 Apr 19 00:55:56 +0700][ERROR] [2]: ImagesController handler class cannot be loaded

[Mon, 22 Apr 19 00:56:10 +0700][ERROR] [2]: ImagesController handler class cannot be loaded

[Mon, 22 Apr 19 00:56:11 +0700][ERROR] [2]: ImagesController handler class cannot be loaded

[Mon, 22 Apr 19 00:56:16 +0700][ERROR] [2]: ImagesController handler class cannot be loaded

[Mon, 22 Apr 19 00:56:18 +0700][ERROR] [2]: ImagesController handler class cannot be loaded

[Mon, 22 Apr 19 00:56:33 +0700][ERROR] [2]: ImagesController handler class cannot be loaded

[Mon, 22 Apr 19 00:56:35 +0700][ERROR] [2]: PageTopController handler class cannot be loaded

[Mon, 22 Apr 19 00:56:35 +0700][ERROR] [2]: ImagesController handler class cannot be loaded

[Mon, 22 Apr 19 00:57:28 +0700][ERROR] [2]: ImagesController handler class cannot be loaded

[Mon, 22 Apr 19 00:57:31 +0700][ERROR] [2]: ImagesController handler class cannot be loaded

[Mon, 22 Apr 19 00:57:41 +0700][ERROR] [2]: ImagesController handler class cannot be loaded

[Mon, 22 Apr 19 00:57:43 +0700][ERROR] [2]: PageTopController handler class cannot be loaded

[Mon, 22 Apr 19 00:57:43 +0700][ERROR] [2]: ImagesController handler class cannot be loaded

[Mon, 22 Apr 19 00:58:19 +0700][ERROR] [2]: ImagesController handler class cannot be loaded

[Mon, 22 Apr 19 00:58:21 +0700][ERROR] [2]: PageTopController handler class cannot be loaded

[Mon, 22 Apr 19 00:58:21 +0700][ERROR] [2]: ImagesController handler class cannot be loaded

[Mon, 22 Apr 19 00:58:38 +0700][ERROR] [2]: ImagesController handler class cannot be loaded

[Mon, 22 Apr 19 00:58:39 +0700][ERROR] [2]: ImagesController handler class cannot be loaded

[Mon, 22 Apr 19 00:58:41 +0700][ERROR] [2]: ImagesController handler class cannot be loaded

[Mon, 22 Apr 19 00:58:42 +0700][ERROR] [2]: ImagesController handler class cannot be loaded

[Mon, 22 Apr 19 00:58:44 +0700][ERROR] [2]: HistoryController handler class cannot be loaded

[Mon, 22 Apr 19 00:58:44 +0700][ERROR] [2]: ImagesController handler class cannot be loaded

[Mon, 22 Apr 19 01:02:02 +0700][ERROR] [2]: PageTopController handler class cannot be loaded

[Mon, 22 Apr 19 01:02:02 +0700][ERROR] [2]: ImagesController handler class cannot be loaded

[Mon, 22 Apr 19 01:02:03 +0700][ERROR] [2]: ImagesController handler class cannot be loaded

[Mon, 22 Apr 19 01:14:57 +0700][ERROR] [2]: PageTopController handler class cannot be loaded

[Mon, 22 Apr 19 01:14:57 +0700][ERROR] [2]: ImagesController handler class cannot be loaded

[Mon, 22 Apr 19 01:14:58 +0700][ERROR] [5]: Action 'images' was not found on handler 'authen'

[Mon, 22 Apr 19 01:16:09 +0700][ERROR] [2]: ProductController handler class cannot be loaded

[Mon, 22 Apr 19 01:20:13 +0700][ERROR] [5]: Action 'removeCart' was not found on handler 'lend'

[Mon, 22 Apr 19 01:20:50 +0700][ERROR] [5]: Action 'emptyCar' was not found on handler 'lend'

[Mon, 22 Apr 19 01:29:19 +0700][ERROR] [2]: HistoryController handler class cannot be loaded

[Mon, 22 Apr 19 01:37:31 +0700][ERROR] [2]: HomeController handler class cannot be loaded

[Mon, 22 Apr 19 02:07:53 +0700][ERROR] [2]: HistoryController handler class cannot be loaded

