[Sat, 30 Mar 19 13:34:07 +0700][ERROR] [2]: IndexController handler class cannot be loaded

[Sat, 30 Mar 19 13:34:07 +0700][ERROR] [2]: ImagesController handler class cannot be loaded

[Sat, 30 Mar 19 13:34:22 +0700][ERROR] [2]: IndexController handler class cannot be loaded

[Sat, 30 Mar 19 13:34:22 +0700][ERROR] [2]: ImagesController handler class cannot be loaded

[Sat, 30 Mar 19 13:35:21 +0700][ERROR] [2]: VendorController handler class cannot be loaded

[Sat, 30 Mar 19 13:35:21 +0700][ERROR] [2]: VendorController handler class cannot be loaded

[Sat, 30 Mar 19 13:35:21 +0700][ERROR] [2]: VendorController handler class cannot be loaded

[Sat, 30 Mar 19 13:35:21 +0700][ERROR] [2]: ImagesController handler class cannot be loaded

[Sat, 30 Mar 19 13:35:21 +0700][ERROR] [2]: CssController handler class cannot be loaded

[Sat, 30 Mar 19 13:35:21 +0700][ERROR] [5]: Action 'public' was not found on handler 'authen'

[Sat, 30 Mar 19 13:35:22 +0700][ERROR] [2]: VendorController handler class cannot be loaded

[Sat, 30 Mar 19 13:35:22 +0700][ERROR] [2]: VendorController handler class cannot be loaded

[Sat, 30 Mar 19 13:35:22 +0700][ERROR] [2]: VendorController handler class cannot be loaded

[Sat, 30 Mar 19 13:35:22 +0700][ERROR] [2]: VendorController handler class cannot be loaded

[Sat, 30 Mar 19 13:35:22 +0700][ERROR] [5]: Action 'images' was not found on handler 'authen'

[Sat, 30 Mar 19 13:35:22 +0700][ERROR] [2]: CssController handler class cannot be loaded

[Sat, 30 Mar 19 13:35:55 +0700][ERROR] [2]: PageTopController handler class cannot be loaded

[Sat, 30 Mar 19 13:36:09 +0700][ERROR] [2]: VendorController handler class cannot be loaded

[Sat, 30 Mar 19 13:36:09 +0700][ERROR] [2]: VendorController handler class cannot be loaded

[Sat, 30 Mar 19 13:36:09 +0700][ERROR] [2]: VendorController handler class cannot be loaded

[Sat, 30 Mar 19 13:36:09 +0700][ERROR] [2]: VendorController handler class cannot be loaded

[Sat, 30 Mar 19 13:36:09 +0700][ERROR] [2]: ImagesController handler class cannot be loaded

[Sat, 30 Mar 19 13:36:09 +0700][ERROR] [2]: CssController handler class cannot be loaded

[Sat, 30 Mar 19 13:36:13 +0700][ERROR] [2]: VendorController handler class cannot be loaded

[Sat, 30 Mar 19 13:36:13 +0700][ERROR] [2]: VendorController handler class cannot be loaded

[Sat, 30 Mar 19 13:36:13 +0700][ERROR] [2]: VendorController handler class cannot be loaded

[Sat, 30 Mar 19 13:36:14 +0700][ERROR] [2]: VendorController handler class cannot be loaded

[Sat, 30 Mar 19 13:36:14 +0700][ERROR] [5]: Action 'images' was not found on handler 'authen'

[Sat, 30 Mar 19 13:36:14 +0700][ERROR] [2]: CssController handler class cannot be loaded

[Sat, 30 Mar 19 13:37:36 +0700][ERROR] [2]: VendorController handler class cannot be loaded

[Sat, 30 Mar 19 13:37:36 +0700][ERROR] [2]: VendorController handler class cannot be loaded

[Sat, 30 Mar 19 13:37:36 +0700][ERROR] [2]: VendorController handler class cannot be loaded

[Sat, 30 Mar 19 13:37:36 +0700][ERROR] [2]: VendorController handler class cannot be loaded

[Sat, 30 Mar 19 13:37:36 +0700][ERROR] [2]: VendorController handler class cannot be loaded

[Sat, 30 Mar 19 13:37:36 +0700][ERROR] [2]: VendorController handler class cannot be loaded

[Sat, 30 Mar 19 13:37:36 +0700][ERROR] [2]: VendorController handler class cannot be loaded

[Sat, 30 Mar 19 13:37:36 +0700][ERROR] [2]: ImagesController handler class cannot be loaded

[Sat, 30 Mar 19 13:37:36 +0700][ERROR] [2]: CssController handler class cannot be loaded

[Sat, 30 Mar 19 13:37:40 +0700][ERROR] [2]: VendorController handler class cannot be loaded

[Sat, 30 Mar 19 13:37:40 +0700][ERROR] [2]: VendorController handler class cannot be loaded

[Sat, 30 Mar 19 13:37:40 +0700][ERROR] [5]: Action 'images' was not found on handler 'authen'

[Sat, 30 Mar 19 13:37:40 +0700][ERROR] [2]: CssController handler class cannot be loaded

[Sat, 30 Mar 19 13:53:08 +0700][ERROR] [2]: ImagesController handler class cannot be loaded

[Sat, 30 Mar 19 13:53:25 +0700][ERROR] [2]: ImagesController handler class cannot be loaded

[Sat, 30 Mar 19 13:53:47 +0700][ERROR] [2]: ImagesController handler class cannot be loaded

[Sat, 30 Mar 19 13:53:48 +0700][ERROR] [2]: ImagesController handler class cannot be loaded

[Sat, 30 Mar 19 13:54:19 +0700][ERROR] [2]: ImagesController handler class cannot be loaded

[Sat, 30 Mar 19 13:56:43 +0700][ERROR] [2]: ImagesController handler class cannot be loaded

[Sat, 30 Mar 19 13:56:45 +0700][ERROR] [2]: ImagesController handler class cannot be loaded

[Sat, 30 Mar 19 13:57:34 +0700][ERROR] [2]: ImagesController handler class cannot be loaded

[Sat, 30 Mar 19 13:57:53 +0700][ERROR] [2]: ImagesController handler class cannot be loaded

[Sat, 30 Mar 19 13:57:54 +0700][ERROR] [2]: ImagesController handler class cannot be loaded

[Sat, 30 Mar 19 13:57:54 +0700][ERROR] [2]: ImagesController handler class cannot be loaded

[Sat, 30 Mar 19 13:58:26 +0700][ERROR] [2]: ImagesController handler class cannot be loaded

[Sat, 30 Mar 19 13:58:27 +0700][ERROR] [2]: ImagesController handler class cannot be loaded

[Sat, 30 Mar 19 13:58:28 +0700][ERROR] [2]: ImagesController handler class cannot be loaded

[Sat, 30 Mar 19 13:58:28 +0700][ERROR] [2]: ImagesController handler class cannot be loaded

[Sat, 30 Mar 19 13:59:36 +0700][ERROR] [2]: ImagesController handler class cannot be loaded

[Sat, 30 Mar 19 14:21:50 +0700][ERROR] [2]: ImagesController handler class cannot be loaded

[Sat, 30 Mar 19 14:23:47 +0700][ERROR] [2]: ImagesController handler class cannot be loaded

[Sat, 30 Mar 19 14:24:11 +0700][ERROR] [2]: ImagesController handler class cannot be loaded

[Sat, 30 Mar 19 14:24:23 +0700][ERROR] [2]: LendController handler class cannot be loaded

[Sat, 30 Mar 19 14:24:23 +0700][ERROR] [2]: ImagesController handler class cannot be loaded

[Sat, 30 Mar 19 14:24:26 +0700][ERROR] [2]: ImagesController handler class cannot be loaded

[Sat, 30 Mar 19 14:24:27 +0700][ERROR] [2]: HistoryController handler class cannot be loaded

[Sat, 30 Mar 19 14:24:28 +0700][ERROR] [2]: ImagesController handler class cannot be loaded

[Sat, 30 Mar 19 14:24:28 +0700][ERROR] [2]: LendController handler class cannot be loaded

[Sat, 30 Mar 19 14:24:29 +0700][ERROR] [2]: ImagesController handler class cannot be loaded

[Sat, 30 Mar 19 14:24:30 +0700][ERROR] [2]: ImagesController handler class cannot be loaded

[Sat, 30 Mar 19 14:25:08 +0700][ERROR] [2]: ImagesController handler class cannot be loaded

[Sat, 30 Mar 19 14:25:12 +0700][ERROR] [2]: ImagesController handler class cannot be loaded

[Sat, 30 Mar 19 14:25:13 +0700][ERROR] [2]: ImagesController handler class cannot be loaded

[Sat, 30 Mar 19 14:25:14 +0700][ERROR] [2]: ImagesController handler class cannot be loaded

[Sat, 30 Mar 19 14:25:15 +0700][ERROR] [2]: ImagesController handler class cannot be loaded

[Sat, 30 Mar 19 14:25:37 +0700][ERROR] [2]: ImagesController handler class cannot be loaded

[Sat, 30 Mar 19 14:27:12 +0700][ERROR] [2]: ImagesController handler class cannot be loaded

[Sat, 30 Mar 19 14:28:03 +0700][ERROR] [2]: AutenController handler class cannot be loaded

[Sat, 30 Mar 19 14:28:03 +0700][ERROR] [2]: ImagesController handler class cannot be loaded

[Sat, 30 Mar 19 14:28:21 +0700][ERROR] [2]: ImagesController handler class cannot be loaded

[Sat, 30 Mar 19 14:28:38 +0700][ERROR] [2]: ImagesController handler class cannot be loaded

[Sat, 30 Mar 19 14:29:45 +0700][ERROR] [2]: ImagesController handler class cannot be loaded

[Sat, 30 Mar 19 14:30:29 +0700][ERROR] [2]: ImagesController handler class cannot be loaded

[Sat, 30 Mar 19 14:31:05 +0700][ERROR] [2]: ImagesController handler class cannot be loaded

[Sat, 30 Mar 19 14:33:29 +0700][ERROR] [2]: ImagesController handler class cannot be loaded

[Sat, 30 Mar 19 14:35:00 +0700][ERROR] [2]: ImagesController handler class cannot be loaded

[Sat, 30 Mar 19 14:35:24 +0700][ERROR] [2]: ImagesController handler class cannot be loaded

[Sat, 30 Mar 19 14:35:25 +0700][ERROR] [2]: PageTopController handler class cannot be loaded

[Sat, 30 Mar 19 14:35:26 +0700][ERROR] [2]: ImagesController handler class cannot be loaded

[Sat, 30 Mar 19 14:35:50 +0700][ERROR] [2]: ImagesController handler class cannot be loaded

[Sat, 30 Mar 19 14:35:52 +0700][ERROR] [2]: ImagesController handler class cannot be loaded

[Sat, 30 Mar 19 15:00:10 +0700][ERROR] [2]: ImagesController handler class cannot be loaded

[Sat, 30 Mar 19 15:00:12 +0700][ERROR] [2]: ImagesController handler class cannot be loaded

[Sat, 30 Mar 19 15:02:41 +0700][ERROR] [2]: ImagesController handler class cannot be loaded

[Sat, 30 Mar 19 15:02:43 +0700][ERROR] [2]: ImagesController handler class cannot be loaded

[Sat, 30 Mar 19 15:02:44 +0700][ERROR] [2]: ImagesController handler class cannot be loaded

[Sat, 30 Mar 19 15:03:13 +0700][ERROR] [2]: ImagesController handler class cannot be loaded

[Sat, 30 Mar 19 15:03:14 +0700][ERROR] [2]: ImagesController handler class cannot be loaded

[Sat, 30 Mar 19 15:03:52 +0700][ERROR] [2]: ImagesController handler class cannot be loaded

[Sat, 30 Mar 19 15:03:57 +0700][ERROR] [5]: Action 'images' was not found on handler 'equip'

[Sat, 30 Mar 19 15:06:03 +0700][ERROR] [5]: Action 'index.html' was not found on handler 'equip'

[Sat, 30 Mar 19 15:06:03 +0700][ERROR] [5]: Action 'images' was not found on handler 'equip'

[Sat, 30 Mar 19 15:06:05 +0700][ERROR] [5]: Action 'images' was not found on handler 'equip'

[Sat, 30 Mar 19 15:06:26 +0700][ERROR] [2]: IndexController handler class cannot be loaded

[Sat, 30 Mar 19 15:06:29 +0700][ERROR] [5]: Action 'images' was not found on handler 'equip'

[Sat, 30 Mar 19 15:07:13 +0700][ERROR] [5]: Action 'images' was not found on handler 'equip'

[Sat, 30 Mar 19 15:07:32 +0700][ERROR] [5]: Action 'images' was not found on handler 'equip'

[Sat, 30 Mar 19 15:08:17 +0700][ERROR] [5]: Action 'index.html' was not found on handler 'equip'

[Sat, 30 Mar 19 15:08:17 +0700][ERROR] [5]: Action 'images' was not found on handler 'equip'

[Sat, 30 Mar 19 15:08:19 +0700][ERROR] [5]: Action 'images' was not found on handler 'equip'

[Sat, 30 Mar 19 15:08:54 +0700][ERROR] [2]: IndexController handler class cannot be loaded

[Sat, 30 Mar 19 15:10:45 +0700][ERROR] [2]: ImagesController handler class cannot be loaded

[Sat, 30 Mar 19 15:10:46 +0700][ERROR] [5]: Action 'images' was not found on handler 'equip'

[Sat, 30 Mar 19 15:15:58 +0700][ERROR] [2]: IndexController handler class cannot be loaded

[Sat, 30 Mar 19 15:16:03 +0700][ERROR] [5]: Action 'images' was not found on handler 'equip'

[Sat, 30 Mar 19 15:16:31 +0700][ERROR] [2]: IndexController handler class cannot be loaded

[Sat, 30 Mar 19 15:16:34 +0700][ERROR] [5]: Action 'images' was not found on handler 'equip'

[Sat, 30 Mar 19 15:19:34 +0700][ERROR] [2]: IndexController handler class cannot be loaded

[Sat, 30 Mar 19 15:19:37 +0700][ERROR] [5]: Action 'images' was not found on handler 'equip'

[Sat, 30 Mar 19 15:20:11 +0700][ERROR] [5]: Action 'images' was not found on handler 'equip'

[Sat, 30 Mar 19 15:26:41 +0700][ERROR] [2]: ImagesController handler class cannot be loaded

[Sat, 30 Mar 19 15:26:42 +0700][ERROR] [5]: Action 'images' was not found on handler 'equip'

[Sat, 30 Mar 19 15:32:04 +0700][ERROR] [2]: ImagesController handler class cannot be loaded

[Sat, 30 Mar 19 15:32:05 +0700][ERROR] [5]: Action 'images' was not found on handler 'equip'

[Sat, 30 Mar 19 15:33:22 +0700][ERROR] [2]: ImagesController handler class cannot be loaded

[Sat, 30 Mar 19 15:33:26 +0700][ERROR] [5]: Action 'images' was not found on handler 'equip'

[Sat, 30 Mar 19 15:34:46 +0700][ERROR] [5]: Action 'images' was not found on handler 'equip'

[Sat, 30 Mar 19 15:34:47 +0700][ERROR] [5]: Action 'images' was not found on handler 'equip'

[Sat, 30 Mar 19 15:35:14 +0700][ERROR] [5]: Action 'images' was not found on handler 'equip'

[Sat, 30 Mar 19 16:03:40 +0700][ERROR] [2]: PageTopController handler class cannot be loaded

[Sat, 30 Mar 19 16:03:43 +0700][ERROR] [2]: VendorController handler class cannot be loaded

[Sat, 30 Mar 19 16:03:43 +0700][ERROR] [2]: VendorController handler class cannot be loaded

[Sat, 30 Mar 19 16:03:43 +0700][ERROR] [2]: VendorController handler class cannot be loaded

[Sat, 30 Mar 19 16:03:43 +0700][ERROR] [2]: VendorController handler class cannot be loaded

[Sat, 30 Mar 19 16:03:43 +0700][ERROR] [5]: Action 'images' was not found on handler 'authen'

[Sat, 30 Mar 19 16:03:43 +0700][ERROR] [2]: CssController handler class cannot be loaded

[Sat, 30 Mar 19 16:05:17 +0700][ERROR] [5]: Action 'images' was not found on handler 'equip'

[Sat, 30 Mar 19 16:06:00 +0700][ERROR] [2]: IndexController handler class cannot be loaded

[Sat, 30 Mar 19 16:06:01 +0700][ERROR] [2]: ImagesController handler class cannot be loaded

[Sat, 30 Mar 19 16:06:04 +0700][ERROR] [2]: HistoryController handler class cannot be loaded

[Sat, 30 Mar 19 16:06:05 +0700][ERROR] [2]: LendController handler class cannot be loaded

[Sat, 30 Mar 19 16:06:09 +0700][ERROR] [5]: Action 'images' was not found on handler 'equip'

[Sat, 30 Mar 19 16:08:02 +0700][ERROR] [2]: IndexController handler class cannot be loaded

[Sat, 30 Mar 19 16:08:03 +0700][ERROR] [5]: Action 'images' was not found on handler 'equip'

[Sat, 30 Mar 19 16:08:22 +0700][ERROR] [5]: Action 'images' was not found on handler 'equip'

[Sat, 30 Mar 19 16:08:59 +0700][ERROR] [5]: Action 'images' was not found on handler 'equip'

[Sat, 30 Mar 19 16:09:23 +0700][ERROR] [5]: Action 'images' was not found on handler 'equip'

[Sat, 30 Mar 19 16:09:27 +0700][ERROR] [5]: Action 'index.html' was not found on handler 'equip'

[Sat, 30 Mar 19 16:09:27 +0700][ERROR] [5]: Action 'images' was not found on handler 'equip'

[Sat, 30 Mar 19 16:10:02 +0700][ERROR] [5]: Action 'images' was not found on handler 'equip'

[Sat, 30 Mar 19 16:11:57 +0700][ERROR] [5]: Action 'images' was not found on handler 'equip'

[Sat, 30 Mar 19 16:13:26 +0700][ERROR] [5]: Action 'images' was not found on handler 'equip'

[Sat, 30 Mar 19 16:13:30 +0700][ERROR] [5]: Action 'images' was not found on handler 'equip'

[Sat, 30 Mar 19 16:14:31 +0700][ERROR] [5]: Action 'images' was not found on handler 'equip'

[Sat, 30 Mar 19 16:14:36 +0700][ERROR] [2]: IndexController handler class cannot be loaded

[Sat, 30 Mar 19 16:15:55 +0700][ERROR] [2]: PageTopController handler class cannot be loaded

[Sat, 30 Mar 19 16:15:57 +0700][ERROR] [2]: VendorController handler class cannot be loaded

[Sat, 30 Mar 19 16:15:57 +0700][ERROR] [2]: VendorController handler class cannot be loaded

[Sat, 30 Mar 19 16:15:57 +0700][ERROR] [2]: VendorController handler class cannot be loaded

[Sat, 30 Mar 19 16:15:57 +0700][ERROR] [2]: VendorController handler class cannot be loaded

[Sat, 30 Mar 19 16:15:57 +0700][ERROR] [5]: Action 'images' was not found on handler 'authen'

[Sat, 30 Mar 19 16:15:57 +0700][ERROR] [2]: CssController handler class cannot be loaded

[Sat, 30 Mar 19 16:16:07 +0700][ERROR] [5]: Action 'images' was not found on handler 'equip'

[Sat, 30 Mar 19 16:16:26 +0700][ERROR] [5]: Action 'images' was not found on handler 'equip'

[Sat, 30 Mar 19 16:25:27 +0700][ERROR] [2]: ImagesController handler class cannot be loaded

[Sat, 30 Mar 19 16:28:29 +0700][ERROR] [2]: ImagesController handler class cannot be loaded

[Sat, 30 Mar 19 16:28:30 +0700][ERROR] [2]: ImagesController handler class cannot be loaded

[Sat, 30 Mar 19 16:28:31 +0700][ERROR] [2]: ImagesController handler class cannot be loaded

[Sat, 30 Mar 19 16:28:48 +0700][ERROR] [2]: ImagesController handler class cannot be loaded

[Sat, 30 Mar 19 16:29:11 +0700][ERROR] [2]: ImagesController handler class cannot be loaded

[Sat, 30 Mar 19 16:29:14 +0700][ERROR] [2]: ImagesController handler class cannot be loaded

[Sat, 30 Mar 19 16:29:15 +0700][ERROR] [2]: ImagesController handler class cannot be loaded

[Sat, 30 Mar 19 16:29:16 +0700][ERROR] [2]: ImagesController handler class cannot be loaded

[Sat, 30 Mar 19 16:29:16 +0700][ERROR] [2]: ImagesController handler class cannot be loaded

[Sat, 30 Mar 19 16:29:18 +0700][ERROR] [2]: ImagesController handler class cannot be loaded

[Sat, 30 Mar 19 16:29:19 +0700][ERROR] [2]: ImagesController handler class cannot be loaded

[Sat, 30 Mar 19 16:29:23 +0700][ERROR] [2]: ImagesController handler class cannot be loaded

[Sat, 30 Mar 19 16:29:25 +0700][ERROR] [2]: IndexController handler class cannot be loaded

[Sat, 30 Mar 19 16:29:25 +0700][ERROR] [2]: ImagesController handler class cannot be loaded

[Sat, 30 Mar 19 16:30:04 +0700][ERROR] [2]: PageTopController handler class cannot be loaded

[Sat, 30 Mar 19 16:30:07 +0700][ERROR] [2]: PageTopController handler class cannot be loaded

[Sat, 30 Mar 19 16:30:10 +0700][ERROR] [2]: PageTopController handler class cannot be loaded

[Sat, 30 Mar 19 16:30:12 +0700][ERROR] [2]: PageTopController handler class cannot be loaded

[Sat, 30 Mar 19 16:30:34 +0700][ERROR] [2]: PageTopController handler class cannot be loaded

[Sat, 30 Mar 19 16:30:39 +0700][ERROR] [2]: PageTopController handler class cannot be loaded

