[Sun, 21 Apr 19 00:03:06 +0700][ERROR] [5]: Action 'images' was not found on handler 'client'

[Sun, 21 Apr 19 00:03:09 +0700][ERROR] [5]: Action 'images' was not found on handler 'client'

[Sun, 21 Apr 19 00:03:14 +0700][ERROR] [5]: Action 'images' was not found on handler 'client'

[Sun, 21 Apr 19 00:03:53 +0700][ERROR] [5]: Action 'images' was not found on handler 'client'

[Sun, 21 Apr 19 00:03:58 +0700][ERROR] [5]: Action 'images' was not found on handler 'client'

[Sun, 21 Apr 19 00:05:02 +0700][ERROR] [5]: Action 'images' was not found on handler 'client'

[Sun, 21 Apr 19 00:05:07 +0700][ERROR] [5]: Action 'images' was not found on handler 'client'

[Sun, 21 Apr 19 00:08:43 +0700][ERROR] [5]: Action 'images' was not found on handler 'client'

[Sun, 21 Apr 19 00:08:49 +0700][ERROR] [5]: Action 'images' was not found on handler 'client'

[Sun, 21 Apr 19 00:08:59 +0700][ERROR] [5]: Action 'images' was not found on handler 'client'

[Sun, 21 Apr 19 00:09:08 +0700][ERROR] [5]: Action 'images' was not found on handler 'client'

[Sun, 21 Apr 19 00:09:44 +0700][ERROR] [2]: ImagesController handler class cannot be loaded

[Sun, 21 Apr 19 00:09:48 +0700][ERROR] [5]: Action 'images' was not found on handler 'client'

[Sun, 21 Apr 19 00:11:55 +0700][ERROR] [5]: Action 'images' was not found on handler 'client'

[Sun, 21 Apr 19 00:11:58 +0700][ERROR] [5]: Action 'images' was not found on handler 'client'

[Sun, 21 Apr 19 00:13:17 +0700][ERROR] [5]: Action 'images' was not found on handler 'client'

[Sun, 21 Apr 19 00:13:20 +0700][ERROR] [5]: Action 'images' was not found on handler 'client'

[Sun, 21 Apr 19 00:13:35 +0700][ERROR] [5]: Action 'images' was not found on handler 'client'

[Sun, 21 Apr 19 00:13:41 +0700][ERROR] [5]: Action 'images' was not found on handler 'client'

[Sun, 21 Apr 19 00:25:13 +0700][ERROR] [2]: ImagesController handler class cannot be loaded

[Sun, 21 Apr 19 00:28:55 +0700][ERROR] [5]: Action 'images' was not found on handler 'client'

[Sun, 21 Apr 19 00:30:02 +0700][ERROR] [2]: ImagesController handler class cannot be loaded

[Sun, 21 Apr 19 00:30:06 +0700][ERROR] [2]: ImagesController handler class cannot be loaded

[Sun, 21 Apr 19 00:30:08 +0700][ERROR] [2]: ImagesController handler class cannot be loaded

[Sun, 21 Apr 19 00:30:45 +0700][ERROR] [2]: ImagesController handler class cannot be loaded

[Sun, 21 Apr 19 00:31:01 +0700][ERROR] [2]: ImagesController handler class cannot be loaded

[Sun, 21 Apr 19 00:31:27 +0700][ERROR] [2]: ImagesController handler class cannot be loaded

[Sun, 21 Apr 19 00:31:28 +0700][ERROR] [2]: ImagesController handler class cannot be loaded

[Sun, 21 Apr 19 00:31:31 +0700][ERROR] [2]: ImagesController handler class cannot be loaded

[Sun, 21 Apr 19 00:31:34 +0700][ERROR] [2]: ImagesController handler class cannot be loaded

[Sun, 21 Apr 19 00:31:52 +0700][ERROR] [2]: ImagesController handler class cannot be loaded

[Sun, 21 Apr 19 00:31:57 +0700][ERROR] [2]: ImagesController handler class cannot be loaded

[Sun, 21 Apr 19 00:33:53 +0700][ERROR] [2]: ImagesController handler class cannot be loaded

[Sun, 21 Apr 19 00:33:59 +0700][ERROR] [2]: ImagesController handler class cannot be loaded

[Sun, 21 Apr 19 00:34:03 +0700][ERROR] [2]: ImagesController handler class cannot be loaded

[Sun, 21 Apr 19 00:34:07 +0700][ERROR] [2]: ImagesController handler class cannot be loaded

[Sun, 21 Apr 19 00:37:04 +0700][ERROR] [2]: ImagesController handler class cannot be loaded

[Sun, 21 Apr 19 00:37:10 +0700][ERROR] [5]: Action 'index.html' was not found on handler 'client'

[Sun, 21 Apr 19 00:37:11 +0700][ERROR] [2]: ImagesController handler class cannot be loaded

[Sun, 21 Apr 19 00:37:15 +0700][ERROR] [2]: ImagesController handler class cannot be loaded

[Sun, 21 Apr 19 00:37:17 +0700][ERROR] [2]: ImagesController handler class cannot be loaded

[Sun, 21 Apr 19 00:37:19 +0700][ERROR] [2]: ImagesController handler class cannot be loaded

[Sun, 21 Apr 19 00:39:20 +0700][ERROR] [2]: ImagesController handler class cannot be loaded

[Sun, 21 Apr 19 00:39:22 +0700][ERROR] [2]: ImagesController handler class cannot be loaded

[Sun, 21 Apr 19 00:39:42 +0700][ERROR] [2]: ImagesController handler class cannot be loaded

[Sun, 21 Apr 19 00:40:07 +0700][ERROR] [2]: ImagesController handler class cannot be loaded

[Sun, 21 Apr 19 00:40:35 +0700][ERROR] [2]: IndexController handler class cannot be loaded

[Sun, 21 Apr 19 00:40:35 +0700][ERROR] [2]: ImagesController handler class cannot be loaded

[Sun, 21 Apr 19 00:48:46 +0700][ERROR] [2]: ImagesController handler class cannot be loaded

[Sun, 21 Apr 19 00:48:47 +0700][ERROR] [2]: VendorController handler class cannot be loaded

[Sun, 21 Apr 19 00:48:47 +0700][ERROR] [2]: VendorController handler class cannot be loaded

[Sun, 21 Apr 19 00:48:47 +0700][ERROR] [2]: VendorController handler class cannot be loaded

[Sun, 21 Apr 19 00:48:48 +0700][ERROR] [2]: VendorController handler class cannot be loaded

[Sun, 21 Apr 19 00:48:48 +0700][ERROR] [2]: VendorController handler class cannot be loaded

[Sun, 21 Apr 19 00:48:48 +0700][ERROR] [2]: VendorController handler class cannot be loaded

[Sun, 21 Apr 19 00:48:48 +0700][ERROR] [2]: CssController handler class cannot be loaded

[Sun, 21 Apr 19 00:48:48 +0700][ERROR] [2]: ImagesController handler class cannot be loaded

[Sun, 21 Apr 19 00:48:48 +0700][ERROR] [2]: CssController handler class cannot be loaded

[Sun, 21 Apr 19 00:49:56 +0700][ERROR] [2]: VendorController handler class cannot be loaded

[Sun, 21 Apr 19 00:49:56 +0700][ERROR] [2]: VendorController handler class cannot be loaded

[Sun, 21 Apr 19 00:49:56 +0700][ERROR] [2]: VendorController handler class cannot be loaded

[Sun, 21 Apr 19 00:49:56 +0700][ERROR] [2]: VendorController handler class cannot be loaded

[Sun, 21 Apr 19 00:49:56 +0700][ERROR] [2]: CssController handler class cannot be loaded

[Sun, 21 Apr 19 00:49:56 +0700][ERROR] [2]: ImagesController handler class cannot be loaded

[Sun, 21 Apr 19 00:49:56 +0700][ERROR] [2]: CssController handler class cannot be loaded

[Sun, 21 Apr 19 00:50:53 +0700][ERROR] [2]: VendorController handler class cannot be loaded

[Sun, 21 Apr 19 00:50:53 +0700][ERROR] [2]: VendorController handler class cannot be loaded

[Sun, 21 Apr 19 00:50:53 +0700][ERROR] [2]: VendorController handler class cannot be loaded

[Sun, 21 Apr 19 00:50:53 +0700][ERROR] [2]: VendorController handler class cannot be loaded

[Sun, 21 Apr 19 00:50:53 +0700][ERROR] [2]: VendorController handler class cannot be loaded

[Sun, 21 Apr 19 00:50:53 +0700][ERROR] [2]: VendorController handler class cannot be loaded

[Sun, 21 Apr 19 00:50:53 +0700][ERROR] [2]: CssController handler class cannot be loaded

[Sun, 21 Apr 19 00:50:53 +0700][ERROR] [2]: VendorController handler class cannot be loaded

[Sun, 21 Apr 19 00:50:53 +0700][ERROR] [2]: ImagesController handler class cannot be loaded

[Sun, 21 Apr 19 00:50:53 +0700][ERROR] [2]: CssController handler class cannot be loaded

[Sun, 21 Apr 19 00:51:08 +0700][ERROR] [2]: ImagesController handler class cannot be loaded

[Sun, 21 Apr 19 00:55:05 +0700][ERROR] [2]: ImagesController handler class cannot be loaded

[Sun, 21 Apr 19 00:58:12 +0700][ERROR] [2]: ImagesController handler class cannot be loaded

[Sun, 21 Apr 19 00:58:13 +0700][ERROR] [2]: ImagesController handler class cannot be loaded

[Sun, 21 Apr 19 00:58:15 +0700][ERROR] [2]: VendorController handler class cannot be loaded

[Sun, 21 Apr 19 00:58:15 +0700][ERROR] [2]: VendorController handler class cannot be loaded

[Sun, 21 Apr 19 00:58:15 +0700][ERROR] [2]: VendorController handler class cannot be loaded

[Sun, 21 Apr 19 00:58:15 +0700][ERROR] [2]: VendorController handler class cannot be loaded

[Sun, 21 Apr 19 00:58:15 +0700][ERROR] [2]: VendorController handler class cannot be loaded

[Sun, 21 Apr 19 00:58:15 +0700][ERROR] [2]: VendorController handler class cannot be loaded

[Sun, 21 Apr 19 00:58:15 +0700][ERROR] [2]: VendorController handler class cannot be loaded

[Sun, 21 Apr 19 00:58:15 +0700][ERROR] [2]: VendorController handler class cannot be loaded

[Sun, 21 Apr 19 00:58:15 +0700][ERROR] [2]: ImagesController handler class cannot be loaded

[Sun, 21 Apr 19 00:58:15 +0700][ERROR] [2]: CssController handler class cannot be loaded

[Sun, 21 Apr 19 00:58:34 +0700][ERROR] [5]: Action 'images' was not found on handler 'client'

[Sun, 21 Apr 19 00:59:56 +0700][ERROR] [2]: VendorController handler class cannot be loaded

[Sun, 21 Apr 19 00:59:56 +0700][ERROR] [2]: VendorController handler class cannot be loaded

[Sun, 21 Apr 19 00:59:56 +0700][ERROR] [2]: VendorController handler class cannot be loaded

[Sun, 21 Apr 19 00:59:56 +0700][ERROR] [2]: VendorController handler class cannot be loaded

[Sun, 21 Apr 19 00:59:56 +0700][ERROR] [2]: VendorController handler class cannot be loaded

[Sun, 21 Apr 19 00:59:56 +0700][ERROR] [2]: VendorController handler class cannot be loaded

[Sun, 21 Apr 19 00:59:56 +0700][ERROR] [2]: VendorController handler class cannot be loaded

[Sun, 21 Apr 19 00:59:56 +0700][ERROR] [2]: CssController handler class cannot be loaded

[Sun, 21 Apr 19 00:59:56 +0700][ERROR] [5]: Action 'images' was not found on handler 'client'

[Sun, 21 Apr 19 00:59:56 +0700][ERROR] [2]: CssController handler class cannot be loaded

[Sun, 21 Apr 19 01:00:06 +0700][ERROR] [2]: VendorController handler class cannot be loaded

[Sun, 21 Apr 19 01:00:06 +0700][ERROR] [2]: VendorController handler class cannot be loaded

[Sun, 21 Apr 19 01:00:06 +0700][ERROR] [2]: VendorController handler class cannot be loaded

[Sun, 21 Apr 19 01:00:07 +0700][ERROR] [2]: VendorController handler class cannot be loaded

[Sun, 21 Apr 19 01:00:07 +0700][ERROR] [2]: CssController handler class cannot be loaded

[Sun, 21 Apr 19 01:00:07 +0700][ERROR] [5]: Action 'images' was not found on handler 'client'

[Sun, 21 Apr 19 01:00:07 +0700][ERROR] [2]: CssController handler class cannot be loaded

[Sun, 21 Apr 19 01:01:54 +0700][ERROR] [2]: VendorController handler class cannot be loaded

[Sun, 21 Apr 19 01:01:54 +0700][ERROR] [2]: VendorController handler class cannot be loaded

[Sun, 21 Apr 19 01:01:54 +0700][ERROR] [2]: VendorController handler class cannot be loaded

[Sun, 21 Apr 19 01:01:54 +0700][ERROR] [2]: VendorController handler class cannot be loaded

[Sun, 21 Apr 19 01:01:54 +0700][ERROR] [2]: VendorController handler class cannot be loaded

[Sun, 21 Apr 19 01:01:54 +0700][ERROR] [2]: ImagesController handler class cannot be loaded

[Sun, 21 Apr 19 01:01:54 +0700][ERROR] [2]: CssController handler class cannot be loaded

[Sun, 21 Apr 19 01:09:54 +0700][ERROR] [2]: VendorController handler class cannot be loaded

[Sun, 21 Apr 19 01:09:54 +0700][ERROR] [2]: VendorController handler class cannot be loaded

[Sun, 21 Apr 19 01:09:54 +0700][ERROR] [2]: VendorController handler class cannot be loaded

[Sun, 21 Apr 19 01:09:54 +0700][ERROR] [2]: VendorController handler class cannot be loaded

[Sun, 21 Apr 19 01:09:54 +0700][ERROR] [2]: VendorController handler class cannot be loaded

[Sun, 21 Apr 19 01:09:54 +0700][ERROR] [2]: VendorController handler class cannot be loaded

[Sun, 21 Apr 19 01:09:54 +0700][ERROR] [5]: Action 'images' was not found on handler 'equip'

[Sun, 21 Apr 19 01:09:54 +0700][ERROR] [2]: CssController handler class cannot be loaded

[Sun, 21 Apr 19 01:10:23 +0700][ERROR] [2]: VendorController handler class cannot be loaded

[Sun, 21 Apr 19 01:10:23 +0700][ERROR] [2]: VendorController handler class cannot be loaded

[Sun, 21 Apr 19 01:10:23 +0700][ERROR] [2]: VendorController handler class cannot be loaded

[Sun, 21 Apr 19 01:10:23 +0700][ERROR] [2]: VendorController handler class cannot be loaded

[Sun, 21 Apr 19 01:10:23 +0700][ERROR] [5]: Action 'images' was not found on handler 'equip'

[Sun, 21 Apr 19 01:10:23 +0700][ERROR] [2]: CssController handler class cannot be loaded

[Sun, 21 Apr 19 01:11:45 +0700][ERROR] [2]: VendorController handler class cannot be loaded

[Sun, 21 Apr 19 01:11:45 +0700][ERROR] [2]: VendorController handler class cannot be loaded

[Sun, 21 Apr 19 01:11:45 +0700][ERROR] [2]: VendorController handler class cannot be loaded

[Sun, 21 Apr 19 01:11:45 +0700][ERROR] [2]: VendorController handler class cannot be loaded

[Sun, 21 Apr 19 01:11:46 +0700][ERROR] [2]: VendorController handler class cannot be loaded

[Sun, 21 Apr 19 01:11:46 +0700][ERROR] [2]: VendorController handler class cannot be loaded

[Sun, 21 Apr 19 01:11:46 +0700][ERROR] [2]: ImagesController handler class cannot be loaded

[Sun, 21 Apr 19 01:11:46 +0700][ERROR] [2]: CssController handler class cannot be loaded

[Sun, 21 Apr 19 01:14:20 +0700][ERROR] [2]: VendorController handler class cannot be loaded

[Sun, 21 Apr 19 01:14:20 +0700][ERROR] [2]: VendorController handler class cannot be loaded

[Sun, 21 Apr 19 01:14:20 +0700][ERROR] [2]: VendorController handler class cannot be loaded

[Sun, 21 Apr 19 01:14:20 +0700][ERROR] [2]: VendorController handler class cannot be loaded

[Sun, 21 Apr 19 01:14:20 +0700][ERROR] [5]: Action 'images' was not found on handler 'equip'

[Sun, 21 Apr 19 01:14:20 +0700][ERROR] [2]: CssController handler class cannot be loaded

[Sun, 21 Apr 19 01:15:09 +0700][ERROR] [2]: VendorController handler class cannot be loaded

[Sun, 21 Apr 19 01:15:09 +0700][ERROR] [2]: VendorController handler class cannot be loaded

[Sun, 21 Apr 19 01:15:10 +0700][ERROR] [5]: Action 'images' was not found on handler 'equip'

[Sun, 21 Apr 19 01:15:10 +0700][ERROR] [2]: CssController handler class cannot be loaded

[Sun, 21 Apr 19 01:15:34 +0700][ERROR] [2]: VendorController handler class cannot be loaded

[Sun, 21 Apr 19 01:15:34 +0700][ERROR] [2]: VendorController handler class cannot be loaded

[Sun, 21 Apr 19 01:15:34 +0700][ERROR] [2]: VendorController handler class cannot be loaded

[Sun, 21 Apr 19 01:15:35 +0700][ERROR] [2]: VendorController handler class cannot be loaded

[Sun, 21 Apr 19 01:15:35 +0700][ERROR] [5]: Action 'images' was not found on handler 'equip'

[Sun, 21 Apr 19 01:15:35 +0700][ERROR] [2]: CssController handler class cannot be loaded

[Sun, 21 Apr 19 01:16:48 +0700][ERROR] [2]: VendorController handler class cannot be loaded

[Sun, 21 Apr 19 01:16:48 +0700][ERROR] [2]: VendorController handler class cannot be loaded

[Sun, 21 Apr 19 01:16:48 +0700][ERROR] [2]: VendorController handler class cannot be loaded

[Sun, 21 Apr 19 01:16:48 +0700][ERROR] [2]: VendorController handler class cannot be loaded

[Sun, 21 Apr 19 01:16:48 +0700][ERROR] [2]: VendorController handler class cannot be loaded

[Sun, 21 Apr 19 01:16:48 +0700][ERROR] [2]: CssController handler class cannot be loaded

[Sun, 21 Apr 19 01:16:48 +0700][ERROR] [5]: Action 'images' was not found on handler 'client'

[Sun, 21 Apr 19 01:16:48 +0700][ERROR] [2]: CssController handler class cannot be loaded

[Sun, 21 Apr 19 01:16:55 +0700][ERROR] [2]: VendorController handler class cannot be loaded

[Sun, 21 Apr 19 01:16:55 +0700][ERROR] [2]: VendorController handler class cannot be loaded

[Sun, 21 Apr 19 01:16:55 +0700][ERROR] [2]: VendorController handler class cannot be loaded

[Sun, 21 Apr 19 01:16:55 +0700][ERROR] [2]: VendorController handler class cannot be loaded

[Sun, 21 Apr 19 01:16:55 +0700][ERROR] [5]: Action 'images' was not found on handler 'equip'

[Sun, 21 Apr 19 01:16:55 +0700][ERROR] [2]: CssController handler class cannot be loaded

[Sun, 21 Apr 19 01:20:41 +0700][ERROR] [2]: VendorController handler class cannot be loaded

[Sun, 21 Apr 19 01:20:41 +0700][ERROR] [2]: VendorController handler class cannot be loaded

[Sun, 21 Apr 19 01:20:41 +0700][ERROR] [2]: VendorController handler class cannot be loaded

[Sun, 21 Apr 19 01:20:41 +0700][ERROR] [5]: Action 'images' was not found on handler 'equip'

[Sun, 21 Apr 19 01:20:41 +0700][ERROR] [2]: CssController handler class cannot be loaded

[Sun, 21 Apr 19 01:22:19 +0700][ERROR] [2]: VendorController handler class cannot be loaded

[Sun, 21 Apr 19 01:22:19 +0700][ERROR] [2]: VendorController handler class cannot be loaded

[Sun, 21 Apr 19 01:22:19 +0700][ERROR] [2]: VendorController handler class cannot be loaded

[Sun, 21 Apr 19 01:22:19 +0700][ERROR] [2]: VendorController handler class cannot be loaded

[Sun, 21 Apr 19 01:22:19 +0700][ERROR] [2]: VendorController handler class cannot be loaded

[Sun, 21 Apr 19 01:22:19 +0700][ERROR] [5]: Action 'images' was not found on handler 'equip'

[Sun, 21 Apr 19 01:22:19 +0700][ERROR] [2]: CssController handler class cannot be loaded

[Sun, 21 Apr 19 01:23:00 +0700][ERROR] [2]: VendorController handler class cannot be loaded

[Sun, 21 Apr 19 01:23:00 +0700][ERROR] [2]: VendorController handler class cannot be loaded

[Sun, 21 Apr 19 01:23:00 +0700][ERROR] [2]: VendorController handler class cannot be loaded

[Sun, 21 Apr 19 01:23:00 +0700][ERROR] [2]: VendorController handler class cannot be loaded

[Sun, 21 Apr 19 01:23:00 +0700][ERROR] [5]: Action 'images' was not found on handler 'equip'

[Sun, 21 Apr 19 01:23:00 +0700][ERROR] [2]: CssController handler class cannot be loaded

[Sun, 21 Apr 19 01:24:13 +0700][ERROR] [2]: VendorController handler class cannot be loaded

[Sun, 21 Apr 19 01:24:13 +0700][ERROR] [2]: VendorController handler class cannot be loaded

[Sun, 21 Apr 19 01:24:13 +0700][ERROR] [2]: VendorController handler class cannot be loaded

[Sun, 21 Apr 19 01:24:13 +0700][ERROR] [2]: ImagesController handler class cannot be loaded

[Sun, 21 Apr 19 01:24:13 +0700][ERROR] [2]: CssController handler class cannot be loaded

[Sun, 21 Apr 19 01:28:37 +0700][ERROR] [2]: VendorController handler class cannot be loaded

[Sun, 21 Apr 19 01:28:37 +0700][ERROR] [2]: VendorController handler class cannot be loaded

[Sun, 21 Apr 19 01:28:37 +0700][ERROR] [2]: VendorController handler class cannot be loaded

[Sun, 21 Apr 19 01:28:37 +0700][ERROR] [2]: VendorController handler class cannot be loaded

[Sun, 21 Apr 19 01:28:37 +0700][ERROR] [2]: VendorController handler class cannot be loaded

[Sun, 21 Apr 19 01:28:37 +0700][ERROR] [2]: ImagesController handler class cannot be loaded

[Sun, 21 Apr 19 01:28:37 +0700][ERROR] [2]: CssController handler class cannot be loaded

[Sun, 21 Apr 19 01:28:49 +0700][ERROR] [2]: VendorController handler class cannot be loaded

[Sun, 21 Apr 19 01:28:49 +0700][ERROR] [2]: VendorController handler class cannot be loaded

[Sun, 21 Apr 19 01:28:49 +0700][ERROR] [2]: VendorController handler class cannot be loaded

[Sun, 21 Apr 19 01:28:50 +0700][ERROR] [2]: VendorController handler class cannot be loaded

[Sun, 21 Apr 19 01:28:50 +0700][ERROR] [2]: VendorController handler class cannot be loaded

[Sun, 21 Apr 19 01:28:50 +0700][ERROR] [2]: VendorController handler class cannot be loaded

[Sun, 21 Apr 19 01:28:50 +0700][ERROR] [2]: ImagesController handler class cannot be loaded

[Sun, 21 Apr 19 01:28:50 +0700][ERROR] [2]: CssController handler class cannot be loaded

[Sun, 21 Apr 19 01:36:10 +0700][ERROR] [2]: IndexController handler class cannot be loaded

[Sun, 21 Apr 19 01:36:10 +0700][ERROR] [2]: ImagesController handler class cannot be loaded

[Sun, 21 Apr 19 01:36:14 +0700][ERROR] [2]: ImagesController handler class cannot be loaded

[Sun, 21 Apr 19 01:36:20 +0700][ERROR] [2]: VendorController handler class cannot be loaded

[Sun, 21 Apr 19 01:36:20 +0700][ERROR] [2]: VendorController handler class cannot be loaded

[Sun, 21 Apr 19 01:36:20 +0700][ERROR] [2]: VendorController handler class cannot be loaded

[Sun, 21 Apr 19 01:36:20 +0700][ERROR] [2]: VendorController handler class cannot be loaded

[Sun, 21 Apr 19 01:36:20 +0700][ERROR] [2]: VendorController handler class cannot be loaded

[Sun, 21 Apr 19 01:36:20 +0700][ERROR] [2]: ImagesController handler class cannot be loaded

[Sun, 21 Apr 19 01:36:20 +0700][ERROR] [2]: CssController handler class cannot be loaded

