[Tue, 02 Apr 19 14:12:06 +0700][ERROR] [2]: IndexController handler class cannot be loaded

[Tue, 02 Apr 19 14:12:06 +0700][ERROR] [2]: IndexController handler class cannot be loaded

[Tue, 02 Apr 19 14:12:07 +0700][ERROR] [2]: ImagesController handler class cannot be loaded

[Tue, 02 Apr 19 14:12:09 +0700][ERROR] [2]: VendorController handler class cannot be loaded

[Tue, 02 Apr 19 14:12:09 +0700][ERROR] [2]: VendorController handler class cannot be loaded

[Tue, 02 Apr 19 14:12:09 +0700][ERROR] [2]: VendorController handler class cannot be loaded

[Tue, 02 Apr 19 14:12:09 +0700][ERROR] [2]: VendorController handler class cannot be loaded

[Tue, 02 Apr 19 14:12:09 +0700][ERROR] [2]: VendorController handler class cannot be loaded

[Tue, 02 Apr 19 14:12:09 +0700][ERROR] [2]: ImagesController handler class cannot be loaded

[Tue, 02 Apr 19 14:12:09 +0700][ERROR] [2]: CssController handler class cannot be loaded

[Tue, 02 Apr 19 14:12:09 +0700][ERROR] [5]: Action 'public' was not found on handler 'authen'

[Tue, 02 Apr 19 14:12:11 +0700][ERROR] [2]: VendorController handler class cannot be loaded

[Tue, 02 Apr 19 14:12:11 +0700][ERROR] [2]: VendorController handler class cannot be loaded

[Tue, 02 Apr 19 14:12:11 +0700][ERROR] [2]: VendorController handler class cannot be loaded

[Tue, 02 Apr 19 14:12:11 +0700][ERROR] [2]: VendorController handler class cannot be loaded

[Tue, 02 Apr 19 14:12:11 +0700][ERROR] [5]: Action 'images' was not found on handler 'authen'

[Tue, 02 Apr 19 14:12:11 +0700][ERROR] [2]: CssController handler class cannot be loaded

[Tue, 02 Apr 19 14:12:44 +0700][ERROR] [2]: ImagesController handler class cannot be loaded

[Tue, 02 Apr 19 14:12:49 +0700][ERROR] [2]: ImagesController handler class cannot be loaded

[Tue, 02 Apr 19 14:14:06 +0700][ERROR] [2]: ImagesController handler class cannot be loaded

[Tue, 02 Apr 19 14:14:07 +0700][ERROR] [2]: ImagesController handler class cannot be loaded

[Tue, 02 Apr 19 14:14:08 +0700][ERROR] [2]: ImagesController handler class cannot be loaded

[Tue, 02 Apr 19 14:16:20 +0700][ERROR] [2]: ImagesController handler class cannot be loaded

[Tue, 02 Apr 19 14:17:50 +0700][ERROR] [2]: ImagesController handler class cannot be loaded

[Tue, 02 Apr 19 14:17:51 +0700][ERROR] [5]: Action 'edit' was not found on handler 'profile'

[Tue, 02 Apr 19 14:17:52 +0700][ERROR] [2]: ImagesController handler class cannot be loaded

[Tue, 02 Apr 19 14:18:00 +0700][ERROR] [5]: Action 'edit' was not found on handler 'profile'

[Tue, 02 Apr 19 14:18:00 +0700][ERROR] [2]: ImagesController handler class cannot be loaded

[Tue, 02 Apr 19 14:18:43 +0700][ERROR] [2]: ImagesController handler class cannot be loaded

[Tue, 02 Apr 19 14:18:48 +0700][ERROR] [5]: Action 'images' was not found on handler 'profile'

[Tue, 02 Apr 19 14:18:50 +0700][ERROR] [5]: Action 'images' was not found on handler 'profile'

[Tue, 02 Apr 19 16:12:26 +0700][ERROR] [2]: ImagesController handler class cannot be loaded

[Tue, 02 Apr 19 16:12:29 +0700][ERROR] [5]: Action 'images' was not found on handler 'profile'

[Tue, 02 Apr 19 16:15:14 +0700][ERROR] [5]: Action 'images' was not found on handler 'profile'

[Tue, 02 Apr 19 16:18:38 +0700][ERROR] [2]: ImagesController handler class cannot be loaded

[Tue, 02 Apr 19 16:20:10 +0700][ERROR] [2]: ImagesController handler class cannot be loaded

[Tue, 02 Apr 19 16:22:35 +0700][ERROR] [2]: ImagesController handler class cannot be loaded

[Tue, 02 Apr 19 16:23:00 +0700][ERROR] [2]: ImagesController handler class cannot be loaded

[Tue, 02 Apr 19 16:25:40 +0700][ERROR] [2]: ImagesController handler class cannot be loaded

[Tue, 02 Apr 19 16:26:13 +0700][ERROR] [2]: ImagesController handler class cannot be loaded

[Tue, 02 Apr 19 16:26:15 +0700][ERROR] [2]: ImagesController handler class cannot be loaded

[Tue, 02 Apr 19 16:26:19 +0700][ERROR] [2]: ImagesController handler class cannot be loaded

[Tue, 02 Apr 19 16:26:22 +0700][ERROR] [2]: ImagesController handler class cannot be loaded

[Tue, 02 Apr 19 16:26:33 +0700][ERROR] [2]: ImagesController handler class cannot be loaded

[Tue, 02 Apr 19 16:26:34 +0700][ERROR] [2]: ImagesController handler class cannot be loaded

[Tue, 02 Apr 19 16:35:44 +0700][ERROR] [2]: ImagesController handler class cannot be loaded

[Tue, 02 Apr 19 16:35:48 +0700][ERROR] [2]: ImagesController handler class cannot be loaded

[Tue, 02 Apr 19 16:36:24 +0700][ERROR] [2]: ImagesController handler class cannot be loaded

[Tue, 02 Apr 19 16:36:52 +0700][ERROR] [2]: ImagesController handler class cannot be loaded

[Tue, 02 Apr 19 16:36:56 +0700][ERROR] [2]: ImagesController handler class cannot be loaded

[Tue, 02 Apr 19 16:37:30 +0700][ERROR] [2]: ImagesController handler class cannot be loaded

[Tue, 02 Apr 19 16:39:17 +0700][ERROR] [2]: ImagesController handler class cannot be loaded

[Tue, 02 Apr 19 16:41:49 +0700][ERROR] [2]: ImagesController handler class cannot be loaded

