[Thu, 18 Apr 19 17:25:40 +0700][ERROR] [2]: IndexController handler class cannot be loaded

[Thu, 18 Apr 19 17:25:41 +0700][ERROR] [2]: ImagesController handler class cannot be loaded

[Thu, 18 Apr 19 17:25:44 +0700][ERROR] [2]: VendorController handler class cannot be loaded

[Thu, 18 Apr 19 17:25:44 +0700][ERROR] [2]: VendorController handler class cannot be loaded

[Thu, 18 Apr 19 17:25:44 +0700][ERROR] [2]: VendorController handler class cannot be loaded

[Thu, 18 Apr 19 17:25:44 +0700][ERROR] [2]: VendorController handler class cannot be loaded

[Thu, 18 Apr 19 17:25:44 +0700][ERROR] [2]: VendorController handler class cannot be loaded

[Thu, 18 Apr 19 17:25:44 +0700][ERROR] [2]: ImagesController handler class cannot be loaded

[Thu, 18 Apr 19 17:25:44 +0700][ERROR] [2]: CssController handler class cannot be loaded

[Thu, 18 Apr 19 17:25:44 +0700][ERROR] [5]: Action 'public' was not found on handler 'authen'

[Thu, 18 Apr 19 17:25:51 +0700][ERROR] [2]: VendorController handler class cannot be loaded

[Thu, 18 Apr 19 17:25:51 +0700][ERROR] [2]: VendorController handler class cannot be loaded

[Thu, 18 Apr 19 17:25:51 +0700][ERROR] [2]: VendorController handler class cannot be loaded

[Thu, 18 Apr 19 17:25:51 +0700][ERROR] [2]: CssController handler class cannot be loaded

[Thu, 18 Apr 19 17:25:51 +0700][ERROR] [5]: Action 'images' was not found on handler 'authen'

[Thu, 18 Apr 19 17:25:51 +0700][ERROR] [2]: CssController handler class cannot be loaded

[Thu, 18 Apr 19 17:25:56 +0700][ERROR] [2]: VendorController handler class cannot be loaded

[Thu, 18 Apr 19 17:25:56 +0700][ERROR] [2]: VendorController handler class cannot be loaded

[Thu, 18 Apr 19 17:25:56 +0700][ERROR] [2]: VendorController handler class cannot be loaded

[Thu, 18 Apr 19 17:25:56 +0700][ERROR] [2]: VendorController handler class cannot be loaded

[Thu, 18 Apr 19 17:25:56 +0700][ERROR] [2]: VendorController handler class cannot be loaded

[Thu, 18 Apr 19 17:25:56 +0700][ERROR] [2]: CssController handler class cannot be loaded

[Thu, 18 Apr 19 17:25:56 +0700][ERROR] [5]: Action 'images' was not found on handler 'authen'

[Thu, 18 Apr 19 17:25:56 +0700][ERROR] [2]: CssController handler class cannot be loaded

[Thu, 18 Apr 19 17:28:06 +0700][ERROR] [2]: ImagesController handler class cannot be loaded

[Thu, 18 Apr 19 17:28:46 +0700][ERROR] [2]: VendorController handler class cannot be loaded

[Thu, 18 Apr 19 17:28:46 +0700][ERROR] [2]: VendorController handler class cannot be loaded

[Thu, 18 Apr 19 17:28:46 +0700][ERROR] [2]: VendorController handler class cannot be loaded

[Thu, 18 Apr 19 17:28:46 +0700][ERROR] [2]: CssController handler class cannot be loaded

[Thu, 18 Apr 19 17:28:46 +0700][ERROR] [5]: Action 'images' was not found on handler 'equip'

[Thu, 18 Apr 19 17:28:46 +0700][ERROR] [2]: CssController handler class cannot be loaded

[Thu, 18 Apr 19 17:30:04 +0700][ERROR] [2]: ImagesController handler class cannot be loaded

[Thu, 18 Apr 19 17:30:09 +0700][ERROR] [2]: ImagesController handler class cannot be loaded

[Thu, 18 Apr 19 17:30:15 +0700][ERROR] [2]: VendorController handler class cannot be loaded

[Thu, 18 Apr 19 17:30:15 +0700][ERROR] [2]: VendorController handler class cannot be loaded

[Thu, 18 Apr 19 17:30:15 +0700][ERROR] [2]: VendorController handler class cannot be loaded

[Thu, 18 Apr 19 17:30:15 +0700][ERROR] [2]: VendorController handler class cannot be loaded

[Thu, 18 Apr 19 17:30:15 +0700][ERROR] [2]: VendorController handler class cannot be loaded

[Thu, 18 Apr 19 17:30:15 +0700][ERROR] [2]: VendorController handler class cannot be loaded

[Thu, 18 Apr 19 17:30:15 +0700][ERROR] [2]: ImagesController handler class cannot be loaded

[Thu, 18 Apr 19 17:30:15 +0700][ERROR] [2]: CssController handler class cannot be loaded

[Thu, 18 Apr 19 17:30:18 +0700][ERROR] [2]: VendorController handler class cannot be loaded

[Thu, 18 Apr 19 17:30:18 +0700][ERROR] [2]: VendorController handler class cannot be loaded

[Thu, 18 Apr 19 17:30:18 +0700][ERROR] [2]: VendorController handler class cannot be loaded

[Thu, 18 Apr 19 17:30:18 +0700][ERROR] [2]: CssController handler class cannot be loaded

[Thu, 18 Apr 19 17:30:18 +0700][ERROR] [5]: Action 'images' was not found on handler 'client'

[Thu, 18 Apr 19 17:30:18 +0700][ERROR] [2]: CssController handler class cannot be loaded

[Thu, 18 Apr 19 17:30:22 +0700][ERROR] [5]: Action 'images' was not found on handler 'client'

[Thu, 18 Apr 19 17:30:24 +0700][ERROR] [5]: Action 'images' was not found on handler 'client'

[Thu, 18 Apr 19 17:30:26 +0700][ERROR] [5]: Action 'images' was not found on handler 'client'

[Thu, 18 Apr 19 17:30:48 +0700][ERROR] [5]: Action 'images' was not found on handler 'client'

[Thu, 18 Apr 19 17:30:50 +0700][ERROR] [5]: Action 'images' was not found on handler 'client'

[Thu, 18 Apr 19 17:31:39 +0700][ERROR] [2]: VendorController handler class cannot be loaded

[Thu, 18 Apr 19 17:31:39 +0700][ERROR] [2]: VendorController handler class cannot be loaded

[Thu, 18 Apr 19 17:31:39 +0700][ERROR] [2]: VendorController handler class cannot be loaded

[Thu, 18 Apr 19 17:31:39 +0700][ERROR] [2]: VendorController handler class cannot be loaded

[Thu, 18 Apr 19 17:31:39 +0700][ERROR] [2]: VendorController handler class cannot be loaded

[Thu, 18 Apr 19 17:31:39 +0700][ERROR] [2]: VendorController handler class cannot be loaded

[Thu, 18 Apr 19 17:31:39 +0700][ERROR] [2]: VendorController handler class cannot be loaded

[Thu, 18 Apr 19 17:31:39 +0700][ERROR] [2]: CssController handler class cannot be loaded

[Thu, 18 Apr 19 17:31:39 +0700][ERROR] [5]: Action 'images' was not found on handler 'equip'

[Thu, 18 Apr 19 17:31:39 +0700][ERROR] [2]: CssController handler class cannot be loaded

[Thu, 18 Apr 19 17:36:35 +0700][ERROR] [2]: VendorController handler class cannot be loaded

[Thu, 18 Apr 19 17:36:35 +0700][ERROR] [2]: VendorController handler class cannot be loaded

[Thu, 18 Apr 19 17:36:35 +0700][ERROR] [2]: CssController handler class cannot be loaded

[Thu, 18 Apr 19 17:36:41 +0700][ERROR] [2]: ImagesController handler class cannot be loaded

[Thu, 18 Apr 19 17:36:43 +0700][ERROR] [2]: ImagesController handler class cannot be loaded

[Thu, 18 Apr 19 17:36:44 +0700][ERROR] [2]: ImagesController handler class cannot be loaded

[Thu, 18 Apr 19 17:36:46 +0700][ERROR] [2]: ImagesController handler class cannot be loaded

[Thu, 18 Apr 19 17:36:49 +0700][ERROR] [2]: VendorController handler class cannot be loaded

[Thu, 18 Apr 19 17:36:49 +0700][ERROR] [2]: VendorController handler class cannot be loaded

[Thu, 18 Apr 19 17:36:49 +0700][ERROR] [2]: VendorController handler class cannot be loaded

[Thu, 18 Apr 19 17:36:49 +0700][ERROR] [2]: VendorController handler class cannot be loaded

[Thu, 18 Apr 19 17:36:49 +0700][ERROR] [2]: ImagesController handler class cannot be loaded

[Thu, 18 Apr 19 17:36:49 +0700][ERROR] [2]: CssController handler class cannot be loaded

[Thu, 18 Apr 19 17:39:41 +0700][ERROR] [2]: VendorController handler class cannot be loaded

[Thu, 18 Apr 19 17:39:41 +0700][ERROR] [2]: VendorController handler class cannot be loaded

[Thu, 18 Apr 19 17:39:41 +0700][ERROR] [2]: ImagesController handler class cannot be loaded

[Thu, 18 Apr 19 17:39:45 +0700][ERROR] [2]: VendorController handler class cannot be loaded

[Thu, 18 Apr 19 17:39:45 +0700][ERROR] [2]: VendorController handler class cannot be loaded

[Thu, 18 Apr 19 17:39:45 +0700][ERROR] [2]: ImagesController handler class cannot be loaded

[Thu, 18 Apr 19 17:39:45 +0700][ERROR] [2]: ImagesController handler class cannot be loaded

[Thu, 18 Apr 19 17:39:49 +0700][ERROR] [2]: ImagesController handler class cannot be loaded

[Thu, 18 Apr 19 17:39:50 +0700][ERROR] [2]: VendorController handler class cannot be loaded

[Thu, 18 Apr 19 17:39:50 +0700][ERROR] [2]: VendorController handler class cannot be loaded

[Thu, 18 Apr 19 17:39:50 +0700][ERROR] [2]: VendorController handler class cannot be loaded

[Thu, 18 Apr 19 17:39:50 +0700][ERROR] [2]: VendorController handler class cannot be loaded

[Thu, 18 Apr 19 17:39:50 +0700][ERROR] [2]: VendorController handler class cannot be loaded

[Thu, 18 Apr 19 17:39:50 +0700][ERROR] [2]: VendorController handler class cannot be loaded

[Thu, 18 Apr 19 17:39:50 +0700][ERROR] [2]: CssController handler class cannot be loaded

[Thu, 18 Apr 19 17:39:50 +0700][ERROR] [2]: ImagesController handler class cannot be loaded

[Thu, 18 Apr 19 17:39:50 +0700][ERROR] [2]: CssController handler class cannot be loaded

[Thu, 18 Apr 19 17:40:06 +0700][ERROR] [2]: VendorController handler class cannot be loaded

[Thu, 18 Apr 19 17:40:06 +0700][ERROR] [2]: VendorController handler class cannot be loaded

[Thu, 18 Apr 19 17:40:06 +0700][ERROR] [2]: CssController handler class cannot be loaded

[Thu, 18 Apr 19 17:40:06 +0700][ERROR] [2]: ImagesController handler class cannot be loaded

[Thu, 18 Apr 19 17:41:08 +0700][ERROR] [2]: VendorController handler class cannot be loaded

[Thu, 18 Apr 19 17:41:08 +0700][ERROR] [2]: VendorController handler class cannot be loaded

[Thu, 18 Apr 19 17:41:08 +0700][ERROR] [2]: CssController handler class cannot be loaded

[Thu, 18 Apr 19 17:41:12 +0700][ERROR] [2]: VendorController handler class cannot be loaded

[Thu, 18 Apr 19 17:41:12 +0700][ERROR] [2]: VendorController handler class cannot be loaded

[Thu, 18 Apr 19 17:41:12 +0700][ERROR] [2]: VendorController handler class cannot be loaded

[Thu, 18 Apr 19 17:41:12 +0700][ERROR] [2]: VendorController handler class cannot be loaded

[Thu, 18 Apr 19 17:41:12 +0700][ERROR] [2]: VendorController handler class cannot be loaded

[Thu, 18 Apr 19 17:41:12 +0700][ERROR] [2]: CssController handler class cannot be loaded

[Thu, 18 Apr 19 17:41:12 +0700][ERROR] [5]: Action 'images' was not found on handler 'equip'

[Thu, 18 Apr 19 17:41:12 +0700][ERROR] [2]: CssController handler class cannot be loaded

[Thu, 18 Apr 19 17:54:00 +0700][ERROR] [2]: IndexController handler class cannot be loaded

[Thu, 18 Apr 19 17:54:00 +0700][ERROR] [2]: ImagesController handler class cannot be loaded

[Thu, 18 Apr 19 17:54:07 +0700][ERROR] [2]: IndexController handler class cannot be loaded

[Thu, 18 Apr 19 17:54:26 +0700][ERROR] [2]: IndexController handler class cannot be loaded

[Thu, 18 Apr 19 17:54:44 +0700][ERROR] [2]: VendorController handler class cannot be loaded

[Thu, 18 Apr 19 17:54:44 +0700][ERROR] [2]: VendorController handler class cannot be loaded

[Thu, 18 Apr 19 17:54:44 +0700][ERROR] [2]: VendorController handler class cannot be loaded

[Thu, 18 Apr 19 17:54:45 +0700][ERROR] [2]: VendorController handler class cannot be loaded

[Thu, 18 Apr 19 17:54:45 +0700][ERROR] [2]: VendorController handler class cannot be loaded

[Thu, 18 Apr 19 17:54:45 +0700][ERROR] [2]: CssController handler class cannot be loaded

[Thu, 18 Apr 19 17:54:45 +0700][ERROR] [5]: Action 'images' was not found on handler 'equip'

[Thu, 18 Apr 19 17:54:45 +0700][ERROR] [2]: CssController handler class cannot be loaded

[Thu, 18 Apr 19 17:55:15 +0700][ERROR] [2]: VendorController handler class cannot be loaded

[Thu, 18 Apr 19 17:55:15 +0700][ERROR] [2]: VendorController handler class cannot be loaded

[Thu, 18 Apr 19 17:55:15 +0700][ERROR] [2]: VendorController handler class cannot be loaded

[Thu, 18 Apr 19 17:55:15 +0700][ERROR] [2]: VendorController handler class cannot be loaded

[Thu, 18 Apr 19 17:55:15 +0700][ERROR] [2]: VendorController handler class cannot be loaded

[Thu, 18 Apr 19 17:55:15 +0700][ERROR] [2]: CssController handler class cannot be loaded

[Thu, 18 Apr 19 17:55:15 +0700][ERROR] [5]: Action 'images' was not found on handler 'equip'

[Thu, 18 Apr 19 17:55:15 +0700][ERROR] [2]: CssController handler class cannot be loaded

[Thu, 18 Apr 19 17:56:29 +0700][ERROR] [2]: ImagesController handler class cannot be loaded

[Thu, 18 Apr 19 17:56:36 +0700][ERROR] [5]: Action 'images' was not found on handler 'client'

[Thu, 18 Apr 19 18:31:52 +0700][ERROR] [2]: IndexController handler class cannot be loaded

[Thu, 18 Apr 19 18:32:00 +0700][ERROR] [2]: VendorController handler class cannot be loaded

[Thu, 18 Apr 19 18:32:00 +0700][ERROR] [2]: VendorController handler class cannot be loaded

[Thu, 18 Apr 19 18:32:00 +0700][ERROR] [2]: VendorController handler class cannot be loaded

[Thu, 18 Apr 19 18:32:00 +0700][ERROR] [2]: VendorController handler class cannot be loaded

[Thu, 18 Apr 19 18:32:00 +0700][ERROR] [2]: VendorController handler class cannot be loaded

[Thu, 18 Apr 19 18:32:00 +0700][ERROR] [2]: CssController handler class cannot be loaded

[Thu, 18 Apr 19 18:32:00 +0700][ERROR] [5]: Action 'images' was not found on handler 'client'

[Thu, 18 Apr 19 18:32:00 +0700][ERROR] [2]: CssController handler class cannot be loaded

[Thu, 18 Apr 19 18:32:24 +0700][ERROR] [2]: VendorController handler class cannot be loaded

[Thu, 18 Apr 19 18:32:24 +0700][ERROR] [2]: VendorController handler class cannot be loaded

[Thu, 18 Apr 19 18:32:24 +0700][ERROR] [2]: VendorController handler class cannot be loaded

[Thu, 18 Apr 19 18:32:24 +0700][ERROR] [2]: VendorController handler class cannot be loaded

[Thu, 18 Apr 19 18:32:24 +0700][ERROR] [2]: VendorController handler class cannot be loaded

[Thu, 18 Apr 19 18:32:24 +0700][ERROR] [2]: CssController handler class cannot be loaded

[Thu, 18 Apr 19 18:32:24 +0700][ERROR] [5]: Action 'images' was not found on handler 'client'

[Thu, 18 Apr 19 18:32:24 +0700][ERROR] [2]: CssController handler class cannot be loaded

[Thu, 18 Apr 19 18:36:33 +0700][ERROR] [2]: VendorController handler class cannot be loaded

[Thu, 18 Apr 19 18:36:33 +0700][ERROR] [2]: VendorController handler class cannot be loaded

[Thu, 18 Apr 19 18:36:33 +0700][ERROR] [2]: VendorController handler class cannot be loaded

[Thu, 18 Apr 19 18:36:33 +0700][ERROR] [2]: VendorController handler class cannot be loaded

[Thu, 18 Apr 19 18:36:33 +0700][ERROR] [2]: VendorController handler class cannot be loaded

[Thu, 18 Apr 19 18:36:33 +0700][ERROR] [2]: CssController handler class cannot be loaded

[Thu, 18 Apr 19 18:36:33 +0700][ERROR] [5]: Action 'images' was not found on handler 'client'

[Thu, 18 Apr 19 18:36:33 +0700][ERROR] [2]: CssController handler class cannot be loaded

[Thu, 18 Apr 19 18:38:12 +0700][ERROR] [2]: VendorController handler class cannot be loaded

[Thu, 18 Apr 19 18:38:12 +0700][ERROR] [2]: VendorController handler class cannot be loaded

[Thu, 18 Apr 19 18:38:12 +0700][ERROR] [2]: VendorController handler class cannot be loaded

[Thu, 18 Apr 19 18:38:12 +0700][ERROR] [2]: VendorController handler class cannot be loaded

[Thu, 18 Apr 19 18:38:12 +0700][ERROR] [2]: VendorController handler class cannot be loaded

[Thu, 18 Apr 19 18:38:12 +0700][ERROR] [2]: CssController handler class cannot be loaded

[Thu, 18 Apr 19 18:38:35 +0700][ERROR] [2]: VendorController handler class cannot be loaded

[Thu, 18 Apr 19 18:38:35 +0700][ERROR] [2]: VendorController handler class cannot be loaded

[Thu, 18 Apr 19 18:38:35 +0700][ERROR] [2]: VendorController handler class cannot be loaded

[Thu, 18 Apr 19 18:38:35 +0700][ERROR] [2]: CssController handler class cannot be loaded

[Thu, 18 Apr 19 18:38:35 +0700][ERROR] [5]: Action 'images' was not found on handler 'client'

[Thu, 18 Apr 19 18:38:40 +0700][ERROR] [2]: ImagesController handler class cannot be loaded

[Thu, 18 Apr 19 18:38:45 +0700][ERROR] [2]: VendorController handler class cannot be loaded

[Thu, 18 Apr 19 18:38:45 +0700][ERROR] [2]: VendorController handler class cannot be loaded

[Thu, 18 Apr 19 18:38:45 +0700][ERROR] [2]: VendorController handler class cannot be loaded

[Thu, 18 Apr 19 18:38:45 +0700][ERROR] [2]: VendorController handler class cannot be loaded

[Thu, 18 Apr 19 18:38:45 +0700][ERROR] [2]: VendorController handler class cannot be loaded

[Thu, 18 Apr 19 18:38:45 +0700][ERROR] [2]: CssController handler class cannot be loaded

[Thu, 18 Apr 19 18:38:45 +0700][ERROR] [2]: ImagesController handler class cannot be loaded

[Thu, 18 Apr 19 18:38:45 +0700][ERROR] [2]: CssController handler class cannot be loaded

[Thu, 18 Apr 19 18:39:00 +0700][ERROR] [2]: VendorController handler class cannot be loaded

[Thu, 18 Apr 19 18:39:00 +0700][ERROR] [2]: VendorController handler class cannot be loaded

[Thu, 18 Apr 19 18:39:00 +0700][ERROR] [2]: VendorController handler class cannot be loaded

[Thu, 18 Apr 19 18:39:00 +0700][ERROR] [2]: VendorController handler class cannot be loaded

[Thu, 18 Apr 19 18:39:00 +0700][ERROR] [2]: VendorController handler class cannot be loaded

[Thu, 18 Apr 19 18:39:00 +0700][ERROR] [2]: CssController handler class cannot be loaded

[Thu, 18 Apr 19 18:39:00 +0700][ERROR] [2]: ImagesController handler class cannot be loaded

[Thu, 18 Apr 19 18:39:00 +0700][ERROR] [2]: CssController handler class cannot be loaded

[Thu, 18 Apr 19 18:39:06 +0700][ERROR] [2]: PageTopController handler class cannot be loaded

[Thu, 18 Apr 19 18:39:07 +0700][ERROR] [2]: VendorController handler class cannot be loaded

[Thu, 18 Apr 19 18:39:07 +0700][ERROR] [2]: VendorController handler class cannot be loaded

[Thu, 18 Apr 19 18:39:07 +0700][ERROR] [5]: Action 'images' was not found on handler 'authen'

[Thu, 18 Apr 19 18:39:07 +0700][ERROR] [2]: CssController handler class cannot be loaded

[Thu, 18 Apr 19 18:40:35 +0700][ERROR] [2]: VendorController handler class cannot be loaded

[Thu, 18 Apr 19 18:40:35 +0700][ERROR] [2]: VendorController handler class cannot be loaded

[Thu, 18 Apr 19 18:40:35 +0700][ERROR] [2]: VendorController handler class cannot be loaded

[Thu, 18 Apr 19 18:40:35 +0700][ERROR] [2]: VendorController handler class cannot be loaded

[Thu, 18 Apr 19 18:40:35 +0700][ERROR] [2]: VendorController handler class cannot be loaded

[Thu, 18 Apr 19 18:40:35 +0700][ERROR] [5]: Action 'images' was not found on handler 'authen'

[Thu, 18 Apr 19 18:40:35 +0700][ERROR] [2]: CssController handler class cannot be loaded

[Thu, 18 Apr 19 18:40:43 +0700][ERROR] [2]: VendorController handler class cannot be loaded

[Thu, 18 Apr 19 18:40:43 +0700][ERROR] [2]: VendorController handler class cannot be loaded

[Thu, 18 Apr 19 18:40:43 +0700][ERROR] [2]: VendorController handler class cannot be loaded

[Thu, 18 Apr 19 18:40:43 +0700][ERROR] [2]: VendorController handler class cannot be loaded

[Thu, 18 Apr 19 18:40:44 +0700][ERROR] [5]: Action 'images' was not found on handler 'authen'

[Thu, 18 Apr 19 18:40:44 +0700][ERROR] [2]: CssController handler class cannot be loaded

[Thu, 18 Apr 19 18:41:04 +0700][ERROR] [2]: VendorController handler class cannot be loaded

[Thu, 18 Apr 19 18:41:04 +0700][ERROR] [2]: VendorController handler class cannot be loaded

[Thu, 18 Apr 19 18:41:04 +0700][ERROR] [2]: VendorController handler class cannot be loaded

[Thu, 18 Apr 19 18:41:04 +0700][ERROR] [2]: VendorController handler class cannot be loaded

[Thu, 18 Apr 19 18:41:04 +0700][ERROR] [5]: Action 'images' was not found on handler 'authen'

[Thu, 18 Apr 19 18:41:04 +0700][ERROR] [2]: CssController handler class cannot be loaded

[Thu, 18 Apr 19 18:41:07 +0700][ERROR] [2]: VendorController handler class cannot be loaded

[Thu, 18 Apr 19 18:41:07 +0700][ERROR] [2]: VendorController handler class cannot be loaded

[Thu, 18 Apr 19 18:41:07 +0700][ERROR] [2]: VendorController handler class cannot be loaded

[Thu, 18 Apr 19 18:41:07 +0700][ERROR] [2]: VendorController handler class cannot be loaded

[Thu, 18 Apr 19 18:41:07 +0700][ERROR] [5]: Action 'images' was not found on handler 'authen'

[Thu, 18 Apr 19 18:41:07 +0700][ERROR] [2]: CssController handler class cannot be loaded

[Thu, 18 Apr 19 18:41:08 +0700][ERROR] [2]: VendorController handler class cannot be loaded

[Thu, 18 Apr 19 18:41:08 +0700][ERROR] [2]: VendorController handler class cannot be loaded

[Thu, 18 Apr 19 18:41:09 +0700][ERROR] [5]: Action 'images' was not found on handler 'authen'

[Thu, 18 Apr 19 18:41:09 +0700][ERROR] [2]: CssController handler class cannot be loaded

[Thu, 18 Apr 19 18:41:10 +0700][ERROR] [2]: VendorController handler class cannot be loaded

[Thu, 18 Apr 19 18:41:10 +0700][ERROR] [2]: VendorController handler class cannot be loaded

[Thu, 18 Apr 19 18:41:10 +0700][ERROR] [2]: VendorController handler class cannot be loaded

[Thu, 18 Apr 19 18:41:10 +0700][ERROR] [2]: VendorController handler class cannot be loaded

[Thu, 18 Apr 19 18:41:10 +0700][ERROR] [2]: CssController handler class cannot be loaded

[Thu, 18 Apr 19 18:41:10 +0700][ERROR] [5]: Action 'images' was not found on handler 'authen'

[Thu, 18 Apr 19 18:41:10 +0700][ERROR] [2]: CssController handler class cannot be loaded

[Thu, 18 Apr 19 18:41:47 +0700][ERROR] [2]: VendorController handler class cannot be loaded

[Thu, 18 Apr 19 18:41:47 +0700][ERROR] [2]: VendorController handler class cannot be loaded

[Thu, 18 Apr 19 18:41:47 +0700][ERROR] [2]: VendorController handler class cannot be loaded

[Thu, 18 Apr 19 18:41:47 +0700][ERROR] [2]: VendorController handler class cannot be loaded

[Thu, 18 Apr 19 18:41:47 +0700][ERROR] [5]: Action 'images' was not found on handler 'authen'

[Thu, 18 Apr 19 18:41:47 +0700][ERROR] [2]: CssController handler class cannot be loaded

[Thu, 18 Apr 19 18:42:00 +0700][ERROR] [2]: PageTopController handler class cannot be loaded

[Thu, 18 Apr 19 18:42:01 +0700][ERROR] [2]: VendorController handler class cannot be loaded

[Thu, 18 Apr 19 18:42:01 +0700][ERROR] [2]: VendorController handler class cannot be loaded

[Thu, 18 Apr 19 18:42:01 +0700][ERROR] [2]: VendorController handler class cannot be loaded

[Thu, 18 Apr 19 18:42:02 +0700][ERROR] [2]: VendorController handler class cannot be loaded

[Thu, 18 Apr 19 18:42:02 +0700][ERROR] [2]: VendorController handler class cannot be loaded

[Thu, 18 Apr 19 18:42:02 +0700][ERROR] [5]: Action 'images' was not found on handler 'authen'

[Thu, 18 Apr 19 18:42:02 +0700][ERROR] [2]: CssController handler class cannot be loaded

[Thu, 18 Apr 19 18:42:05 +0700][ERROR] [2]: PageTopController handler class cannot be loaded

[Thu, 18 Apr 19 18:42:08 +0700][ERROR] [2]: VendorController handler class cannot be loaded

[Thu, 18 Apr 19 18:42:08 +0700][ERROR] [2]: VendorController handler class cannot be loaded

[Thu, 18 Apr 19 18:42:08 +0700][ERROR] [2]: VendorController handler class cannot be loaded

[Thu, 18 Apr 19 18:42:08 +0700][ERROR] [2]: VendorController handler class cannot be loaded

[Thu, 18 Apr 19 18:42:09 +0700][ERROR] [5]: Action 'images' was not found on handler 'authen'

[Thu, 18 Apr 19 18:42:09 +0700][ERROR] [2]: CssController handler class cannot be loaded

