[Wed, 24 Apr 19 01:55:00 +0700][ERROR] [2]: ImagesController handler class cannot be loaded

[Wed, 24 Apr 19 01:55:00 +0700][ERROR] [5]: Action 'public' was not found on handler 'authen'

[Wed, 24 Apr 19 01:55:10 +0700][ERROR] [5]: Action 'images' was not found on handler 'authen'

[Wed, 24 Apr 19 01:55:17 +0700][ERROR] [2]: HistoryController handler class cannot be loaded

[Wed, 24 Apr 19 01:55:25 +0700][ERROR] [2]: PageTopController handler class cannot be loaded

[Wed, 24 Apr 19 01:55:27 +0700][ERROR] [5]: Action 'images' was not found on handler 'authen'

[Wed, 24 Apr 19 01:57:04 +0700][ERROR] [2]: CkeckrequestController handler class cannot be loaded

[Wed, 24 Apr 19 01:57:53 +0700][ERROR] [2]: CkeckrequestController handler class cannot be loaded

[Wed, 24 Apr 19 01:58:30 +0700][ERROR] [2]: CkeckrequestController handler class cannot be loaded

[Wed, 24 Apr 19 01:58:41 +0700][ERROR] [2]: CkeckrequestController handler class cannot be loaded

[Wed, 24 Apr 19 01:59:46 +0700][ERROR] [2]: CheckerquestController handler class cannot be loaded

[Wed, 24 Apr 19 02:40:04 +0700][ERROR] [2]: PageTopController handler class cannot be loaded

[Wed, 24 Apr 19 02:40:05 +0700][ERROR] [2]: ImagesController handler class cannot be loaded

[Wed, 24 Apr 19 02:40:06 +0700][ERROR] [5]: Action 'images' was not found on handler 'authen'

[Wed, 24 Apr 19 02:44:24 +0700][ERROR] [2]: PageTopController handler class cannot be loaded

[Wed, 24 Apr 19 03:03:05 +0700][ERROR] [2]: PageTopController handler class cannot be loaded

[Wed, 24 Apr 19 03:03:05 +0700][ERROR] [2]: ImagesController handler class cannot be loaded

[Wed, 24 Apr 19 03:03:07 +0700][ERROR] [5]: Action 'images' was not found on handler 'authen'

[Wed, 24 Apr 19 03:03:42 +0700][ERROR] [2]: PageTopController handler class cannot be loaded

[Wed, 24 Apr 19 03:03:43 +0700][ERROR] [5]: Action 'images' was not found on handler 'authen'

[Wed, 24 Apr 19 03:17:22 +0700][ERROR] [5]: Action 'checkrequest' was not found on handler 'checkrequest'

[Wed, 24 Apr 19 03:17:43 +0700][ERROR] [5]: Action 'checkrequest' was not found on handler 'checkrequest'

[Wed, 24 Apr 19 03:18:53 +0700][ERROR] [5]: Action 'checkrequest' was not found on handler 'checkrequest'

[Wed, 24 Apr 19 03:22:49 +0700][ERROR] [5]: Action 'checkrequest' was not found on handler 'checkrequest'

[Wed, 24 Apr 19 03:23:47 +0700][ERROR] [5]: Action 'checkrequest' was not found on handler 'checkrequest'

[Wed, 24 Apr 19 03:32:08 +0700][ERROR] [2]: PageTopController handler class cannot be loaded

[Wed, 24 Apr 19 03:32:08 +0700][ERROR] [2]: ImagesController handler class cannot be loaded

[Wed, 24 Apr 19 03:32:10 +0700][ERROR] [5]: Action 'images' was not found on handler 'authen'

[Wed, 24 Apr 19 03:33:06 +0700][ERROR] [2]: PageTopController handler class cannot be loaded

[Wed, 24 Apr 19 03:33:09 +0700][ERROR] [5]: Action 'images' was not found on handler 'authen'

[Wed, 24 Apr 19 03:33:38 +0700][ERROR] [2]: PageTopController handler class cannot be loaded

[Wed, 24 Apr 19 03:33:40 +0700][ERROR] [5]: Action 'images' was not found on handler 'authen'

[Wed, 24 Apr 19 04:17:26 +0700][ERROR] [2]: HistoryController handler class cannot be loaded

[Wed, 24 Apr 19 04:19:39 +0700][ERROR] [2]: HistoryController handler class cannot be loaded

[Wed, 24 Apr 19 04:24:21 +0700][ERROR] [2]: HistoryController handler class cannot be loaded

[Wed, 24 Apr 19 04:24:23 +0700][ERROR] [2]: HistoryController handler class cannot be loaded

[Wed, 24 Apr 19 04:24:24 +0700][ERROR] [2]: HistoryController handler class cannot be loaded

[Wed, 24 Apr 19 04:24:25 +0700][ERROR] [2]: HistoryController handler class cannot be loaded

[Wed, 24 Apr 19 04:32:00 +0700][ERROR] [2]: IndexController handler class cannot be loaded

[Wed, 24 Apr 19 04:32:03 +0700][ERROR] [2]: IndexController handler class cannot be loaded

[Wed, 24 Apr 19 04:33:57 +0700][ERROR] [2]: PageTopController handler class cannot be loaded

[Wed, 24 Apr 19 04:33:57 +0700][ERROR] [2]: ImagesController handler class cannot be loaded

[Wed, 24 Apr 19 04:33:58 +0700][ERROR] [5]: Action 'images' was not found on handler 'authen'

[Wed, 24 Apr 19 04:36:08 +0700][ERROR] [2]: PageTopController handler class cannot be loaded

