[Sun, 31 Mar 19 19:35:59 +0700][ERROR] [2]: IndexController handler class cannot be loaded

[Sun, 31 Mar 19 19:36:00 +0700][ERROR] [2]: ImagesController handler class cannot be loaded

[Sun, 31 Mar 19 19:36:03 +0700][ERROR] [2]: ImagesController handler class cannot be loaded

[Sun, 31 Mar 19 19:36:05 +0700][ERROR] [2]: ExhibitionController handler class cannot be loaded

[Sun, 31 Mar 19 19:36:05 +0700][ERROR] [2]: ImagesController handler class cannot be loaded

[Sun, 31 Mar 19 19:36:30 +0700][ERROR] [2]: ImagesController handler class cannot be loaded

[Sun, 31 Mar 19 19:36:32 +0700][ERROR] [2]: ImagesController handler class cannot be loaded

[Sun, 31 Mar 19 19:36:34 +0700][ERROR] [2]: ExhibitionController handler class cannot be loaded

[Sun, 31 Mar 19 19:36:34 +0700][ERROR] [2]: ImagesController handler class cannot be loaded

[Sun, 31 Mar 19 19:37:23 +0700][ERROR] [2]: ImagesController handler class cannot be loaded

[Sun, 31 Mar 19 19:37:24 +0700][ERROR] [2]: ImagesController handler class cannot be loaded

[Sun, 31 Mar 19 19:37:26 +0700][ERROR] [2]: ExhibitionController handler class cannot be loaded

[Sun, 31 Mar 19 19:37:26 +0700][ERROR] [2]: ImagesController handler class cannot be loaded

[Sun, 31 Mar 19 19:37:55 +0700][ERROR] [2]: ImagesController handler class cannot be loaded

[Sun, 31 Mar 19 19:37:57 +0700][ERROR] [2]: ExhibitionController handler class cannot be loaded

[Sun, 31 Mar 19 19:37:57 +0700][ERROR] [2]: ImagesController handler class cannot be loaded

[Sun, 31 Mar 19 19:38:13 +0700][ERROR] [2]: ImagesController handler class cannot be loaded

[Sun, 31 Mar 19 19:38:15 +0700][ERROR] [2]: ExhibitionController handler class cannot be loaded

[Sun, 31 Mar 19 19:38:15 +0700][ERROR] [2]: ImagesController handler class cannot be loaded

[Sun, 31 Mar 19 19:38:56 +0700][ERROR] [2]: ImagesController handler class cannot be loaded

[Sun, 31 Mar 19 19:38:58 +0700][ERROR] [2]: ImagesController handler class cannot be loaded

[Sun, 31 Mar 19 19:39:20 +0700][ERROR] [2]: ImagesController handler class cannot be loaded

[Sun, 31 Mar 19 19:39:23 +0700][ERROR] [2]: ImagesController handler class cannot be loaded

[Sun, 31 Mar 19 19:44:47 +0700][ERROR] [2]: ImagesController handler class cannot be loaded

[Sun, 31 Mar 19 19:44:50 +0700][ERROR] [2]: ImagesController handler class cannot be loaded

[Sun, 31 Mar 19 19:45:15 +0700][ERROR] [2]: ImagesController handler class cannot be loaded

[Sun, 31 Mar 19 19:45:16 +0700][ERROR] [2]: ImagesController handler class cannot be loaded

[Sun, 31 Mar 19 19:45:18 +0700][ERROR] [2]: ImagesController handler class cannot be loaded

[Sun, 31 Mar 19 19:47:08 +0700][ERROR] [2]: ImagesController handler class cannot be loaded

[Sun, 31 Mar 19 19:47:10 +0700][ERROR] [2]: ImagesController handler class cannot be loaded

[Sun, 31 Mar 19 19:47:43 +0700][ERROR] [2]: ImagesController handler class cannot be loaded

[Sun, 31 Mar 19 19:49:00 +0700][ERROR] [2]: ImagesController handler class cannot be loaded

[Sun, 31 Mar 19 19:49:05 +0700][ERROR] [2]: ImagesController handler class cannot be loaded

[Sun, 31 Mar 19 19:49:07 +0700][ERROR] [2]: ImagesController handler class cannot be loaded

[Sun, 31 Mar 19 19:49:42 +0700][ERROR] [2]: ImagesController handler class cannot be loaded

[Sun, 31 Mar 19 19:49:43 +0700][ERROR] [2]: ImagesController handler class cannot be loaded

[Sun, 31 Mar 19 19:49:44 +0700][ERROR] [2]: ImagesController handler class cannot be loaded

[Sun, 31 Mar 19 19:50:20 +0700][ERROR] [2]: ImagesController handler class cannot be loaded

[Sun, 31 Mar 19 19:51:20 +0700][ERROR] [2]: ImagesController handler class cannot be loaded

[Sun, 31 Mar 19 19:51:21 +0700][ERROR] [2]: ImagesController handler class cannot be loaded

[Sun, 31 Mar 19 19:51:21 +0700][ERROR] [2]: ImagesController handler class cannot be loaded

[Sun, 31 Mar 19 19:52:34 +0700][ERROR] [2]: ImagesController handler class cannot be loaded

[Sun, 31 Mar 19 19:52:35 +0700][ERROR] [2]: ImagesController handler class cannot be loaded

[Sun, 31 Mar 19 19:52:53 +0700][ERROR] [2]: ImagesController handler class cannot be loaded

[Sun, 31 Mar 19 19:52:56 +0700][ERROR] [2]: ImagesController handler class cannot be loaded

[Sun, 31 Mar 19 19:54:58 +0700][ERROR] [2]: ImagesController handler class cannot be loaded

[Sun, 31 Mar 19 19:54:59 +0700][ERROR] [2]: ImagesController handler class cannot be loaded

[Sun, 31 Mar 19 19:55:00 +0700][ERROR] [2]: ImagesController handler class cannot be loaded

[Sun, 31 Mar 19 19:55:00 +0700][ERROR] [2]: ImagesController handler class cannot be loaded

[Sun, 31 Mar 19 19:55:00 +0700][ERROR] [2]: ImagesController handler class cannot be loaded

[Sun, 31 Mar 19 19:55:09 +0700][ERROR] [2]: ImagesController handler class cannot be loaded

[Sun, 31 Mar 19 19:55:11 +0700][ERROR] [2]: ImagesController handler class cannot be loaded

[Sun, 31 Mar 19 19:56:16 +0700][ERROR] [2]: ImagesController handler class cannot be loaded

[Sun, 31 Mar 19 19:56:17 +0700][ERROR] [5]: Action 'images' was not found on handler 'equip'

[Sun, 31 Mar 19 20:00:42 +0700][ERROR] [2]: ImagesController handler class cannot be loaded

[Sun, 31 Mar 19 20:00:44 +0700][ERROR] [5]: Action 'images' was not found on handler 'equip'

[Sun, 31 Mar 19 20:03:13 +0700][ERROR] [5]: Action 'images' was not found on handler 'equip'

[Sun, 31 Mar 19 20:03:47 +0700][ERROR] [5]: Action 'images' was not found on handler 'equip'

[Sun, 31 Mar 19 20:03:48 +0700][ERROR] [5]: Action 'images' was not found on handler 'equip'

[Sun, 31 Mar 19 20:03:48 +0700][ERROR] [5]: Action 'images' was not found on handler 'equip'

[Sun, 31 Mar 19 20:03:48 +0700][ERROR] [5]: Action 'images' was not found on handler 'equip'

[Sun, 31 Mar 19 20:04:19 +0700][ERROR] [2]: ImagesController handler class cannot be loaded

[Sun, 31 Mar 19 20:04:19 +0700][ERROR] [5]: Action 'images' was not found on handler 'equip'

[Sun, 31 Mar 19 20:04:20 +0700][ERROR] [5]: Action 'images' was not found on handler 'equip'

[Sun, 31 Mar 19 20:04:20 +0700][ERROR] [5]: Action 'images' was not found on handler 'equip'

[Sun, 31 Mar 19 20:05:08 +0700][ERROR] [5]: Action 'lended' was not found on handler 'equip'

[Sun, 31 Mar 19 20:05:08 +0700][ERROR] [5]: Action 'images' was not found on handler 'equip'

[Sun, 31 Mar 19 20:05:15 +0700][ERROR] [5]: Action 'images' was not found on handler 'equip'

[Sun, 31 Mar 19 20:12:16 +0700][ERROR] [2]: IndexController handler class cannot be loaded

[Sun, 31 Mar 19 20:12:17 +0700][ERROR] [2]: ImagesController handler class cannot be loaded

[Sun, 31 Mar 19 20:12:18 +0700][ERROR] [2]: VendorController handler class cannot be loaded

[Sun, 31 Mar 19 20:12:18 +0700][ERROR] [2]: VendorController handler class cannot be loaded

[Sun, 31 Mar 19 20:12:19 +0700][ERROR] [2]: VendorController handler class cannot be loaded

[Sun, 31 Mar 19 20:12:19 +0700][ERROR] [2]: ImagesController handler class cannot be loaded

[Sun, 31 Mar 19 20:12:19 +0700][ERROR] [2]: CssController handler class cannot be loaded

[Sun, 31 Mar 19 20:12:19 +0700][ERROR] [5]: Action 'public' was not found on handler 'authen'

[Sun, 31 Mar 19 20:12:26 +0700][ERROR] [5]: Action 'images' was not found on handler 'equip'

[Sun, 31 Mar 19 20:16:02 +0700][ERROR] [5]: Action 'images' was not found on handler 'equip'

[Sun, 31 Mar 19 20:16:06 +0700][ERROR] [5]: Action 'images' was not found on handler 'equip'

[Sun, 31 Mar 19 20:16:49 +0700][ERROR] [5]: Action 'images' was not found on handler 'equip'

[Sun, 31 Mar 19 20:17:59 +0700][ERROR] [2]: ImagesController handler class cannot be loaded

[Sun, 31 Mar 19 20:18:13 +0700][ERROR] [2]: ImagesController handler class cannot be loaded

[Sun, 31 Mar 19 20:18:15 +0700][ERROR] [2]: ImagesController handler class cannot be loaded

[Sun, 31 Mar 19 20:18:57 +0700][ERROR] [2]: ImagesController handler class cannot be loaded

[Sun, 31 Mar 19 20:18:58 +0700][ERROR] [2]: ImagesController handler class cannot be loaded

[Sun, 31 Mar 19 20:18:59 +0700][ERROR] [2]: ImagesController handler class cannot be loaded

[Sun, 31 Mar 19 20:19:00 +0700][ERROR] [2]: ImagesController handler class cannot be loaded

[Sun, 31 Mar 19 20:19:04 +0700][ERROR] [2]: ImagesController handler class cannot be loaded

[Sun, 31 Mar 19 20:19:06 +0700][ERROR] [2]: HistoryController handler class cannot be loaded

[Sun, 31 Mar 19 20:19:06 +0700][ERROR] [2]: ImagesController handler class cannot be loaded

[Sun, 31 Mar 19 20:19:09 +0700][ERROR] [5]: Action 'images' was not found on handler 'equip'

[Sun, 31 Mar 19 20:19:33 +0700][ERROR] [5]: Action 'images' was not found on handler 'equip'

[Sun, 31 Mar 19 20:28:09 +0700][ERROR] [5]: Action 'images' was not found on handler 'equip'

[Sun, 31 Mar 19 20:28:49 +0700][ERROR] [2]: PageTopController handler class cannot be loaded

[Sun, 31 Mar 19 20:29:29 +0700][ERROR] [2]: PageTopController handler class cannot be loaded

[Sun, 31 Mar 19 20:30:04 +0700][ERROR] [2]: PageTopController handler class cannot be loaded

[Sun, 31 Mar 19 20:30:28 +0700][ERROR] [5]: Action 'images' was not found on handler 'equip'

[Sun, 31 Mar 19 20:34:06 +0700][ERROR] [2]: PageTopController handler class cannot be loaded

[Sun, 31 Mar 19 20:34:32 +0700][ERROR] [2]: PageTopController handler class cannot be loaded

[Sun, 31 Mar 19 20:37:41 +0700][ERROR] [2]: ImagesController handler class cannot be loaded

[Sun, 31 Mar 19 20:37:42 +0700][ERROR] [2]: PageTopController handler class cannot be loaded

[Sun, 31 Mar 19 20:41:06 +0700][ERROR] [2]: PageTopController handler class cannot be loaded

[Sun, 31 Mar 19 20:42:02 +0700][ERROR] [2]: PageTopController handler class cannot be loaded

[Sun, 31 Mar 19 20:46:05 +0700][ERROR] [2]: ImagesController handler class cannot be loaded

[Sun, 31 Mar 19 20:46:07 +0700][ERROR] [2]: HistoryController handler class cannot be loaded

[Sun, 31 Mar 19 20:50:22 +0700][ERROR] [2]: HistoryController handler class cannot be loaded

[Sun, 31 Mar 19 20:50:31 +0700][ERROR] [2]: LendController handler class cannot be loaded

[Sun, 31 Mar 19 20:54:58 +0700][ERROR] [2]: ImagesController handler class cannot be loaded

[Sun, 31 Mar 19 20:54:59 +0700][ERROR] [2]: HistoryController handler class cannot be loaded

[Sun, 31 Mar 19 23:14:43 +0700][ERROR] [2]: IndexController handler class cannot be loaded

[Sun, 31 Mar 19 23:14:44 +0700][ERROR] [2]: ImagesController handler class cannot be loaded

[Sun, 31 Mar 19 23:14:46 +0700][ERROR] [2]: PageTopController handler class cannot be loaded

[Sun, 31 Mar 19 23:14:49 +0700][ERROR] [2]: VendorController handler class cannot be loaded

[Sun, 31 Mar 19 23:14:49 +0700][ERROR] [2]: VendorController handler class cannot be loaded

[Sun, 31 Mar 19 23:14:49 +0700][ERROR] [2]: VendorController handler class cannot be loaded

[Sun, 31 Mar 19 23:14:49 +0700][ERROR] [2]: VendorController handler class cannot be loaded

[Sun, 31 Mar 19 23:14:49 +0700][ERROR] [5]: Action 'images' was not found on handler 'authen'

[Sun, 31 Mar 19 23:14:49 +0700][ERROR] [2]: CssController handler class cannot be loaded

[Sun, 31 Mar 19 23:14:56 +0700][ERROR] [2]: VendorController handler class cannot be loaded

[Sun, 31 Mar 19 23:14:56 +0700][ERROR] [2]: VendorController handler class cannot be loaded

[Sun, 31 Mar 19 23:14:56 +0700][ERROR] [2]: VendorController handler class cannot be loaded

[Sun, 31 Mar 19 23:14:56 +0700][ERROR] [2]: VendorController handler class cannot be loaded

[Sun, 31 Mar 19 23:14:56 +0700][ERROR] [5]: Action 'images' was not found on handler 'authen'

[Sun, 31 Mar 19 23:14:56 +0700][ERROR] [2]: CssController handler class cannot be loaded

[Sun, 31 Mar 19 23:15:47 +0700][ERROR] [2]: VendorController handler class cannot be loaded

[Sun, 31 Mar 19 23:15:47 +0700][ERROR] [2]: VendorController handler class cannot be loaded

[Sun, 31 Mar 19 23:15:47 +0700][ERROR] [2]: VendorController handler class cannot be loaded

[Sun, 31 Mar 19 23:15:48 +0700][ERROR] [2]: VendorController handler class cannot be loaded

[Sun, 31 Mar 19 23:15:48 +0700][ERROR] [2]: ImagesController handler class cannot be loaded

[Sun, 31 Mar 19 23:16:24 +0700][ERROR] [2]: IndexController handler class cannot be loaded

[Sun, 31 Mar 19 23:16:27 +0700][ERROR] [2]: IndexController handler class cannot be loaded

[Sun, 31 Mar 19 23:16:27 +0700][ERROR] [2]: ImagesController handler class cannot be loaded

[Sun, 31 Mar 19 23:16:28 +0700][ERROR] [2]: VendorController handler class cannot be loaded

[Sun, 31 Mar 19 23:16:28 +0700][ERROR] [2]: VendorController handler class cannot be loaded

[Sun, 31 Mar 19 23:16:28 +0700][ERROR] [2]: VendorController handler class cannot be loaded

[Sun, 31 Mar 19 23:16:28 +0700][ERROR] [2]: VendorController handler class cannot be loaded

[Sun, 31 Mar 19 23:16:28 +0700][ERROR] [2]: VendorController handler class cannot be loaded

[Sun, 31 Mar 19 23:16:29 +0700][ERROR] [2]: ImagesController handler class cannot be loaded

[Sun, 31 Mar 19 23:16:29 +0700][ERROR] [2]: CssController handler class cannot be loaded

[Sun, 31 Mar 19 23:17:56 +0700][ERROR] [2]: VendorController handler class cannot be loaded

[Sun, 31 Mar 19 23:17:57 +0700][ERROR] [2]: CssController handler class cannot be loaded

[Sun, 31 Mar 19 23:18:01 +0700][ERROR] [5]: Action 'images' was not found on handler 'authen'

[Sun, 31 Mar 19 23:18:10 +0700][ERROR] [2]: VendorController handler class cannot be loaded

[Sun, 31 Mar 19 23:18:10 +0700][ERROR] [2]: VendorController handler class cannot be loaded

[Sun, 31 Mar 19 23:18:10 +0700][ERROR] [2]: VendorController handler class cannot be loaded

[Sun, 31 Mar 19 23:18:10 +0700][ERROR] [2]: VendorController handler class cannot be loaded

[Sun, 31 Mar 19 23:18:10 +0700][ERROR] [5]: Action 'images' was not found on handler 'authen'

[Sun, 31 Mar 19 23:18:10 +0700][ERROR] [2]: CssController handler class cannot be loaded

[Sun, 31 Mar 19 23:18:59 +0700][ERROR] [5]: Action 'images' was not found on handler 'authen'

[Sun, 31 Mar 19 23:19:20 +0700][ERROR] [2]: VendorController handler class cannot be loaded

[Sun, 31 Mar 19 23:19:20 +0700][ERROR] [2]: VendorController handler class cannot be loaded

[Sun, 31 Mar 19 23:19:20 +0700][ERROR] [5]: Action 'images' was not found on handler 'authen'

[Sun, 31 Mar 19 23:19:20 +0700][ERROR] [2]: CssController handler class cannot be loaded

[Sun, 31 Mar 19 23:19:22 +0700][ERROR] [2]: VendorController handler class cannot be loaded

[Sun, 31 Mar 19 23:19:22 +0700][ERROR] [2]: VendorController handler class cannot be loaded

[Sun, 31 Mar 19 23:19:22 +0700][ERROR] [2]: VendorController handler class cannot be loaded

[Sun, 31 Mar 19 23:19:22 +0700][ERROR] [2]: VendorController handler class cannot be loaded

[Sun, 31 Mar 19 23:19:22 +0700][ERROR] [5]: Action 'images' was not found on handler 'authen'

[Sun, 31 Mar 19 23:19:22 +0700][ERROR] [2]: CssController handler class cannot be loaded

[Sun, 31 Mar 19 23:19:39 +0700][ERROR] [5]: Action 'images' was not found on handler 'authen'

[Sun, 31 Mar 19 23:19:49 +0700][ERROR] [2]: VendorController handler class cannot be loaded

[Sun, 31 Mar 19 23:19:49 +0700][ERROR] [2]: VendorController handler class cannot be loaded

[Sun, 31 Mar 19 23:19:49 +0700][ERROR] [2]: VendorController handler class cannot be loaded

[Sun, 31 Mar 19 23:19:49 +0700][ERROR] [5]: Action 'images' was not found on handler 'authen'

[Sun, 31 Mar 19 23:19:49 +0700][ERROR] [2]: CssController handler class cannot be loaded

[Sun, 31 Mar 19 23:20:04 +0700][ERROR] [2]: PageTopController handler class cannot be loaded

[Sun, 31 Mar 19 23:21:30 +0700][ERROR] [2]: VendorController handler class cannot be loaded

[Sun, 31 Mar 19 23:21:30 +0700][ERROR] [2]: VendorController handler class cannot be loaded

[Sun, 31 Mar 19 23:21:30 +0700][ERROR] [5]: Action 'images' was not found on handler 'authen'

[Sun, 31 Mar 19 23:21:30 +0700][ERROR] [2]: CssController handler class cannot be loaded

[Sun, 31 Mar 19 23:21:43 +0700][ERROR] [5]: Action 'images' was not found on handler 'authen'

[Sun, 31 Mar 19 23:25:35 +0700][ERROR] [2]: VendorController handler class cannot be loaded

[Sun, 31 Mar 19 23:25:35 +0700][ERROR] [2]: VendorController handler class cannot be loaded

[Sun, 31 Mar 19 23:25:35 +0700][ERROR] [2]: VendorController handler class cannot be loaded

[Sun, 31 Mar 19 23:25:35 +0700][ERROR] [2]: VendorController handler class cannot be loaded

[Sun, 31 Mar 19 23:25:35 +0700][ERROR] [2]: ImagesController handler class cannot be loaded

[Sun, 31 Mar 19 23:25:35 +0700][ERROR] [2]: CssController handler class cannot be loaded

[Sun, 31 Mar 19 23:25:48 +0700][ERROR] [5]: Action 'images' was not found on handler 'authen'

[Sun, 31 Mar 19 23:28:08 +0700][ERROR] [2]: VendorController handler class cannot be loaded

[Sun, 31 Mar 19 23:28:08 +0700][ERROR] [2]: VendorController handler class cannot be loaded

[Sun, 31 Mar 19 23:28:08 +0700][ERROR] [2]: VendorController handler class cannot be loaded

[Sun, 31 Mar 19 23:28:08 +0700][ERROR] [2]: ImagesController handler class cannot be loaded

[Sun, 31 Mar 19 23:28:09 +0700][ERROR] [2]: CssController handler class cannot be loaded

[Sun, 31 Mar 19 23:28:35 +0700][ERROR] [5]: Action 'images' was not found on handler 'authen'

[Sun, 31 Mar 19 23:29:15 +0700][ERROR] [2]: VendorController handler class cannot be loaded

[Sun, 31 Mar 19 23:29:15 +0700][ERROR] [2]: VendorController handler class cannot be loaded

[Sun, 31 Mar 19 23:29:15 +0700][ERROR] [2]: VendorController handler class cannot be loaded

[Sun, 31 Mar 19 23:29:15 +0700][ERROR] [2]: VendorController handler class cannot be loaded

[Sun, 31 Mar 19 23:29:15 +0700][ERROR] [5]: Action 'images' was not found on handler 'authen'

[Sun, 31 Mar 19 23:29:15 +0700][ERROR] [2]: CssController handler class cannot be loaded

[Sun, 31 Mar 19 23:29:15 +0700][ERROR] [2]: CssController handler class cannot be loaded

[Sun, 31 Mar 19 23:30:37 +0700][ERROR] [2]: VendorController handler class cannot be loaded

[Sun, 31 Mar 19 23:30:37 +0700][ERROR] [2]: VendorController handler class cannot be loaded

[Sun, 31 Mar 19 23:30:37 +0700][ERROR] [2]: VendorController handler class cannot be loaded

[Sun, 31 Mar 19 23:30:38 +0700][ERROR] [2]: VendorController handler class cannot be loaded

[Sun, 31 Mar 19 23:30:38 +0700][ERROR] [5]: Action 'images' was not found on handler 'authen'

[Sun, 31 Mar 19 23:30:38 +0700][ERROR] [2]: CssController handler class cannot be loaded

[Sun, 31 Mar 19 23:30:38 +0700][ERROR] [2]: VendorController handler class cannot be loaded

[Sun, 31 Mar 19 23:30:38 +0700][ERROR] [2]: VendorController handler class cannot be loaded

[Sun, 31 Mar 19 23:30:38 +0700][ERROR] [2]: VendorController handler class cannot be loaded

[Sun, 31 Mar 19 23:30:39 +0700][ERROR] [5]: Action 'images' was not found on handler 'authen'

[Sun, 31 Mar 19 23:30:39 +0700][ERROR] [2]: CssController handler class cannot be loaded

[Sun, 31 Mar 19 23:30:51 +0700][ERROR] [2]: PageTopController handler class cannot be loaded

