[Tue, 23 Apr 19 00:21:02 +0700][ERROR] [2]: PageTopController handler class cannot be loaded

[Tue, 23 Apr 19 00:21:03 +0700][ERROR] [2]: ImagesController handler class cannot be loaded

[Tue, 23 Apr 19 00:21:04 +0700][ERROR] [2]: ImagesController handler class cannot be loaded

[Tue, 23 Apr 19 00:21:08 +0700][ERROR] [5]: Action 'images' was not found on handler 'authen'

[Tue, 23 Apr 19 00:21:24 +0700][ERROR] [2]: HomeController handler class cannot be loaded

[Tue, 23 Apr 19 00:21:26 +0700][ERROR] [2]: PageTopController handler class cannot be loaded

[Tue, 23 Apr 19 00:21:28 +0700][ERROR] [5]: Action 'images' was not found on handler 'authen'

[Tue, 23 Apr 19 00:21:35 +0700][ERROR] [2]: HistoryController handler class cannot be loaded

[Tue, 23 Apr 19 00:21:41 +0700][ERROR] [2]: PageTopController handler class cannot be loaded

[Tue, 23 Apr 19 00:21:43 +0700][ERROR] [5]: Action 'images' was not found on handler 'authen'

[Tue, 23 Apr 19 00:32:18 +0700][ERROR] [2]: HomeController handler class cannot be loaded

[Tue, 23 Apr 19 00:36:44 +0700][ERROR] [2]: HistoryController handler class cannot be loaded

[Tue, 23 Apr 19 00:39:45 +0700][ERROR] [2]: PageTopController handler class cannot be loaded

[Tue, 23 Apr 19 00:39:45 +0700][ERROR] [2]: ImagesController handler class cannot be loaded

[Tue, 23 Apr 19 00:39:49 +0700][ERROR] [5]: Action 'images' was not found on handler 'authen'

[Tue, 23 Apr 19 00:39:55 +0700][ERROR] [2]: HistoryController handler class cannot be loaded

[Tue, 23 Apr 19 00:47:07 +0700][ERROR] [2]: PageTopController handler class cannot be loaded

[Tue, 23 Apr 19 00:47:07 +0700][ERROR] [2]: ImagesController handler class cannot be loaded

[Tue, 23 Apr 19 00:47:09 +0700][ERROR] [5]: Action 'images' was not found on handler 'authen'

[Tue, 23 Apr 19 00:47:23 +0700][ERROR] [2]: HistoryController handler class cannot be loaded

[Tue, 23 Apr 19 00:47:40 +0700][ERROR] [2]: HistoryController handler class cannot be loaded

[Tue, 23 Apr 19 00:47:42 +0700][ERROR] [2]: PageTopController handler class cannot be loaded

[Tue, 23 Apr 19 00:47:44 +0700][ERROR] [5]: Action 'images' was not found on handler 'authen'

[Tue, 23 Apr 19 00:49:07 +0700][ERROR] [5]: Action 'images' was not found on handler 'authen'

[Tue, 23 Apr 19 00:50:57 +0700][ERROR] [2]: PageTopController handler class cannot be loaded

[Tue, 23 Apr 19 00:50:59 +0700][ERROR] [5]: Action 'images' was not found on handler 'authen'

[Tue, 23 Apr 19 00:51:33 +0700][ERROR] [2]: PageTopController handler class cannot be loaded

[Tue, 23 Apr 19 00:51:36 +0700][ERROR] [5]: Action 'images' was not found on handler 'authen'

[Tue, 23 Apr 19 00:52:05 +0700][ERROR] [2]: PageTopController handler class cannot be loaded

[Tue, 23 Apr 19 00:52:07 +0700][ERROR] [5]: Action 'images' was not found on handler 'authen'

[Tue, 23 Apr 19 01:41:20 +0700][ERROR] [5]: Action 'save' was not found on handler 'request'

[Tue, 23 Apr 19 01:41:50 +0700][ERROR] [5]: Action 'save' was not found on handler 'request'

[Tue, 23 Apr 19 01:43:18 +0700][ERROR] [5]: Action 'save' was not found on handler 'request'

[Tue, 23 Apr 19 01:44:57 +0700][ERROR] [5]: Action 'save' was not found on handler 'request'

[Tue, 23 Apr 19 01:45:51 +0700][ERROR] [5]: Action 'save' was not found on handler 'request'

[Tue, 23 Apr 19 01:46:34 +0700][ERROR] [2]: CkeckrequestController handler class cannot be loaded

