[Fri, 22 Mar 19 00:06:13 +0700][ERROR] [2]: ImagesController handler class cannot be loaded

[Fri, 22 Mar 19 00:06:20 +0700][ERROR] [2]: IndexController handler class cannot be loaded

[Fri, 22 Mar 19 00:06:20 +0700][ERROR] [2]: ImagesController handler class cannot be loaded

[Fri, 22 Mar 19 00:06:22 +0700][ERROR] [2]: ImagesController handler class cannot be loaded

[Fri, 22 Mar 19 00:06:22 +0700][ERROR] [5]: Action 'images' was not found on handler 'equip'

[Fri, 22 Mar 19 00:06:23 +0700][ERROR] [2]: ImagesController handler class cannot be loaded

[Fri, 22 Mar 19 00:07:18 +0700][ERROR] [2]: ImagesController handler class cannot be loaded

[Fri, 22 Mar 19 00:07:25 +0700][ERROR] [2]: ImagesController handler class cannot be loaded

[Fri, 22 Mar 19 00:08:09 +0700][ERROR] [2]: ImagesController handler class cannot be loaded

[Fri, 22 Mar 19 00:08:18 +0700][ERROR] [2]: IndexController handler class cannot be loaded

[Fri, 22 Mar 19 00:08:18 +0700][ERROR] [2]: ImagesController handler class cannot be loaded

[Fri, 22 Mar 19 00:08:59 +0700][ERROR] [2]: ImagesController handler class cannot be loaded

[Fri, 22 Mar 19 00:08:59 +0700][ERROR] [5]: Action 'images' was not found on handler 'equip'

[Fri, 22 Mar 19 00:09:00 +0700][ERROR] [2]: ImagesController handler class cannot be loaded

[Fri, 22 Mar 19 00:10:05 +0700][ERROR] [2]: ImagesController handler class cannot be loaded

[Fri, 22 Mar 19 00:10:28 +0700][ERROR] [2]: ImagesController handler class cannot be loaded

[Fri, 22 Mar 19 00:10:43 +0700][ERROR] [2]: ImagesController handler class cannot be loaded

[Fri, 22 Mar 19 00:12:53 +0700][ERROR] [2]: ImagesController handler class cannot be loaded

[Fri, 22 Mar 19 00:13:20 +0700][ERROR] [2]: ImagesController handler class cannot be loaded

[Fri, 22 Mar 19 00:13:29 +0700][ERROR] [2]: ImagesController handler class cannot be loaded

[Fri, 22 Mar 19 00:13:49 +0700][ERROR] [2]: ImagesController handler class cannot be loaded

[Fri, 22 Mar 19 00:13:57 +0700][ERROR] [2]: ImagesController handler class cannot be loaded

[Fri, 22 Mar 19 00:14:19 +0700][ERROR] [2]: ImagesController handler class cannot be loaded

[Fri, 22 Mar 19 00:15:27 +0700][ERROR] [2]: ImagesController handler class cannot be loaded

[Fri, 22 Mar 19 00:15:45 +0700][ERROR] [2]: ImagesController handler class cannot be loaded

[Fri, 22 Mar 19 00:16:35 +0700][ERROR] [2]: ImagesController handler class cannot be loaded

[Fri, 22 Mar 19 00:16:44 +0700][ERROR] [2]: ImagesController handler class cannot be loaded

[Fri, 22 Mar 19 00:18:10 +0700][ERROR] [2]: ImagesController handler class cannot be loaded

[Fri, 22 Mar 19 00:18:28 +0700][ERROR] [2]: ImagesController handler class cannot be loaded

[Fri, 22 Mar 19 00:19:00 +0700][ERROR] [2]: ImagesController handler class cannot be loaded

[Fri, 22 Mar 19 00:19:21 +0700][ERROR] [2]: ImagesController handler class cannot be loaded

[Fri, 22 Mar 19 00:19:43 +0700][ERROR] [2]: ImagesController handler class cannot be loaded

[Fri, 22 Mar 19 00:19:50 +0700][ERROR] [2]: ImagesController handler class cannot be loaded

[Fri, 22 Mar 19 00:19:59 +0700][ERROR] [2]: ImagesController handler class cannot be loaded

[Fri, 22 Mar 19 00:19:59 +0700][ERROR] [5]: Action 'images' was not found on handler 'equip'

[Fri, 22 Mar 19 00:20:10 +0700][ERROR] [2]: ImagesController handler class cannot be loaded

[Fri, 22 Mar 19 00:20:10 +0700][ERROR] [5]: Action 'images' was not found on handler 'equip'

[Fri, 22 Mar 19 00:20:30 +0700][ERROR] [2]: ImagesController handler class cannot be loaded

[Fri, 22 Mar 19 00:20:30 +0700][ERROR] [5]: Action 'images' was not found on handler 'equip'

[Fri, 22 Mar 19 00:21:00 +0700][ERROR] [2]: ImagesController handler class cannot be loaded

[Fri, 22 Mar 19 00:21:00 +0700][ERROR] [5]: Action 'images' was not found on handler 'equip'

[Fri, 22 Mar 19 00:21:16 +0700][ERROR] [2]: PageTopController handler class cannot be loaded

[Fri, 22 Mar 19 00:21:16 +0700][ERROR] [2]: ImagesController handler class cannot be loaded

[Fri, 22 Mar 19 00:21:19 +0700][ERROR] [2]: VendorController handler class cannot be loaded

[Fri, 22 Mar 19 00:21:19 +0700][ERROR] [2]: VendorController handler class cannot be loaded

[Fri, 22 Mar 19 00:21:19 +0700][ERROR] [2]: VendorController handler class cannot be loaded

[Fri, 22 Mar 19 00:21:19 +0700][ERROR] [2]: VendorController handler class cannot be loaded

[Fri, 22 Mar 19 00:21:19 +0700][ERROR] [2]: VendorController handler class cannot be loaded

[Fri, 22 Mar 19 00:21:19 +0700][ERROR] [2]: VendorController handler class cannot be loaded

[Fri, 22 Mar 19 00:21:19 +0700][ERROR] [2]: VendorController handler class cannot be loaded

[Fri, 22 Mar 19 00:21:19 +0700][ERROR] [2]: VendorController handler class cannot be loaded

[Fri, 22 Mar 19 00:21:19 +0700][ERROR] [2]: VendorController handler class cannot be loaded

[Fri, 22 Mar 19 00:21:19 +0700][ERROR] [2]: VendorController handler class cannot be loaded

[Fri, 22 Mar 19 00:21:19 +0700][ERROR] [2]: VendorController handler class cannot be loaded

[Fri, 22 Mar 19 00:21:19 +0700][ERROR] [2]: VendorController handler class cannot be loaded

[Fri, 22 Mar 19 00:21:19 +0700][ERROR] [2]: CssController handler class cannot be loaded

[Fri, 22 Mar 19 00:21:19 +0700][ERROR] [2]: VendorController handler class cannot be loaded

[Fri, 22 Mar 19 00:21:19 +0700][ERROR] [2]: VendorController handler class cannot be loaded

[Fri, 22 Mar 19 00:21:19 +0700][ERROR] [2]: VendorController handler class cannot be loaded

[Fri, 22 Mar 19 00:21:19 +0700][ERROR] [2]: VendorController handler class cannot be loaded

[Fri, 22 Mar 19 00:21:19 +0700][ERROR] [2]: VendorController handler class cannot be loaded

[Fri, 22 Mar 19 00:21:19 +0700][ERROR] [2]: VendorController handler class cannot be loaded

[Fri, 22 Mar 19 00:21:19 +0700][ERROR] [2]: VendorController handler class cannot be loaded

[Fri, 22 Mar 19 00:21:19 +0700][ERROR] [2]: CssController handler class cannot be loaded

[Fri, 22 Mar 19 00:21:19 +0700][ERROR] [2]: ImagesController handler class cannot be loaded

[Fri, 22 Mar 19 00:21:19 +0700][ERROR] [5]: Action 'images' was not found on handler 'authen'

[Fri, 22 Mar 19 00:21:27 +0700][ERROR] [2]: ImagesController handler class cannot be loaded

[Fri, 22 Mar 19 00:21:40 +0700][ERROR] [2]: ImagesController handler class cannot be loaded

[Fri, 22 Mar 19 00:22:57 +0700][ERROR] [2]: ImagesController handler class cannot be loaded

[Fri, 22 Mar 19 00:23:05 +0700][ERROR] [2]: ImagesController handler class cannot be loaded

[Fri, 22 Mar 19 00:23:05 +0700][ERROR] [5]: Action 'images' was not found on handler 'equip'

[Fri, 22 Mar 19 00:23:08 +0700][ERROR] [2]: HistoryController handler class cannot be loaded

[Fri, 22 Mar 19 00:23:08 +0700][ERROR] [2]: ImagesController handler class cannot be loaded

[Fri, 22 Mar 19 00:23:08 +0700][ERROR] [2]: HistoryController handler class cannot be loaded

[Fri, 22 Mar 19 00:23:13 +0700][ERROR] [2]: LendController handler class cannot be loaded

[Fri, 22 Mar 19 00:23:14 +0700][ERROR] [2]: ImagesController handler class cannot be loaded

[Fri, 22 Mar 19 00:23:14 +0700][ERROR] [2]: LendController handler class cannot be loaded

[Fri, 22 Mar 19 00:23:16 +0700][ERROR] [2]: IndexController handler class cannot be loaded

[Fri, 22 Mar 19 00:23:16 +0700][ERROR] [2]: ImagesController handler class cannot be loaded

[Fri, 22 Mar 19 00:24:04 +0700][ERROR] [2]: PageTopController handler class cannot be loaded

[Fri, 22 Mar 19 00:24:04 +0700][ERROR] [2]: ImagesController handler class cannot be loaded

[Fri, 22 Mar 19 00:24:06 +0700][ERROR] [2]: VendorController handler class cannot be loaded

[Fri, 22 Mar 19 00:24:06 +0700][ERROR] [2]: VendorController handler class cannot be loaded

[Fri, 22 Mar 19 00:24:06 +0700][ERROR] [2]: VendorController handler class cannot be loaded

[Fri, 22 Mar 19 00:24:06 +0700][ERROR] [2]: VendorController handler class cannot be loaded

[Fri, 22 Mar 19 00:24:06 +0700][ERROR] [2]: VendorController handler class cannot be loaded

[Fri, 22 Mar 19 00:24:06 +0700][ERROR] [2]: VendorController handler class cannot be loaded

[Fri, 22 Mar 19 00:24:06 +0700][ERROR] [2]: VendorController handler class cannot be loaded

[Fri, 22 Mar 19 00:24:06 +0700][ERROR] [2]: VendorController handler class cannot be loaded

[Fri, 22 Mar 19 00:24:06 +0700][ERROR] [2]: VendorController handler class cannot be loaded

[Fri, 22 Mar 19 00:24:06 +0700][ERROR] [2]: VendorController handler class cannot be loaded

[Fri, 22 Mar 19 00:24:06 +0700][ERROR] [2]: VendorController handler class cannot be loaded

[Fri, 22 Mar 19 00:24:06 +0700][ERROR] [2]: VendorController handler class cannot be loaded

[Fri, 22 Mar 19 00:24:06 +0700][ERROR] [2]: VendorController handler class cannot be loaded

[Fri, 22 Mar 19 00:24:06 +0700][ERROR] [2]: VendorController handler class cannot be loaded

[Fri, 22 Mar 19 00:24:06 +0700][ERROR] [2]: VendorController handler class cannot be loaded

[Fri, 22 Mar 19 00:24:06 +0700][ERROR] [2]: VendorController handler class cannot be loaded

[Fri, 22 Mar 19 00:24:06 +0700][ERROR] [2]: CssController handler class cannot be loaded

[Fri, 22 Mar 19 00:24:06 +0700][ERROR] [2]: VendorController handler class cannot be loaded

[Fri, 22 Mar 19 00:24:06 +0700][ERROR] [2]: VendorController handler class cannot be loaded

[Fri, 22 Mar 19 00:24:06 +0700][ERROR] [2]: VendorController handler class cannot be loaded

[Fri, 22 Mar 19 00:24:06 +0700][ERROR] [2]: VendorController handler class cannot be loaded

[Fri, 22 Mar 19 00:24:06 +0700][ERROR] [2]: VendorController handler class cannot be loaded

[Fri, 22 Mar 19 00:24:06 +0700][ERROR] [2]: VendorController handler class cannot be loaded

[Fri, 22 Mar 19 00:24:06 +0700][ERROR] [2]: VendorController handler class cannot be loaded

[Fri, 22 Mar 19 00:24:06 +0700][ERROR] [2]: ImagesController handler class cannot be loaded

[Fri, 22 Mar 19 00:24:06 +0700][ERROR] [5]: Action 'images' was not found on handler 'authen'

[Fri, 22 Mar 19 00:25:06 +0700][ERROR] [2]: PageTopController handler class cannot be loaded

[Fri, 22 Mar 19 00:25:06 +0700][ERROR] [2]: ImagesController handler class cannot be loaded

[Fri, 22 Mar 19 00:25:08 +0700][ERROR] [2]: VendorController handler class cannot be loaded

[Fri, 22 Mar 19 00:25:08 +0700][ERROR] [2]: VendorController handler class cannot be loaded

[Fri, 22 Mar 19 00:25:08 +0700][ERROR] [2]: VendorController handler class cannot be loaded

[Fri, 22 Mar 19 00:25:08 +0700][ERROR] [2]: VendorController handler class cannot be loaded

[Fri, 22 Mar 19 00:25:09 +0700][ERROR] [2]: VendorController handler class cannot be loaded

[Fri, 22 Mar 19 00:25:09 +0700][ERROR] [2]: VendorController handler class cannot be loaded

[Fri, 22 Mar 19 00:25:09 +0700][ERROR] [2]: VendorController handler class cannot be loaded

[Fri, 22 Mar 19 00:25:09 +0700][ERROR] [2]: VendorController handler class cannot be loaded

[Fri, 22 Mar 19 00:25:09 +0700][ERROR] [2]: VendorController handler class cannot be loaded

[Fri, 22 Mar 19 00:25:09 +0700][ERROR] [2]: VendorController handler class cannot be loaded

[Fri, 22 Mar 19 00:25:09 +0700][ERROR] [2]: VendorController handler class cannot be loaded

[Fri, 22 Mar 19 00:25:09 +0700][ERROR] [2]: VendorController handler class cannot be loaded

[Fri, 22 Mar 19 00:25:09 +0700][ERROR] [2]: VendorController handler class cannot be loaded

[Fri, 22 Mar 19 00:25:09 +0700][ERROR] [2]: VendorController handler class cannot be loaded

[Fri, 22 Mar 19 00:25:09 +0700][ERROR] [2]: VendorController handler class cannot be loaded

[Fri, 22 Mar 19 00:25:09 +0700][ERROR] [2]: CssController handler class cannot be loaded

[Fri, 22 Mar 19 00:25:09 +0700][ERROR] [2]: VendorController handler class cannot be loaded

[Fri, 22 Mar 19 00:25:09 +0700][ERROR] [2]: VendorController handler class cannot be loaded

[Fri, 22 Mar 19 00:25:09 +0700][ERROR] [2]: VendorController handler class cannot be loaded

[Fri, 22 Mar 19 00:25:09 +0700][ERROR] [2]: VendorController handler class cannot be loaded

[Fri, 22 Mar 19 00:25:09 +0700][ERROR] [2]: VendorController handler class cannot be loaded

[Fri, 22 Mar 19 00:25:09 +0700][ERROR] [2]: VendorController handler class cannot be loaded

[Fri, 22 Mar 19 00:25:09 +0700][ERROR] [2]: VendorController handler class cannot be loaded

[Fri, 22 Mar 19 00:25:09 +0700][ERROR] [2]: ImagesController handler class cannot be loaded

[Fri, 22 Mar 19 00:25:09 +0700][ERROR] [2]: CssController handler class cannot be loaded

[Fri, 22 Mar 19 00:25:09 +0700][ERROR] [5]: Action 'images' was not found on handler 'authen'

[Fri, 22 Mar 19 00:25:18 +0700][ERROR] [2]: ImagesController handler class cannot be loaded

[Fri, 22 Mar 19 00:27:15 +0700][ERROR] [2]: ImagesController handler class cannot be loaded

[Fri, 22 Mar 19 00:27:25 +0700][ERROR] [2]: PageTopController handler class cannot be loaded

[Fri, 22 Mar 19 00:27:25 +0700][ERROR] [2]: ImagesController handler class cannot be loaded

[Fri, 22 Mar 19 00:32:38 +0700][ERROR] [2]: LendController handler class cannot be loaded

[Fri, 22 Mar 19 00:32:38 +0700][ERROR] [2]: ImagesController handler class cannot be loaded

[Fri, 22 Mar 19 00:32:38 +0700][ERROR] [2]: LendController handler class cannot be loaded

[Fri, 22 Mar 19 00:32:48 +0700][ERROR] [2]: IndexController handler class cannot be loaded

[Fri, 22 Mar 19 00:32:48 +0700][ERROR] [2]: ImagesController handler class cannot be loaded

[Fri, 22 Mar 19 00:32:50 +0700][ERROR] [2]: VendorController handler class cannot be loaded

[Fri, 22 Mar 19 00:32:50 +0700][ERROR] [2]: VendorController handler class cannot be loaded

[Fri, 22 Mar 19 00:32:50 +0700][ERROR] [2]: VendorController handler class cannot be loaded

[Fri, 22 Mar 19 00:32:50 +0700][ERROR] [2]: VendorController handler class cannot be loaded

[Fri, 22 Mar 19 00:32:50 +0700][ERROR] [2]: VendorController handler class cannot be loaded

[Fri, 22 Mar 19 00:32:50 +0700][ERROR] [2]: VendorController handler class cannot be loaded

[Fri, 22 Mar 19 00:32:50 +0700][ERROR] [2]: VendorController handler class cannot be loaded

[Fri, 22 Mar 19 00:32:50 +0700][ERROR] [2]: VendorController handler class cannot be loaded

[Fri, 22 Mar 19 00:32:50 +0700][ERROR] [2]: VendorController handler class cannot be loaded

[Fri, 22 Mar 19 00:32:50 +0700][ERROR] [2]: VendorController handler class cannot be loaded

[Fri, 22 Mar 19 00:32:50 +0700][ERROR] [2]: VendorController handler class cannot be loaded

[Fri, 22 Mar 19 00:32:50 +0700][ERROR] [2]: CssController handler class cannot be loaded

[Fri, 22 Mar 19 00:32:50 +0700][ERROR] [2]: VendorController handler class cannot be loaded

[Fri, 22 Mar 19 00:32:50 +0700][ERROR] [2]: VendorController handler class cannot be loaded

[Fri, 22 Mar 19 00:32:50 +0700][ERROR] [2]: VendorController handler class cannot be loaded

[Fri, 22 Mar 19 00:32:50 +0700][ERROR] [2]: VendorController handler class cannot be loaded

[Fri, 22 Mar 19 00:32:50 +0700][ERROR] [2]: VendorController handler class cannot be loaded

[Fri, 22 Mar 19 00:32:50 +0700][ERROR] [2]: VendorController handler class cannot be loaded

[Fri, 22 Mar 19 00:32:50 +0700][ERROR] [2]: VendorController handler class cannot be loaded

[Fri, 22 Mar 19 00:32:50 +0700][ERROR] [2]: ImagesController handler class cannot be loaded

[Fri, 22 Mar 19 00:32:50 +0700][ERROR] [5]: Action 'images' was not found on handler 'authen'

[Fri, 22 Mar 19 00:33:03 +0700][ERROR] [2]: ImagesController handler class cannot be loaded

[Fri, 22 Mar 19 00:33:06 +0700][ERROR] [2]: HistoryController handler class cannot be loaded

[Fri, 22 Mar 19 00:33:07 +0700][ERROR] [2]: ImagesController handler class cannot be loaded

[Fri, 22 Mar 19 00:33:07 +0700][ERROR] [2]: HistoryController handler class cannot be loaded

[Fri, 22 Mar 19 00:33:10 +0700][ERROR] [2]: HistoryController handler class cannot be loaded

[Fri, 22 Mar 19 00:33:10 +0700][ERROR] [2]: ImagesController handler class cannot be loaded

[Fri, 22 Mar 19 00:33:10 +0700][ERROR] [2]: HistoryController handler class cannot be loaded

