[Sat, 20 Apr 19 22:59:02 +0700][ERROR] [2]: VendorController handler class cannot be loaded

[Sat, 20 Apr 19 22:59:02 +0700][ERROR] [2]: VendorController handler class cannot be loaded

[Sat, 20 Apr 19 22:59:02 +0700][ERROR] [2]: VendorController handler class cannot be loaded

[Sat, 20 Apr 19 22:59:03 +0700][ERROR] [2]: VendorController handler class cannot be loaded

[Sat, 20 Apr 19 22:59:03 +0700][ERROR] [2]: ImagesController handler class cannot be loaded

[Sat, 20 Apr 19 22:59:03 +0700][ERROR] [2]: CssController handler class cannot be loaded

[Sat, 20 Apr 19 22:59:03 +0700][ERROR] [5]: Action 'public' was not found on handler 'authen'

[Sat, 20 Apr 19 23:01:44 +0700][ERROR] [2]: VendorController handler class cannot be loaded

[Sat, 20 Apr 19 23:01:44 +0700][ERROR] [2]: VendorController handler class cannot be loaded

[Sat, 20 Apr 19 23:01:44 +0700][ERROR] [2]: VendorController handler class cannot be loaded

[Sat, 20 Apr 19 23:01:44 +0700][ERROR] [2]: VendorController handler class cannot be loaded

[Sat, 20 Apr 19 23:01:44 +0700][ERROR] [2]: VendorController handler class cannot be loaded

[Sat, 20 Apr 19 23:01:44 +0700][ERROR] [2]: VendorController handler class cannot be loaded

[Sat, 20 Apr 19 23:01:44 +0700][ERROR] [2]: ImagesController handler class cannot be loaded

[Sat, 20 Apr 19 23:01:44 +0700][ERROR] [2]: CssController handler class cannot be loaded

[Sat, 20 Apr 19 23:01:44 +0700][ERROR] [2]: VendorController handler class cannot be loaded

[Sat, 20 Apr 19 23:01:44 +0700][ERROR] [2]: VendorController handler class cannot be loaded

[Sat, 20 Apr 19 23:01:45 +0700][ERROR] [2]: VendorController handler class cannot be loaded

[Sat, 20 Apr 19 23:01:45 +0700][ERROR] [2]: VendorController handler class cannot be loaded

[Sat, 20 Apr 19 23:01:45 +0700][ERROR] [5]: Action 'images' was not found on handler 'authen'

[Sat, 20 Apr 19 23:01:45 +0700][ERROR] [2]: CssController handler class cannot be loaded

[Sat, 20 Apr 19 23:01:45 +0700][ERROR] [2]: VendorController handler class cannot be loaded

[Sat, 20 Apr 19 23:01:45 +0700][ERROR] [2]: VendorController handler class cannot be loaded

[Sat, 20 Apr 19 23:01:45 +0700][ERROR] [2]: VendorController handler class cannot be loaded

[Sat, 20 Apr 19 23:01:46 +0700][ERROR] [2]: VendorController handler class cannot be loaded

[Sat, 20 Apr 19 23:01:46 +0700][ERROR] [2]: VendorController handler class cannot be loaded

[Sat, 20 Apr 19 23:01:46 +0700][ERROR] [5]: Action 'images' was not found on handler 'authen'

[Sat, 20 Apr 19 23:01:46 +0700][ERROR] [2]: CssController handler class cannot be loaded

[Sat, 20 Apr 19 23:02:08 +0700][ERROR] [2]: HistoryController handler class cannot be loaded

[Sat, 20 Apr 19 23:02:09 +0700][ERROR] [2]: LendController handler class cannot be loaded

[Sat, 20 Apr 19 23:06:07 +0700][ERROR] [2]: ImagesController handler class cannot be loaded

[Sat, 20 Apr 19 23:31:05 +0700][ERROR] [2]: ImagesController handler class cannot be loaded

[Sat, 20 Apr 19 23:31:41 +0700][ERROR] [2]: ImagesController handler class cannot be loaded

[Sat, 20 Apr 19 23:36:02 +0700][ERROR] [2]: ImagesController handler class cannot be loaded

[Sat, 20 Apr 19 23:36:04 +0700][ERROR] [2]: VendorController handler class cannot be loaded

[Sat, 20 Apr 19 23:36:04 +0700][ERROR] [2]: VendorController handler class cannot be loaded

[Sat, 20 Apr 19 23:36:04 +0700][ERROR] [2]: VendorController handler class cannot be loaded

[Sat, 20 Apr 19 23:36:04 +0700][ERROR] [2]: VendorController handler class cannot be loaded

[Sat, 20 Apr 19 23:36:04 +0700][ERROR] [2]: VendorController handler class cannot be loaded

[Sat, 20 Apr 19 23:36:04 +0700][ERROR] [2]: ImagesController handler class cannot be loaded

[Sat, 20 Apr 19 23:36:04 +0700][ERROR] [2]: CssController handler class cannot be loaded

[Sat, 20 Apr 19 23:36:04 +0700][ERROR] [5]: Action 'public' was not found on handler 'equip'

[Sat, 20 Apr 19 23:40:39 +0700][ERROR] [2]: PageTopController handler class cannot be loaded

[Sat, 20 Apr 19 23:40:39 +0700][ERROR] [2]: ImagesController handler class cannot be loaded

[Sat, 20 Apr 19 23:40:44 +0700][ERROR] [2]: IndexController handler class cannot be loaded

[Sat, 20 Apr 19 23:40:44 +0700][ERROR] [2]: ImagesController handler class cannot be loaded

[Sat, 20 Apr 19 23:46:12 +0700][ERROR] [2]: PageTopController handler class cannot be loaded

[Sat, 20 Apr 19 23:46:13 +0700][ERROR] [2]: ImagesController handler class cannot be loaded

[Sat, 20 Apr 19 23:46:14 +0700][ERROR] [2]: VendorController handler class cannot be loaded

[Sat, 20 Apr 19 23:46:14 +0700][ERROR] [2]: VendorController handler class cannot be loaded

[Sat, 20 Apr 19 23:46:14 +0700][ERROR] [2]: VendorController handler class cannot be loaded

[Sat, 20 Apr 19 23:46:15 +0700][ERROR] [2]: ImagesController handler class cannot be loaded

[Sat, 20 Apr 19 23:46:15 +0700][ERROR] [2]: CssController handler class cannot be loaded

[Sat, 20 Apr 19 23:46:19 +0700][ERROR] [2]: VendorController handler class cannot be loaded

[Sat, 20 Apr 19 23:46:19 +0700][ERROR] [2]: VendorController handler class cannot be loaded

[Sat, 20 Apr 19 23:46:19 +0700][ERROR] [5]: Action 'images' was not found on handler 'authen'

[Sat, 20 Apr 19 23:46:19 +0700][ERROR] [2]: CssController handler class cannot be loaded

[Sat, 20 Apr 19 23:46:22 +0700][ERROR] [2]: PageTopController handler class cannot be loaded

[Sat, 20 Apr 19 23:46:24 +0700][ERROR] [2]: VendorController handler class cannot be loaded

[Sat, 20 Apr 19 23:46:24 +0700][ERROR] [2]: VendorController handler class cannot be loaded

[Sat, 20 Apr 19 23:46:24 +0700][ERROR] [5]: Action 'images' was not found on handler 'authen'

[Sat, 20 Apr 19 23:46:24 +0700][ERROR] [2]: CssController handler class cannot be loaded

[Sat, 20 Apr 19 23:47:19 +0700][ERROR] [2]: LendController handler class cannot be loaded

[Sat, 20 Apr 19 23:47:29 +0700][ERROR] [2]: VendorController handler class cannot be loaded

[Sat, 20 Apr 19 23:47:29 +0700][ERROR] [2]: VendorController handler class cannot be loaded

[Sat, 20 Apr 19 23:47:29 +0700][ERROR] [2]: VendorController handler class cannot be loaded

[Sat, 20 Apr 19 23:47:29 +0700][ERROR] [2]: VendorController handler class cannot be loaded

[Sat, 20 Apr 19 23:47:29 +0700][ERROR] [2]: VendorController handler class cannot be loaded

[Sat, 20 Apr 19 23:47:29 +0700][ERROR] [2]: CssController handler class cannot be loaded

[Sat, 20 Apr 19 23:47:29 +0700][ERROR] [5]: Action 'images' was not found on handler 'equip'

[Sat, 20 Apr 19 23:47:29 +0700][ERROR] [2]: CssController handler class cannot be loaded

[Sat, 20 Apr 19 23:47:38 +0700][ERROR] [2]: PageTopController handler class cannot be loaded

[Sat, 20 Apr 19 23:47:40 +0700][ERROR] [2]: VendorController handler class cannot be loaded

[Sat, 20 Apr 19 23:47:40 +0700][ERROR] [2]: VendorController handler class cannot be loaded

[Sat, 20 Apr 19 23:47:40 +0700][ERROR] [2]: VendorController handler class cannot be loaded

[Sat, 20 Apr 19 23:47:41 +0700][ERROR] [2]: VendorController handler class cannot be loaded

[Sat, 20 Apr 19 23:47:41 +0700][ERROR] [5]: Action 'images' was not found on handler 'authen'

[Sat, 20 Apr 19 23:47:41 +0700][ERROR] [2]: CssController handler class cannot be loaded

[Sat, 20 Apr 19 23:47:49 +0700][ERROR] [2]: VendorController handler class cannot be loaded

[Sat, 20 Apr 19 23:47:49 +0700][ERROR] [2]: VendorController handler class cannot be loaded

[Sat, 20 Apr 19 23:47:49 +0700][ERROR] [2]: VendorController handler class cannot be loaded

[Sat, 20 Apr 19 23:47:49 +0700][ERROR] [2]: VendorController handler class cannot be loaded

[Sat, 20 Apr 19 23:47:50 +0700][ERROR] [2]: VendorController handler class cannot be loaded

[Sat, 20 Apr 19 23:47:50 +0700][ERROR] [2]: VendorController handler class cannot be loaded

[Sat, 20 Apr 19 23:47:50 +0700][ERROR] [2]: VendorController handler class cannot be loaded

[Sat, 20 Apr 19 23:47:50 +0700][ERROR] [5]: Action 'images' was not found on handler 'equip'

[Sat, 20 Apr 19 23:47:50 +0700][ERROR] [2]: CssController handler class cannot be loaded

[Sat, 20 Apr 19 23:51:12 +0700][ERROR] [2]: PageTopController handler class cannot be loaded

[Sat, 20 Apr 19 23:51:15 +0700][ERROR] [2]: VendorController handler class cannot be loaded

[Sat, 20 Apr 19 23:51:15 +0700][ERROR] [2]: VendorController handler class cannot be loaded

[Sat, 20 Apr 19 23:51:15 +0700][ERROR] [5]: Action 'images' was not found on handler 'authen'

[Sat, 20 Apr 19 23:51:15 +0700][ERROR] [2]: CssController handler class cannot be loaded

[Sat, 20 Apr 19 23:51:25 +0700][ERROR] [2]: VendorController handler class cannot be loaded

[Sat, 20 Apr 19 23:51:25 +0700][ERROR] [2]: VendorController handler class cannot be loaded

[Sat, 20 Apr 19 23:51:25 +0700][ERROR] [2]: VendorController handler class cannot be loaded

[Sat, 20 Apr 19 23:51:25 +0700][ERROR] [2]: VendorController handler class cannot be loaded

[Sat, 20 Apr 19 23:51:25 +0700][ERROR] [5]: Action 'images' was not found on handler 'equip'

[Sat, 20 Apr 19 23:51:25 +0700][ERROR] [2]: CssController handler class cannot be loaded

[Sat, 20 Apr 19 23:51:28 +0700][ERROR] [2]: VendorController handler class cannot be loaded

[Sat, 20 Apr 19 23:51:28 +0700][ERROR] [2]: VendorController handler class cannot be loaded

[Sat, 20 Apr 19 23:51:28 +0700][ERROR] [2]: VendorController handler class cannot be loaded

[Sat, 20 Apr 19 23:51:28 +0700][ERROR] [5]: Action 'images' was not found on handler 'equip'

[Sat, 20 Apr 19 23:51:28 +0700][ERROR] [2]: CssController handler class cannot be loaded

[Sat, 20 Apr 19 23:53:13 +0700][ERROR] [2]: VendorController handler class cannot be loaded

[Sat, 20 Apr 19 23:53:13 +0700][ERROR] [2]: VendorController handler class cannot be loaded

[Sat, 20 Apr 19 23:53:13 +0700][ERROR] [2]: VendorController handler class cannot be loaded

[Sat, 20 Apr 19 23:53:13 +0700][ERROR] [2]: VendorController handler class cannot be loaded

[Sat, 20 Apr 19 23:53:13 +0700][ERROR] [5]: Action 'images' was not found on handler 'equip'

[Sat, 20 Apr 19 23:53:13 +0700][ERROR] [2]: CssController handler class cannot be loaded

[Sat, 20 Apr 19 23:53:29 +0700][ERROR] [2]: VendorController handler class cannot be loaded

[Sat, 20 Apr 19 23:53:29 +0700][ERROR] [2]: VendorController handler class cannot be loaded

[Sat, 20 Apr 19 23:53:29 +0700][ERROR] [2]: VendorController handler class cannot be loaded

[Sat, 20 Apr 19 23:53:29 +0700][ERROR] [2]: VendorController handler class cannot be loaded

[Sat, 20 Apr 19 23:53:29 +0700][ERROR] [2]: VendorController handler class cannot be loaded

[Sat, 20 Apr 19 23:53:30 +0700][ERROR] [2]: VendorController handler class cannot be loaded

[Sat, 20 Apr 19 23:53:30 +0700][ERROR] [5]: Action 'images' was not found on handler 'equip'

[Sat, 20 Apr 19 23:53:30 +0700][ERROR] [2]: CssController handler class cannot be loaded

[Sat, 20 Apr 19 23:53:43 +0700][ERROR] [2]: PageTopController handler class cannot be loaded

[Sat, 20 Apr 19 23:53:45 +0700][ERROR] [2]: VendorController handler class cannot be loaded

[Sat, 20 Apr 19 23:53:45 +0700][ERROR] [2]: VendorController handler class cannot be loaded

[Sat, 20 Apr 19 23:53:45 +0700][ERROR] [2]: VendorController handler class cannot be loaded

[Sat, 20 Apr 19 23:53:45 +0700][ERROR] [2]: VendorController handler class cannot be loaded

[Sat, 20 Apr 19 23:53:45 +0700][ERROR] [5]: Action 'images' was not found on handler 'authen'

[Sat, 20 Apr 19 23:53:45 +0700][ERROR] [2]: CssController handler class cannot be loaded

[Sat, 20 Apr 19 23:54:00 +0700][ERROR] [2]: VendorController handler class cannot be loaded

[Sat, 20 Apr 19 23:54:00 +0700][ERROR] [2]: VendorController handler class cannot be loaded

[Sat, 20 Apr 19 23:54:00 +0700][ERROR] [2]: VendorController handler class cannot be loaded

[Sat, 20 Apr 19 23:54:00 +0700][ERROR] [2]: VendorController handler class cannot be loaded

[Sat, 20 Apr 19 23:54:00 +0700][ERROR] [5]: Action 'images' was not found on handler 'equip'

[Sat, 20 Apr 19 23:54:00 +0700][ERROR] [2]: CssController handler class cannot be loaded

[Sat, 20 Apr 19 23:54:23 +0700][ERROR] [2]: VendorController handler class cannot be loaded

[Sat, 20 Apr 19 23:54:23 +0700][ERROR] [2]: VendorController handler class cannot be loaded

[Sat, 20 Apr 19 23:54:23 +0700][ERROR] [2]: VendorController handler class cannot be loaded

[Sat, 20 Apr 19 23:54:23 +0700][ERROR] [2]: VendorController handler class cannot be loaded

[Sat, 20 Apr 19 23:54:23 +0700][ERROR] [2]: VendorController handler class cannot be loaded

[Sat, 20 Apr 19 23:54:23 +0700][ERROR] [2]: VendorController handler class cannot be loaded

[Sat, 20 Apr 19 23:54:23 +0700][ERROR] [5]: Action 'images' was not found on handler 'equip'

[Sat, 20 Apr 19 23:54:23 +0700][ERROR] [2]: CssController handler class cannot be loaded

[Sat, 20 Apr 19 23:54:46 +0700][ERROR] [2]: PageTopController handler class cannot be loaded

[Sat, 20 Apr 19 23:55:41 +0700][ERROR] [2]: VendorController handler class cannot be loaded

[Sat, 20 Apr 19 23:55:41 +0700][ERROR] [2]: VendorController handler class cannot be loaded

[Sat, 20 Apr 19 23:55:41 +0700][ERROR] [2]: VendorController handler class cannot be loaded

[Sat, 20 Apr 19 23:55:41 +0700][ERROR] [2]: VendorController handler class cannot be loaded

[Sat, 20 Apr 19 23:55:41 +0700][ERROR] [5]: Action 'images' was not found on handler 'authen'

[Sat, 20 Apr 19 23:55:41 +0700][ERROR] [2]: CssController handler class cannot be loaded

[Sat, 20 Apr 19 23:56:02 +0700][ERROR] [5]: Action 'images' was not found on handler 'client'

[Sat, 20 Apr 19 23:56:05 +0700][ERROR] [5]: Action 'images' was not found on handler 'client'

[Sat, 20 Apr 19 23:56:39 +0700][ERROR] [2]: VendorController handler class cannot be loaded

[Sat, 20 Apr 19 23:56:39 +0700][ERROR] [2]: VendorController handler class cannot be loaded

[Sat, 20 Apr 19 23:56:39 +0700][ERROR] [2]: VendorController handler class cannot be loaded

[Sat, 20 Apr 19 23:56:39 +0700][ERROR] [2]: VendorController handler class cannot be loaded

[Sat, 20 Apr 19 23:56:39 +0700][ERROR] [2]: VendorController handler class cannot be loaded

[Sat, 20 Apr 19 23:56:39 +0700][ERROR] [2]: VendorController handler class cannot be loaded

[Sat, 20 Apr 19 23:56:39 +0700][ERROR] [2]: CssController handler class cannot be loaded

[Sat, 20 Apr 19 23:56:39 +0700][ERROR] [5]: Action 'images' was not found on handler 'client'

[Sat, 20 Apr 19 23:56:39 +0700][ERROR] [2]: CssController handler class cannot be loaded

