[Thu, 28 Mar 19 13:51:44 +0700][ERROR] [2]: IndexController handler class cannot be loaded

[Thu, 28 Mar 19 13:51:45 +0700][ERROR] [2]: ImagesController handler class cannot be loaded

[Thu, 28 Mar 19 13:51:49 +0700][ERROR] [2]: VendorController handler class cannot be loaded

[Thu, 28 Mar 19 13:51:49 +0700][ERROR] [2]: VendorController handler class cannot be loaded

[Thu, 28 Mar 19 13:51:49 +0700][ERROR] [2]: VendorController handler class cannot be loaded

[Thu, 28 Mar 19 13:51:49 +0700][ERROR] [2]: VendorController handler class cannot be loaded

[Thu, 28 Mar 19 13:51:49 +0700][ERROR] [2]: VendorController handler class cannot be loaded

[Thu, 28 Mar 19 13:51:49 +0700][ERROR] [2]: ImagesController handler class cannot be loaded

[Thu, 28 Mar 19 13:51:49 +0700][ERROR] [2]: CssController handler class cannot be loaded

[Thu, 28 Mar 19 13:51:49 +0700][ERROR] [5]: Action 'public' was not found on handler 'authen'

[Thu, 28 Mar 19 13:51:50 +0700][ERROR] [2]: VendorController handler class cannot be loaded

[Thu, 28 Mar 19 13:51:50 +0700][ERROR] [2]: VendorController handler class cannot be loaded

[Thu, 28 Mar 19 13:51:50 +0700][ERROR] [2]: VendorController handler class cannot be loaded

[Thu, 28 Mar 19 13:51:50 +0700][ERROR] [2]: VendorController handler class cannot be loaded

[Thu, 28 Mar 19 13:51:50 +0700][ERROR] [5]: Action 'images' was not found on handler 'authen'

[Thu, 28 Mar 19 13:51:50 +0700][ERROR] [2]: CssController handler class cannot be loaded

[Thu, 28 Mar 19 13:51:54 +0700][ERROR] [2]: VendorController handler class cannot be loaded

[Thu, 28 Mar 19 13:51:54 +0700][ERROR] [2]: VendorController handler class cannot be loaded

[Thu, 28 Mar 19 13:51:54 +0700][ERROR] [2]: VendorController handler class cannot be loaded

[Thu, 28 Mar 19 13:51:54 +0700][ERROR] [2]: VendorController handler class cannot be loaded

[Thu, 28 Mar 19 13:51:54 +0700][ERROR] [5]: Action 'images' was not found on handler 'authen'

[Thu, 28 Mar 19 13:51:54 +0700][ERROR] [2]: CssController handler class cannot be loaded

[Thu, 28 Mar 19 13:52:59 +0700][ERROR] [2]: PageTopController handler class cannot be loaded

[Thu, 28 Mar 19 13:53:44 +0700][ERROR] [2]: VendorController handler class cannot be loaded

[Thu, 28 Mar 19 13:53:44 +0700][ERROR] [2]: VendorController handler class cannot be loaded

[Thu, 28 Mar 19 13:53:44 +0700][ERROR] [2]: VendorController handler class cannot be loaded

[Thu, 28 Mar 19 13:53:44 +0700][ERROR] [2]: VendorController handler class cannot be loaded

[Thu, 28 Mar 19 13:53:44 +0700][ERROR] [5]: Action 'images' was not found on handler 'authen'

[Thu, 28 Mar 19 13:53:44 +0700][ERROR] [2]: CssController handler class cannot be loaded

[Thu, 28 Mar 19 13:53:53 +0700][ERROR] [2]: VendorController handler class cannot be loaded

[Thu, 28 Mar 19 13:53:53 +0700][ERROR] [2]: VendorController handler class cannot be loaded

[Thu, 28 Mar 19 13:53:53 +0700][ERROR] [2]: VendorController handler class cannot be loaded

[Thu, 28 Mar 19 13:53:54 +0700][ERROR] [5]: Action 'images' was not found on handler 'authen'

[Thu, 28 Mar 19 13:53:54 +0700][ERROR] [2]: CssController handler class cannot be loaded

[Thu, 28 Mar 19 13:54:20 +0700][ERROR] [2]: VendorController handler class cannot be loaded

[Thu, 28 Mar 19 13:54:20 +0700][ERROR] [2]: VendorController handler class cannot be loaded

[Thu, 28 Mar 19 13:54:20 +0700][ERROR] [2]: VendorController handler class cannot be loaded

[Thu, 28 Mar 19 13:54:20 +0700][ERROR] [2]: VendorController handler class cannot be loaded

[Thu, 28 Mar 19 13:54:20 +0700][ERROR] [5]: Action 'images' was not found on handler 'authen'

[Thu, 28 Mar 19 13:54:20 +0700][ERROR] [2]: CssController handler class cannot be loaded

[Thu, 28 Mar 19 13:54:28 +0700][ERROR] [2]: VendorController handler class cannot be loaded

[Thu, 28 Mar 19 13:54:28 +0700][ERROR] [2]: VendorController handler class cannot be loaded

[Thu, 28 Mar 19 13:54:28 +0700][ERROR] [2]: VendorController handler class cannot be loaded

[Thu, 28 Mar 19 13:54:28 +0700][ERROR] [5]: Action 'images' was not found on handler 'authen'

[Thu, 28 Mar 19 13:54:28 +0700][ERROR] [2]: CssController handler class cannot be loaded

[Thu, 28 Mar 19 13:55:52 +0700][ERROR] [2]: ImgController handler class cannot be loaded

[Thu, 28 Mar 19 13:56:55 +0700][ERROR] [2]: IndexController handler class cannot be loaded

[Thu, 28 Mar 19 13:58:25 +0700][ERROR] [2]: IndexController handler class cannot be loaded

[Thu, 28 Mar 19 13:58:29 +0700][ERROR] [2]: PageTopController handler class cannot be loaded

[Thu, 28 Mar 19 13:58:33 +0700][ERROR] [2]: VendorController handler class cannot be loaded

[Thu, 28 Mar 19 13:58:33 +0700][ERROR] [2]: VendorController handler class cannot be loaded

[Thu, 28 Mar 19 13:58:33 +0700][ERROR] [2]: VendorController handler class cannot be loaded

[Thu, 28 Mar 19 13:58:33 +0700][ERROR] [2]: VendorController handler class cannot be loaded

[Thu, 28 Mar 19 13:58:33 +0700][ERROR] [5]: Action 'images' was not found on handler 'authen'

[Thu, 28 Mar 19 13:58:33 +0700][ERROR] [2]: CssController handler class cannot be loaded

[Thu, 28 Mar 19 13:59:58 +0700][ERROR] [2]: VendorController handler class cannot be loaded

[Thu, 28 Mar 19 13:59:58 +0700][ERROR] [2]: VendorController handler class cannot be loaded

[Thu, 28 Mar 19 13:59:58 +0700][ERROR] [2]: VendorController handler class cannot be loaded

[Thu, 28 Mar 19 13:59:58 +0700][ERROR] [5]: Action 'images' was not found on handler 'authen'

[Thu, 28 Mar 19 13:59:58 +0700][ERROR] [2]: CssController handler class cannot be loaded

[Thu, 28 Mar 19 14:20:19 +0700][ERROR] [5]: Action 'index.html' was not found on handler 'authen'

[Thu, 28 Mar 19 14:20:19 +0700][ERROR] [2]: ImagesController handler class cannot be loaded

[Thu, 28 Mar 19 14:20:20 +0700][ERROR] [2]: VendorController handler class cannot be loaded

[Thu, 28 Mar 19 14:20:20 +0700][ERROR] [2]: VendorController handler class cannot be loaded

[Thu, 28 Mar 19 14:20:20 +0700][ERROR] [2]: VendorController handler class cannot be loaded

[Thu, 28 Mar 19 14:20:20 +0700][ERROR] [2]: VendorController handler class cannot be loaded

[Thu, 28 Mar 19 14:20:20 +0700][ERROR] [2]: VendorController handler class cannot be loaded

[Thu, 28 Mar 19 14:20:20 +0700][ERROR] [2]: VendorController handler class cannot be loaded

[Thu, 28 Mar 19 14:20:20 +0700][ERROR] [5]: Action 'images' was not found on handler 'authen'

[Thu, 28 Mar 19 14:20:20 +0700][ERROR] [2]: CssController handler class cannot be loaded

[Thu, 28 Mar 19 14:21:54 +0700][ERROR] [2]: VendorController handler class cannot be loaded

[Thu, 28 Mar 19 14:21:54 +0700][ERROR] [2]: VendorController handler class cannot be loaded

[Thu, 28 Mar 19 14:21:54 +0700][ERROR] [2]: VendorController handler class cannot be loaded

[Thu, 28 Mar 19 14:21:54 +0700][ERROR] [2]: ImagesController handler class cannot be loaded

[Thu, 28 Mar 19 14:22:02 +0700][ERROR] [2]: PageTopController handler class cannot be loaded

[Thu, 28 Mar 19 14:23:18 +0700][ERROR] [2]: VendorController handler class cannot be loaded

[Thu, 28 Mar 19 14:23:18 +0700][ERROR] [2]: VendorController handler class cannot be loaded

[Thu, 28 Mar 19 14:23:18 +0700][ERROR] [2]: VendorController handler class cannot be loaded

[Thu, 28 Mar 19 14:23:18 +0700][ERROR] [2]: VendorController handler class cannot be loaded

[Thu, 28 Mar 19 14:23:18 +0700][ERROR] [2]: VendorController handler class cannot be loaded

[Thu, 28 Mar 19 14:23:18 +0700][ERROR] [2]: VendorController handler class cannot be loaded

[Thu, 28 Mar 19 14:23:18 +0700][ERROR] [5]: Action 'images' was not found on handler 'authen'

[Thu, 28 Mar 19 14:23:18 +0700][ERROR] [2]: CssController handler class cannot be loaded

[Thu, 28 Mar 19 14:26:12 +0700][ERROR] [2]: PageTopController handler class cannot be loaded

[Thu, 28 Mar 19 14:29:03 +0700][ERROR] [2]: VendorController handler class cannot be loaded

[Thu, 28 Mar 19 14:29:03 +0700][ERROR] [2]: VendorController handler class cannot be loaded

[Thu, 28 Mar 19 14:29:03 +0700][ERROR] [2]: VendorController handler class cannot be loaded

[Thu, 28 Mar 19 14:29:03 +0700][ERROR] [2]: VendorController handler class cannot be loaded

[Thu, 28 Mar 19 14:29:04 +0700][ERROR] [2]: VendorController handler class cannot be loaded

[Thu, 28 Mar 19 14:29:04 +0700][ERROR] [2]: VendorController handler class cannot be loaded

[Thu, 28 Mar 19 14:29:04 +0700][ERROR] [2]: ImagesController handler class cannot be loaded

[Thu, 28 Mar 19 14:29:04 +0700][ERROR] [2]: CssController handler class cannot be loaded

[Thu, 28 Mar 19 14:29:04 +0700][ERROR] [2]: VendorController handler class cannot be loaded

[Thu, 28 Mar 19 14:29:05 +0700][ERROR] [2]: VendorController handler class cannot be loaded

[Thu, 28 Mar 19 14:29:05 +0700][ERROR] [2]: VendorController handler class cannot be loaded

[Thu, 28 Mar 19 14:29:05 +0700][ERROR] [2]: VendorController handler class cannot be loaded

[Thu, 28 Mar 19 14:29:05 +0700][ERROR] [2]: VendorController handler class cannot be loaded

[Thu, 28 Mar 19 14:29:05 +0700][ERROR] [5]: Action 'images' was not found on handler 'authen'

[Thu, 28 Mar 19 14:29:05 +0700][ERROR] [2]: CssController handler class cannot be loaded

[Thu, 28 Mar 19 14:34:58 +0700][ERROR] [2]: ImagesController handler class cannot be loaded

[Thu, 28 Mar 19 14:35:03 +0700][ERROR] [2]: PageTopController handler class cannot be loaded

[Thu, 28 Mar 19 14:35:05 +0700][ERROR] [2]: VendorController handler class cannot be loaded

[Thu, 28 Mar 19 14:35:05 +0700][ERROR] [2]: VendorController handler class cannot be loaded

[Thu, 28 Mar 19 14:35:05 +0700][ERROR] [2]: VendorController handler class cannot be loaded

[Thu, 28 Mar 19 14:35:05 +0700][ERROR] [2]: VendorController handler class cannot be loaded

[Thu, 28 Mar 19 14:35:05 +0700][ERROR] [5]: Action 'images' was not found on handler 'authen'

[Thu, 28 Mar 19 14:35:05 +0700][ERROR] [2]: CssController handler class cannot be loaded

[Thu, 28 Mar 19 14:35:54 +0700][ERROR] [2]: PageTopController handler class cannot be loaded

[Thu, 28 Mar 19 14:35:56 +0700][ERROR] [2]: VendorController handler class cannot be loaded

[Thu, 28 Mar 19 14:35:56 +0700][ERROR] [2]: VendorController handler class cannot be loaded

[Thu, 28 Mar 19 14:35:56 +0700][ERROR] [2]: VendorController handler class cannot be loaded

[Thu, 28 Mar 19 14:35:56 +0700][ERROR] [2]: VendorController handler class cannot be loaded

[Thu, 28 Mar 19 14:35:57 +0700][ERROR] [5]: Action 'images' was not found on handler 'authen'

[Thu, 28 Mar 19 14:35:57 +0700][ERROR] [2]: CssController handler class cannot be loaded

[Thu, 28 Mar 19 14:36:37 +0700][ERROR] [2]: PageTopController handler class cannot be loaded

[Thu, 28 Mar 19 14:36:38 +0700][ERROR] [2]: VendorController handler class cannot be loaded

[Thu, 28 Mar 19 14:36:38 +0700][ERROR] [2]: VendorController handler class cannot be loaded

[Thu, 28 Mar 19 14:36:38 +0700][ERROR] [2]: VendorController handler class cannot be loaded

[Thu, 28 Mar 19 14:36:38 +0700][ERROR] [2]: VendorController handler class cannot be loaded

[Thu, 28 Mar 19 14:36:39 +0700][ERROR] [5]: Action 'images' was not found on handler 'authen'

[Thu, 28 Mar 19 14:36:39 +0700][ERROR] [2]: CssController handler class cannot be loaded

[Thu, 28 Mar 19 14:36:39 +0700][ERROR] [2]: CssController handler class cannot be loaded

[Thu, 28 Mar 19 14:36:45 +0700][ERROR] [2]: PageTopController handler class cannot be loaded

[Thu, 28 Mar 19 14:36:57 +0700][ERROR] [2]: PageTopController handler class cannot be loaded

[Thu, 28 Mar 19 14:36:58 +0700][ERROR] [2]: VendorController handler class cannot be loaded

[Thu, 28 Mar 19 14:36:59 +0700][ERROR] [2]: VendorController handler class cannot be loaded

[Thu, 28 Mar 19 14:36:59 +0700][ERROR] [5]: Action 'images' was not found on handler 'authen'

[Thu, 28 Mar 19 14:36:59 +0700][ERROR] [2]: CssController handler class cannot be loaded

[Thu, 28 Mar 19 14:40:37 +0700][ERROR] [2]: VendorController handler class cannot be loaded

[Thu, 28 Mar 19 14:40:37 +0700][ERROR] [2]: CssController handler class cannot be loaded

[Thu, 28 Mar 19 14:42:30 +0700][ERROR] [5]: Action 'images' was not found on handler 'equip'

[Thu, 28 Mar 19 14:43:33 +0700][ERROR] [2]: PageTopController handler class cannot be loaded

[Thu, 28 Mar 19 14:43:35 +0700][ERROR] [2]: VendorController handler class cannot be loaded

[Thu, 28 Mar 19 14:43:35 +0700][ERROR] [2]: VendorController handler class cannot be loaded

[Thu, 28 Mar 19 14:43:35 +0700][ERROR] [2]: VendorController handler class cannot be loaded

[Thu, 28 Mar 19 14:43:35 +0700][ERROR] [2]: VendorController handler class cannot be loaded

[Thu, 28 Mar 19 14:43:35 +0700][ERROR] [5]: Action 'images' was not found on handler 'authen'

[Thu, 28 Mar 19 14:43:35 +0700][ERROR] [2]: CssController handler class cannot be loaded

[Thu, 28 Mar 19 14:43:52 +0700][ERROR] [5]: Action 'images' was not found on handler 'equip'

[Thu, 28 Mar 19 14:43:55 +0700][ERROR] [2]: HistoryController handler class cannot be loaded

[Thu, 28 Mar 19 14:43:55 +0700][ERROR] [2]: HistoryController handler class cannot be loaded

[Thu, 28 Mar 19 14:43:57 +0700][ERROR] [5]: Action 'images' was not found on handler 'equip'

[Thu, 28 Mar 19 14:48:31 +0700][ERROR] [2]: IndexController handler class cannot be loaded

[Thu, 28 Mar 19 14:48:33 +0700][ERROR] [5]: Action 'images' was not found on handler 'equip'

[Thu, 28 Mar 19 14:48:40 +0700][ERROR] [2]: HistoryController handler class cannot be loaded

[Thu, 28 Mar 19 14:48:40 +0700][ERROR] [2]: HistoryController handler class cannot be loaded

[Thu, 28 Mar 19 14:48:59 +0700][ERROR] [2]: IndexController handler class cannot be loaded

[Thu, 28 Mar 19 14:54:46 +0700][ERROR] [2]: IndexController handler class cannot be loaded

[Thu, 28 Mar 19 14:56:29 +0700][ERROR] [5]: Action 'images' was not found on handler 'equip'

[Thu, 28 Mar 19 14:56:32 +0700][ERROR] [2]: IndexController handler class cannot be loaded

[Thu, 28 Mar 19 23:30:47 +0700][ERROR] [2]: VendorController handler class cannot be loaded

[Thu, 28 Mar 19 23:30:47 +0700][ERROR] [2]: VendorController handler class cannot be loaded

[Thu, 28 Mar 19 23:30:47 +0700][ERROR] [2]: VendorController handler class cannot be loaded

[Thu, 28 Mar 19 23:30:47 +0700][ERROR] [2]: VendorController handler class cannot be loaded

[Thu, 28 Mar 19 23:30:47 +0700][ERROR] [2]: VendorController handler class cannot be loaded

[Thu, 28 Mar 19 23:30:47 +0700][ERROR] [2]: ImagesController handler class cannot be loaded

[Thu, 28 Mar 19 23:30:47 +0700][ERROR] [2]: CssController handler class cannot be loaded

[Thu, 28 Mar 19 23:30:48 +0700][ERROR] [5]: Action 'public' was not found on handler 'authen'

[Thu, 28 Mar 19 23:31:14 +0700][ERROR] [2]: VendorController handler class cannot be loaded

[Thu, 28 Mar 19 23:31:14 +0700][ERROR] [2]: VendorController handler class cannot be loaded

[Thu, 28 Mar 19 23:31:14 +0700][ERROR] [2]: VendorController handler class cannot be loaded

[Thu, 28 Mar 19 23:31:14 +0700][ERROR] [2]: VendorController handler class cannot be loaded

[Thu, 28 Mar 19 23:31:14 +0700][ERROR] [2]: VendorController handler class cannot be loaded

[Thu, 28 Mar 19 23:31:14 +0700][ERROR] [5]: Action 'images' was not found on handler 'authen'

[Thu, 28 Mar 19 23:31:14 +0700][ERROR] [2]: CssController handler class cannot be loaded

[Thu, 28 Mar 19 23:31:32 +0700][ERROR] [2]: PageTopController handler class cannot be loaded

[Thu, 28 Mar 19 23:31:50 +0700][ERROR] [2]: VendorController handler class cannot be loaded

[Thu, 28 Mar 19 23:31:50 +0700][ERROR] [2]: VendorController handler class cannot be loaded

[Thu, 28 Mar 19 23:31:50 +0700][ERROR] [2]: VendorController handler class cannot be loaded

[Thu, 28 Mar 19 23:31:50 +0700][ERROR] [2]: VendorController handler class cannot be loaded

[Thu, 28 Mar 19 23:31:50 +0700][ERROR] [5]: Action 'images' was not found on handler 'authen'

[Thu, 28 Mar 19 23:31:50 +0700][ERROR] [2]: CssController handler class cannot be loaded

[Thu, 28 Mar 19 23:32:08 +0700][ERROR] [2]: VendorController handler class cannot be loaded

[Thu, 28 Mar 19 23:32:08 +0700][ERROR] [2]: VendorController handler class cannot be loaded

[Thu, 28 Mar 19 23:32:08 +0700][ERROR] [2]: VendorController handler class cannot be loaded

[Thu, 28 Mar 19 23:32:08 +0700][ERROR] [2]: VendorController handler class cannot be loaded

[Thu, 28 Mar 19 23:32:08 +0700][ERROR] [5]: Action 'images' was not found on handler 'authen'

[Thu, 28 Mar 19 23:32:08 +0700][ERROR] [2]: CssController handler class cannot be loaded

[Thu, 28 Mar 19 23:32:59 +0700][ERROR] [2]: IndexController handler class cannot be loaded

[Thu, 28 Mar 19 23:32:59 +0700][ERROR] [2]: ImagesController handler class cannot be loaded

