[Wed, 27 Mar 19 14:46:53 +0700][ERROR] [2]: IndexController handler class cannot be loaded

[Wed, 27 Mar 19 14:46:54 +0700][ERROR] [2]: ImagesController handler class cannot be loaded

[Wed, 27 Mar 19 14:46:58 +0700][ERROR] [2]: VendorController handler class cannot be loaded

[Wed, 27 Mar 19 14:46:58 +0700][ERROR] [2]: VendorController handler class cannot be loaded

[Wed, 27 Mar 19 14:46:58 +0700][ERROR] [2]: VendorController handler class cannot be loaded

[Wed, 27 Mar 19 14:46:58 +0700][ERROR] [2]: VendorController handler class cannot be loaded

[Wed, 27 Mar 19 14:46:58 +0700][ERROR] [2]: VendorController handler class cannot be loaded

[Wed, 27 Mar 19 14:46:58 +0700][ERROR] [2]: ImagesController handler class cannot be loaded

[Wed, 27 Mar 19 14:46:58 +0700][ERROR] [2]: CssController handler class cannot be loaded

[Wed, 27 Mar 19 14:46:58 +0700][ERROR] [5]: Action 'public' was not found on handler 'authen'

[Wed, 27 Mar 19 14:48:04 +0700][ERROR] [2]: ImagesController handler class cannot be loaded

[Wed, 27 Mar 19 14:48:56 +0700][ERROR] [2]: ImagesController handler class cannot be loaded

[Wed, 27 Mar 19 14:49:27 +0700][ERROR] [2]: ImagesController handler class cannot be loaded

[Wed, 27 Mar 19 14:51:00 +0700][ERROR] [2]: ImagesController handler class cannot be loaded

[Wed, 27 Mar 19 14:51:09 +0700][ERROR] [2]: ImagesController handler class cannot be loaded

[Wed, 27 Mar 19 14:51:13 +0700][ERROR] [2]: ImagesController handler class cannot be loaded

[Wed, 27 Mar 19 15:03:36 +0700][ERROR] [2]: ImagesController handler class cannot be loaded

[Wed, 27 Mar 19 15:03:36 +0700][ERROR] [2]: IndexController handler class cannot be loaded

[Wed, 27 Mar 19 15:04:17 +0700][ERROR] [2]: ImagesController handler class cannot be loaded

[Wed, 27 Mar 19 15:04:17 +0700][ERROR] [2]: IndexController handler class cannot be loaded

[Wed, 27 Mar 19 15:05:17 +0700][ERROR] [2]: ImagesController handler class cannot be loaded

[Wed, 27 Mar 19 15:05:18 +0700][ERROR] [2]: IndexController handler class cannot be loaded

[Wed, 27 Mar 19 15:06:24 +0700][ERROR] [2]: ImagesController handler class cannot be loaded

[Wed, 27 Mar 19 15:06:24 +0700][ERROR] [2]: IndexController handler class cannot be loaded

[Wed, 27 Mar 19 15:06:27 +0700][ERROR] [2]: IndexController handler class cannot be loaded

[Wed, 27 Mar 19 15:06:27 +0700][ERROR] [2]: IndexController handler class cannot be loaded

[Wed, 27 Mar 19 15:06:28 +0700][ERROR] [2]: IndexController handler class cannot be loaded

[Wed, 27 Mar 19 15:06:28 +0700][ERROR] [2]: IndexController handler class cannot be loaded

[Wed, 27 Mar 19 15:06:28 +0700][ERROR] [2]: IndexController handler class cannot be loaded

[Wed, 27 Mar 19 15:06:29 +0700][ERROR] [2]: IndexController handler class cannot be loaded

[Wed, 27 Mar 19 15:06:30 +0700][ERROR] [2]: IndexController handler class cannot be loaded

[Wed, 27 Mar 19 15:06:31 +0700][ERROR] [2]: IndexController handler class cannot be loaded

[Wed, 27 Mar 19 15:06:31 +0700][ERROR] [2]: IndexController handler class cannot be loaded

[Wed, 27 Mar 19 15:06:31 +0700][ERROR] [2]: IndexController handler class cannot be loaded

[Wed, 27 Mar 19 15:06:32 +0700][ERROR] [2]: IndexController handler class cannot be loaded

[Wed, 27 Mar 19 15:06:32 +0700][ERROR] [2]: IndexController handler class cannot be loaded

[Wed, 27 Mar 19 15:17:03 +0700][ERROR] [2]: ImagesController handler class cannot be loaded

[Wed, 27 Mar 19 15:21:32 +0700][ERROR] [2]: ImagesController handler class cannot be loaded

[Wed, 27 Mar 19 15:21:54 +0700][ERROR] [2]: ImagesController handler class cannot be loaded

[Wed, 27 Mar 19 15:24:32 +0700][ERROR] [2]: ImagesController handler class cannot be loaded

[Wed, 27 Mar 19 15:25:10 +0700][ERROR] [2]: ImagesController handler class cannot be loaded

[Wed, 27 Mar 19 15:26:30 +0700][ERROR] [2]: ImagesController handler class cannot be loaded

[Wed, 27 Mar 19 15:31:55 +0700][ERROR] [2]: IndexController handler class cannot be loaded

[Wed, 27 Mar 19 15:31:55 +0700][ERROR] [2]: IndexController handler class cannot be loaded

[Wed, 27 Mar 19 15:31:55 +0700][ERROR] [2]: ImagesController handler class cannot be loaded

[Wed, 27 Mar 19 15:34:26 +0700][ERROR] [2]: IndexController handler class cannot be loaded

[Wed, 27 Mar 19 15:34:26 +0700][ERROR] [2]: IndexController handler class cannot be loaded

[Wed, 27 Mar 19 15:34:26 +0700][ERROR] [2]: ImagesController handler class cannot be loaded

[Wed, 27 Mar 19 15:36:38 +0700][ERROR] [2]: IndexController handler class cannot be loaded

[Wed, 27 Mar 19 15:36:38 +0700][ERROR] [2]: IndexController handler class cannot be loaded

[Wed, 27 Mar 19 15:36:38 +0700][ERROR] [2]: ImagesController handler class cannot be loaded

[Wed, 27 Mar 19 15:39:38 +0700][ERROR] [2]: ImagesController handler class cannot be loaded

[Wed, 27 Mar 19 15:39:57 +0700][ERROR] [2]: ImagesController handler class cannot be loaded

[Wed, 27 Mar 19 15:39:58 +0700][ERROR] [2]: ImagesController handler class cannot be loaded

[Wed, 27 Mar 19 15:39:58 +0700][ERROR] [2]: ImagesController handler class cannot be loaded

[Wed, 27 Mar 19 15:40:01 +0700][ERROR] [2]: ImagesController handler class cannot be loaded

[Wed, 27 Mar 19 15:40:17 +0700][ERROR] [2]: ImagesController handler class cannot be loaded

[Wed, 27 Mar 19 15:40:17 +0700][ERROR] [2]: ImagesController handler class cannot be loaded

[Wed, 27 Mar 19 15:40:30 +0700][ERROR] [2]: ImagesController handler class cannot be loaded

[Wed, 27 Mar 19 15:40:31 +0700][ERROR] [2]: ImagesController handler class cannot be loaded

[Wed, 27 Mar 19 15:51:17 +0700][ERROR] [2]: ImagesController handler class cannot be loaded

[Wed, 27 Mar 19 15:54:18 +0700][ERROR] [2]: ImagesController handler class cannot be loaded

[Wed, 27 Mar 19 15:57:44 +0700][ERROR] [2]: ImagesController handler class cannot be loaded

[Wed, 27 Mar 19 15:58:09 +0700][ERROR] [2]: ImagesController handler class cannot be loaded

[Wed, 27 Mar 19 16:03:11 +0700][ERROR] [2]: ImagesController handler class cannot be loaded

[Wed, 27 Mar 19 16:07:27 +0700][ERROR] [2]: ImagesController handler class cannot be loaded

[Wed, 27 Mar 19 16:11:08 +0700][ERROR] [2]: ImagesController handler class cannot be loaded

[Wed, 27 Mar 19 16:12:33 +0700][ERROR] [2]: ImagesController handler class cannot be loaded

[Wed, 27 Mar 19 16:15:11 +0700][ERROR] [2]: ImagesController handler class cannot be loaded

[Wed, 27 Mar 19 16:20:06 +0700][ERROR] [2]: ImagesController handler class cannot be loaded

[Wed, 27 Mar 19 16:21:07 +0700][ERROR] [2]: ImagesController handler class cannot be loaded

[Wed, 27 Mar 19 16:22:16 +0700][ERROR] [2]: ImagesController handler class cannot be loaded

[Wed, 27 Mar 19 16:22:22 +0700][ERROR] [2]: ImagesController handler class cannot be loaded

[Wed, 27 Mar 19 16:22:23 +0700][ERROR] [2]: ImagesController handler class cannot be loaded

[Wed, 27 Mar 19 16:22:34 +0700][ERROR] [2]: HistoryController handler class cannot be loaded

[Wed, 27 Mar 19 16:22:34 +0700][ERROR] [2]: ImagesController handler class cannot be loaded

[Wed, 27 Mar 19 16:22:36 +0700][ERROR] [2]: LendController handler class cannot be loaded

[Wed, 27 Mar 19 16:22:36 +0700][ERROR] [2]: LendController handler class cannot be loaded

[Wed, 27 Mar 19 16:22:39 +0700][ERROR] [2]: IndexController handler class cannot be loaded

[Wed, 27 Mar 19 16:22:44 +0700][ERROR] [5]: Action 'images' was not found on handler 'equip'

[Wed, 27 Mar 19 16:22:53 +0700][ERROR] [5]: Action 'index.html' was not found on handler 'equip'

[Wed, 27 Mar 19 16:22:53 +0700][ERROR] [5]: Action 'images' was not found on handler 'equip'

[Wed, 27 Mar 19 16:26:54 +0700][ERROR] [5]: Action 'images' was not found on handler 'equip'

[Wed, 27 Mar 19 16:29:43 +0700][ERROR] [5]: Action 'images' was not found on handler 'equip'

[Wed, 27 Mar 19 16:30:33 +0700][ERROR] [5]: Action 'images' was not found on handler 'equip'

[Wed, 27 Mar 19 16:31:24 +0700][ERROR] [5]: Action 'images' was not found on handler 'equip'

[Wed, 27 Mar 19 16:34:32 +0700][ERROR] [2]: ImagesController handler class cannot be loaded

[Wed, 27 Mar 19 16:34:50 +0700][ERROR] [2]: ImagesController handler class cannot be loaded

[Wed, 27 Mar 19 16:35:52 +0700][ERROR] [2]: ImagesController handler class cannot be loaded

[Wed, 27 Mar 19 16:36:55 +0700][ERROR] [2]: ImagesController handler class cannot be loaded

[Wed, 27 Mar 19 16:38:16 +0700][ERROR] [2]: ImagesController handler class cannot be loaded

[Wed, 27 Mar 19 16:42:08 +0700][ERROR] [2]: ImagesController handler class cannot be loaded

[Wed, 27 Mar 19 16:42:36 +0700][ERROR] [2]: ImagesController handler class cannot be loaded

[Wed, 27 Mar 19 16:42:42 +0700][ERROR] [2]: ImagesController handler class cannot be loaded

[Wed, 27 Mar 19 16:42:50 +0700][ERROR] [2]: ImagesController handler class cannot be loaded

[Wed, 27 Mar 19 16:43:04 +0700][ERROR] [2]: PageTopController handler class cannot be loaded

[Wed, 27 Mar 19 16:43:04 +0700][ERROR] [2]: ImagesController handler class cannot be loaded

[Wed, 27 Mar 19 16:43:05 +0700][ERROR] [2]: VendorController handler class cannot be loaded

[Wed, 27 Mar 19 16:43:05 +0700][ERROR] [2]: VendorController handler class cannot be loaded

[Wed, 27 Mar 19 16:43:05 +0700][ERROR] [2]: VendorController handler class cannot be loaded

[Wed, 27 Mar 19 16:43:05 +0700][ERROR] [2]: VendorController handler class cannot be loaded

[Wed, 27 Mar 19 16:43:05 +0700][ERROR] [2]: VendorController handler class cannot be loaded

[Wed, 27 Mar 19 16:43:05 +0700][ERROR] [2]: VendorController handler class cannot be loaded

[Wed, 27 Mar 19 16:43:05 +0700][ERROR] [2]: VendorController handler class cannot be loaded

[Wed, 27 Mar 19 16:43:05 +0700][ERROR] [2]: ImagesController handler class cannot be loaded

[Wed, 27 Mar 19 16:43:05 +0700][ERROR] [2]: CssController handler class cannot be loaded

[Wed, 27 Mar 19 17:02:19 +0700][ERROR] [2]: VendorController handler class cannot be loaded

[Wed, 27 Mar 19 17:02:19 +0700][ERROR] [2]: VendorController handler class cannot be loaded

[Wed, 27 Mar 19 17:02:19 +0700][ERROR] [2]: VendorController handler class cannot be loaded

[Wed, 27 Mar 19 17:02:19 +0700][ERROR] [2]: VendorController handler class cannot be loaded

[Wed, 27 Mar 19 17:02:19 +0700][ERROR] [2]: VendorController handler class cannot be loaded

[Wed, 27 Mar 19 17:02:19 +0700][ERROR] [2]: ImagesController handler class cannot be loaded

[Wed, 27 Mar 19 17:02:19 +0700][ERROR] [2]: CssController handler class cannot be loaded

[Wed, 27 Mar 19 17:02:43 +0700][ERROR] [2]: VendorController handler class cannot be loaded

[Wed, 27 Mar 19 17:02:43 +0700][ERROR] [2]: VendorController handler class cannot be loaded

[Wed, 27 Mar 19 17:02:43 +0700][ERROR] [2]: VendorController handler class cannot be loaded

[Wed, 27 Mar 19 17:02:43 +0700][ERROR] [2]: VendorController handler class cannot be loaded

[Wed, 27 Mar 19 17:02:43 +0700][ERROR] [5]: Action 'images' was not found on handler 'authen'

[Wed, 27 Mar 19 17:02:43 +0700][ERROR] [2]: CssController handler class cannot be loaded

[Wed, 27 Mar 19 17:06:13 +0700][ERROR] [2]: VendorController handler class cannot be loaded

[Wed, 27 Mar 19 17:06:13 +0700][ERROR] [2]: VendorController handler class cannot be loaded

[Wed, 27 Mar 19 17:06:13 +0700][ERROR] [2]: VendorController handler class cannot be loaded

[Wed, 27 Mar 19 17:06:13 +0700][ERROR] [2]: VendorController handler class cannot be loaded

[Wed, 27 Mar 19 17:06:13 +0700][ERROR] [2]: ImagesController handler class cannot be loaded

[Wed, 27 Mar 19 17:06:13 +0700][ERROR] [2]: CssController handler class cannot be loaded

[Wed, 27 Mar 19 17:10:25 +0700][ERROR] [2]: VendorController handler class cannot be loaded

[Wed, 27 Mar 19 17:10:25 +0700][ERROR] [2]: VendorController handler class cannot be loaded

[Wed, 27 Mar 19 17:10:25 +0700][ERROR] [2]: VendorController handler class cannot be loaded

[Wed, 27 Mar 19 17:10:26 +0700][ERROR] [2]: VendorController handler class cannot be loaded

[Wed, 27 Mar 19 17:10:26 +0700][ERROR] [5]: Action 'images' was not found on handler 'authen'

[Wed, 27 Mar 19 17:10:26 +0700][ERROR] [2]: CssController handler class cannot be loaded

[Wed, 27 Mar 19 17:13:37 +0700][ERROR] [2]: VendorController handler class cannot be loaded

[Wed, 27 Mar 19 17:13:37 +0700][ERROR] [2]: VendorController handler class cannot be loaded

[Wed, 27 Mar 19 17:13:37 +0700][ERROR] [5]: Action 'images' was not found on handler 'authen'

[Wed, 27 Mar 19 17:13:37 +0700][ERROR] [2]: CssController handler class cannot be loaded

[Wed, 27 Mar 19 17:14:47 +0700][ERROR] [5]: Action 'images' was not found on handler 'authen'

[Wed, 27 Mar 19 17:16:11 +0700][ERROR] [2]: VendorController handler class cannot be loaded

[Wed, 27 Mar 19 17:16:11 +0700][ERROR] [2]: VendorController handler class cannot be loaded

[Wed, 27 Mar 19 17:16:11 +0700][ERROR] [2]: VendorController handler class cannot be loaded

[Wed, 27 Mar 19 17:16:11 +0700][ERROR] [2]: VendorController handler class cannot be loaded

[Wed, 27 Mar 19 17:16:11 +0700][ERROR] [2]: VendorController handler class cannot be loaded

[Wed, 27 Mar 19 17:16:11 +0700][ERROR] [2]: VendorController handler class cannot be loaded

[Wed, 27 Mar 19 17:16:11 +0700][ERROR] [5]: Action 'images' was not found on handler 'authen'

[Wed, 27 Mar 19 17:16:11 +0700][ERROR] [2]: CssController handler class cannot be loaded

[Wed, 27 Mar 19 17:17:14 +0700][ERROR] [2]: PageTopController handler class cannot be loaded

[Wed, 27 Mar 19 17:17:29 +0700][ERROR] [2]: VendorController handler class cannot be loaded

[Wed, 27 Mar 19 17:17:29 +0700][ERROR] [2]: VendorController handler class cannot be loaded

[Wed, 27 Mar 19 17:17:29 +0700][ERROR] [5]: Action 'images' was not found on handler 'authen'

[Wed, 27 Mar 19 17:17:30 +0700][ERROR] [2]: CssController handler class cannot be loaded

[Wed, 27 Mar 19 17:17:35 +0700][ERROR] [2]: VendorController handler class cannot be loaded

[Wed, 27 Mar 19 17:17:35 +0700][ERROR] [2]: VendorController handler class cannot be loaded

[Wed, 27 Mar 19 17:17:35 +0700][ERROR] [2]: VendorController handler class cannot be loaded

[Wed, 27 Mar 19 17:17:35 +0700][ERROR] [2]: VendorController handler class cannot be loaded

[Wed, 27 Mar 19 17:17:36 +0700][ERROR] [2]: VendorController handler class cannot be loaded

[Wed, 27 Mar 19 17:17:36 +0700][ERROR] [2]: VendorController handler class cannot be loaded

[Wed, 27 Mar 19 17:17:36 +0700][ERROR] [5]: Action 'images' was not found on handler 'authen'

[Wed, 27 Mar 19 17:17:36 +0700][ERROR] [2]: CssController handler class cannot be loaded

[Wed, 27 Mar 19 17:17:49 +0700][ERROR] [2]: PageTopController handler class cannot be loaded

[Wed, 27 Mar 19 17:26:01 +0700][ERROR] [2]: PageTopController handler class cannot be loaded

[Wed, 27 Mar 19 17:26:01 +0700][ERROR] [2]: ImagesController handler class cannot be loaded

[Wed, 27 Mar 19 17:26:02 +0700][ERROR] [2]: VendorController handler class cannot be loaded

[Wed, 27 Mar 19 17:26:02 +0700][ERROR] [2]: VendorController handler class cannot be loaded

[Wed, 27 Mar 19 17:26:02 +0700][ERROR] [2]: VendorController handler class cannot be loaded

[Wed, 27 Mar 19 17:26:02 +0700][ERROR] [2]: VendorController handler class cannot be loaded

[Wed, 27 Mar 19 17:26:03 +0700][ERROR] [5]: Action 'images' was not found on handler 'authen'

[Wed, 27 Mar 19 17:26:03 +0700][ERROR] [2]: CssController handler class cannot be loaded

[Wed, 27 Mar 19 17:28:31 +0700][ERROR] [2]: VendorController handler class cannot be loaded

[Wed, 27 Mar 19 17:28:31 +0700][ERROR] [2]: VendorController handler class cannot be loaded

[Wed, 27 Mar 19 17:28:31 +0700][ERROR] [2]: ImagesController handler class cannot be loaded

[Wed, 27 Mar 19 17:28:31 +0700][ERROR] [2]: CssController handler class cannot be loaded

[Wed, 27 Mar 19 17:29:30 +0700][ERROR] [2]: VendorController handler class cannot be loaded

[Wed, 27 Mar 19 17:29:30 +0700][ERROR] [2]: VendorController handler class cannot be loaded

[Wed, 27 Mar 19 17:29:30 +0700][ERROR] [2]: VendorController handler class cannot be loaded

[Wed, 27 Mar 19 17:29:31 +0700][ERROR] [2]: VendorController handler class cannot be loaded

[Wed, 27 Mar 19 17:29:31 +0700][ERROR] [5]: Action 'images' was not found on handler 'authen'

[Wed, 27 Mar 19 17:29:31 +0700][ERROR] [2]: CssController handler class cannot be loaded

[Wed, 27 Mar 19 17:50:58 +0700][ERROR] [2]: VendorController handler class cannot be loaded

[Wed, 27 Mar 19 17:50:58 +0700][ERROR] [2]: VendorController handler class cannot be loaded

[Wed, 27 Mar 19 17:50:58 +0700][ERROR] [2]: VendorController handler class cannot be loaded

[Wed, 27 Mar 19 17:50:58 +0700][ERROR] [2]: ImagesController handler class cannot be loaded

[Wed, 27 Mar 19 17:50:58 +0700][ERROR] [2]: CssController handler class cannot be loaded

[Wed, 27 Mar 19 17:50:58 +0700][ERROR] [5]: Action 'public' was not found on handler 'authen'

[Wed, 27 Mar 19 17:51:02 +0700][ERROR] [2]: VendorController handler class cannot be loaded

[Wed, 27 Mar 19 17:51:02 +0700][ERROR] [2]: VendorController handler class cannot be loaded

[Wed, 27 Mar 19 17:51:02 +0700][ERROR] [2]: VendorController handler class cannot be loaded

[Wed, 27 Mar 19 17:51:03 +0700][ERROR] [2]: VendorController handler class cannot be loaded

[Wed, 27 Mar 19 17:51:03 +0700][ERROR] [5]: Action 'images' was not found on handler 'authen'

[Wed, 27 Mar 19 17:51:03 +0700][ERROR] [2]: CssController handler class cannot be loaded

[Wed, 27 Mar 19 17:52:12 +0700][ERROR] [2]: PageTopController handler class cannot be loaded

[Wed, 27 Mar 19 17:52:34 +0700][ERROR] [2]: VendorController handler class cannot be loaded

[Wed, 27 Mar 19 17:52:34 +0700][ERROR] [2]: VendorController handler class cannot be loaded

[Wed, 27 Mar 19 17:52:34 +0700][ERROR] [2]: VendorController handler class cannot be loaded

[Wed, 27 Mar 19 17:52:34 +0700][ERROR] [2]: VendorController handler class cannot be loaded

[Wed, 27 Mar 19 17:52:34 +0700][ERROR] [2]: VendorController handler class cannot be loaded

[Wed, 27 Mar 19 17:52:34 +0700][ERROR] [2]: VendorController handler class cannot be loaded

[Wed, 27 Mar 19 17:52:34 +0700][ERROR] [5]: Action 'images' was not found on handler 'authen'

[Wed, 27 Mar 19 17:52:34 +0700][ERROR] [2]: CssController handler class cannot be loaded

[Wed, 27 Mar 19 17:52:36 +0700][ERROR] [2]: VendorController handler class cannot be loaded

[Wed, 27 Mar 19 17:52:36 +0700][ERROR] [2]: VendorController handler class cannot be loaded

[Wed, 27 Mar 19 17:52:36 +0700][ERROR] [5]: Action 'images' was not found on handler 'authen'

[Wed, 27 Mar 19 17:52:36 +0700][ERROR] [2]: CssController handler class cannot be loaded

[Wed, 27 Mar 19 17:52:57 +0700][ERROR] [5]: Action 'index.html' was not found on handler 'authen'

[Wed, 27 Mar 19 17:52:57 +0700][ERROR] [5]: Action 'images' was not found on handler 'authen'

[Wed, 27 Mar 19 18:33:49 +0700][ERROR] [5]: Action 'index.html' was not found on handler 'authen'

[Wed, 27 Mar 19 18:33:49 +0700][ERROR] [2]: ImagesController handler class cannot be loaded

[Wed, 27 Mar 19 18:46:50 +0700][ERROR] [2]: VendorController handler class cannot be loaded

[Wed, 27 Mar 19 18:46:50 +0700][ERROR] [2]: VendorController handler class cannot be loaded

[Wed, 27 Mar 19 18:46:50 +0700][ERROR] [2]: VendorController handler class cannot be loaded

[Wed, 27 Mar 19 18:46:50 +0700][ERROR] [2]: VendorController handler class cannot be loaded

[Wed, 27 Mar 19 18:46:50 +0700][ERROR] [2]: VendorController handler class cannot be loaded

[Wed, 27 Mar 19 18:46:50 +0700][ERROR] [2]: VendorController handler class cannot be loaded

[Wed, 27 Mar 19 18:46:50 +0700][ERROR] [2]: VendorController handler class cannot be loaded

[Wed, 27 Mar 19 18:46:50 +0700][ERROR] [2]: ImagesController handler class cannot be loaded

[Wed, 27 Mar 19 18:46:50 +0700][ERROR] [2]: CssController handler class cannot be loaded

[Wed, 27 Mar 19 18:46:50 +0700][ERROR] [5]: Action 'public' was not found on handler 'authen'

[Wed, 27 Mar 19 19:04:05 +0700][ERROR] [2]: VendorController handler class cannot be loaded

[Wed, 27 Mar 19 19:04:05 +0700][ERROR] [2]: VendorController handler class cannot be loaded

[Wed, 27 Mar 19 19:04:05 +0700][ERROR] [2]: VendorController handler class cannot be loaded

[Wed, 27 Mar 19 19:04:05 +0700][ERROR] [2]: VendorController handler class cannot be loaded

[Wed, 27 Mar 19 19:04:05 +0700][ERROR] [2]: ImagesController handler class cannot be loaded

[Wed, 27 Mar 19 19:04:05 +0700][ERROR] [2]: CssController handler class cannot be loaded

[Wed, 27 Mar 19 19:05:17 +0700][ERROR] [2]: VendorController handler class cannot be loaded

[Wed, 27 Mar 19 19:05:17 +0700][ERROR] [2]: VendorController handler class cannot be loaded

[Wed, 27 Mar 19 19:05:17 +0700][ERROR] [2]: VendorController handler class cannot be loaded

[Wed, 27 Mar 19 19:05:17 +0700][ERROR] [2]: VendorController handler class cannot be loaded

[Wed, 27 Mar 19 19:05:18 +0700][ERROR] [5]: Action 'images' was not found on handler 'authen'

[Wed, 27 Mar 19 19:05:18 +0700][ERROR] [2]: CssController handler class cannot be loaded

[Wed, 27 Mar 19 19:05:29 +0700][ERROR] [2]: VendorController handler class cannot be loaded

[Wed, 27 Mar 19 19:05:29 +0700][ERROR] [2]: VendorController handler class cannot be loaded

[Wed, 27 Mar 19 19:05:29 +0700][ERROR] [2]: VendorController handler class cannot be loaded

[Wed, 27 Mar 19 19:05:29 +0700][ERROR] [2]: VendorController handler class cannot be loaded

[Wed, 27 Mar 19 19:05:29 +0700][ERROR] [2]: VendorController handler class cannot be loaded

[Wed, 27 Mar 19 19:05:29 +0700][ERROR] [5]: Action 'images' was not found on handler 'authen'

[Wed, 27 Mar 19 19:05:29 +0700][ERROR] [2]: CssController handler class cannot be loaded

[Wed, 27 Mar 19 19:08:32 +0700][ERROR] [2]: VendorController handler class cannot be loaded

[Wed, 27 Mar 19 19:08:32 +0700][ERROR] [2]: VendorController handler class cannot be loaded

[Wed, 27 Mar 19 19:08:32 +0700][ERROR] [2]: VendorController handler class cannot be loaded

[Wed, 27 Mar 19 19:08:32 +0700][ERROR] [2]: VendorController handler class cannot be loaded

[Wed, 27 Mar 19 19:08:32 +0700][ERROR] [2]: VendorController handler class cannot be loaded

[Wed, 27 Mar 19 19:08:32 +0700][ERROR] [2]: VendorController handler class cannot be loaded

[Wed, 27 Mar 19 19:08:32 +0700][ERROR] [5]: Action 'images' was not found on handler 'authen'

[Wed, 27 Mar 19 19:08:32 +0700][ERROR] [2]: CssController handler class cannot be loaded

[Wed, 27 Mar 19 19:08:34 +0700][ERROR] [5]: Action 'index.html' was not found on handler 'authen'

[Wed, 27 Mar 19 19:08:34 +0700][ERROR] [5]: Action 'images' was not found on handler 'authen'

[Wed, 27 Mar 19 19:08:35 +0700][ERROR] [5]: Action 'index.html' was not found on handler 'authen'

[Wed, 27 Mar 19 19:08:35 +0700][ERROR] [5]: Action 'images' was not found on handler 'authen'

[Wed, 27 Mar 19 19:08:36 +0700][ERROR] [2]: VendorController handler class cannot be loaded

[Wed, 27 Mar 19 19:08:36 +0700][ERROR] [2]: VendorController handler class cannot be loaded

[Wed, 27 Mar 19 19:08:36 +0700][ERROR] [2]: VendorController handler class cannot be loaded

[Wed, 27 Mar 19 19:08:36 +0700][ERROR] [2]: VendorController handler class cannot be loaded

[Wed, 27 Mar 19 19:08:36 +0700][ERROR] [2]: VendorController handler class cannot be loaded

[Wed, 27 Mar 19 19:08:36 +0700][ERROR] [5]: Action 'images' was not found on handler 'authen'

[Wed, 27 Mar 19 19:08:36 +0700][ERROR] [2]: CssController handler class cannot be loaded

[Wed, 27 Mar 19 19:08:39 +0700][ERROR] [2]: VendorController handler class cannot be loaded

[Wed, 27 Mar 19 19:08:39 +0700][ERROR] [2]: VendorController handler class cannot be loaded

[Wed, 27 Mar 19 19:08:39 +0700][ERROR] [2]: VendorController handler class cannot be loaded

[Wed, 27 Mar 19 19:08:39 +0700][ERROR] [2]: VendorController handler class cannot be loaded

[Wed, 27 Mar 19 19:08:39 +0700][ERROR] [5]: Action 'images' was not found on handler 'authen'

[Wed, 27 Mar 19 19:08:39 +0700][ERROR] [2]: CssController handler class cannot be loaded

[Wed, 27 Mar 19 19:09:21 +0700][ERROR] [2]: PageTopController handler class cannot be loaded

[Wed, 27 Mar 19 19:27:45 +0700][ERROR] [5]: Action 'index.html' was not found on handler 'authen'

[Wed, 27 Mar 19 19:27:45 +0700][ERROR] [2]: ImagesController handler class cannot be loaded

[Wed, 27 Mar 19 19:27:58 +0700][ERROR] [2]: VendorController handler class cannot be loaded

[Wed, 27 Mar 19 19:27:58 +0700][ERROR] [2]: VendorController handler class cannot be loaded

[Wed, 27 Mar 19 19:27:58 +0700][ERROR] [2]: VendorController handler class cannot be loaded

[Wed, 27 Mar 19 19:27:59 +0700][ERROR] [2]: ImagesController handler class cannot be loaded

[Wed, 27 Mar 19 19:27:59 +0700][ERROR] [2]: CssController handler class cannot be loaded

[Wed, 27 Mar 19 19:29:04 +0700][ERROR] [2]: LendController handler class cannot be loaded

[Wed, 27 Mar 19 19:29:04 +0700][ERROR] [2]: LendController handler class cannot be loaded

[Wed, 27 Mar 19 19:29:55 +0700][ERROR] [2]: LendController handler class cannot be loaded

[Wed, 27 Mar 19 19:29:56 +0700][ERROR] [2]: LendController handler class cannot be loaded

[Wed, 27 Mar 19 21:11:01 +0700][ERROR] [2]: LendController handler class cannot be loaded

[Wed, 27 Mar 19 21:11:02 +0700][ERROR] [2]: ImagesController handler class cannot be loaded

[Wed, 27 Mar 19 21:11:03 +0700][ERROR] [2]: PageTopController handler class cannot be loaded

[Wed, 27 Mar 19 21:11:05 +0700][ERROR] [2]: VendorController handler class cannot be loaded

[Wed, 27 Mar 19 21:11:05 +0700][ERROR] [2]: VendorController handler class cannot be loaded

[Wed, 27 Mar 19 21:11:05 +0700][ERROR] [2]: VendorController handler class cannot be loaded

[Wed, 27 Mar 19 21:11:05 +0700][ERROR] [2]: VendorController handler class cannot be loaded

[Wed, 27 Mar 19 21:11:05 +0700][ERROR] [5]: Action 'images' was not found on handler 'authen'

[Wed, 27 Mar 19 21:11:05 +0700][ERROR] [2]: CssController handler class cannot be loaded

[Wed, 27 Mar 19 21:11:37 +0700][ERROR] [5]: Action 'images' was not found on handler 'authen'

[Wed, 27 Mar 19 21:12:26 +0700][ERROR] [2]: VendorController handler class cannot be loaded

[Wed, 27 Mar 19 21:12:26 +0700][ERROR] [2]: VendorController handler class cannot be loaded

[Wed, 27 Mar 19 21:12:26 +0700][ERROR] [2]: VendorController handler class cannot be loaded

[Wed, 27 Mar 19 21:12:26 +0700][ERROR] [2]: VendorController handler class cannot be loaded

[Wed, 27 Mar 19 21:12:26 +0700][ERROR] [5]: Action 'images' was not found on handler 'authen'

[Wed, 27 Mar 19 21:12:26 +0700][ERROR] [2]: CssController handler class cannot be loaded

[Wed, 27 Mar 19 21:12:50 +0700][ERROR] [2]: PageTopController handler class cannot be loaded

[Wed, 27 Mar 19 21:15:02 +0700][ERROR] [2]: VendorController handler class cannot be loaded

[Wed, 27 Mar 19 21:15:02 +0700][ERROR] [2]: VendorController handler class cannot be loaded

[Wed, 27 Mar 19 21:15:02 +0700][ERROR] [2]: VendorController handler class cannot be loaded

[Wed, 27 Mar 19 21:15:02 +0700][ERROR] [2]: VendorController handler class cannot be loaded

[Wed, 27 Mar 19 21:15:02 +0700][ERROR] [2]: ImagesController handler class cannot be loaded

[Wed, 27 Mar 19 21:15:02 +0700][ERROR] [2]: CssController handler class cannot be loaded

[Wed, 27 Mar 19 21:15:50 +0700][ERROR] [2]: VendorController handler class cannot be loaded

[Wed, 27 Mar 19 21:15:50 +0700][ERROR] [2]: VendorController handler class cannot be loaded

[Wed, 27 Mar 19 21:15:51 +0700][ERROR] [5]: Action 'images' was not found on handler 'authen'

[Wed, 27 Mar 19 21:15:51 +0700][ERROR] [2]: CssController handler class cannot be loaded

[Wed, 27 Mar 19 21:17:06 +0700][ERROR] [2]: VendorController handler class cannot be loaded

[Wed, 27 Mar 19 21:17:06 +0700][ERROR] [2]: CssController handler class cannot be loaded

[Wed, 27 Mar 19 21:18:07 +0700][ERROR] [2]: ImagesController handler class cannot be loaded

[Wed, 27 Mar 19 21:18:07 +0700][ERROR] [5]: Action 'public' was not found on handler 'authen'

[Wed, 27 Mar 19 21:18:18 +0700][ERROR] [2]: IndexController handler class cannot be loaded

[Wed, 27 Mar 19 21:18:19 +0700][ERROR] [2]: ImagesController handler class cannot be loaded

[Wed, 27 Mar 19 21:18:29 +0700][ERROR] [2]: VendorController handler class cannot be loaded

[Wed, 27 Mar 19 21:18:29 +0700][ERROR] [2]: VendorController handler class cannot be loaded

[Wed, 27 Mar 19 21:18:29 +0700][ERROR] [2]: VendorController handler class cannot be loaded

[Wed, 27 Mar 19 21:18:30 +0700][ERROR] [2]: VendorController handler class cannot be loaded

[Wed, 27 Mar 19 21:18:30 +0700][ERROR] [2]: VendorController handler class cannot be loaded

[Wed, 27 Mar 19 21:18:30 +0700][ERROR] [2]: ImagesController handler class cannot be loaded

[Wed, 27 Mar 19 21:18:30 +0700][ERROR] [2]: CssController handler class cannot be loaded

[Wed, 27 Mar 19 21:19:29 +0700][ERROR] [2]: VendorController handler class cannot be loaded

[Wed, 27 Mar 19 21:19:29 +0700][ERROR] [2]: VendorController handler class cannot be loaded

[Wed, 27 Mar 19 21:19:29 +0700][ERROR] [2]: VendorController handler class cannot be loaded

[Wed, 27 Mar 19 21:19:29 +0700][ERROR] [5]: Action 'images' was not found on handler 'authen'

[Wed, 27 Mar 19 21:19:29 +0700][ERROR] [2]: CssController handler class cannot be loaded

[Wed, 27 Mar 19 21:29:18 +0700][ERROR] [5]: Action 'index.html' was not found on handler 'authen'

[Wed, 27 Mar 19 21:29:19 +0700][ERROR] [2]: ImagesController handler class cannot be loaded

[Wed, 27 Mar 19 21:29:32 +0700][ERROR] [2]: VendorController handler class cannot be loaded

[Wed, 27 Mar 19 21:29:32 +0700][ERROR] [2]: VendorController handler class cannot be loaded

[Wed, 27 Mar 19 21:29:32 +0700][ERROR] [2]: VendorController handler class cannot be loaded

[Wed, 27 Mar 19 21:29:32 +0700][ERROR] [2]: VendorController handler class cannot be loaded

[Wed, 27 Mar 19 21:29:33 +0700][ERROR] [2]: VendorController handler class cannot be loaded

[Wed, 27 Mar 19 21:29:33 +0700][ERROR] [2]: VendorController handler class cannot be loaded

[Wed, 27 Mar 19 21:29:33 +0700][ERROR] [2]: VendorController handler class cannot be loaded

[Wed, 27 Mar 19 21:29:33 +0700][ERROR] [2]: ImagesController handler class cannot be loaded

[Wed, 27 Mar 19 21:29:33 +0700][ERROR] [2]: CssController handler class cannot be loaded

[Wed, 27 Mar 19 21:30:37 +0700][ERROR] [5]: Action 'images' was not found on handler 'authen'

[Wed, 27 Mar 19 21:30:40 +0700][ERROR] [2]: IndexController handler class cannot be loaded

[Wed, 27 Mar 19 21:30:41 +0700][ERROR] [2]: VendorController handler class cannot be loaded

[Wed, 27 Mar 19 21:30:41 +0700][ERROR] [2]: VendorController handler class cannot be loaded

[Wed, 27 Mar 19 21:30:41 +0700][ERROR] [2]: VendorController handler class cannot be loaded

[Wed, 27 Mar 19 21:30:41 +0700][ERROR] [2]: VendorController handler class cannot be loaded

[Wed, 27 Mar 19 21:30:41 +0700][ERROR] [5]: Action 'images' was not found on handler 'authen'

[Wed, 27 Mar 19 21:30:41 +0700][ERROR] [2]: CssController handler class cannot be loaded

[Wed, 27 Mar 19 21:45:30 +0700][ERROR] [2]: ImagesController handler class cannot be loaded

[Wed, 27 Mar 19 21:45:32 +0700][ERROR] [2]: IndexController handler class cannot be loaded

[Wed, 27 Mar 19 21:45:34 +0700][ERROR] [2]: VendorController handler class cannot be loaded

[Wed, 27 Mar 19 21:45:34 +0700][ERROR] [2]: VendorController handler class cannot be loaded

[Wed, 27 Mar 19 21:45:34 +0700][ERROR] [2]: VendorController handler class cannot be loaded

[Wed, 27 Mar 19 21:45:34 +0700][ERROR] [5]: Action 'images' was not found on handler 'authen'

[Wed, 27 Mar 19 21:45:34 +0700][ERROR] [2]: CssController handler class cannot be loaded

[Wed, 27 Mar 19 21:56:09 +0700][ERROR] [2]: VendorController handler class cannot be loaded

[Wed, 27 Mar 19 21:56:10 +0700][ERROR] [2]: CssController handler class cannot be loaded

[Wed, 27 Mar 19 21:56:38 +0700][ERROR] [2]: VendorController handler class cannot be loaded

[Wed, 27 Mar 19 21:56:38 +0700][ERROR] [2]: VendorController handler class cannot be loaded

[Wed, 27 Mar 19 21:56:38 +0700][ERROR] [2]: ImagesController handler class cannot be loaded

[Wed, 27 Mar 19 21:56:41 +0700][ERROR] [2]: PageTopController handler class cannot be loaded

[Wed, 27 Mar 19 21:56:54 +0700][ERROR] [2]: VendorController handler class cannot be loaded

[Wed, 27 Mar 19 21:56:54 +0700][ERROR] [2]: VendorController handler class cannot be loaded

[Wed, 27 Mar 19 21:56:54 +0700][ERROR] [2]: VendorController handler class cannot be loaded

[Wed, 27 Mar 19 21:56:55 +0700][ERROR] [2]: VendorController handler class cannot be loaded

[Wed, 27 Mar 19 21:56:55 +0700][ERROR] [5]: Action 'images' was not found on handler 'authen'

[Wed, 27 Mar 19 21:56:55 +0700][ERROR] [2]: CssController handler class cannot be loaded

[Wed, 27 Mar 19 21:57:52 +0700][ERROR] [2]: VendorController handler class cannot be loaded

[Wed, 27 Mar 19 21:57:52 +0700][ERROR] [2]: CssController handler class cannot be loaded

[Wed, 27 Mar 19 21:59:05 +0700][ERROR] [2]: VendorController handler class cannot be loaded

[Wed, 27 Mar 19 21:59:05 +0700][ERROR] [2]: CssController handler class cannot be loaded

[Wed, 27 Mar 19 22:10:08 +0700][ERROR] [2]: PageTopController handler class cannot be loaded

[Wed, 27 Mar 19 22:10:09 +0700][ERROR] [2]: ImagesController handler class cannot be loaded

[Wed, 27 Mar 19 22:51:40 +0700][ERROR] [2]: IndexController handler class cannot be loaded

[Wed, 27 Mar 19 22:51:40 +0700][ERROR] [2]: ImagesController handler class cannot be loaded

[Wed, 27 Mar 19 22:57:37 +0700][ERROR] [2]: VendorController handler class cannot be loaded

[Wed, 27 Mar 19 22:57:37 +0700][ERROR] [2]: VendorController handler class cannot be loaded

[Wed, 27 Mar 19 22:57:38 +0700][ERROR] [2]: ImagesController handler class cannot be loaded

[Wed, 27 Mar 19 22:57:38 +0700][ERROR] [2]: CssController handler class cannot be loaded

[Wed, 27 Mar 19 22:58:05 +0700][ERROR] [2]: PageTopController handler class cannot be loaded

[Wed, 27 Mar 19 23:06:38 +0700][ERROR] [2]: VendorController handler class cannot be loaded

[Wed, 27 Mar 19 23:06:38 +0700][ERROR] [2]: VendorController handler class cannot be loaded

[Wed, 27 Mar 19 23:06:38 +0700][ERROR] [2]: VendorController handler class cannot be loaded

[Wed, 27 Mar 19 23:06:38 +0700][ERROR] [2]: VendorController handler class cannot be loaded

[Wed, 27 Mar 19 23:06:38 +0700][ERROR] [2]: VendorController handler class cannot be loaded

[Wed, 27 Mar 19 23:06:38 +0700][ERROR] [2]: VendorController handler class cannot be loaded

[Wed, 27 Mar 19 23:06:38 +0700][ERROR] [2]: VendorController handler class cannot be loaded

[Wed, 27 Mar 19 23:06:38 +0700][ERROR] [2]: ImagesController handler class cannot be loaded

[Wed, 27 Mar 19 23:06:38 +0700][ERROR] [2]: CssController handler class cannot be loaded

[Wed, 27 Mar 19 23:06:58 +0700][ERROR] [2]: PageTopController handler class cannot be loaded

[Wed, 27 Mar 19 23:10:31 +0700][ERROR] [2]: PageTopController handler class cannot be loaded

[Wed, 27 Mar 19 23:10:32 +0700][ERROR] [2]: ImagesController handler class cannot be loaded

[Wed, 27 Mar 19 23:10:32 +0700][ERROR] [2]: VendorController handler class cannot be loaded

[Wed, 27 Mar 19 23:10:32 +0700][ERROR] [2]: VendorController handler class cannot be loaded

[Wed, 27 Mar 19 23:10:32 +0700][ERROR] [2]: VendorController handler class cannot be loaded

[Wed, 27 Mar 19 23:10:32 +0700][ERROR] [2]: VendorController handler class cannot be loaded

[Wed, 27 Mar 19 23:10:32 +0700][ERROR] [2]: VendorController handler class cannot be loaded

[Wed, 27 Mar 19 23:10:32 +0700][ERROR] [2]: VendorController handler class cannot be loaded

[Wed, 27 Mar 19 23:10:32 +0700][ERROR] [5]: Action 'images' was not found on handler 'authen'

[Wed, 27 Mar 19 23:10:32 +0700][ERROR] [2]: CssController handler class cannot be loaded

[Wed, 27 Mar 19 23:10:55 +0700][ERROR] [2]: PageTopController handler class cannot be loaded

[Wed, 27 Mar 19 23:12:15 +0700][ERROR] [2]: VendorController handler class cannot be loaded

[Wed, 27 Mar 19 23:12:15 +0700][ERROR] [2]: VendorController handler class cannot be loaded

[Wed, 27 Mar 19 23:12:16 +0700][ERROR] [2]: ImagesController handler class cannot be loaded

[Wed, 27 Mar 19 23:12:16 +0700][ERROR] [2]: CssController handler class cannot be loaded

[Wed, 27 Mar 19 23:12:30 +0700][ERROR] [2]: PageTopController handler class cannot be loaded

[Wed, 27 Mar 19 23:12:36 +0700][ERROR] [2]: VendorController handler class cannot be loaded

[Wed, 27 Mar 19 23:12:36 +0700][ERROR] [2]: VendorController handler class cannot be loaded

[Wed, 27 Mar 19 23:12:36 +0700][ERROR] [2]: VendorController handler class cannot be loaded

[Wed, 27 Mar 19 23:12:36 +0700][ERROR] [2]: VendorController handler class cannot be loaded

[Wed, 27 Mar 19 23:12:36 +0700][ERROR] [2]: VendorController handler class cannot be loaded

[Wed, 27 Mar 19 23:12:36 +0700][ERROR] [2]: VendorController handler class cannot be loaded

[Wed, 27 Mar 19 23:12:36 +0700][ERROR] [2]: VendorController handler class cannot be loaded

[Wed, 27 Mar 19 23:12:36 +0700][ERROR] [2]: ImagesController handler class cannot be loaded

[Wed, 27 Mar 19 23:12:36 +0700][ERROR] [2]: CssController handler class cannot be loaded

[Wed, 27 Mar 19 23:14:43 +0700][ERROR] [2]: VendorController handler class cannot be loaded

[Wed, 27 Mar 19 23:14:43 +0700][ERROR] [2]: VendorController handler class cannot be loaded

[Wed, 27 Mar 19 23:14:43 +0700][ERROR] [2]: VendorController handler class cannot be loaded

[Wed, 27 Mar 19 23:14:44 +0700][ERROR] [2]: ImagesController handler class cannot be loaded

[Wed, 27 Mar 19 23:14:44 +0700][ERROR] [2]: CssController handler class cannot be loaded

[Wed, 27 Mar 19 23:15:02 +0700][ERROR] [2]: PageTopController handler class cannot be loaded

[Wed, 27 Mar 19 23:15:07 +0700][ERROR] [2]: VendorController handler class cannot be loaded

[Wed, 27 Mar 19 23:15:07 +0700][ERROR] [2]: VendorController handler class cannot be loaded

[Wed, 27 Mar 19 23:15:07 +0700][ERROR] [2]: VendorController handler class cannot be loaded

[Wed, 27 Mar 19 23:15:07 +0700][ERROR] [2]: VendorController handler class cannot be loaded

[Wed, 27 Mar 19 23:15:07 +0700][ERROR] [2]: VendorController handler class cannot be loaded

[Wed, 27 Mar 19 23:15:08 +0700][ERROR] [2]: ImagesController handler class cannot be loaded

[Wed, 27 Mar 19 23:15:08 +0700][ERROR] [2]: CssController handler class cannot be loaded

[Wed, 27 Mar 19 23:20:17 +0700][ERROR] [2]: IndexController handler class cannot be loaded

[Wed, 27 Mar 19 23:20:18 +0700][ERROR] [2]: ImagesController handler class cannot be loaded

[Wed, 27 Mar 19 23:20:18 +0700][ERROR] [2]: VendorController handler class cannot be loaded

[Wed, 27 Mar 19 23:20:18 +0700][ERROR] [2]: VendorController handler class cannot be loaded

[Wed, 27 Mar 19 23:20:18 +0700][ERROR] [2]: VendorController handler class cannot be loaded

[Wed, 27 Mar 19 23:20:18 +0700][ERROR] [2]: VendorController handler class cannot be loaded

[Wed, 27 Mar 19 23:20:18 +0700][ERROR] [2]: VendorController handler class cannot be loaded

[Wed, 27 Mar 19 23:20:18 +0700][ERROR] [2]: VendorController handler class cannot be loaded

[Wed, 27 Mar 19 23:20:18 +0700][ERROR] [5]: Action 'images' was not found on handler 'authen'

[Wed, 27 Mar 19 23:20:18 +0700][ERROR] [2]: CssController handler class cannot be loaded

[Wed, 27 Mar 19 23:20:18 +0700][ERROR] [2]: CssController handler class cannot be loaded

[Wed, 27 Mar 19 23:20:26 +0700][ERROR] [2]: PageTopController handler class cannot be loaded

[Wed, 27 Mar 19 23:20:39 +0700][ERROR] [2]: VendorController handler class cannot be loaded

[Wed, 27 Mar 19 23:20:39 +0700][ERROR] [2]: VendorController handler class cannot be loaded

[Wed, 27 Mar 19 23:20:39 +0700][ERROR] [2]: VendorController handler class cannot be loaded

[Wed, 27 Mar 19 23:20:39 +0700][ERROR] [2]: VendorController handler class cannot be loaded

[Wed, 27 Mar 19 23:20:39 +0700][ERROR] [2]: VendorController handler class cannot be loaded

[Wed, 27 Mar 19 23:20:39 +0700][ERROR] [2]: VendorController handler class cannot be loaded

[Wed, 27 Mar 19 23:20:39 +0700][ERROR] [5]: Action 'images' was not found on handler 'authen'

[Wed, 27 Mar 19 23:20:39 +0700][ERROR] [2]: CssController handler class cannot be loaded

[Wed, 27 Mar 19 23:20:40 +0700][ERROR] [2]: VendorController handler class cannot be loaded

[Wed, 27 Mar 19 23:20:40 +0700][ERROR] [2]: VendorController handler class cannot be loaded

[Wed, 27 Mar 19 23:20:40 +0700][ERROR] [2]: VendorController handler class cannot be loaded

[Wed, 27 Mar 19 23:20:40 +0700][ERROR] [5]: Action 'images' was not found on handler 'authen'

[Wed, 27 Mar 19 23:20:40 +0700][ERROR] [2]: CssController handler class cannot be loaded

[Wed, 27 Mar 19 23:20:40 +0700][ERROR] [2]: VendorController handler class cannot be loaded

[Wed, 27 Mar 19 23:20:40 +0700][ERROR] [2]: VendorController handler class cannot be loaded

[Wed, 27 Mar 19 23:20:40 +0700][ERROR] [2]: VendorController handler class cannot be loaded

[Wed, 27 Mar 19 23:20:40 +0700][ERROR] [2]: VendorController handler class cannot be loaded

[Wed, 27 Mar 19 23:20:41 +0700][ERROR] [2]: VendorController handler class cannot be loaded

[Wed, 27 Mar 19 23:20:41 +0700][ERROR] [5]: Action 'images' was not found on handler 'authen'

[Wed, 27 Mar 19 23:20:41 +0700][ERROR] [2]: CssController handler class cannot be loaded

[Wed, 27 Mar 19 23:20:44 +0700][ERROR] [2]: PageTopController handler class cannot be loaded

[Wed, 27 Mar 19 23:21:30 +0700][ERROR] [2]: VendorController handler class cannot be loaded

[Wed, 27 Mar 19 23:21:30 +0700][ERROR] [2]: VendorController handler class cannot be loaded

[Wed, 27 Mar 19 23:21:30 +0700][ERROR] [2]: VendorController handler class cannot be loaded

[Wed, 27 Mar 19 23:21:30 +0700][ERROR] [2]: VendorController handler class cannot be loaded

[Wed, 27 Mar 19 23:21:31 +0700][ERROR] [5]: Action 'images' was not found on handler 'authen'

[Wed, 27 Mar 19 23:21:31 +0700][ERROR] [2]: CssController handler class cannot be loaded

[Wed, 27 Mar 19 23:21:35 +0700][ERROR] [2]: VendorController handler class cannot be loaded

[Wed, 27 Mar 19 23:21:35 +0700][ERROR] [2]: VendorController handler class cannot be loaded

[Wed, 27 Mar 19 23:21:35 +0700][ERROR] [2]: VendorController handler class cannot be loaded

[Wed, 27 Mar 19 23:21:35 +0700][ERROR] [5]: Action 'images' was not found on handler 'authen'

[Wed, 27 Mar 19 23:21:35 +0700][ERROR] [2]: CssController handler class cannot be loaded

[Wed, 27 Mar 19 23:21:36 +0700][ERROR] [2]: IndexController handler class cannot be loaded

[Wed, 27 Mar 19 23:22:34 +0700][ERROR] [2]: VendorController handler class cannot be loaded

[Wed, 27 Mar 19 23:22:34 +0700][ERROR] [2]: VendorController handler class cannot be loaded

[Wed, 27 Mar 19 23:22:34 +0700][ERROR] [2]: VendorController handler class cannot be loaded

[Wed, 27 Mar 19 23:22:35 +0700][ERROR] [2]: VendorController handler class cannot be loaded

[Wed, 27 Mar 19 23:22:35 +0700][ERROR] [5]: Action 'images' was not found on handler 'authen'

[Wed, 27 Mar 19 23:22:35 +0700][ERROR] [2]: CssController handler class cannot be loaded

[Wed, 27 Mar 19 23:22:36 +0700][ERROR] [2]: IndexController handler class cannot be loaded

[Wed, 27 Mar 19 23:23:36 +0700][ERROR] [2]: VendorController handler class cannot be loaded

[Wed, 27 Mar 19 23:23:36 +0700][ERROR] [2]: VendorController handler class cannot be loaded

[Wed, 27 Mar 19 23:23:36 +0700][ERROR] [2]: VendorController handler class cannot be loaded

[Wed, 27 Mar 19 23:23:37 +0700][ERROR] [5]: Action 'images' was not found on handler 'authen'

[Wed, 27 Mar 19 23:23:37 +0700][ERROR] [2]: CssController handler class cannot be loaded

[Wed, 27 Mar 19 23:24:30 +0700][ERROR] [2]: VendorController handler class cannot be loaded

[Wed, 27 Mar 19 23:24:30 +0700][ERROR] [2]: VendorController handler class cannot be loaded

[Wed, 27 Mar 19 23:24:30 +0700][ERROR] [2]: VendorController handler class cannot be loaded

[Wed, 27 Mar 19 23:24:30 +0700][ERROR] [2]: VendorController handler class cannot be loaded

[Wed, 27 Mar 19 23:24:30 +0700][ERROR] [2]: VendorController handler class cannot be loaded

[Wed, 27 Mar 19 23:24:30 +0700][ERROR] [2]: VendorController handler class cannot be loaded

[Wed, 27 Mar 19 23:24:30 +0700][ERROR] [2]: VendorController handler class cannot be loaded

[Wed, 27 Mar 19 23:24:30 +0700][ERROR] [2]: ImagesController handler class cannot be loaded

[Wed, 27 Mar 19 23:24:30 +0700][ERROR] [2]: CssController handler class cannot be loaded

[Wed, 27 Mar 19 23:24:39 +0700][ERROR] [2]: VendorController handler class cannot be loaded

[Wed, 27 Mar 19 23:24:39 +0700][ERROR] [2]: VendorController handler class cannot be loaded

[Wed, 27 Mar 19 23:24:39 +0700][ERROR] [5]: Action 'images' was not found on handler 'authen'

[Wed, 27 Mar 19 23:24:39 +0700][ERROR] [2]: CssController handler class cannot be loaded

[Wed, 27 Mar 19 23:30:19 +0700][ERROR] [5]: Action 'notactivate' was not found on handler 'authen'

[Wed, 27 Mar 19 23:30:19 +0700][ERROR] [2]: ImagesController handler class cannot be loaded

[Wed, 27 Mar 19 23:31:56 +0700][ERROR] [2]: VendorController handler class cannot be loaded

[Wed, 27 Mar 19 23:31:56 +0700][ERROR] [2]: VendorController handler class cannot be loaded

[Wed, 27 Mar 19 23:31:56 +0700][ERROR] [2]: VendorController handler class cannot be loaded

[Wed, 27 Mar 19 23:31:56 +0700][ERROR] [2]: VendorController handler class cannot be loaded

[Wed, 27 Mar 19 23:31:56 +0700][ERROR] [2]: VendorController handler class cannot be loaded

[Wed, 27 Mar 19 23:31:56 +0700][ERROR] [2]: ImagesController handler class cannot be loaded

[Wed, 27 Mar 19 23:31:56 +0700][ERROR] [2]: CssController handler class cannot be loaded

[Wed, 27 Mar 19 23:32:04 +0700][ERROR] [2]: VendorController handler class cannot be loaded

[Wed, 27 Mar 19 23:32:04 +0700][ERROR] [2]: VendorController handler class cannot be loaded

[Wed, 27 Mar 19 23:32:04 +0700][ERROR] [2]: VendorController handler class cannot be loaded

[Wed, 27 Mar 19 23:32:04 +0700][ERROR] [2]: VendorController handler class cannot be loaded

[Wed, 27 Mar 19 23:32:04 +0700][ERROR] [2]: VendorController handler class cannot be loaded

[Wed, 27 Mar 19 23:32:04 +0700][ERROR] [5]: Action 'images' was not found on handler 'authen'

[Wed, 27 Mar 19 23:32:04 +0700][ERROR] [2]: CssController handler class cannot be loaded

[Wed, 27 Mar 19 23:32:08 +0700][ERROR] [2]: VendorController handler class cannot be loaded

[Wed, 27 Mar 19 23:32:08 +0700][ERROR] [2]: VendorController handler class cannot be loaded

[Wed, 27 Mar 19 23:32:08 +0700][ERROR] [2]: VendorController handler class cannot be loaded

[Wed, 27 Mar 19 23:32:09 +0700][ERROR] [2]: VendorController handler class cannot be loaded

[Wed, 27 Mar 19 23:32:09 +0700][ERROR] [2]: VendorController handler class cannot be loaded

[Wed, 27 Mar 19 23:32:09 +0700][ERROR] [5]: Action 'images' was not found on handler 'authen'

[Wed, 27 Mar 19 23:32:09 +0700][ERROR] [2]: CssController handler class cannot be loaded

[Wed, 27 Mar 19 23:32:20 +0700][ERROR] [2]: VendorController handler class cannot be loaded

[Wed, 27 Mar 19 23:32:20 +0700][ERROR] [2]: VendorController handler class cannot be loaded

[Wed, 27 Mar 19 23:32:20 +0700][ERROR] [2]: VendorController handler class cannot be loaded

[Wed, 27 Mar 19 23:32:21 +0700][ERROR] [2]: VendorController handler class cannot be loaded

[Wed, 27 Mar 19 23:32:21 +0700][ERROR] [5]: Action 'images' was not found on handler 'authen'

[Wed, 27 Mar 19 23:32:21 +0700][ERROR] [2]: CssController handler class cannot be loaded

