[Fri, 26 Apr 19 01:15:12 +0700][ERROR] [5]: Action 'equip' was not found on handler 'equip'

[Fri, 26 Apr 19 01:17:33 +0700][ERROR] [5]: Action 'equip' was not found on handler 'equip'

[Fri, 26 Apr 19 01:30:55 +0700][ERROR] [2]: PageTopController handler class cannot be loaded

[Fri, 26 Apr 19 01:30:56 +0700][ERROR] [2]: ImagesController handler class cannot be loaded

[Fri, 26 Apr 19 01:30:57 +0700][ERROR] [2]: ImagesController handler class cannot be loaded

[Fri, 26 Apr 19 01:31:51 +0700][ERROR] [5]: Action 'micro' was not found on handler 'equip'

[Fri, 26 Apr 19 01:32:00 +0700][ERROR] [5]: Action 'micro' was not found on handler 'equip'

[Fri, 26 Apr 19 01:37:44 +0700][ERROR] [2]: PageTopController handler class cannot be loaded

[Fri, 26 Apr 19 01:37:44 +0700][ERROR] [2]: ImagesController handler class cannot be loaded

[Fri, 26 Apr 19 01:42:56 +0700][ERROR] [5]: Action 'images' was not found on handler 'authen'

[Fri, 26 Apr 19 04:12:28 +0700][ERROR] [2]: ImagesController handler class cannot be loaded

[Fri, 26 Apr 19 04:12:28 +0700][ERROR] [5]: Action 'public' was not found on handler 'authen'

[Fri, 26 Apr 19 04:18:15 +0700][ERROR] [2]: PageTopController handler class cannot be loaded

[Fri, 26 Apr 19 04:18:15 +0700][ERROR] [2]: ImagesController handler class cannot be loaded

[Fri, 26 Apr 19 04:18:17 +0700][ERROR] [2]: ImagesController handler class cannot be loaded

[Fri, 26 Apr 19 04:19:55 +0700][ERROR] [2]: PageTopController handler class cannot be loaded

[Fri, 26 Apr 19 04:20:09 +0700][ERROR] [5]: Action 'images' was not found on handler 'authen'

[Fri, 26 Apr 19 04:22:31 +0700][ERROR] [5]: Action 'images' was not found on handler 'authen'

[Fri, 26 Apr 19 04:22:37 +0700][ERROR] [5]: Action 'images' was not found on handler 'authen'

[Fri, 26 Apr 19 04:22:48 +0700][ERROR] [5]: Action 'images' was not found on handler 'authen'

[Fri, 26 Apr 19 04:23:13 +0700][ERROR] [2]: PageTopController handler class cannot be loaded

[Fri, 26 Apr 19 04:24:09 +0700][ERROR] [2]: IndexController handler class cannot be loaded

[Fri, 26 Apr 19 04:24:09 +0700][ERROR] [2]: ImagesController handler class cannot be loaded

[Fri, 26 Apr 19 04:24:21 +0700][ERROR] [2]: ImagesController handler class cannot be loaded

[Fri, 26 Apr 19 04:24:21 +0700][ERROR] [5]: Action 'public' was not found on handler 'authen'

[Fri, 26 Apr 19 04:24:22 +0700][ERROR] [5]: Action 'images' was not found on handler 'authen'

[Fri, 26 Apr 19 04:24:45 +0700][ERROR] [2]: PageTopController handler class cannot be loaded

[Fri, 26 Apr 19 04:25:14 +0700][ERROR] [2]: VendorController handler class cannot be loaded

[Fri, 26 Apr 19 04:25:14 +0700][ERROR] [2]: VendorController handler class cannot be loaded

[Fri, 26 Apr 19 04:25:14 +0700][ERROR] [2]: VendorController handler class cannot be loaded

[Fri, 26 Apr 19 04:25:15 +0700][ERROR] [2]: VendorController handler class cannot be loaded

[Fri, 26 Apr 19 04:25:15 +0700][ERROR] [2]: VendorController handler class cannot be loaded

[Fri, 26 Apr 19 04:25:15 +0700][ERROR] [2]: ImagesController handler class cannot be loaded

[Fri, 26 Apr 19 04:25:15 +0700][ERROR] [2]: CssController handler class cannot be loaded

[Fri, 26 Apr 19 04:28:09 +0700][ERROR] [2]: ImagesController handler class cannot be loaded

[Fri, 26 Apr 19 04:28:29 +0700][ERROR] [2]: PageTopController handler class cannot be loaded

[Fri, 26 Apr 19 04:28:48 +0700][ERROR] [2]: VendorController handler class cannot be loaded

[Fri, 26 Apr 19 04:28:48 +0700][ERROR] [2]: VendorController handler class cannot be loaded

[Fri, 26 Apr 19 04:28:48 +0700][ERROR] [2]: VendorController handler class cannot be loaded

[Fri, 26 Apr 19 04:28:48 +0700][ERROR] [2]: VendorController handler class cannot be loaded

[Fri, 26 Apr 19 04:28:48 +0700][ERROR] [2]: VendorController handler class cannot be loaded

[Fri, 26 Apr 19 04:28:48 +0700][ERROR] [2]: VendorController handler class cannot be loaded

[Fri, 26 Apr 19 04:28:48 +0700][ERROR] [2]: ImagesController handler class cannot be loaded

[Fri, 26 Apr 19 04:28:48 +0700][ERROR] [2]: CssController handler class cannot be loaded

[Fri, 26 Apr 19 04:28:50 +0700][ERROR] [5]: Action 'images' was not found on handler 'authen'

