[Thu, 25 Apr 19 01:56:44 +0700][ERROR] [5]: Action 'images' was not found on handler 'authen'

[Thu, 25 Apr 19 01:56:44 +0700][ERROR] [5]: Action 'public' was not found on handler 'authen'

[Thu, 25 Apr 19 01:56:48 +0700][ERROR] [2]: IndexController handler class cannot be loaded

[Thu, 25 Apr 19 01:56:51 +0700][ERROR] [5]: Action 'images' was not found on handler 'authen'

[Thu, 25 Apr 19 01:57:24 +0700][ERROR] [2]: PageTopController handler class cannot be loaded

[Thu, 25 Apr 19 01:57:27 +0700][ERROR] [5]: Action 'images' was not found on handler 'authen'

[Thu, 25 Apr 19 01:58:26 +0700][ERROR] [2]: PageTopController handler class cannot be loaded

[Thu, 25 Apr 19 01:58:29 +0700][ERROR] [5]: Action 'images' was not found on handler 'authen'

[Thu, 25 Apr 19 02:03:41 +0700][ERROR] [2]: ImagesController handler class cannot be loaded

[Thu, 25 Apr 19 02:03:41 +0700][ERROR] [5]: Action 'public' was not found on handler 'authen'

[Thu, 25 Apr 19 02:03:45 +0700][ERROR] [2]: IndexController handler class cannot be loaded

[Thu, 25 Apr 19 02:03:47 +0700][ERROR] [5]: Action 'images' was not found on handler 'authen'

[Thu, 25 Apr 19 02:21:26 +0700][ERROR] [2]: PageTopController handler class cannot be loaded

[Thu, 25 Apr 19 02:21:26 +0700][ERROR] [2]: ImagesController handler class cannot be loaded

[Thu, 25 Apr 19 02:21:28 +0700][ERROR] [5]: Action 'images' was not found on handler 'authen'

[Thu, 25 Apr 19 02:34:45 +0700][ERROR] [2]: PageTopController handler class cannot be loaded

[Thu, 25 Apr 19 02:34:45 +0700][ERROR] [2]: ImagesController handler class cannot be loaded

[Thu, 25 Apr 19 02:34:47 +0700][ERROR] [5]: Action 'images' was not found on handler 'authen'

[Thu, 25 Apr 19 02:34:48 +0700][ERROR] [5]: Action 'images' was not found on handler 'authen'

[Thu, 25 Apr 19 02:38:45 +0700][ERROR] [2]: IndexController handler class cannot be loaded

[Thu, 25 Apr 19 02:38:46 +0700][ERROR] [2]: ImagesController handler class cannot be loaded

[Thu, 25 Apr 19 02:38:48 +0700][ERROR] [2]: ImagesController handler class cannot be loaded

[Thu, 25 Apr 19 02:38:48 +0700][ERROR] [5]: Action 'public' was not found on handler 'authen'

