[Sun, 14 Apr 19 09:40:11 +0700][ERROR] [2]: IndexController handler class cannot be loaded

[Sun, 14 Apr 19 09:40:11 +0700][ERROR] [2]: IndexController handler class cannot be loaded

[Sun, 14 Apr 19 09:40:11 +0700][ERROR] [2]: ImagesController handler class cannot be loaded

[Sun, 14 Apr 19 09:40:14 +0700][ERROR] [2]: VendorController handler class cannot be loaded

[Sun, 14 Apr 19 09:40:14 +0700][ERROR] [2]: VendorController handler class cannot be loaded

[Sun, 14 Apr 19 09:40:14 +0700][ERROR] [2]: VendorController handler class cannot be loaded

[Sun, 14 Apr 19 09:40:14 +0700][ERROR] [2]: VendorController handler class cannot be loaded

[Sun, 14 Apr 19 09:40:14 +0700][ERROR] [2]: VendorController handler class cannot be loaded

[Sun, 14 Apr 19 09:40:14 +0700][ERROR] [2]: ImagesController handler class cannot be loaded

[Sun, 14 Apr 19 09:40:14 +0700][ERROR] [2]: CssController handler class cannot be loaded

[Sun, 14 Apr 19 09:40:14 +0700][ERROR] [5]: Action 'public' was not found on handler 'authen'

[Sun, 14 Apr 19 09:40:31 +0700][ERROR] [5]: Action 'images' was not found on handler 'client'

[Sun, 14 Apr 19 09:40:45 +0700][ERROR] [5]: Action 'images' was not found on handler 'client'

[Sun, 14 Apr 19 09:41:51 +0700][ERROR] [2]: ImagesController handler class cannot be loaded

[Sun, 14 Apr 19 09:42:44 +0700][ERROR] [2]: ImagesController handler class cannot be loaded

[Sun, 14 Apr 19 09:42:51 +0700][ERROR] [2]: ImagesController handler class cannot be loaded

[Sun, 14 Apr 19 09:42:58 +0700][ERROR] [2]: ImagesController handler class cannot be loaded

[Sun, 14 Apr 19 09:43:01 +0700][ERROR] [2]: ImagesController handler class cannot be loaded

[Sun, 14 Apr 19 09:44:20 +0700][ERROR] [2]: ImagesController handler class cannot be loaded

[Sun, 14 Apr 19 09:44:28 +0700][ERROR] [2]: ImagesController handler class cannot be loaded

[Sun, 14 Apr 19 09:44:36 +0700][ERROR] [2]: ImagesController handler class cannot be loaded

[Sun, 14 Apr 19 09:45:44 +0700][ERROR] [5]: Action 'images' was not found on handler 'client'

[Sun, 14 Apr 19 09:45:51 +0700][ERROR] [5]: Action 'images' was not found on handler 'client'

[Sun, 14 Apr 19 09:46:16 +0700][ERROR] [2]: ImagesController handler class cannot be loaded

[Sun, 14 Apr 19 09:46:19 +0700][ERROR] [2]: ImagesController handler class cannot be loaded

[Sun, 14 Apr 19 09:46:21 +0700][ERROR] [2]: ImagesController handler class cannot be loaded

[Sun, 14 Apr 19 09:46:23 +0700][ERROR] [2]: ImagesController handler class cannot be loaded

[Sun, 14 Apr 19 09:47:18 +0700][ERROR] [2]: ImagesController handler class cannot be loaded

[Sun, 14 Apr 19 09:47:21 +0700][ERROR] [2]: ImagesController handler class cannot be loaded

[Sun, 14 Apr 19 09:47:45 +0700][ERROR] [5]: Action 'images' was not found on handler 'client'

[Sun, 14 Apr 19 09:47:47 +0700][ERROR] [5]: Action 'images' was not found on handler 'client'

[Sun, 14 Apr 19 09:51:18 +0700][ERROR] [2]: ImagesController handler class cannot be loaded

[Sun, 14 Apr 19 09:51:42 +0700][ERROR] [2]: ImagesController handler class cannot be loaded

[Sun, 14 Apr 19 09:53:32 +0700][ERROR] [2]: ImagesController handler class cannot be loaded

[Sun, 14 Apr 19 09:53:42 +0700][ERROR] [2]: ImagesController handler class cannot be loaded

[Sun, 14 Apr 19 09:53:47 +0700][ERROR] [2]: ImagesController handler class cannot be loaded

[Sun, 14 Apr 19 09:53:55 +0700][ERROR] [2]: ImagesController handler class cannot be loaded

[Sun, 14 Apr 19 09:53:58 +0700][ERROR] [2]: ImagesController handler class cannot be loaded

[Sun, 14 Apr 19 09:54:09 +0700][ERROR] [2]: ImagesController handler class cannot be loaded

[Sun, 14 Apr 19 09:54:12 +0700][ERROR] [2]: ImagesController handler class cannot be loaded

[Sun, 14 Apr 19 09:54:29 +0700][ERROR] [2]: ImagesController handler class cannot be loaded

[Sun, 14 Apr 19 09:54:33 +0700][ERROR] [2]: ImagesController handler class cannot be loaded

[Sun, 14 Apr 19 09:54:45 +0700][ERROR] [2]: ImagesController handler class cannot be loaded

[Sun, 14 Apr 19 09:54:49 +0700][ERROR] [2]: ImagesController handler class cannot be loaded

[Sun, 14 Apr 19 09:55:01 +0700][ERROR] [2]: ImagesController handler class cannot be loaded

[Sun, 14 Apr 19 09:56:10 +0700][ERROR] [2]: PageTopController handler class cannot be loaded

[Sun, 14 Apr 19 09:56:10 +0700][ERROR] [2]: ImagesController handler class cannot be loaded

[Sun, 14 Apr 19 09:56:12 +0700][ERROR] [2]: VendorController handler class cannot be loaded

[Sun, 14 Apr 19 09:56:12 +0700][ERROR] [2]: VendorController handler class cannot be loaded

[Sun, 14 Apr 19 09:56:12 +0700][ERROR] [2]: VendorController handler class cannot be loaded

[Sun, 14 Apr 19 09:56:12 +0700][ERROR] [2]: VendorController handler class cannot be loaded

[Sun, 14 Apr 19 09:56:12 +0700][ERROR] [2]: VendorController handler class cannot be loaded

[Sun, 14 Apr 19 09:56:12 +0700][ERROR] [2]: ImagesController handler class cannot be loaded

[Sun, 14 Apr 19 09:56:12 +0700][ERROR] [2]: CssController handler class cannot be loaded

[Sun, 14 Apr 19 09:57:10 +0700][ERROR] [2]: PageTopController handler class cannot be loaded

[Sun, 14 Apr 19 09:57:13 +0700][ERROR] [2]: VendorController handler class cannot be loaded

[Sun, 14 Apr 19 09:57:13 +0700][ERROR] [2]: VendorController handler class cannot be loaded

[Sun, 14 Apr 19 09:57:13 +0700][ERROR] [2]: VendorController handler class cannot be loaded

[Sun, 14 Apr 19 09:57:13 +0700][ERROR] [2]: VendorController handler class cannot be loaded

[Sun, 14 Apr 19 09:57:13 +0700][ERROR] [2]: VendorController handler class cannot be loaded

[Sun, 14 Apr 19 09:57:13 +0700][ERROR] [2]: VendorController handler class cannot be loaded

[Sun, 14 Apr 19 09:57:13 +0700][ERROR] [5]: Action 'images' was not found on handler 'authen'

[Sun, 14 Apr 19 09:57:13 +0700][ERROR] [2]: CssController handler class cannot be loaded

[Sun, 14 Apr 19 09:57:36 +0700][ERROR] [5]: Action 'images' was not found on handler 'client'

[Sun, 14 Apr 19 09:57:37 +0700][ERROR] [2]: VendorController handler class cannot be loaded

[Sun, 14 Apr 19 09:57:37 +0700][ERROR] [2]: VendorController handler class cannot be loaded

[Sun, 14 Apr 19 09:57:37 +0700][ERROR] [2]: VendorController handler class cannot be loaded

[Sun, 14 Apr 19 09:57:37 +0700][ERROR] [2]: VendorController handler class cannot be loaded

[Sun, 14 Apr 19 09:57:37 +0700][ERROR] [2]: VendorController handler class cannot be loaded

[Sun, 14 Apr 19 09:57:37 +0700][ERROR] [2]: VendorController handler class cannot be loaded

[Sun, 14 Apr 19 09:57:37 +0700][ERROR] [2]: VendorController handler class cannot be loaded

[Sun, 14 Apr 19 09:57:37 +0700][ERROR] [2]: VendorController handler class cannot be loaded

[Sun, 14 Apr 19 09:57:37 +0700][ERROR] [2]: VendorController handler class cannot be loaded

[Sun, 14 Apr 19 09:57:37 +0700][ERROR] [5]: Action 'images' was not found on handler 'client'

[Sun, 14 Apr 19 09:57:37 +0700][ERROR] [2]: CssController handler class cannot be loaded

[Sun, 14 Apr 19 09:57:41 +0700][ERROR] [5]: Action 'images' was not found on handler 'client'

[Sun, 14 Apr 19 09:57:44 +0700][ERROR] [2]: VendorController handler class cannot be loaded

[Sun, 14 Apr 19 09:57:44 +0700][ERROR] [2]: VendorController handler class cannot be loaded

[Sun, 14 Apr 19 09:57:44 +0700][ERROR] [2]: VendorController handler class cannot be loaded

[Sun, 14 Apr 19 09:57:44 +0700][ERROR] [2]: VendorController handler class cannot be loaded

[Sun, 14 Apr 19 09:57:44 +0700][ERROR] [2]: VendorController handler class cannot be loaded

[Sun, 14 Apr 19 09:57:44 +0700][ERROR] [2]: CssController handler class cannot be loaded

[Sun, 14 Apr 19 09:57:44 +0700][ERROR] [5]: Action 'images' was not found on handler 'client'

[Sun, 14 Apr 19 09:57:44 +0700][ERROR] [2]: CssController handler class cannot be loaded

[Sun, 14 Apr 19 09:57:48 +0700][ERROR] [5]: Action 'images' was not found on handler 'client'

[Sun, 14 Apr 19 09:57:50 +0700][ERROR] [2]: VendorController handler class cannot be loaded

[Sun, 14 Apr 19 09:57:50 +0700][ERROR] [2]: VendorController handler class cannot be loaded

[Sun, 14 Apr 19 09:57:50 +0700][ERROR] [2]: VendorController handler class cannot be loaded

[Sun, 14 Apr 19 09:57:50 +0700][ERROR] [2]: CssController handler class cannot be loaded

[Sun, 14 Apr 19 09:57:50 +0700][ERROR] [5]: Action 'images' was not found on handler 'client'

[Sun, 14 Apr 19 09:57:51 +0700][ERROR] [2]: CssController handler class cannot be loaded

[Sun, 14 Apr 19 09:57:53 +0700][ERROR] [5]: Action 'images' was not found on handler 'client'

[Sun, 14 Apr 19 09:57:58 +0700][ERROR] [5]: Action 'images' was not found on handler 'client'

[Sun, 14 Apr 19 09:58:09 +0700][ERROR] [5]: Action 'images' was not found on handler 'client'

[Sun, 14 Apr 19 09:58:45 +0700][ERROR] [2]: VendorController handler class cannot be loaded

[Sun, 14 Apr 19 09:58:45 +0700][ERROR] [2]: VendorController handler class cannot be loaded

[Sun, 14 Apr 19 09:58:45 +0700][ERROR] [2]: VendorController handler class cannot be loaded

[Sun, 14 Apr 19 09:58:45 +0700][ERROR] [2]: VendorController handler class cannot be loaded

[Sun, 14 Apr 19 09:58:45 +0700][ERROR] [2]: VendorController handler class cannot be loaded

[Sun, 14 Apr 19 09:58:45 +0700][ERROR] [5]: Action 'images' was not found on handler 'client'

[Sun, 14 Apr 19 09:58:45 +0700][ERROR] [2]: CssController handler class cannot be loaded

[Sun, 14 Apr 19 10:00:29 +0700][ERROR] [2]: VendorController handler class cannot be loaded

[Sun, 14 Apr 19 10:00:29 +0700][ERROR] [2]: VendorController handler class cannot be loaded

[Sun, 14 Apr 19 10:00:29 +0700][ERROR] [2]: VendorController handler class cannot be loaded

[Sun, 14 Apr 19 10:00:29 +0700][ERROR] [2]: VendorController handler class cannot be loaded

[Sun, 14 Apr 19 10:00:29 +0700][ERROR] [2]: CssController handler class cannot be loaded

[Sun, 14 Apr 19 10:00:29 +0700][ERROR] [5]: Action 'images' was not found on handler 'client'

[Sun, 14 Apr 19 10:00:29 +0700][ERROR] [2]: CssController handler class cannot be loaded

[Sun, 14 Apr 19 10:01:00 +0700][ERROR] [2]: VendorController handler class cannot be loaded

[Sun, 14 Apr 19 10:01:00 +0700][ERROR] [2]: VendorController handler class cannot be loaded

[Sun, 14 Apr 19 10:01:00 +0700][ERROR] [2]: VendorController handler class cannot be loaded

[Sun, 14 Apr 19 10:01:00 +0700][ERROR] [2]: VendorController handler class cannot be loaded

[Sun, 14 Apr 19 10:01:01 +0700][ERROR] [2]: VendorController handler class cannot be loaded

[Sun, 14 Apr 19 10:01:01 +0700][ERROR] [2]: CssController handler class cannot be loaded

[Sun, 14 Apr 19 10:01:01 +0700][ERROR] [5]: Action 'images' was not found on handler 'client'

[Sun, 14 Apr 19 10:01:01 +0700][ERROR] [2]: CssController handler class cannot be loaded

[Sun, 14 Apr 19 10:01:46 +0700][ERROR] [5]: Action 'images' was not found on handler 'client'

[Sun, 14 Apr 19 10:01:49 +0700][ERROR] [5]: Action 'images' was not found on handler 'client'

[Sun, 14 Apr 19 10:01:52 +0700][ERROR] [2]: VendorController handler class cannot be loaded

[Sun, 14 Apr 19 10:01:52 +0700][ERROR] [2]: VendorController handler class cannot be loaded

[Sun, 14 Apr 19 10:01:52 +0700][ERROR] [2]: VendorController handler class cannot be loaded

[Sun, 14 Apr 19 10:01:52 +0700][ERROR] [5]: Action 'images' was not found on handler 'client'

[Sun, 14 Apr 19 10:01:52 +0700][ERROR] [2]: CssController handler class cannot be loaded

[Sun, 14 Apr 19 10:01:54 +0700][ERROR] [5]: Action 'images' was not found on handler 'client'

[Sun, 14 Apr 19 10:01:57 +0700][ERROR] [5]: Action 'images' was not found on handler 'client'

[Sun, 14 Apr 19 10:01:59 +0700][ERROR] [5]: Action 'images' was not found on handler 'client'

[Sun, 14 Apr 19 10:18:05 +0700][ERROR] [2]: PageTopController handler class cannot be loaded

[Sun, 14 Apr 19 10:18:05 +0700][ERROR] [2]: ImagesController handler class cannot be loaded

[Sun, 14 Apr 19 10:18:07 +0700][ERROR] [2]: VendorController handler class cannot be loaded

[Sun, 14 Apr 19 10:18:07 +0700][ERROR] [2]: VendorController handler class cannot be loaded

[Sun, 14 Apr 19 10:18:08 +0700][ERROR] [2]: VendorController handler class cannot be loaded

[Sun, 14 Apr 19 10:18:08 +0700][ERROR] [2]: VendorController handler class cannot be loaded

[Sun, 14 Apr 19 10:18:08 +0700][ERROR] [5]: Action 'images' was not found on handler 'authen'

[Sun, 14 Apr 19 10:18:08 +0700][ERROR] [2]: CssController handler class cannot be loaded

[Sun, 14 Apr 19 10:18:37 +0700][ERROR] [2]: PageTopController handler class cannot be loaded

[Sun, 14 Apr 19 10:19:29 +0700][ERROR] [2]: VendorController handler class cannot be loaded

[Sun, 14 Apr 19 10:19:29 +0700][ERROR] [2]: VendorController handler class cannot be loaded

[Sun, 14 Apr 19 10:19:29 +0700][ERROR] [2]: VendorController handler class cannot be loaded

[Sun, 14 Apr 19 10:19:29 +0700][ERROR] [2]: VendorController handler class cannot be loaded

[Sun, 14 Apr 19 10:19:29 +0700][ERROR] [2]: VendorController handler class cannot be loaded

[Sun, 14 Apr 19 10:19:29 +0700][ERROR] [2]: VendorController handler class cannot be loaded

[Sun, 14 Apr 19 10:19:29 +0700][ERROR] [5]: Action 'images' was not found on handler 'authen'

[Sun, 14 Apr 19 10:19:29 +0700][ERROR] [2]: CssController handler class cannot be loaded

[Sun, 14 Apr 19 10:19:45 +0700][ERROR] [2]: PageTopController handler class cannot be loaded

[Sun, 14 Apr 19 10:39:10 +0700][ERROR] [2]: VendorController handler class cannot be loaded

[Sun, 14 Apr 19 10:39:10 +0700][ERROR] [2]: VendorController handler class cannot be loaded

[Sun, 14 Apr 19 10:39:10 +0700][ERROR] [2]: VendorController handler class cannot be loaded

[Sun, 14 Apr 19 10:39:10 +0700][ERROR] [2]: VendorController handler class cannot be loaded

[Sun, 14 Apr 19 10:39:11 +0700][ERROR] [2]: VendorController handler class cannot be loaded

[Sun, 14 Apr 19 10:39:11 +0700][ERROR] [2]: VendorController handler class cannot be loaded

[Sun, 14 Apr 19 10:39:11 +0700][ERROR] [2]: ImagesController handler class cannot be loaded

[Sun, 14 Apr 19 10:39:11 +0700][ERROR] [2]: CssController handler class cannot be loaded

[Sun, 14 Apr 19 10:39:12 +0700][ERROR] [2]: VendorController handler class cannot be loaded

[Sun, 14 Apr 19 10:39:12 +0700][ERROR] [2]: VendorController handler class cannot be loaded

[Sun, 14 Apr 19 10:39:12 +0700][ERROR] [2]: VendorController handler class cannot be loaded

[Sun, 14 Apr 19 10:39:12 +0700][ERROR] [2]: VendorController handler class cannot be loaded

[Sun, 14 Apr 19 10:39:12 +0700][ERROR] [5]: Action 'images' was not found on handler 'authen'

[Sun, 14 Apr 19 10:39:12 +0700][ERROR] [2]: CssController handler class cannot be loaded

[Sun, 14 Apr 19 10:39:12 +0700][ERROR] [2]: VendorController handler class cannot be loaded

[Sun, 14 Apr 19 10:39:12 +0700][ERROR] [2]: VendorController handler class cannot be loaded

[Sun, 14 Apr 19 10:39:12 +0700][ERROR] [2]: VendorController handler class cannot be loaded

[Sun, 14 Apr 19 10:39:12 +0700][ERROR] [2]: VendorController handler class cannot be loaded

[Sun, 14 Apr 19 10:39:13 +0700][ERROR] [5]: Action 'images' was not found on handler 'authen'

[Sun, 14 Apr 19 10:39:13 +0700][ERROR] [2]: CssController handler class cannot be loaded

[Sun, 14 Apr 19 10:39:25 +0700][ERROR] [5]: Action 'images' was not found on handler 'authen'

[Sun, 14 Apr 19 10:39:38 +0700][ERROR] [2]: VendorController handler class cannot be loaded

[Sun, 14 Apr 19 10:39:38 +0700][ERROR] [2]: VendorController handler class cannot be loaded

[Sun, 14 Apr 19 10:39:38 +0700][ERROR] [2]: VendorController handler class cannot be loaded

[Sun, 14 Apr 19 10:39:38 +0700][ERROR] [2]: VendorController handler class cannot be loaded

[Sun, 14 Apr 19 10:39:39 +0700][ERROR] [5]: Action 'images' was not found on handler 'authen'

[Sun, 14 Apr 19 10:39:39 +0700][ERROR] [2]: CssController handler class cannot be loaded

[Sun, 14 Apr 19 10:39:39 +0700][ERROR] [2]: VendorController handler class cannot be loaded

[Sun, 14 Apr 19 10:39:39 +0700][ERROR] [2]: VendorController handler class cannot be loaded

[Sun, 14 Apr 19 10:39:39 +0700][ERROR] [2]: VendorController handler class cannot be loaded

[Sun, 14 Apr 19 10:39:39 +0700][ERROR] [2]: VendorController handler class cannot be loaded

[Sun, 14 Apr 19 10:39:40 +0700][ERROR] [2]: VendorController handler class cannot be loaded

[Sun, 14 Apr 19 10:39:40 +0700][ERROR] [5]: Action 'images' was not found on handler 'authen'

[Sun, 14 Apr 19 10:39:40 +0700][ERROR] [2]: CssController handler class cannot be loaded

[Sun, 14 Apr 19 10:40:10 +0700][ERROR] [5]: Action 'images' was not found on handler 'authen'

[Sun, 14 Apr 19 10:42:57 +0700][ERROR] [2]: VendorController handler class cannot be loaded

[Sun, 14 Apr 19 10:42:57 +0700][ERROR] [2]: VendorController handler class cannot be loaded

[Sun, 14 Apr 19 10:42:58 +0700][ERROR] [5]: Action 'images' was not found on handler 'authen'

[Sun, 14 Apr 19 10:42:58 +0700][ERROR] [2]: CssController handler class cannot be loaded

[Sun, 14 Apr 19 10:42:59 +0700][ERROR] [2]: VendorController handler class cannot be loaded

[Sun, 14 Apr 19 10:42:59 +0700][ERROR] [2]: VendorController handler class cannot be loaded

[Sun, 14 Apr 19 10:42:59 +0700][ERROR] [2]: VendorController handler class cannot be loaded

[Sun, 14 Apr 19 10:43:00 +0700][ERROR] [5]: Action 'images' was not found on handler 'authen'

[Sun, 14 Apr 19 10:43:00 +0700][ERROR] [2]: CssController handler class cannot be loaded

[Sun, 14 Apr 19 10:43:15 +0700][ERROR] [5]: Action 'images' was not found on handler 'authen'

[Sun, 14 Apr 19 10:43:34 +0700][ERROR] [2]: VendorController handler class cannot be loaded

[Sun, 14 Apr 19 10:43:34 +0700][ERROR] [2]: VendorController handler class cannot be loaded

[Sun, 14 Apr 19 10:43:34 +0700][ERROR] [2]: VendorController handler class cannot be loaded

[Sun, 14 Apr 19 10:43:34 +0700][ERROR] [2]: VendorController handler class cannot be loaded

[Sun, 14 Apr 19 10:43:35 +0700][ERROR] [5]: Action 'images' was not found on handler 'authen'

[Sun, 14 Apr 19 10:43:35 +0700][ERROR] [2]: CssController handler class cannot be loaded

[Sun, 14 Apr 19 10:43:56 +0700][ERROR] [2]: PageTopController handler class cannot be loaded

[Sun, 14 Apr 19 10:45:01 +0700][ERROR] [2]: VendorController handler class cannot be loaded

[Sun, 14 Apr 19 10:45:01 +0700][ERROR] [2]: VendorController handler class cannot be loaded

[Sun, 14 Apr 19 10:45:01 +0700][ERROR] [2]: VendorController handler class cannot be loaded

[Sun, 14 Apr 19 10:45:01 +0700][ERROR] [2]: VendorController handler class cannot be loaded

[Sun, 14 Apr 19 10:45:02 +0700][ERROR] [5]: Action 'images' was not found on handler 'authen'

[Sun, 14 Apr 19 10:45:02 +0700][ERROR] [2]: CssController handler class cannot be loaded

[Sun, 14 Apr 19 10:45:02 +0700][ERROR] [2]: VendorController handler class cannot be loaded

[Sun, 14 Apr 19 10:45:02 +0700][ERROR] [2]: VendorController handler class cannot be loaded

[Sun, 14 Apr 19 10:45:02 +0700][ERROR] [2]: VendorController handler class cannot be loaded

[Sun, 14 Apr 19 10:45:02 +0700][ERROR] [2]: VendorController handler class cannot be loaded

[Sun, 14 Apr 19 10:45:02 +0700][ERROR] [5]: Action 'images' was not found on handler 'authen'

[Sun, 14 Apr 19 10:45:02 +0700][ERROR] [2]: CssController handler class cannot be loaded

[Sun, 14 Apr 19 10:45:22 +0700][ERROR] [2]: PageTopController handler class cannot be loaded

[Sun, 14 Apr 19 10:45:24 +0700][ERROR] [2]: VendorController handler class cannot be loaded

[Sun, 14 Apr 19 10:45:24 +0700][ERROR] [2]: VendorController handler class cannot be loaded

[Sun, 14 Apr 19 10:45:24 +0700][ERROR] [2]: VendorController handler class cannot be loaded

[Sun, 14 Apr 19 10:45:24 +0700][ERROR] [5]: Action 'images' was not found on handler 'authen'

[Sun, 14 Apr 19 10:45:24 +0700][ERROR] [2]: CssController handler class cannot be loaded

[Sun, 14 Apr 19 10:45:46 +0700][ERROR] [2]: PageTopController handler class cannot be loaded

[Sun, 14 Apr 19 10:49:44 +0700][ERROR] [2]: VendorController handler class cannot be loaded

[Sun, 14 Apr 19 10:49:44 +0700][ERROR] [2]: VendorController handler class cannot be loaded

[Sun, 14 Apr 19 10:49:44 +0700][ERROR] [2]: VendorController handler class cannot be loaded

[Sun, 14 Apr 19 10:49:45 +0700][ERROR] [2]: VendorController handler class cannot be loaded

[Sun, 14 Apr 19 10:49:45 +0700][ERROR] [2]: ImagesController handler class cannot be loaded

[Sun, 14 Apr 19 10:49:45 +0700][ERROR] [2]: CssController handler class cannot be loaded

[Sun, 14 Apr 19 10:49:46 +0700][ERROR] [2]: VendorController handler class cannot be loaded

[Sun, 14 Apr 19 10:49:46 +0700][ERROR] [2]: VendorController handler class cannot be loaded

[Sun, 14 Apr 19 10:49:46 +0700][ERROR] [2]: VendorController handler class cannot be loaded

[Sun, 14 Apr 19 10:49:46 +0700][ERROR] [2]: VendorController handler class cannot be loaded

[Sun, 14 Apr 19 10:49:46 +0700][ERROR] [5]: Action 'images' was not found on handler 'authen'

[Sun, 14 Apr 19 10:49:46 +0700][ERROR] [2]: CssController handler class cannot be loaded

[Sun, 14 Apr 19 10:49:47 +0700][ERROR] [2]: VendorController handler class cannot be loaded

[Sun, 14 Apr 19 10:49:47 +0700][ERROR] [2]: VendorController handler class cannot be loaded

[Sun, 14 Apr 19 10:49:47 +0700][ERROR] [2]: VendorController handler class cannot be loaded

[Sun, 14 Apr 19 10:49:47 +0700][ERROR] [2]: VendorController handler class cannot be loaded

[Sun, 14 Apr 19 10:49:47 +0700][ERROR] [5]: Action 'images' was not found on handler 'authen'

[Sun, 14 Apr 19 10:49:47 +0700][ERROR] [2]: CssController handler class cannot be loaded

[Sun, 14 Apr 19 10:49:53 +0700][ERROR] [2]: VendorController handler class cannot be loaded

[Sun, 14 Apr 19 10:49:53 +0700][ERROR] [2]: VendorController handler class cannot be loaded

[Sun, 14 Apr 19 10:49:54 +0700][ERROR] [2]: VendorController handler class cannot be loaded

[Sun, 14 Apr 19 10:49:54 +0700][ERROR] [2]: VendorController handler class cannot be loaded

[Sun, 14 Apr 19 10:49:54 +0700][ERROR] [5]: Action 'images' was not found on handler 'authen'

[Sun, 14 Apr 19 10:49:54 +0700][ERROR] [2]: CssController handler class cannot be loaded

[Sun, 14 Apr 19 10:50:21 +0700][ERROR] [2]: PageTopController handler class cannot be loaded

[Sun, 14 Apr 19 10:50:28 +0700][ERROR] [2]: VendorController handler class cannot be loaded

[Sun, 14 Apr 19 10:50:28 +0700][ERROR] [2]: VendorController handler class cannot be loaded

[Sun, 14 Apr 19 10:50:28 +0700][ERROR] [2]: VendorController handler class cannot be loaded

[Sun, 14 Apr 19 10:50:29 +0700][ERROR] [2]: VendorController handler class cannot be loaded

[Sun, 14 Apr 19 10:50:29 +0700][ERROR] [5]: Action 'images' was not found on handler 'authen'

[Sun, 14 Apr 19 10:50:29 +0700][ERROR] [2]: CssController handler class cannot be loaded

[Sun, 14 Apr 19 10:52:02 +0700][ERROR] [2]: PageTopController handler class cannot be loaded

[Sun, 14 Apr 19 10:53:50 +0700][ERROR] [2]: VendorController handler class cannot be loaded

[Sun, 14 Apr 19 10:53:50 +0700][ERROR] [2]: VendorController handler class cannot be loaded

[Sun, 14 Apr 19 10:53:50 +0700][ERROR] [2]: VendorController handler class cannot be loaded

[Sun, 14 Apr 19 10:53:50 +0700][ERROR] [2]: VendorController handler class cannot be loaded

[Sun, 14 Apr 19 10:53:50 +0700][ERROR] [5]: Action 'images' was not found on handler 'authen'

[Sun, 14 Apr 19 10:53:50 +0700][ERROR] [2]: CssController handler class cannot be loaded

[Sun, 14 Apr 19 10:59:05 +0700][ERROR] [2]: VendorController handler class cannot be loaded

[Sun, 14 Apr 19 10:59:05 +0700][ERROR] [2]: CssController handler class cannot be loaded

[Sun, 14 Apr 19 10:59:14 +0700][ERROR] [2]: PageTopController handler class cannot be loaded

[Sun, 14 Apr 19 11:00:44 +0700][ERROR] [2]: VendorController handler class cannot be loaded

[Sun, 14 Apr 19 11:00:44 +0700][ERROR] [2]: VendorController handler class cannot be loaded

[Sun, 14 Apr 19 11:00:44 +0700][ERROR] [2]: VendorController handler class cannot be loaded

[Sun, 14 Apr 19 11:00:44 +0700][ERROR] [2]: VendorController handler class cannot be loaded

[Sun, 14 Apr 19 11:00:45 +0700][ERROR] [5]: Action 'images' was not found on handler 'authen'

[Sun, 14 Apr 19 11:00:45 +0700][ERROR] [2]: CssController handler class cannot be loaded

[Sun, 14 Apr 19 11:01:23 +0700][ERROR] [2]: PageTopController handler class cannot be loaded

[Sun, 14 Apr 19 11:01:30 +0700][ERROR] [2]: VendorController handler class cannot be loaded

[Sun, 14 Apr 19 11:01:30 +0700][ERROR] [2]: VendorController handler class cannot be loaded

[Sun, 14 Apr 19 11:01:30 +0700][ERROR] [2]: VendorController handler class cannot be loaded

[Sun, 14 Apr 19 11:01:30 +0700][ERROR] [2]: VendorController handler class cannot be loaded

[Sun, 14 Apr 19 11:01:30 +0700][ERROR] [5]: Action 'images' was not found on handler 'authen'

[Sun, 14 Apr 19 11:01:30 +0700][ERROR] [2]: CssController handler class cannot be loaded

[Sun, 14 Apr 19 11:02:05 +0700][ERROR] [2]: PageTopController handler class cannot be loaded

[Sun, 14 Apr 19 11:18:02 +0700][ERROR] [2]: VendorController handler class cannot be loaded

[Sun, 14 Apr 19 11:18:02 +0700][ERROR] [2]: VendorController handler class cannot be loaded

[Sun, 14 Apr 19 11:18:02 +0700][ERROR] [2]: VendorController handler class cannot be loaded

[Sun, 14 Apr 19 11:18:03 +0700][ERROR] [2]: VendorController handler class cannot be loaded

[Sun, 14 Apr 19 11:18:03 +0700][ERROR] [2]: ImagesController handler class cannot be loaded

[Sun, 14 Apr 19 11:18:03 +0700][ERROR] [2]: CssController handler class cannot be loaded

[Sun, 14 Apr 19 11:19:10 +0700][ERROR] [2]: VendorController handler class cannot be loaded

[Sun, 14 Apr 19 11:19:10 +0700][ERROR] [2]: VendorController handler class cannot be loaded

[Sun, 14 Apr 19 11:19:10 +0700][ERROR] [2]: VendorController handler class cannot be loaded

[Sun, 14 Apr 19 11:19:10 +0700][ERROR] [2]: VendorController handler class cannot be loaded

[Sun, 14 Apr 19 11:19:10 +0700][ERROR] [2]: ImagesController handler class cannot be loaded

[Sun, 14 Apr 19 11:19:17 +0700][ERROR] [2]: PageTopController handler class cannot be loaded

[Sun, 14 Apr 19 11:19:24 +0700][ERROR] [2]: VendorController handler class cannot be loaded

[Sun, 14 Apr 19 11:19:24 +0700][ERROR] [2]: VendorController handler class cannot be loaded

[Sun, 14 Apr 19 11:19:24 +0700][ERROR] [2]: VendorController handler class cannot be loaded

[Sun, 14 Apr 19 11:19:25 +0700][ERROR] [2]: VendorController handler class cannot be loaded

[Sun, 14 Apr 19 11:19:25 +0700][ERROR] [5]: Action 'images' was not found on handler 'authen'

[Sun, 14 Apr 19 11:19:25 +0700][ERROR] [2]: CssController handler class cannot be loaded

[Sun, 14 Apr 19 11:20:29 +0700][ERROR] [2]: PageTopController handler class cannot be loaded

[Sun, 14 Apr 19 11:20:52 +0700][ERROR] [2]: VendorController handler class cannot be loaded

[Sun, 14 Apr 19 11:20:52 +0700][ERROR] [2]: VendorController handler class cannot be loaded

[Sun, 14 Apr 19 11:20:52 +0700][ERROR] [2]: VendorController handler class cannot be loaded

[Sun, 14 Apr 19 11:20:53 +0700][ERROR] [2]: VendorController handler class cannot be loaded

[Sun, 14 Apr 19 11:20:53 +0700][ERROR] [5]: Action 'images' was not found on handler 'authen'

[Sun, 14 Apr 19 11:20:53 +0700][ERROR] [2]: CssController handler class cannot be loaded

[Sun, 14 Apr 19 11:21:24 +0700][ERROR] [2]: PageTopController handler class cannot be loaded

[Sun, 14 Apr 19 11:22:39 +0700][ERROR] [2]: VendorController handler class cannot be loaded

[Sun, 14 Apr 19 11:22:39 +0700][ERROR] [2]: VendorController handler class cannot be loaded

[Sun, 14 Apr 19 11:22:39 +0700][ERROR] [2]: VendorController handler class cannot be loaded

[Sun, 14 Apr 19 11:22:40 +0700][ERROR] [2]: VendorController handler class cannot be loaded

[Sun, 14 Apr 19 11:22:40 +0700][ERROR] [5]: Action 'images' was not found on handler 'authen'

[Sun, 14 Apr 19 11:22:40 +0700][ERROR] [2]: CssController handler class cannot be loaded

[Sun, 14 Apr 19 11:23:00 +0700][ERROR] [2]: PageTopController handler class cannot be loaded

[Sun, 14 Apr 19 11:23:10 +0700][ERROR] [2]: VendorController handler class cannot be loaded

[Sun, 14 Apr 19 11:23:10 +0700][ERROR] [2]: VendorController handler class cannot be loaded

[Sun, 14 Apr 19 11:23:10 +0700][ERROR] [2]: VendorController handler class cannot be loaded

[Sun, 14 Apr 19 11:23:10 +0700][ERROR] [2]: VendorController handler class cannot be loaded

[Sun, 14 Apr 19 11:23:10 +0700][ERROR] [5]: Action 'images' was not found on handler 'authen'

[Sun, 14 Apr 19 11:23:10 +0700][ERROR] [2]: CssController handler class cannot be loaded

[Sun, 14 Apr 19 11:26:20 +0700][ERROR] [2]: VendorController handler class cannot be loaded

[Sun, 14 Apr 19 11:26:21 +0700][ERROR] [2]: ImagesController handler class cannot be loaded

[Sun, 14 Apr 19 11:26:24 +0700][ERROR] [2]: VendorController handler class cannot be loaded

[Sun, 14 Apr 19 11:26:24 +0700][ERROR] [2]: VendorController handler class cannot be loaded

[Sun, 14 Apr 19 11:26:24 +0700][ERROR] [2]: VendorController handler class cannot be loaded

[Sun, 14 Apr 19 11:26:24 +0700][ERROR] [2]: VendorController handler class cannot be loaded

[Sun, 14 Apr 19 11:26:24 +0700][ERROR] [2]: VendorController handler class cannot be loaded

[Sun, 14 Apr 19 11:26:24 +0700][ERROR] [5]: Action 'images' was not found on handler 'authen'

[Sun, 14 Apr 19 11:26:24 +0700][ERROR] [2]: CssController handler class cannot be loaded

[Sun, 14 Apr 19 11:51:42 +0700][ERROR] [5]: Action 'index.html' was not found on handler 'authen'

[Sun, 14 Apr 19 11:51:42 +0700][ERROR] [2]: ImagesController handler class cannot be loaded

[Sun, 14 Apr 19 11:51:43 +0700][ERROR] [2]: VendorController handler class cannot be loaded

[Sun, 14 Apr 19 11:51:43 +0700][ERROR] [2]: VendorController handler class cannot be loaded

[Sun, 14 Apr 19 11:51:43 +0700][ERROR] [2]: VendorController handler class cannot be loaded

[Sun, 14 Apr 19 11:51:44 +0700][ERROR] [2]: VendorController handler class cannot be loaded

[Sun, 14 Apr 19 11:51:44 +0700][ERROR] [5]: Action 'images' was not found on handler 'authen'

[Sun, 14 Apr 19 11:51:44 +0700][ERROR] [2]: CssController handler class cannot be loaded

[Sun, 14 Apr 19 11:51:45 +0700][ERROR] [2]: VendorController handler class cannot be loaded

[Sun, 14 Apr 19 11:51:45 +0700][ERROR] [2]: VendorController handler class cannot be loaded

[Sun, 14 Apr 19 11:51:45 +0700][ERROR] [2]: VendorController handler class cannot be loaded

[Sun, 14 Apr 19 11:51:45 +0700][ERROR] [2]: VendorController handler class cannot be loaded

[Sun, 14 Apr 19 11:51:45 +0700][ERROR] [2]: VendorController handler class cannot be loaded

[Sun, 14 Apr 19 11:51:45 +0700][ERROR] [5]: Action 'images' was not found on handler 'authen'

[Sun, 14 Apr 19 11:51:45 +0700][ERROR] [2]: CssController handler class cannot be loaded

[Sun, 14 Apr 19 11:53:19 +0700][ERROR] [2]: VendorController handler class cannot be loaded

[Sun, 14 Apr 19 11:53:19 +0700][ERROR] [2]: VendorController handler class cannot be loaded

[Sun, 14 Apr 19 11:53:19 +0700][ERROR] [2]: VendorController handler class cannot be loaded

[Sun, 14 Apr 19 11:53:19 +0700][ERROR] [5]: Action 'images' was not found on handler 'authen'

[Sun, 14 Apr 19 11:53:28 +0700][ERROR] [2]: PageTopController handler class cannot be loaded

[Sun, 14 Apr 19 12:02:45 +0700][ERROR] [2]: VendorController handler class cannot be loaded

[Sun, 14 Apr 19 12:02:45 +0700][ERROR] [2]: VendorController handler class cannot be loaded

[Sun, 14 Apr 19 12:02:45 +0700][ERROR] [2]: VendorController handler class cannot be loaded

[Sun, 14 Apr 19 12:02:45 +0700][ERROR] [2]: VendorController handler class cannot be loaded

[Sun, 14 Apr 19 12:02:45 +0700][ERROR] [2]: VendorController handler class cannot be loaded

[Sun, 14 Apr 19 12:02:45 +0700][ERROR] [2]: VendorController handler class cannot be loaded

[Sun, 14 Apr 19 12:02:45 +0700][ERROR] [2]: ImagesController handler class cannot be loaded

[Sun, 14 Apr 19 12:02:45 +0700][ERROR] [2]: CssController handler class cannot be loaded

[Sun, 14 Apr 19 12:02:47 +0700][ERROR] [2]: VendorController handler class cannot be loaded

[Sun, 14 Apr 19 12:02:47 +0700][ERROR] [2]: VendorController handler class cannot be loaded

[Sun, 14 Apr 19 12:02:47 +0700][ERROR] [2]: VendorController handler class cannot be loaded

[Sun, 14 Apr 19 12:02:47 +0700][ERROR] [2]: VendorController handler class cannot be loaded

[Sun, 14 Apr 19 12:02:47 +0700][ERROR] [2]: VendorController handler class cannot be loaded

[Sun, 14 Apr 19 12:02:47 +0700][ERROR] [2]: CssController handler class cannot be loaded

[Sun, 14 Apr 19 12:02:47 +0700][ERROR] [5]: Action 'images' was not found on handler 'authen'

[Sun, 14 Apr 19 12:02:47 +0700][ERROR] [2]: CssController handler class cannot be loaded

[Sun, 14 Apr 19 12:06:45 +0700][ERROR] [2]: VendorController handler class cannot be loaded

[Sun, 14 Apr 19 12:06:45 +0700][ERROR] [2]: VendorController handler class cannot be loaded

[Sun, 14 Apr 19 12:06:45 +0700][ERROR] [2]: VendorController handler class cannot be loaded

[Sun, 14 Apr 19 12:06:46 +0700][ERROR] [2]: ImagesController handler class cannot be loaded

[Sun, 14 Apr 19 12:06:46 +0700][ERROR] [2]: CssController handler class cannot be loaded

[Sun, 14 Apr 19 12:06:56 +0700][ERROR] [2]: VendorController handler class cannot be loaded

[Sun, 14 Apr 19 12:06:56 +0700][ERROR] [2]: VendorController handler class cannot be loaded

[Sun, 14 Apr 19 12:06:56 +0700][ERROR] [2]: VendorController handler class cannot be loaded

[Sun, 14 Apr 19 12:06:56 +0700][ERROR] [5]: Action 'images' was not found on handler 'authen'

[Sun, 14 Apr 19 12:06:56 +0700][ERROR] [2]: CssController handler class cannot be loaded

[Sun, 14 Apr 19 12:07:25 +0700][ERROR] [2]: VendorController handler class cannot be loaded

[Sun, 14 Apr 19 12:07:25 +0700][ERROR] [2]: VendorController handler class cannot be loaded

[Sun, 14 Apr 19 12:07:25 +0700][ERROR] [2]: VendorController handler class cannot be loaded

[Sun, 14 Apr 19 12:07:25 +0700][ERROR] [2]: VendorController handler class cannot be loaded

[Sun, 14 Apr 19 12:07:25 +0700][ERROR] [2]: VendorController handler class cannot be loaded

[Sun, 14 Apr 19 12:07:25 +0700][ERROR] [2]: VendorController handler class cannot be loaded

[Sun, 14 Apr 19 12:07:25 +0700][ERROR] [5]: Action 'images' was not found on handler 'authen'

[Sun, 14 Apr 19 12:07:26 +0700][ERROR] [2]: CssController handler class cannot be loaded

[Sun, 14 Apr 19 12:07:35 +0700][ERROR] [2]: VendorController handler class cannot be loaded

[Sun, 14 Apr 19 12:07:35 +0700][ERROR] [2]: VendorController handler class cannot be loaded

[Sun, 14 Apr 19 12:07:35 +0700][ERROR] [2]: VendorController handler class cannot be loaded

[Sun, 14 Apr 19 12:07:35 +0700][ERROR] [2]: VendorController handler class cannot be loaded

[Sun, 14 Apr 19 12:07:36 +0700][ERROR] [2]: VendorController handler class cannot be loaded

[Sun, 14 Apr 19 12:07:36 +0700][ERROR] [2]: VendorController handler class cannot be loaded

[Sun, 14 Apr 19 12:07:36 +0700][ERROR] [5]: Action 'images' was not found on handler 'authen'

[Sun, 14 Apr 19 12:07:36 +0700][ERROR] [2]: CssController handler class cannot be loaded

[Sun, 14 Apr 19 12:07:41 +0700][ERROR] [2]: VendorController handler class cannot be loaded

[Sun, 14 Apr 19 12:07:41 +0700][ERROR] [2]: VendorController handler class cannot be loaded

[Sun, 14 Apr 19 12:07:41 +0700][ERROR] [2]: VendorController handler class cannot be loaded

[Sun, 14 Apr 19 12:07:42 +0700][ERROR] [2]: VendorController handler class cannot be loaded

[Sun, 14 Apr 19 12:07:42 +0700][ERROR] [2]: VendorController handler class cannot be loaded

[Sun, 14 Apr 19 12:07:42 +0700][ERROR] [5]: Action 'images' was not found on handler 'authen'

[Sun, 14 Apr 19 12:07:42 +0700][ERROR] [2]: CssController handler class cannot be loaded

[Sun, 14 Apr 19 12:08:35 +0700][ERROR] [2]: VendorController handler class cannot be loaded

[Sun, 14 Apr 19 12:08:35 +0700][ERROR] [2]: VendorController handler class cannot be loaded

[Sun, 14 Apr 19 12:08:35 +0700][ERROR] [2]: VendorController handler class cannot be loaded

[Sun, 14 Apr 19 12:08:35 +0700][ERROR] [2]: CssController handler class cannot be loaded

[Sun, 14 Apr 19 12:08:35 +0700][ERROR] [5]: Action 'images' was not found on handler 'authen'

[Sun, 14 Apr 19 12:08:35 +0700][ERROR] [2]: CssController handler class cannot be loaded

[Sun, 14 Apr 19 12:11:39 +0700][ERROR] [2]: VendorController handler class cannot be loaded

[Sun, 14 Apr 19 12:11:39 +0700][ERROR] [2]: VendorController handler class cannot be loaded

[Sun, 14 Apr 19 12:11:39 +0700][ERROR] [2]: VendorController handler class cannot be loaded

[Sun, 14 Apr 19 12:11:39 +0700][ERROR] [2]: VendorController handler class cannot be loaded

[Sun, 14 Apr 19 12:11:39 +0700][ERROR] [2]: VendorController handler class cannot be loaded

[Sun, 14 Apr 19 12:11:39 +0700][ERROR] [5]: Action 'images' was not found on handler 'authen'

[Sun, 14 Apr 19 12:11:39 +0700][ERROR] [2]: CssController handler class cannot be loaded

[Sun, 14 Apr 19 12:11:40 +0700][ERROR] [2]: VendorController handler class cannot be loaded

[Sun, 14 Apr 19 12:11:40 +0700][ERROR] [2]: VendorController handler class cannot be loaded

[Sun, 14 Apr 19 12:11:40 +0700][ERROR] [2]: VendorController handler class cannot be loaded

[Sun, 14 Apr 19 12:11:40 +0700][ERROR] [2]: VendorController handler class cannot be loaded

[Sun, 14 Apr 19 12:11:40 +0700][ERROR] [5]: Action 'images' was not found on handler 'authen'

[Sun, 14 Apr 19 12:11:41 +0700][ERROR] [2]: CssController handler class cannot be loaded

[Sun, 14 Apr 19 12:17:11 +0700][ERROR] [2]: VendorController handler class cannot be loaded

[Sun, 14 Apr 19 12:17:11 +0700][ERROR] [2]: VendorController handler class cannot be loaded

[Sun, 14 Apr 19 12:17:11 +0700][ERROR] [2]: VendorController handler class cannot be loaded

[Sun, 14 Apr 19 12:17:11 +0700][ERROR] [2]: VendorController handler class cannot be loaded

[Sun, 14 Apr 19 12:17:11 +0700][ERROR] [2]: VendorController handler class cannot be loaded

[Sun, 14 Apr 19 12:17:11 +0700][ERROR] [2]: VendorController handler class cannot be loaded

[Sun, 14 Apr 19 12:17:11 +0700][ERROR] [2]: ImagesController handler class cannot be loaded

[Sun, 14 Apr 19 12:17:11 +0700][ERROR] [2]: CssController handler class cannot be loaded

[Sun, 14 Apr 19 12:17:13 +0700][ERROR] [2]: CssController handler class cannot be loaded

[Sun, 14 Apr 19 12:17:14 +0700][ERROR] [2]: VendorController handler class cannot be loaded

[Sun, 14 Apr 19 12:17:14 +0700][ERROR] [2]: VendorController handler class cannot be loaded

[Sun, 14 Apr 19 12:17:14 +0700][ERROR] [2]: VendorController handler class cannot be loaded

[Sun, 14 Apr 19 12:17:14 +0700][ERROR] [2]: VendorController handler class cannot be loaded

[Sun, 14 Apr 19 12:17:14 +0700][ERROR] [2]: VendorController handler class cannot be loaded

[Sun, 14 Apr 19 12:17:14 +0700][ERROR] [2]: VendorController handler class cannot be loaded

[Sun, 14 Apr 19 12:17:14 +0700][ERROR] [5]: Action 'images' was not found on handler 'authen'

[Sun, 14 Apr 19 12:17:14 +0700][ERROR] [2]: CssController handler class cannot be loaded

[Sun, 14 Apr 19 12:17:47 +0700][ERROR] [2]: VendorController handler class cannot be loaded

[Sun, 14 Apr 19 12:17:47 +0700][ERROR] [2]: VendorController handler class cannot be loaded

[Sun, 14 Apr 19 12:17:47 +0700][ERROR] [2]: VendorController handler class cannot be loaded

[Sun, 14 Apr 19 12:17:48 +0700][ERROR] [2]: VendorController handler class cannot be loaded

[Sun, 14 Apr 19 12:17:48 +0700][ERROR] [2]: VendorController handler class cannot be loaded

[Sun, 14 Apr 19 12:17:48 +0700][ERROR] [2]: CssController handler class cannot be loaded

[Sun, 14 Apr 19 12:17:48 +0700][ERROR] [5]: Action 'images' was not found on handler 'authen'

[Sun, 14 Apr 19 12:17:48 +0700][ERROR] [2]: CssController handler class cannot be loaded

[Sun, 14 Apr 19 12:18:15 +0700][ERROR] [2]: VendorController handler class cannot be loaded

[Sun, 14 Apr 19 12:18:15 +0700][ERROR] [2]: VendorController handler class cannot be loaded

[Sun, 14 Apr 19 12:18:15 +0700][ERROR] [2]: VendorController handler class cannot be loaded

[Sun, 14 Apr 19 12:18:15 +0700][ERROR] [5]: Action 'images' was not found on handler 'authen'

[Sun, 14 Apr 19 12:18:15 +0700][ERROR] [2]: CssController handler class cannot be loaded

[Sun, 14 Apr 19 12:26:41 +0700][ERROR] [2]: VendorController handler class cannot be loaded

[Sun, 14 Apr 19 12:26:41 +0700][ERROR] [2]: VendorController handler class cannot be loaded

[Sun, 14 Apr 19 12:26:41 +0700][ERROR] [2]: VendorController handler class cannot be loaded

[Sun, 14 Apr 19 12:26:41 +0700][ERROR] [2]: VendorController handler class cannot be loaded

[Sun, 14 Apr 19 12:26:41 +0700][ERROR] [5]: Action 'images' was not found on handler 'authen'

[Sun, 14 Apr 19 12:26:41 +0700][ERROR] [2]: CssController handler class cannot be loaded

[Sun, 14 Apr 19 12:26:49 +0700][ERROR] [2]: VendorController handler class cannot be loaded

[Sun, 14 Apr 19 12:26:49 +0700][ERROR] [2]: VendorController handler class cannot be loaded

[Sun, 14 Apr 19 12:26:49 +0700][ERROR] [2]: VendorController handler class cannot be loaded

[Sun, 14 Apr 19 12:26:49 +0700][ERROR] [2]: VendorController handler class cannot be loaded

[Sun, 14 Apr 19 12:26:50 +0700][ERROR] [5]: Action 'images' was not found on handler 'authen'

[Sun, 14 Apr 19 12:26:50 +0700][ERROR] [2]: CssController handler class cannot be loaded

[Sun, 14 Apr 19 12:27:04 +0700][ERROR] [5]: Action 'index.html' was not found on handler 'authen'

[Sun, 14 Apr 19 12:27:04 +0700][ERROR] [5]: Action 'images' was not found on handler 'authen'

[Sun, 14 Apr 19 12:27:07 +0700][ERROR] [2]: VendorController handler class cannot be loaded

[Sun, 14 Apr 19 12:27:07 +0700][ERROR] [2]: VendorController handler class cannot be loaded

[Sun, 14 Apr 19 12:27:07 +0700][ERROR] [2]: VendorController handler class cannot be loaded

[Sun, 14 Apr 19 12:27:07 +0700][ERROR] [2]: VendorController handler class cannot be loaded

[Sun, 14 Apr 19 12:27:07 +0700][ERROR] [2]: VendorController handler class cannot be loaded

[Sun, 14 Apr 19 12:27:07 +0700][ERROR] [2]: VendorController handler class cannot be loaded

[Sun, 14 Apr 19 12:27:07 +0700][ERROR] [5]: Action 'images' was not found on handler 'authen'

[Sun, 14 Apr 19 12:27:07 +0700][ERROR] [2]: CssController handler class cannot be loaded

[Sun, 14 Apr 19 12:27:16 +0700][ERROR] [2]: LendController handler class cannot be loaded

[Sun, 14 Apr 19 12:27:17 +0700][ERROR] [2]: HistoryController handler class cannot be loaded

[Sun, 14 Apr 19 12:27:19 +0700][ERROR] [2]: IndexController handler class cannot be loaded

[Sun, 14 Apr 19 12:27:24 +0700][ERROR] [2]: HistoryController handler class cannot be loaded

[Sun, 14 Apr 19 12:27:25 +0700][ERROR] [2]: IndexController handler class cannot be loaded

[Sun, 14 Apr 19 12:27:28 +0700][ERROR] [2]: IndexController handler class cannot be loaded

[Sun, 14 Apr 19 12:27:45 +0700][ERROR] [2]: IndexController handler class cannot be loaded

[Sun, 14 Apr 19 12:27:45 +0700][ERROR] [2]: ImagesController handler class cannot be loaded

[Sun, 14 Apr 19 12:27:48 +0700][ERROR] [2]: PageTopController handler class cannot be loaded

[Sun, 14 Apr 19 12:27:48 +0700][ERROR] [2]: ImagesController handler class cannot be loaded

[Sun, 14 Apr 19 12:27:52 +0700][ERROR] [2]: VendorController handler class cannot be loaded

[Sun, 14 Apr 19 12:27:52 +0700][ERROR] [2]: VendorController handler class cannot be loaded

[Sun, 14 Apr 19 12:27:52 +0700][ERROR] [2]: VendorController handler class cannot be loaded

[Sun, 14 Apr 19 12:27:52 +0700][ERROR] [2]: ImagesController handler class cannot be loaded

[Sun, 14 Apr 19 12:27:52 +0700][ERROR] [2]: CssController handler class cannot be loaded

[Sun, 14 Apr 19 12:28:12 +0700][ERROR] [2]: HistoryController handler class cannot be loaded

[Sun, 14 Apr 19 12:28:24 +0700][ERROR] [2]: IndexController handler class cannot be loaded

[Sun, 14 Apr 19 12:28:25 +0700][ERROR] [2]: ImagesController handler class cannot be loaded

[Sun, 14 Apr 19 12:28:28 +0700][ERROR] [2]: PageTopController handler class cannot be loaded

[Sun, 14 Apr 19 12:28:28 +0700][ERROR] [2]: ImagesController handler class cannot be loaded

[Sun, 14 Apr 19 12:29:13 +0700][ERROR] [2]: VendorController handler class cannot be loaded

[Sun, 14 Apr 19 12:29:13 +0700][ERROR] [2]: VendorController handler class cannot be loaded

[Sun, 14 Apr 19 12:29:13 +0700][ERROR] [2]: VendorController handler class cannot be loaded

[Sun, 14 Apr 19 12:29:13 +0700][ERROR] [2]: VendorController handler class cannot be loaded

[Sun, 14 Apr 19 12:29:13 +0700][ERROR] [2]: ImagesController handler class cannot be loaded

[Sun, 14 Apr 19 12:29:13 +0700][ERROR] [2]: CssController handler class cannot be loaded

[Sun, 14 Apr 19 12:30:01 +0700][ERROR] [2]: PageTopController handler class cannot be loaded

[Sun, 14 Apr 19 12:30:01 +0700][ERROR] [2]: ImagesController handler class cannot be loaded

[Sun, 14 Apr 19 12:30:03 +0700][ERROR] [2]: IndexController handler class cannot be loaded

[Sun, 14 Apr 19 12:30:04 +0700][ERROR] [2]: VendorController handler class cannot be loaded

[Sun, 14 Apr 19 12:30:04 +0700][ERROR] [2]: VendorController handler class cannot be loaded

[Sun, 14 Apr 19 12:30:04 +0700][ERROR] [5]: Action 'images' was not found on handler 'authen'

[Sun, 14 Apr 19 12:30:04 +0700][ERROR] [2]: CssController handler class cannot be loaded

[Sun, 14 Apr 19 12:30:26 +0700][ERROR] [2]: PageTopController handler class cannot be loaded

[Sun, 14 Apr 19 12:30:28 +0700][ERROR] [2]: VendorController handler class cannot be loaded

[Sun, 14 Apr 19 12:30:28 +0700][ERROR] [2]: VendorController handler class cannot be loaded

[Sun, 14 Apr 19 12:30:28 +0700][ERROR] [2]: VendorController handler class cannot be loaded

[Sun, 14 Apr 19 12:30:28 +0700][ERROR] [2]: VendorController handler class cannot be loaded

[Sun, 14 Apr 19 12:30:29 +0700][ERROR] [2]: VendorController handler class cannot be loaded

[Sun, 14 Apr 19 12:30:29 +0700][ERROR] [2]: VendorController handler class cannot be loaded

[Sun, 14 Apr 19 12:30:29 +0700][ERROR] [5]: Action 'images' was not found on handler 'authen'

[Sun, 14 Apr 19 12:30:29 +0700][ERROR] [2]: CssController handler class cannot be loaded

[Sun, 14 Apr 19 12:34:52 +0700][ERROR] [2]: PageTopController handler class cannot be loaded

[Sun, 14 Apr 19 12:34:52 +0700][ERROR] [2]: ImagesController handler class cannot be loaded

[Sun, 14 Apr 19 12:34:53 +0700][ERROR] [2]: VendorController handler class cannot be loaded

[Sun, 14 Apr 19 12:34:53 +0700][ERROR] [2]: VendorController handler class cannot be loaded

[Sun, 14 Apr 19 12:34:53 +0700][ERROR] [2]: VendorController handler class cannot be loaded

[Sun, 14 Apr 19 12:34:53 +0700][ERROR] [2]: VendorController handler class cannot be loaded

[Sun, 14 Apr 19 12:34:53 +0700][ERROR] [5]: Action 'images' was not found on handler 'authen'

[Sun, 14 Apr 19 12:34:53 +0700][ERROR] [2]: CssController handler class cannot be loaded

[Sun, 14 Apr 19 12:35:06 +0700][ERROR] [2]: PageTopController handler class cannot be loaded

[Sun, 14 Apr 19 12:35:07 +0700][ERROR] [2]: VendorController handler class cannot be loaded

[Sun, 14 Apr 19 12:35:08 +0700][ERROR] [2]: VendorController handler class cannot be loaded

[Sun, 14 Apr 19 12:35:08 +0700][ERROR] [2]: VendorController handler class cannot be loaded

[Sun, 14 Apr 19 12:35:08 +0700][ERROR] [2]: VendorController handler class cannot be loaded

[Sun, 14 Apr 19 12:35:08 +0700][ERROR] [2]: VendorController handler class cannot be loaded

[Sun, 14 Apr 19 12:35:08 +0700][ERROR] [2]: VendorController handler class cannot be loaded

[Sun, 14 Apr 19 12:35:08 +0700][ERROR] [5]: Action 'images' was not found on handler 'authen'

[Sun, 14 Apr 19 12:35:08 +0700][ERROR] [2]: CssController handler class cannot be loaded

[Sun, 14 Apr 19 12:36:45 +0700][ERROR] [2]: ImagesController handler class cannot be loaded

[Sun, 14 Apr 19 12:36:47 +0700][ERROR] [2]: PageTopController handler class cannot be loaded

[Sun, 14 Apr 19 12:36:49 +0700][ERROR] [2]: VendorController handler class cannot be loaded

[Sun, 14 Apr 19 12:36:50 +0700][ERROR] [2]: VendorController handler class cannot be loaded

[Sun, 14 Apr 19 12:36:50 +0700][ERROR] [2]: VendorController handler class cannot be loaded

[Sun, 14 Apr 19 12:36:50 +0700][ERROR] [2]: VendorController handler class cannot be loaded

[Sun, 14 Apr 19 12:36:50 +0700][ERROR] [2]: VendorController handler class cannot be loaded

[Sun, 14 Apr 19 12:36:50 +0700][ERROR] [2]: VendorController handler class cannot be loaded

[Sun, 14 Apr 19 12:36:50 +0700][ERROR] [5]: Action 'images' was not found on handler 'authen'

[Sun, 14 Apr 19 12:36:50 +0700][ERROR] [2]: CssController handler class cannot be loaded

[Sun, 14 Apr 19 12:37:37 +0700][ERROR] [2]: VendorController handler class cannot be loaded

[Sun, 14 Apr 19 12:37:37 +0700][ERROR] [2]: VendorController handler class cannot be loaded

[Sun, 14 Apr 19 12:37:37 +0700][ERROR] [2]: VendorController handler class cannot be loaded

[Sun, 14 Apr 19 12:37:37 +0700][ERROR] [2]: VendorController handler class cannot be loaded

[Sun, 14 Apr 19 12:37:37 +0700][ERROR] [2]: VendorController handler class cannot be loaded

[Sun, 14 Apr 19 12:37:38 +0700][ERROR] [2]: VendorController handler class cannot be loaded

[Sun, 14 Apr 19 12:37:38 +0700][ERROR] [2]: CssController handler class cannot be loaded

[Sun, 14 Apr 19 12:37:38 +0700][ERROR] [5]: Action 'images' was not found on handler 'authen'

[Sun, 14 Apr 19 12:37:38 +0700][ERROR] [2]: CssController handler class cannot be loaded

[Sun, 14 Apr 19 12:38:34 +0700][ERROR] [2]: VendorController handler class cannot be loaded

[Sun, 14 Apr 19 12:38:34 +0700][ERROR] [2]: CssController handler class cannot be loaded

[Sun, 14 Apr 19 12:38:36 +0700][ERROR] [2]: VendorController handler class cannot be loaded

[Sun, 14 Apr 19 12:38:36 +0700][ERROR] [2]: VendorController handler class cannot be loaded

[Sun, 14 Apr 19 12:38:36 +0700][ERROR] [2]: VendorController handler class cannot be loaded

[Sun, 14 Apr 19 12:38:36 +0700][ERROR] [2]: VendorController handler class cannot be loaded

[Sun, 14 Apr 19 12:38:36 +0700][ERROR] [2]: VendorController handler class cannot be loaded

[Sun, 14 Apr 19 12:38:36 +0700][ERROR] [5]: Action 'images' was not found on handler 'authen'

[Sun, 14 Apr 19 12:38:36 +0700][ERROR] [2]: CssController handler class cannot be loaded

[Sun, 14 Apr 19 12:38:47 +0700][ERROR] [2]: PageTopController handler class cannot be loaded

[Sun, 14 Apr 19 12:38:48 +0700][ERROR] [2]: VendorController handler class cannot be loaded

[Sun, 14 Apr 19 12:38:48 +0700][ERROR] [2]: VendorController handler class cannot be loaded

[Sun, 14 Apr 19 12:38:48 +0700][ERROR] [2]: VendorController handler class cannot be loaded

[Sun, 14 Apr 19 12:38:48 +0700][ERROR] [2]: VendorController handler class cannot be loaded

[Sun, 14 Apr 19 12:38:49 +0700][ERROR] [5]: Action 'images' was not found on handler 'authen'

[Sun, 14 Apr 19 12:38:49 +0700][ERROR] [2]: CssController handler class cannot be loaded

[Sun, 14 Apr 19 12:38:56 +0700][ERROR] [2]: VendorController handler class cannot be loaded

[Sun, 14 Apr 19 12:38:56 +0700][ERROR] [2]: VendorController handler class cannot be loaded

[Sun, 14 Apr 19 12:38:56 +0700][ERROR] [2]: VendorController handler class cannot be loaded

[Sun, 14 Apr 19 12:38:56 +0700][ERROR] [2]: VendorController handler class cannot be loaded

[Sun, 14 Apr 19 12:38:56 +0700][ERROR] [2]: CssController handler class cannot be loaded

[Sun, 14 Apr 19 12:38:56 +0700][ERROR] [5]: Action 'images' was not found on handler 'authen'

[Sun, 14 Apr 19 12:38:56 +0700][ERROR] [2]: CssController handler class cannot be loaded

[Sun, 14 Apr 19 12:39:08 +0700][ERROR] [2]: PageTopController handler class cannot be loaded

[Sun, 14 Apr 19 12:39:09 +0700][ERROR] [2]: VendorController handler class cannot be loaded

[Sun, 14 Apr 19 12:39:09 +0700][ERROR] [2]: VendorController handler class cannot be loaded

[Sun, 14 Apr 19 12:39:09 +0700][ERROR] [2]: VendorController handler class cannot be loaded

[Sun, 14 Apr 19 12:39:09 +0700][ERROR] [2]: VendorController handler class cannot be loaded

[Sun, 14 Apr 19 12:39:09 +0700][ERROR] [5]: Action 'images' was not found on handler 'authen'

[Sun, 14 Apr 19 12:39:09 +0700][ERROR] [2]: CssController handler class cannot be loaded

[Sun, 14 Apr 19 12:39:24 +0700][ERROR] [2]: VendorController handler class cannot be loaded

[Sun, 14 Apr 19 12:39:24 +0700][ERROR] [2]: VendorController handler class cannot be loaded

[Sun, 14 Apr 19 12:39:24 +0700][ERROR] [2]: VendorController handler class cannot be loaded

[Sun, 14 Apr 19 12:39:24 +0700][ERROR] [2]: VendorController handler class cannot be loaded

[Sun, 14 Apr 19 12:39:24 +0700][ERROR] [5]: Action 'images' was not found on handler 'authen'

[Sun, 14 Apr 19 12:39:24 +0700][ERROR] [2]: CssController handler class cannot be loaded

[Sun, 14 Apr 19 12:39:26 +0700][ERROR] [2]: VendorController handler class cannot be loaded

[Sun, 14 Apr 19 12:39:26 +0700][ERROR] [2]: VendorController handler class cannot be loaded

[Sun, 14 Apr 19 12:39:26 +0700][ERROR] [2]: VendorController handler class cannot be loaded

[Sun, 14 Apr 19 12:39:26 +0700][ERROR] [2]: VendorController handler class cannot be loaded

[Sun, 14 Apr 19 12:39:26 +0700][ERROR] [5]: Action 'images' was not found on handler 'authen'

[Sun, 14 Apr 19 12:39:26 +0700][ERROR] [2]: CssController handler class cannot be loaded

[Sun, 14 Apr 19 12:39:27 +0700][ERROR] [2]: VendorController handler class cannot be loaded

[Sun, 14 Apr 19 12:39:27 +0700][ERROR] [2]: VendorController handler class cannot be loaded

[Sun, 14 Apr 19 12:39:27 +0700][ERROR] [2]: VendorController handler class cannot be loaded

[Sun, 14 Apr 19 12:39:27 +0700][ERROR] [2]: VendorController handler class cannot be loaded

[Sun, 14 Apr 19 12:39:27 +0700][ERROR] [2]: VendorController handler class cannot be loaded

[Sun, 14 Apr 19 12:39:27 +0700][ERROR] [5]: Action 'images' was not found on handler 'authen'

[Sun, 14 Apr 19 12:39:27 +0700][ERROR] [2]: CssController handler class cannot be loaded

[Sun, 14 Apr 19 12:39:28 +0700][ERROR] [2]: VendorController handler class cannot be loaded

[Sun, 14 Apr 19 12:39:28 +0700][ERROR] [2]: VendorController handler class cannot be loaded

[Sun, 14 Apr 19 12:39:28 +0700][ERROR] [2]: VendorController handler class cannot be loaded

[Sun, 14 Apr 19 12:39:29 +0700][ERROR] [2]: VendorController handler class cannot be loaded

[Sun, 14 Apr 19 12:39:29 +0700][ERROR] [5]: Action 'images' was not found on handler 'authen'

[Sun, 14 Apr 19 12:39:29 +0700][ERROR] [2]: CssController handler class cannot be loaded

[Sun, 14 Apr 19 12:39:32 +0700][ERROR] [2]: VendorController handler class cannot be loaded

[Sun, 14 Apr 19 12:39:32 +0700][ERROR] [2]: VendorController handler class cannot be loaded

[Sun, 14 Apr 19 12:39:32 +0700][ERROR] [2]: VendorController handler class cannot be loaded

[Sun, 14 Apr 19 12:39:32 +0700][ERROR] [2]: VendorController handler class cannot be loaded

[Sun, 14 Apr 19 12:39:32 +0700][ERROR] [2]: CssController handler class cannot be loaded

[Sun, 14 Apr 19 12:39:32 +0700][ERROR] [5]: Action 'images' was not found on handler 'authen'

[Sun, 14 Apr 19 12:39:32 +0700][ERROR] [2]: CssController handler class cannot be loaded

[Sun, 14 Apr 19 12:39:48 +0700][ERROR] [2]: VendorController handler class cannot be loaded

[Sun, 14 Apr 19 12:39:48 +0700][ERROR] [2]: VendorController handler class cannot be loaded

[Sun, 14 Apr 19 12:39:48 +0700][ERROR] [2]: VendorController handler class cannot be loaded

[Sun, 14 Apr 19 12:39:48 +0700][ERROR] [2]: VendorController handler class cannot be loaded

[Sun, 14 Apr 19 12:39:49 +0700][ERROR] [2]: VendorController handler class cannot be loaded

[Sun, 14 Apr 19 12:39:49 +0700][ERROR] [2]: VendorController handler class cannot be loaded

[Sun, 14 Apr 19 12:39:49 +0700][ERROR] [2]: VendorController handler class cannot be loaded

[Sun, 14 Apr 19 12:39:49 +0700][ERROR] [2]: ImagesController handler class cannot be loaded

[Sun, 14 Apr 19 12:39:49 +0700][ERROR] [2]: CssController handler class cannot be loaded

[Sun, 14 Apr 19 12:40:20 +0700][ERROR] [2]: VendorController handler class cannot be loaded

[Sun, 14 Apr 19 12:40:20 +0700][ERROR] [2]: VendorController handler class cannot be loaded

[Sun, 14 Apr 19 12:40:20 +0700][ERROR] [5]: Action 'images' was not found on handler 'authen'

[Sun, 14 Apr 19 12:40:20 +0700][ERROR] [2]: CssController handler class cannot be loaded

[Sun, 14 Apr 19 12:40:21 +0700][ERROR] [2]: VendorController handler class cannot be loaded

[Sun, 14 Apr 19 12:40:21 +0700][ERROR] [2]: VendorController handler class cannot be loaded

[Sun, 14 Apr 19 12:40:21 +0700][ERROR] [5]: Action 'images' was not found on handler 'authen'

[Sun, 14 Apr 19 12:40:21 +0700][ERROR] [2]: CssController handler class cannot be loaded

[Sun, 14 Apr 19 12:40:24 +0700][ERROR] [2]: VendorController handler class cannot be loaded

[Sun, 14 Apr 19 12:40:24 +0700][ERROR] [2]: VendorController handler class cannot be loaded

[Sun, 14 Apr 19 12:40:24 +0700][ERROR] [2]: VendorController handler class cannot be loaded

[Sun, 14 Apr 19 12:40:24 +0700][ERROR] [2]: VendorController handler class cannot be loaded

[Sun, 14 Apr 19 12:40:24 +0700][ERROR] [5]: Action 'images' was not found on handler 'authen'

[Sun, 14 Apr 19 12:40:24 +0700][ERROR] [2]: CssController handler class cannot be loaded

[Sun, 14 Apr 19 12:40:26 +0700][ERROR] [2]: VendorController handler class cannot be loaded

[Sun, 14 Apr 19 12:40:26 +0700][ERROR] [2]: VendorController handler class cannot be loaded

[Sun, 14 Apr 19 12:40:26 +0700][ERROR] [2]: VendorController handler class cannot be loaded

[Sun, 14 Apr 19 12:40:26 +0700][ERROR] [5]: Action 'images' was not found on handler 'authen'

[Sun, 14 Apr 19 12:40:26 +0700][ERROR] [2]: CssController handler class cannot be loaded

[Sun, 14 Apr 19 12:40:27 +0700][ERROR] [2]: VendorController handler class cannot be loaded

[Sun, 14 Apr 19 12:40:27 +0700][ERROR] [2]: VendorController handler class cannot be loaded

[Sun, 14 Apr 19 12:40:27 +0700][ERROR] [2]: VendorController handler class cannot be loaded

[Sun, 14 Apr 19 12:40:27 +0700][ERROR] [2]: VendorController handler class cannot be loaded

[Sun, 14 Apr 19 12:40:27 +0700][ERROR] [5]: Action 'images' was not found on handler 'authen'

[Sun, 14 Apr 19 12:40:27 +0700][ERROR] [2]: CssController handler class cannot be loaded

[Sun, 14 Apr 19 12:40:43 +0700][ERROR] [2]: VendorController handler class cannot be loaded

[Sun, 14 Apr 19 12:40:43 +0700][ERROR] [2]: VendorController handler class cannot be loaded

[Sun, 14 Apr 19 12:40:43 +0700][ERROR] [2]: VendorController handler class cannot be loaded

[Sun, 14 Apr 19 12:40:43 +0700][ERROR] [2]: VendorController handler class cannot be loaded

[Sun, 14 Apr 19 12:40:43 +0700][ERROR] [5]: Action 'images' was not found on handler 'authen'

[Sun, 14 Apr 19 12:40:43 +0700][ERROR] [2]: CssController handler class cannot be loaded

[Sun, 14 Apr 19 12:40:56 +0700][ERROR] [2]: LendController handler class cannot be loaded

[Sun, 14 Apr 19 12:40:57 +0700][ERROR] [2]: PageTopController handler class cannot be loaded

[Sun, 14 Apr 19 12:40:59 +0700][ERROR] [2]: VendorController handler class cannot be loaded

[Sun, 14 Apr 19 12:40:59 +0700][ERROR] [2]: VendorController handler class cannot be loaded

[Sun, 14 Apr 19 12:40:59 +0700][ERROR] [2]: VendorController handler class cannot be loaded

[Sun, 14 Apr 19 12:40:59 +0700][ERROR] [2]: VendorController handler class cannot be loaded

[Sun, 14 Apr 19 12:40:59 +0700][ERROR] [5]: Action 'images' was not found on handler 'authen'

[Sun, 14 Apr 19 12:40:59 +0700][ERROR] [2]: CssController handler class cannot be loaded

[Sun, 14 Apr 19 12:41:37 +0700][ERROR] [2]: PageTopController handler class cannot be loaded

[Sun, 14 Apr 19 12:41:38 +0700][ERROR] [2]: VendorController handler class cannot be loaded

[Sun, 14 Apr 19 12:41:38 +0700][ERROR] [2]: VendorController handler class cannot be loaded

[Sun, 14 Apr 19 12:41:38 +0700][ERROR] [2]: VendorController handler class cannot be loaded

[Sun, 14 Apr 19 12:41:39 +0700][ERROR] [5]: Action 'images' was not found on handler 'authen'

[Sun, 14 Apr 19 12:41:39 +0700][ERROR] [2]: CssController handler class cannot be loaded

[Sun, 14 Apr 19 12:42:01 +0700][ERROR] [2]: PageTopController handler class cannot be loaded

[Sun, 14 Apr 19 12:42:03 +0700][ERROR] [2]: VendorController handler class cannot be loaded

[Sun, 14 Apr 19 12:42:03 +0700][ERROR] [2]: VendorController handler class cannot be loaded

[Sun, 14 Apr 19 12:42:03 +0700][ERROR] [5]: Action 'images' was not found on handler 'authen'

[Sun, 14 Apr 19 12:42:03 +0700][ERROR] [2]: CssController handler class cannot be loaded

[Sun, 14 Apr 19 12:42:48 +0700][ERROR] [2]: PageTopController handler class cannot be loaded

[Sun, 14 Apr 19 12:42:49 +0700][ERROR] [2]: VendorController handler class cannot be loaded

[Sun, 14 Apr 19 12:42:49 +0700][ERROR] [2]: VendorController handler class cannot be loaded

[Sun, 14 Apr 19 12:42:49 +0700][ERROR] [2]: VendorController handler class cannot be loaded

[Sun, 14 Apr 19 12:42:49 +0700][ERROR] [2]: VendorController handler class cannot be loaded

[Sun, 14 Apr 19 12:42:50 +0700][ERROR] [2]: VendorController handler class cannot be loaded

[Sun, 14 Apr 19 12:42:50 +0700][ERROR] [2]: VendorController handler class cannot be loaded

[Sun, 14 Apr 19 12:42:50 +0700][ERROR] [5]: Action 'images' was not found on handler 'authen'

[Sun, 14 Apr 19 12:42:50 +0700][ERROR] [2]: CssController handler class cannot be loaded

[Sun, 14 Apr 19 12:43:25 +0700][ERROR] [2]: PageTopController handler class cannot be loaded

[Sun, 14 Apr 19 12:43:26 +0700][ERROR] [2]: VendorController handler class cannot be loaded

[Sun, 14 Apr 19 12:43:26 +0700][ERROR] [2]: VendorController handler class cannot be loaded

[Sun, 14 Apr 19 12:43:26 +0700][ERROR] [2]: VendorController handler class cannot be loaded

[Sun, 14 Apr 19 12:43:26 +0700][ERROR] [2]: VendorController handler class cannot be loaded

[Sun, 14 Apr 19 12:43:27 +0700][ERROR] [5]: Action 'images' was not found on handler 'authen'

[Sun, 14 Apr 19 12:43:27 +0700][ERROR] [2]: CssController handler class cannot be loaded

[Sun, 14 Apr 19 12:48:17 +0700][ERROR] [2]: VendorController handler class cannot be loaded

[Sun, 14 Apr 19 12:48:17 +0700][ERROR] [2]: VendorController handler class cannot be loaded

[Sun, 14 Apr 19 12:48:17 +0700][ERROR] [2]: VendorController handler class cannot be loaded

[Sun, 14 Apr 19 12:48:17 +0700][ERROR] [2]: VendorController handler class cannot be loaded

[Sun, 14 Apr 19 12:48:17 +0700][ERROR] [2]: ImagesController handler class cannot be loaded

[Sun, 14 Apr 19 12:48:17 +0700][ERROR] [2]: CssController handler class cannot be loaded

[Sun, 14 Apr 19 12:48:38 +0700][ERROR] [2]: VendorController handler class cannot be loaded

[Sun, 14 Apr 19 12:48:38 +0700][ERROR] [2]: VendorController handler class cannot be loaded

[Sun, 14 Apr 19 12:48:38 +0700][ERROR] [2]: VendorController handler class cannot be loaded

[Sun, 14 Apr 19 12:48:38 +0700][ERROR] [2]: VendorController handler class cannot be loaded

[Sun, 14 Apr 19 12:48:38 +0700][ERROR] [2]: VendorController handler class cannot be loaded

[Sun, 14 Apr 19 12:48:38 +0700][ERROR] [5]: Action 'images' was not found on handler 'authen'

[Sun, 14 Apr 19 12:48:38 +0700][ERROR] [2]: CssController handler class cannot be loaded

[Sun, 14 Apr 19 12:48:46 +0700][ERROR] [2]: PageTopController handler class cannot be loaded

[Sun, 14 Apr 19 12:48:47 +0700][ERROR] [2]: VendorController handler class cannot be loaded

[Sun, 14 Apr 19 12:48:47 +0700][ERROR] [2]: VendorController handler class cannot be loaded

[Sun, 14 Apr 19 12:48:47 +0700][ERROR] [2]: VendorController handler class cannot be loaded

[Sun, 14 Apr 19 12:48:47 +0700][ERROR] [2]: VendorController handler class cannot be loaded

[Sun, 14 Apr 19 12:48:48 +0700][ERROR] [2]: VendorController handler class cannot be loaded

[Sun, 14 Apr 19 12:48:48 +0700][ERROR] [5]: Action 'images' was not found on handler 'authen'

[Sun, 14 Apr 19 12:48:48 +0700][ERROR] [2]: CssController handler class cannot be loaded

[Sun, 14 Apr 19 12:49:27 +0700][ERROR] [2]: VendorController handler class cannot be loaded

[Sun, 14 Apr 19 12:49:27 +0700][ERROR] [2]: VendorController handler class cannot be loaded

[Sun, 14 Apr 19 12:49:27 +0700][ERROR] [5]: Action 'images' was not found on handler 'authen'

[Sun, 14 Apr 19 12:49:27 +0700][ERROR] [2]: CssController handler class cannot be loaded

[Sun, 14 Apr 19 12:49:38 +0700][ERROR] [2]: PageTopController handler class cannot be loaded

[Sun, 14 Apr 19 12:49:39 +0700][ERROR] [2]: VendorController handler class cannot be loaded

[Sun, 14 Apr 19 12:49:39 +0700][ERROR] [2]: VendorController handler class cannot be loaded

[Sun, 14 Apr 19 12:49:39 +0700][ERROR] [2]: VendorController handler class cannot be loaded

[Sun, 14 Apr 19 12:49:39 +0700][ERROR] [2]: VendorController handler class cannot be loaded

[Sun, 14 Apr 19 12:49:39 +0700][ERROR] [5]: Action 'images' was not found on handler 'authen'

[Sun, 14 Apr 19 12:49:39 +0700][ERROR] [2]: CssController handler class cannot be loaded

[Sun, 14 Apr 19 12:50:18 +0700][ERROR] [2]: PageTopController handler class cannot be loaded

[Sun, 14 Apr 19 12:50:20 +0700][ERROR] [2]: VendorController handler class cannot be loaded

[Sun, 14 Apr 19 12:50:20 +0700][ERROR] [2]: VendorController handler class cannot be loaded

[Sun, 14 Apr 19 12:50:20 +0700][ERROR] [2]: VendorController handler class cannot be loaded

[Sun, 14 Apr 19 12:50:20 +0700][ERROR] [2]: VendorController handler class cannot be loaded

[Sun, 14 Apr 19 12:50:20 +0700][ERROR] [5]: Action 'images' was not found on handler 'authen'

[Sun, 14 Apr 19 12:50:20 +0700][ERROR] [2]: CssController handler class cannot be loaded

[Sun, 14 Apr 19 12:50:28 +0700][ERROR] [2]: PageTopController handler class cannot be loaded

[Sun, 14 Apr 19 12:50:29 +0700][ERROR] [2]: VendorController handler class cannot be loaded

[Sun, 14 Apr 19 12:50:29 +0700][ERROR] [2]: VendorController handler class cannot be loaded

[Sun, 14 Apr 19 12:50:29 +0700][ERROR] [2]: VendorController handler class cannot be loaded

[Sun, 14 Apr 19 12:50:29 +0700][ERROR] [2]: VendorController handler class cannot be loaded

[Sun, 14 Apr 19 12:50:29 +0700][ERROR] [5]: Action 'images' was not found on handler 'authen'

[Sun, 14 Apr 19 12:50:29 +0700][ERROR] [2]: CssController handler class cannot be loaded

[Sun, 14 Apr 19 12:50:34 +0700][ERROR] [2]: PageTopController handler class cannot be loaded

[Sun, 14 Apr 19 12:50:36 +0700][ERROR] [2]: VendorController handler class cannot be loaded

[Sun, 14 Apr 19 12:50:36 +0700][ERROR] [2]: VendorController handler class cannot be loaded

[Sun, 14 Apr 19 12:50:36 +0700][ERROR] [2]: VendorController handler class cannot be loaded

[Sun, 14 Apr 19 12:50:37 +0700][ERROR] [2]: VendorController handler class cannot be loaded

[Sun, 14 Apr 19 12:50:37 +0700][ERROR] [5]: Action 'images' was not found on handler 'authen'

[Sun, 14 Apr 19 12:50:37 +0700][ERROR] [2]: CssController handler class cannot be loaded

[Sun, 14 Apr 19 21:46:38 +0700][ERROR] [2]: IndexController handler class cannot be loaded

[Sun, 14 Apr 19 21:46:38 +0700][ERROR] [2]: ImagesController handler class cannot be loaded

[Sun, 14 Apr 19 21:46:40 +0700][ERROR] [2]: VendorController handler class cannot be loaded

[Sun, 14 Apr 19 21:46:40 +0700][ERROR] [2]: VendorController handler class cannot be loaded

[Sun, 14 Apr 19 21:46:40 +0700][ERROR] [2]: VendorController handler class cannot be loaded

[Sun, 14 Apr 19 21:46:40 +0700][ERROR] [2]: VendorController handler class cannot be loaded

[Sun, 14 Apr 19 21:46:40 +0700][ERROR] [2]: VendorController handler class cannot be loaded

[Sun, 14 Apr 19 21:46:40 +0700][ERROR] [2]: ImagesController handler class cannot be loaded

[Sun, 14 Apr 19 21:46:40 +0700][ERROR] [2]: CssController handler class cannot be loaded

[Sun, 14 Apr 19 21:46:40 +0700][ERROR] [5]: Action 'public' was not found on handler 'authen'

[Sun, 14 Apr 19 21:46:47 +0700][ERROR] [2]: VendorController handler class cannot be loaded

[Sun, 14 Apr 19 21:46:47 +0700][ERROR] [2]: VendorController handler class cannot be loaded

[Sun, 14 Apr 19 21:46:47 +0700][ERROR] [2]: VendorController handler class cannot be loaded

[Sun, 14 Apr 19 21:46:47 +0700][ERROR] [2]: VendorController handler class cannot be loaded

[Sun, 14 Apr 19 21:46:47 +0700][ERROR] [2]: VendorController handler class cannot be loaded

[Sun, 14 Apr 19 21:46:47 +0700][ERROR] [5]: Action 'images' was not found on handler 'authen'

[Sun, 14 Apr 19 21:46:47 +0700][ERROR] [2]: CssController handler class cannot be loaded

[Sun, 14 Apr 19 21:48:50 +0700][ERROR] [2]: VendorController handler class cannot be loaded

[Sun, 14 Apr 19 21:48:50 +0700][ERROR] [2]: VendorController handler class cannot be loaded

[Sun, 14 Apr 19 21:48:50 +0700][ERROR] [2]: VendorController handler class cannot be loaded

[Sun, 14 Apr 19 21:48:50 +0700][ERROR] [2]: VendorController handler class cannot be loaded

[Sun, 14 Apr 19 21:48:50 +0700][ERROR] [5]: Action 'images' was not found on handler 'authen'

[Sun, 14 Apr 19 21:48:50 +0700][ERROR] [2]: CssController handler class cannot be loaded

