[Fri, 29 Mar 19 18:06:03 +0700][ERROR] [2]: IndexController handler class cannot be loaded

[Fri, 29 Mar 19 18:06:06 +0700][ERROR] [2]: ImagesController handler class cannot be loaded

[Fri, 29 Mar 19 18:06:16 +0700][ERROR] [2]: VendorController handler class cannot be loaded

[Fri, 29 Mar 19 18:06:16 +0700][ERROR] [2]: VendorController handler class cannot be loaded

[Fri, 29 Mar 19 18:06:16 +0700][ERROR] [2]: VendorController handler class cannot be loaded

[Fri, 29 Mar 19 18:06:16 +0700][ERROR] [2]: ImagesController handler class cannot be loaded

[Fri, 29 Mar 19 18:06:17 +0700][ERROR] [2]: CssController handler class cannot be loaded

[Fri, 29 Mar 19 18:06:17 +0700][ERROR] [5]: Action 'public' was not found on handler 'authen'

[Fri, 29 Mar 19 18:08:43 +0700][ERROR] [2]: VendorController handler class cannot be loaded

[Fri, 29 Mar 19 18:08:44 +0700][ERROR] [2]: VendorController handler class cannot be loaded

[Fri, 29 Mar 19 18:08:44 +0700][ERROR] [2]: ImagesController handler class cannot be loaded

[Fri, 29 Mar 19 18:09:00 +0700][ERROR] [2]: PageTopController handler class cannot be loaded

[Fri, 29 Mar 19 18:12:09 +0700][ERROR] [2]: VendorController handler class cannot be loaded

[Fri, 29 Mar 19 18:12:09 +0700][ERROR] [2]: VendorController handler class cannot be loaded

[Fri, 29 Mar 19 18:12:09 +0700][ERROR] [2]: VendorController handler class cannot be loaded

[Fri, 29 Mar 19 18:12:09 +0700][ERROR] [2]: VendorController handler class cannot be loaded

[Fri, 29 Mar 19 18:12:09 +0700][ERROR] [2]: VendorController handler class cannot be loaded

[Fri, 29 Mar 19 18:12:09 +0700][ERROR] [5]: Action 'images' was not found on handler 'authen'

[Fri, 29 Mar 19 18:12:10 +0700][ERROR] [2]: CssController handler class cannot be loaded

[Fri, 29 Mar 19 18:12:11 +0700][ERROR] [2]: VendorController handler class cannot be loaded

[Fri, 29 Mar 19 18:12:11 +0700][ERROR] [2]: VendorController handler class cannot be loaded

[Fri, 29 Mar 19 18:12:11 +0700][ERROR] [2]: VendorController handler class cannot be loaded

[Fri, 29 Mar 19 18:12:11 +0700][ERROR] [2]: VendorController handler class cannot be loaded

[Fri, 29 Mar 19 18:12:11 +0700][ERROR] [5]: Action 'images' was not found on handler 'authen'

[Fri, 29 Mar 19 18:12:11 +0700][ERROR] [2]: CssController handler class cannot be loaded

[Fri, 29 Mar 19 18:12:37 +0700][ERROR] [2]: PageTopController handler class cannot be loaded

[Fri, 29 Mar 19 18:12:47 +0700][ERROR] [2]: VendorController handler class cannot be loaded

[Fri, 29 Mar 19 18:12:47 +0700][ERROR] [2]: VendorController handler class cannot be loaded

[Fri, 29 Mar 19 18:12:47 +0700][ERROR] [2]: VendorController handler class cannot be loaded

[Fri, 29 Mar 19 18:12:48 +0700][ERROR] [2]: VendorController handler class cannot be loaded

[Fri, 29 Mar 19 18:12:48 +0700][ERROR] [2]: VendorController handler class cannot be loaded

[Fri, 29 Mar 19 18:12:48 +0700][ERROR] [2]: VendorController handler class cannot be loaded

[Fri, 29 Mar 19 18:12:48 +0700][ERROR] [2]: VendorController handler class cannot be loaded

[Fri, 29 Mar 19 18:12:48 +0700][ERROR] [2]: VendorController handler class cannot be loaded

[Fri, 29 Mar 19 18:12:48 +0700][ERROR] [2]: ImagesController handler class cannot be loaded

[Fri, 29 Mar 19 18:12:48 +0700][ERROR] [2]: CssController handler class cannot be loaded

[Fri, 29 Mar 19 18:12:48 +0700][ERROR] [2]: CssController handler class cannot be loaded

[Fri, 29 Mar 19 18:17:01 +0700][ERROR] [2]: VendorController handler class cannot be loaded

[Fri, 29 Mar 19 18:17:01 +0700][ERROR] [2]: VendorController handler class cannot be loaded

[Fri, 29 Mar 19 18:17:01 +0700][ERROR] [2]: VendorController handler class cannot be loaded

[Fri, 29 Mar 19 18:17:01 +0700][ERROR] [2]: VendorController handler class cannot be loaded

[Fri, 29 Mar 19 18:17:01 +0700][ERROR] [2]: VendorController handler class cannot be loaded

[Fri, 29 Mar 19 18:17:01 +0700][ERROR] [5]: Action 'images' was not found on handler 'authen'

[Fri, 29 Mar 19 18:17:01 +0700][ERROR] [2]: CssController handler class cannot be loaded

[Fri, 29 Mar 19 18:17:46 +0700][ERROR] [2]: VendorController handler class cannot be loaded

[Fri, 29 Mar 19 18:17:46 +0700][ERROR] [2]: VendorController handler class cannot be loaded

[Fri, 29 Mar 19 18:17:46 +0700][ERROR] [2]: VendorController handler class cannot be loaded

[Fri, 29 Mar 19 18:17:46 +0700][ERROR] [2]: VendorController handler class cannot be loaded

[Fri, 29 Mar 19 18:17:46 +0700][ERROR] [2]: ImagesController handler class cannot be loaded

[Fri, 29 Mar 19 18:17:46 +0700][ERROR] [2]: CssController handler class cannot be loaded

[Fri, 29 Mar 19 18:18:11 +0700][ERROR] [2]: VendorController handler class cannot be loaded

[Fri, 29 Mar 19 18:18:11 +0700][ERROR] [2]: VendorController handler class cannot be loaded

[Fri, 29 Mar 19 18:18:11 +0700][ERROR] [2]: VendorController handler class cannot be loaded

[Fri, 29 Mar 19 18:18:11 +0700][ERROR] [2]: VendorController handler class cannot be loaded

[Fri, 29 Mar 19 18:18:11 +0700][ERROR] [2]: VendorController handler class cannot be loaded

[Fri, 29 Mar 19 18:18:11 +0700][ERROR] [2]: VendorController handler class cannot be loaded

[Fri, 29 Mar 19 18:18:11 +0700][ERROR] [5]: Action 'images' was not found on handler 'authen'

[Fri, 29 Mar 19 18:18:11 +0700][ERROR] [2]: CssController handler class cannot be loaded

[Fri, 29 Mar 19 18:18:34 +0700][ERROR] [2]: VendorController handler class cannot be loaded

[Fri, 29 Mar 19 18:18:34 +0700][ERROR] [2]: VendorController handler class cannot be loaded

[Fri, 29 Mar 19 18:18:34 +0700][ERROR] [2]: VendorController handler class cannot be loaded

[Fri, 29 Mar 19 18:18:34 +0700][ERROR] [2]: VendorController handler class cannot be loaded

[Fri, 29 Mar 19 18:18:34 +0700][ERROR] [5]: Action 'images' was not found on handler 'authen'

[Fri, 29 Mar 19 18:18:34 +0700][ERROR] [2]: CssController handler class cannot be loaded

[Fri, 29 Mar 19 18:18:38 +0700][ERROR] [2]: VendorController handler class cannot be loaded

[Fri, 29 Mar 19 18:18:38 +0700][ERROR] [2]: VendorController handler class cannot be loaded

[Fri, 29 Mar 19 18:18:38 +0700][ERROR] [2]: VendorController handler class cannot be loaded

[Fri, 29 Mar 19 18:18:38 +0700][ERROR] [2]: VendorController handler class cannot be loaded

[Fri, 29 Mar 19 18:18:38 +0700][ERROR] [2]: VendorController handler class cannot be loaded

[Fri, 29 Mar 19 18:18:38 +0700][ERROR] [5]: Action 'images' was not found on handler 'authen'

[Fri, 29 Mar 19 18:18:38 +0700][ERROR] [2]: CssController handler class cannot be loaded

[Fri, 29 Mar 19 18:18:50 +0700][ERROR] [2]: VendorController handler class cannot be loaded

[Fri, 29 Mar 19 18:18:50 +0700][ERROR] [2]: VendorController handler class cannot be loaded

[Fri, 29 Mar 19 18:18:50 +0700][ERROR] [2]: VendorController handler class cannot be loaded

[Fri, 29 Mar 19 18:18:50 +0700][ERROR] [2]: CssController handler class cannot be loaded

[Fri, 29 Mar 19 18:18:51 +0700][ERROR] [2]: VendorController handler class cannot be loaded

[Fri, 29 Mar 19 18:20:24 +0700][ERROR] [2]: VendorController handler class cannot be loaded

[Fri, 29 Mar 19 18:20:25 +0700][ERROR] [2]: VendorController handler class cannot be loaded

[Fri, 29 Mar 19 18:20:25 +0700][ERROR] [2]: VendorController handler class cannot be loaded

[Fri, 29 Mar 19 18:20:25 +0700][ERROR] [2]: VendorController handler class cannot be loaded

[Fri, 29 Mar 19 18:20:25 +0700][ERROR] [2]: VendorController handler class cannot be loaded

[Fri, 29 Mar 19 18:20:25 +0700][ERROR] [5]: Action 'images' was not found on handler 'authen'

[Fri, 29 Mar 19 18:20:25 +0700][ERROR] [2]: CssController handler class cannot be loaded

[Fri, 29 Mar 19 18:20:56 +0700][ERROR] [2]: VendorController handler class cannot be loaded

[Fri, 29 Mar 19 18:20:56 +0700][ERROR] [2]: VendorController handler class cannot be loaded

[Fri, 29 Mar 19 18:20:56 +0700][ERROR] [2]: VendorController handler class cannot be loaded

[Fri, 29 Mar 19 18:20:56 +0700][ERROR] [2]: VendorController handler class cannot be loaded

[Fri, 29 Mar 19 18:20:56 +0700][ERROR] [2]: VendorController handler class cannot be loaded

[Fri, 29 Mar 19 18:20:56 +0700][ERROR] [5]: Action 'images' was not found on handler 'authen'

[Fri, 29 Mar 19 18:20:56 +0700][ERROR] [2]: CssController handler class cannot be loaded

[Fri, 29 Mar 19 18:21:23 +0700][ERROR] [5]: Action 'nonactivate' was not found on handler 'authen'

[Fri, 29 Mar 19 18:21:23 +0700][ERROR] [5]: Action 'images' was not found on handler 'authen'

[Fri, 29 Mar 19 18:23:38 +0700][ERROR] [2]: PageTopController handler class cannot be loaded

[Fri, 29 Mar 19 18:23:40 +0700][ERROR] [2]: VendorController handler class cannot be loaded

[Fri, 29 Mar 19 18:23:40 +0700][ERROR] [2]: VendorController handler class cannot be loaded

[Fri, 29 Mar 19 18:23:40 +0700][ERROR] [2]: VendorController handler class cannot be loaded

[Fri, 29 Mar 19 18:23:40 +0700][ERROR] [2]: VendorController handler class cannot be loaded

[Fri, 29 Mar 19 18:23:40 +0700][ERROR] [2]: VendorController handler class cannot be loaded

[Fri, 29 Mar 19 18:23:40 +0700][ERROR] [5]: Action 'images' was not found on handler 'authen'

[Fri, 29 Mar 19 18:23:40 +0700][ERROR] [2]: CssController handler class cannot be loaded

[Fri, 29 Mar 19 18:23:47 +0700][ERROR] [2]: VendorController handler class cannot be loaded

[Fri, 29 Mar 19 18:23:47 +0700][ERROR] [2]: VendorController handler class cannot be loaded

[Fri, 29 Mar 19 18:23:47 +0700][ERROR] [2]: VendorController handler class cannot be loaded

[Fri, 29 Mar 19 18:23:47 +0700][ERROR] [2]: VendorController handler class cannot be loaded

[Fri, 29 Mar 19 18:23:47 +0700][ERROR] [2]: VendorController handler class cannot be loaded

[Fri, 29 Mar 19 18:23:47 +0700][ERROR] [5]: Action 'images' was not found on handler 'authen'

[Fri, 29 Mar 19 18:23:47 +0700][ERROR] [2]: CssController handler class cannot be loaded

[Fri, 29 Mar 19 18:25:38 +0700][ERROR] [2]: PageTopController handler class cannot be loaded

[Fri, 29 Mar 19 18:25:39 +0700][ERROR] [2]: ImagesController handler class cannot be loaded

[Fri, 29 Mar 19 18:25:44 +0700][ERROR] [2]: VendorController handler class cannot be loaded

[Fri, 29 Mar 19 18:25:44 +0700][ERROR] [2]: VendorController handler class cannot be loaded

[Fri, 29 Mar 19 18:25:44 +0700][ERROR] [2]: VendorController handler class cannot be loaded

[Fri, 29 Mar 19 18:25:44 +0700][ERROR] [2]: VendorController handler class cannot be loaded

[Fri, 29 Mar 19 18:25:45 +0700][ERROR] [2]: VendorController handler class cannot be loaded

[Fri, 29 Mar 19 18:25:45 +0700][ERROR] [2]: VendorController handler class cannot be loaded

[Fri, 29 Mar 19 18:25:45 +0700][ERROR] [2]: ImagesController handler class cannot be loaded

[Fri, 29 Mar 19 18:25:50 +0700][ERROR] [2]: VendorController handler class cannot be loaded

[Fri, 29 Mar 19 18:25:50 +0700][ERROR] [2]: VendorController handler class cannot be loaded

[Fri, 29 Mar 19 18:25:50 +0700][ERROR] [2]: VendorController handler class cannot be loaded

[Fri, 29 Mar 19 18:25:50 +0700][ERROR] [2]: VendorController handler class cannot be loaded

[Fri, 29 Mar 19 18:25:57 +0700][ERROR] [2]: VendorController handler class cannot be loaded

[Fri, 29 Mar 19 18:25:57 +0700][ERROR] [5]: Action 'images' was not found on handler 'authen'

[Fri, 29 Mar 19 18:25:57 +0700][ERROR] [2]: CssController handler class cannot be loaded

[Fri, 29 Mar 19 18:26:42 +0700][ERROR] [2]: VendorController handler class cannot be loaded

[Fri, 29 Mar 19 18:26:42 +0700][ERROR] [2]: VendorController handler class cannot be loaded

[Fri, 29 Mar 19 18:26:42 +0700][ERROR] [2]: VendorController handler class cannot be loaded

[Fri, 29 Mar 19 18:26:42 +0700][ERROR] [2]: VendorController handler class cannot be loaded

[Fri, 29 Mar 19 18:26:42 +0700][ERROR] [5]: Action 'images' was not found on handler 'authen'

[Fri, 29 Mar 19 18:26:42 +0700][ERROR] [2]: CssController handler class cannot be loaded

[Fri, 29 Mar 19 18:26:45 +0700][ERROR] [2]: IndexController handler class cannot be loaded

[Fri, 29 Mar 19 18:26:49 +0700][ERROR] [2]: VendorController handler class cannot be loaded

[Fri, 29 Mar 19 18:26:49 +0700][ERROR] [2]: VendorController handler class cannot be loaded

[Fri, 29 Mar 19 18:26:49 +0700][ERROR] [5]: Action 'images' was not found on handler 'authen'

[Fri, 29 Mar 19 18:27:27 +0700][ERROR] [2]: VendorController handler class cannot be loaded

[Fri, 29 Mar 19 18:27:27 +0700][ERROR] [2]: VendorController handler class cannot be loaded

[Fri, 29 Mar 19 18:27:27 +0700][ERROR] [2]: VendorController handler class cannot be loaded

[Fri, 29 Mar 19 18:27:27 +0700][ERROR] [2]: VendorController handler class cannot be loaded

[Fri, 29 Mar 19 18:27:27 +0700][ERROR] [2]: VendorController handler class cannot be loaded

[Fri, 29 Mar 19 18:27:27 +0700][ERROR] [5]: Action 'images' was not found on handler 'authen'

[Fri, 29 Mar 19 18:27:27 +0700][ERROR] [2]: CssController handler class cannot be loaded

[Fri, 29 Mar 19 18:27:44 +0700][ERROR] [2]: VendorController handler class cannot be loaded

[Fri, 29 Mar 19 18:27:44 +0700][ERROR] [2]: VendorController handler class cannot be loaded

[Fri, 29 Mar 19 18:27:44 +0700][ERROR] [2]: VendorController handler class cannot be loaded

[Fri, 29 Mar 19 18:27:44 +0700][ERROR] [2]: VendorController handler class cannot be loaded

[Fri, 29 Mar 19 18:27:44 +0700][ERROR] [5]: Action 'images' was not found on handler 'authen'

[Fri, 29 Mar 19 18:27:44 +0700][ERROR] [2]: CssController handler class cannot be loaded

[Fri, 29 Mar 19 18:28:05 +0700][ERROR] [2]: VendorController handler class cannot be loaded

[Fri, 29 Mar 19 18:28:05 +0700][ERROR] [2]: VendorController handler class cannot be loaded

[Fri, 29 Mar 19 18:28:05 +0700][ERROR] [5]: Action 'images' was not found on handler 'authen'

[Fri, 29 Mar 19 18:28:05 +0700][ERROR] [2]: CssController handler class cannot be loaded

[Fri, 29 Mar 19 18:28:17 +0700][ERROR] [2]: VendorController handler class cannot be loaded

[Fri, 29 Mar 19 18:28:17 +0700][ERROR] [5]: Action 'images' was not found on handler 'authen'

[Fri, 29 Mar 19 18:28:17 +0700][ERROR] [2]: VendorController handler class cannot be loaded

[Fri, 29 Mar 19 18:28:18 +0700][ERROR] [5]: Action 'images' was not found on handler 'authen'

[Fri, 29 Mar 19 18:28:18 +0700][ERROR] [2]: VendorController handler class cannot be loaded

[Fri, 29 Mar 19 18:28:18 +0700][ERROR] [5]: Action 'images' was not found on handler 'authen'

[Fri, 29 Mar 19 18:28:19 +0700][ERROR] [2]: PageTopController handler class cannot be loaded

[Fri, 29 Mar 19 18:28:20 +0700][ERROR] [2]: VendorController handler class cannot be loaded

[Fri, 29 Mar 19 18:28:20 +0700][ERROR] [5]: Action 'images' was not found on handler 'authen'

[Fri, 29 Mar 19 18:28:21 +0700][ERROR] [2]: VendorController handler class cannot be loaded

[Fri, 29 Mar 19 18:28:21 +0700][ERROR] [5]: Action 'images' was not found on handler 'authen'

[Fri, 29 Mar 19 18:28:22 +0700][ERROR] [2]: VendorController handler class cannot be loaded

[Fri, 29 Mar 19 18:28:23 +0700][ERROR] [5]: Action 'images' was not found on handler 'authen'

[Fri, 29 Mar 19 18:28:23 +0700][ERROR] [2]: PageTopController handler class cannot be loaded

[Fri, 29 Mar 19 18:28:24 +0700][ERROR] [2]: VendorController handler class cannot be loaded

[Fri, 29 Mar 19 18:28:24 +0700][ERROR] [5]: Action 'images' was not found on handler 'authen'

[Fri, 29 Mar 19 18:28:34 +0700][ERROR] [2]: VendorController handler class cannot be loaded

[Fri, 29 Mar 19 18:28:34 +0700][ERROR] [5]: Action 'images' was not found on handler 'authen'

[Fri, 29 Mar 19 18:28:34 +0700][ERROR] [2]: VendorController handler class cannot be loaded

[Fri, 29 Mar 19 18:28:34 +0700][ERROR] [5]: Action 'images' was not found on handler 'authen'

[Fri, 29 Mar 19 18:28:36 +0700][ERROR] [5]: Action 'images' was not found on handler 'equip'

[Fri, 29 Mar 19 18:28:41 +0700][ERROR] [5]: Action 'images' was not found on handler 'equip'

[Fri, 29 Mar 19 18:28:47 +0700][ERROR] [5]: Action 'images' was not found on handler 'equip'

[Fri, 29 Mar 19 18:33:39 +0700][ERROR] [2]: ImagesController handler class cannot be loaded

[Fri, 29 Mar 19 18:33:39 +0700][ERROR] [5]: Action 'images' was not found on handler 'equip'

[Fri, 29 Mar 19 18:34:10 +0700][ERROR] [2]: ImagesController handler class cannot be loaded

[Fri, 29 Mar 19 18:34:35 +0700][ERROR] [2]: ImagesController handler class cannot be loaded

[Fri, 29 Mar 19 18:34:57 +0700][ERROR] [5]: Action 'images' was not found on handler 'equip'

[Fri, 29 Mar 19 18:35:15 +0700][ERROR] [5]: Action 'images' was not found on handler 'equip'

[Fri, 29 Mar 19 18:35:38 +0700][ERROR] [2]: ImagesController handler class cannot be loaded

[Fri, 29 Mar 19 18:35:56 +0700][ERROR] [2]: ImagesController handler class cannot be loaded

[Fri, 29 Mar 19 18:36:37 +0700][ERROR] [2]: PageTopController handler class cannot be loaded

[Fri, 29 Mar 19 18:36:37 +0700][ERROR] [2]: ImagesController handler class cannot be loaded

[Fri, 29 Mar 19 18:36:40 +0700][ERROR] [2]: VendorController handler class cannot be loaded

[Fri, 29 Mar 19 18:36:41 +0700][ERROR] [2]: VendorController handler class cannot be loaded

[Fri, 29 Mar 19 18:36:41 +0700][ERROR] [5]: Action 'images' was not found on handler 'authen'

[Fri, 29 Mar 19 18:36:41 +0700][ERROR] [2]: ImagesController handler class cannot be loaded

[Fri, 29 Mar 19 18:37:41 +0700][ERROR] [2]: VendorController handler class cannot be loaded

[Fri, 29 Mar 19 18:37:41 +0700][ERROR] [2]: VendorController handler class cannot be loaded

[Fri, 29 Mar 19 18:37:41 +0700][ERROR] [2]: VendorController handler class cannot be loaded

[Fri, 29 Mar 19 18:37:41 +0700][ERROR] [2]: VendorController handler class cannot be loaded

[Fri, 29 Mar 19 18:37:41 +0700][ERROR] [2]: VendorController handler class cannot be loaded

[Fri, 29 Mar 19 18:37:41 +0700][ERROR] [2]: VendorController handler class cannot be loaded

[Fri, 29 Mar 19 18:37:41 +0700][ERROR] [5]: Action 'images' was not found on handler 'authen'

[Fri, 29 Mar 19 18:37:41 +0700][ERROR] [2]: CssController handler class cannot be loaded

[Fri, 29 Mar 19 18:40:40 +0700][ERROR] [2]: ImagesController handler class cannot be loaded

[Fri, 29 Mar 19 18:42:29 +0700][ERROR] [2]: IndexController handler class cannot be loaded

[Fri, 29 Mar 19 18:42:53 +0700][ERROR] [2]: IndexController handler class cannot be loaded

[Fri, 29 Mar 19 18:42:54 +0700][ERROR] [5]: Action 'images' was not found on handler 'equip'

[Fri, 29 Mar 19 18:43:06 +0700][ERROR] [2]: PageTopController handler class cannot be loaded

[Fri, 29 Mar 19 18:45:25 +0700][ERROR] [2]: PageTopController handler class cannot be loaded

[Fri, 29 Mar 19 18:45:25 +0700][ERROR] [2]: ImagesController handler class cannot be loaded

[Fri, 29 Mar 19 18:46:35 +0700][ERROR] [2]: PageTopController handler class cannot be loaded

[Fri, 29 Mar 19 18:46:35 +0700][ERROR] [2]: ImagesController handler class cannot be loaded

[Fri, 29 Mar 19 18:46:36 +0700][ERROR] [2]: VendorController handler class cannot be loaded

[Fri, 29 Mar 19 18:46:36 +0700][ERROR] [2]: VendorController handler class cannot be loaded

[Fri, 29 Mar 19 18:46:36 +0700][ERROR] [2]: VendorController handler class cannot be loaded

[Fri, 29 Mar 19 18:46:36 +0700][ERROR] [2]: VendorController handler class cannot be loaded

[Fri, 29 Mar 19 18:46:36 +0700][ERROR] [2]: ImagesController handler class cannot be loaded

[Fri, 29 Mar 19 18:46:36 +0700][ERROR] [2]: CssController handler class cannot be loaded

[Fri, 29 Mar 19 18:46:36 +0700][ERROR] [5]: Action 'public' was not found on handler 'authen'

[Fri, 29 Mar 19 18:46:38 +0700][ERROR] [2]: IndexController handler class cannot be loaded

[Fri, 29 Mar 19 18:47:39 +0700][ERROR] [2]: VendorController handler class cannot be loaded

[Fri, 29 Mar 19 18:47:39 +0700][ERROR] [2]: VendorController handler class cannot be loaded

[Fri, 29 Mar 19 18:47:39 +0700][ERROR] [2]: VendorController handler class cannot be loaded

[Fri, 29 Mar 19 18:47:39 +0700][ERROR] [5]: Action 'images' was not found on handler 'authen'

[Fri, 29 Mar 19 18:47:39 +0700][ERROR] [2]: CssController handler class cannot be loaded

[Fri, 29 Mar 19 18:47:53 +0700][ERROR] [2]: VendorController handler class cannot be loaded

[Fri, 29 Mar 19 18:47:53 +0700][ERROR] [2]: VendorController handler class cannot be loaded

[Fri, 29 Mar 19 18:47:53 +0700][ERROR] [2]: VendorController handler class cannot be loaded

[Fri, 29 Mar 19 18:47:53 +0700][ERROR] [2]: VendorController handler class cannot be loaded

[Fri, 29 Mar 19 18:47:53 +0700][ERROR] [5]: Action 'images' was not found on handler 'authen'

[Fri, 29 Mar 19 18:47:53 +0700][ERROR] [2]: CssController handler class cannot be loaded

[Fri, 29 Mar 19 18:48:03 +0700][ERROR] [2]: HistoryController handler class cannot be loaded

[Fri, 29 Mar 19 18:48:03 +0700][ERROR] [2]: HistoryController handler class cannot be loaded

[Fri, 29 Mar 19 18:48:06 +0700][ERROR] [5]: Action 'images' was not found on handler 'equip'

[Fri, 29 Mar 19 18:48:08 +0700][ERROR] [2]: HistoryController handler class cannot be loaded

[Fri, 29 Mar 19 18:48:08 +0700][ERROR] [2]: HistoryController handler class cannot be loaded

[Fri, 29 Mar 19 18:48:10 +0700][ERROR] [5]: Action 'images' was not found on handler 'equip'

[Fri, 29 Mar 19 18:48:42 +0700][ERROR] [2]: LendController handler class cannot be loaded

[Fri, 29 Mar 19 18:48:42 +0700][ERROR] [2]: LendController handler class cannot be loaded

[Fri, 29 Mar 19 18:48:44 +0700][ERROR] [5]: Action 'images' was not found on handler 'equip'

[Fri, 29 Mar 19 18:48:50 +0700][ERROR] [5]: Action 'images' was not found on handler 'equip'

[Fri, 29 Mar 19 18:56:40 +0700][ERROR] [5]: Action 'images' was not found on handler 'equip'

[Fri, 29 Mar 19 18:57:22 +0700][ERROR] [2]: ImagesController handler class cannot be loaded

[Fri, 29 Mar 19 18:57:33 +0700][ERROR] [2]: ImagesController handler class cannot be loaded

[Fri, 29 Mar 19 18:57:57 +0700][ERROR] [2]: ImagesController handler class cannot be loaded

[Fri, 29 Mar 19 18:58:30 +0700][ERROR] [2]: ImagesController handler class cannot be loaded

[Fri, 29 Mar 19 18:58:42 +0700][ERROR] [5]: Action 'images' was not found on handler 'equip'

[Fri, 29 Mar 19 18:58:58 +0700][ERROR] [2]: ImagesController handler class cannot be loaded

[Fri, 29 Mar 19 18:59:35 +0700][ERROR] [2]: ImagesController handler class cannot be loaded

[Fri, 29 Mar 19 19:00:54 +0700][ERROR] [2]: ImagesController handler class cannot be loaded

[Fri, 29 Mar 19 19:01:02 +0700][ERROR] [2]: ImagesController handler class cannot be loaded

[Fri, 29 Mar 19 19:01:24 +0700][ERROR] [2]: ImagesController handler class cannot be loaded

[Fri, 29 Mar 19 19:01:51 +0700][ERROR] [2]: ImagesController handler class cannot be loaded

[Fri, 29 Mar 19 19:01:53 +0700][ERROR] [2]: ImagesController handler class cannot be loaded

[Fri, 29 Mar 19 19:02:58 +0700][ERROR] [2]: ImagesController handler class cannot be loaded

[Fri, 29 Mar 19 19:03:11 +0700][ERROR] [5]: Action 'images' was not found on handler 'equip'

[Fri, 29 Mar 19 19:03:44 +0700][ERROR] [2]: ImagesController handler class cannot be loaded

[Fri, 29 Mar 19 19:04:08 +0700][ERROR] [2]: ImagesController handler class cannot be loaded

[Fri, 29 Mar 19 19:04:21 +0700][ERROR] [2]: ImagesController handler class cannot be loaded

[Fri, 29 Mar 19 19:05:08 +0700][ERROR] [2]: ImagesController handler class cannot be loaded

[Fri, 29 Mar 19 19:05:19 +0700][ERROR] [2]: ImagesController handler class cannot be loaded

[Fri, 29 Mar 19 19:05:32 +0700][ERROR] [2]: ImagesController handler class cannot be loaded

[Fri, 29 Mar 19 19:05:58 +0700][ERROR] [5]: Action 'images' was not found on handler 'equip'

[Fri, 29 Mar 19 19:09:15 +0700][ERROR] [2]: ImagesController handler class cannot be loaded

[Fri, 29 Mar 19 19:12:23 +0700][ERROR] [2]: ImagesController handler class cannot be loaded

[Fri, 29 Mar 19 19:12:34 +0700][ERROR] [2]: ImagesController handler class cannot be loaded

[Fri, 29 Mar 19 19:13:08 +0700][ERROR] [2]: ImagesController handler class cannot be loaded

[Fri, 29 Mar 19 19:13:16 +0700][ERROR] [2]: ImagesController handler class cannot be loaded

[Fri, 29 Mar 19 19:13:18 +0700][ERROR] [2]: ImagesController handler class cannot be loaded

[Fri, 29 Mar 19 19:13:24 +0700][ERROR] [2]: ImagesController handler class cannot be loaded

[Fri, 29 Mar 19 19:20:23 +0700][ERROR] [2]: ImagesController handler class cannot be loaded

[Fri, 29 Mar 19 19:20:35 +0700][ERROR] [2]: ImagesController handler class cannot be loaded

[Fri, 29 Mar 19 19:29:35 +0700][ERROR] [2]: IndexController handler class cannot be loaded

[Fri, 29 Mar 19 19:29:35 +0700][ERROR] [2]: ImagesController handler class cannot be loaded

[Fri, 29 Mar 19 19:32:57 +0700][ERROR] [2]: IndexController handler class cannot be loaded

[Fri, 29 Mar 19 19:32:58 +0700][ERROR] [2]: ImagesController handler class cannot be loaded

[Fri, 29 Mar 19 19:33:35 +0700][ERROR] [2]: IndexController handler class cannot be loaded

[Fri, 29 Mar 19 19:33:35 +0700][ERROR] [2]: ImagesController handler class cannot be loaded

