[Mon, 01 Apr 19 00:03:38 +0700][ERROR] [2]: VendorController handler class cannot be loaded

[Mon, 01 Apr 19 00:03:38 +0700][ERROR] [2]: VendorController handler class cannot be loaded

[Mon, 01 Apr 19 00:03:38 +0700][ERROR] [2]: VendorController handler class cannot be loaded

[Mon, 01 Apr 19 00:03:38 +0700][ERROR] [2]: VendorController handler class cannot be loaded

[Mon, 01 Apr 19 00:03:38 +0700][ERROR] [2]: VendorController handler class cannot be loaded

[Mon, 01 Apr 19 00:03:38 +0700][ERROR] [2]: ImagesController handler class cannot be loaded

[Mon, 01 Apr 19 00:03:38 +0700][ERROR] [2]: CssController handler class cannot be loaded

[Mon, 01 Apr 19 00:04:20 +0700][ERROR] [2]: PageTopController handler class cannot be loaded

[Mon, 01 Apr 19 00:22:46 +0700][ERROR] [2]: VendorController handler class cannot be loaded

[Mon, 01 Apr 19 00:22:46 +0700][ERROR] [2]: VendorController handler class cannot be loaded

[Mon, 01 Apr 19 00:22:46 +0700][ERROR] [2]: VendorController handler class cannot be loaded

[Mon, 01 Apr 19 00:22:47 +0700][ERROR] [2]: VendorController handler class cannot be loaded

[Mon, 01 Apr 19 00:22:47 +0700][ERROR] [2]: ImagesController handler class cannot be loaded

[Mon, 01 Apr 19 00:22:47 +0700][ERROR] [2]: CssController handler class cannot be loaded

[Mon, 01 Apr 19 00:23:03 +0700][ERROR] [2]: PageTopController handler class cannot be loaded

[Mon, 01 Apr 19 00:25:10 +0700][ERROR] [2]: VendorController handler class cannot be loaded

[Mon, 01 Apr 19 00:25:10 +0700][ERROR] [2]: VendorController handler class cannot be loaded

[Mon, 01 Apr 19 00:25:10 +0700][ERROR] [2]: VendorController handler class cannot be loaded

[Mon, 01 Apr 19 00:25:11 +0700][ERROR] [2]: VendorController handler class cannot be loaded

[Mon, 01 Apr 19 00:25:11 +0700][ERROR] [5]: Action 'images' was not found on handler 'authen'

[Mon, 01 Apr 19 00:25:11 +0700][ERROR] [2]: CssController handler class cannot be loaded

[Mon, 01 Apr 19 00:25:22 +0700][ERROR] [2]: PageTopController handler class cannot be loaded

[Mon, 01 Apr 19 18:41:18 +0700][ERROR] [2]: IndexController handler class cannot be loaded

[Mon, 01 Apr 19 18:41:19 +0700][ERROR] [2]: IndexController handler class cannot be loaded

[Mon, 01 Apr 19 18:41:19 +0700][ERROR] [2]: ImagesController handler class cannot be loaded

[Mon, 01 Apr 19 18:41:21 +0700][ERROR] [2]: VendorController handler class cannot be loaded

[Mon, 01 Apr 19 18:41:21 +0700][ERROR] [2]: VendorController handler class cannot be loaded

[Mon, 01 Apr 19 18:41:21 +0700][ERROR] [2]: VendorController handler class cannot be loaded

[Mon, 01 Apr 19 18:41:21 +0700][ERROR] [2]: VendorController handler class cannot be loaded

[Mon, 01 Apr 19 18:41:21 +0700][ERROR] [2]: VendorController handler class cannot be loaded

[Mon, 01 Apr 19 18:41:21 +0700][ERROR] [2]: ImagesController handler class cannot be loaded

[Mon, 01 Apr 19 18:41:21 +0700][ERROR] [2]: CssController handler class cannot be loaded

[Mon, 01 Apr 19 18:41:21 +0700][ERROR] [5]: Action 'public' was not found on handler 'authen'

[Mon, 01 Apr 19 18:41:36 +0700][ERROR] [2]: PageTopController handler class cannot be loaded

[Mon, 01 Apr 19 18:44:20 +0700][ERROR] [2]: VendorController handler class cannot be loaded

[Mon, 01 Apr 19 18:44:20 +0700][ERROR] [2]: VendorController handler class cannot be loaded

[Mon, 01 Apr 19 18:44:21 +0700][ERROR] [2]: VendorController handler class cannot be loaded

[Mon, 01 Apr 19 18:44:21 +0700][ERROR] [5]: Action 'images' was not found on handler 'authen'

[Mon, 01 Apr 19 18:44:21 +0700][ERROR] [2]: CssController handler class cannot be loaded

[Mon, 01 Apr 19 18:44:51 +0700][ERROR] [2]: PageTopController handler class cannot be loaded

[Mon, 01 Apr 19 18:47:41 +0700][ERROR] [2]: LoginController handler class cannot be loaded

[Mon, 01 Apr 19 18:47:43 +0700][ERROR] [2]: LoginController handler class cannot be loaded

[Mon, 01 Apr 19 18:47:45 +0700][ERROR] [2]: LoginController handler class cannot be loaded

[Mon, 01 Apr 19 18:47:46 +0700][ERROR] [2]: VendorController handler class cannot be loaded

[Mon, 01 Apr 19 18:47:46 +0700][ERROR] [2]: VendorController handler class cannot be loaded

[Mon, 01 Apr 19 18:47:46 +0700][ERROR] [2]: VendorController handler class cannot be loaded

[Mon, 01 Apr 19 18:47:46 +0700][ERROR] [2]: VendorController handler class cannot be loaded

[Mon, 01 Apr 19 18:47:46 +0700][ERROR] [5]: Action 'images' was not found on handler 'authen'

[Mon, 01 Apr 19 18:47:46 +0700][ERROR] [2]: CssController handler class cannot be loaded

[Mon, 01 Apr 19 18:47:47 +0700][ERROR] [2]: LoginController handler class cannot be loaded

[Mon, 01 Apr 19 18:47:49 +0700][ERROR] [2]: LoginController handler class cannot be loaded

[Mon, 01 Apr 19 18:47:50 +0700][ERROR] [2]: LoginController handler class cannot be loaded

[Mon, 01 Apr 19 18:47:51 +0700][ERROR] [2]: LoginController handler class cannot be loaded

[Mon, 01 Apr 19 18:48:23 +0700][ERROR] [2]: VendorController handler class cannot be loaded

[Mon, 01 Apr 19 18:48:23 +0700][ERROR] [2]: VendorController handler class cannot be loaded

[Mon, 01 Apr 19 18:48:23 +0700][ERROR] [2]: VendorController handler class cannot be loaded

[Mon, 01 Apr 19 18:48:23 +0700][ERROR] [2]: VendorController handler class cannot be loaded

[Mon, 01 Apr 19 18:48:23 +0700][ERROR] [2]: VendorController handler class cannot be loaded

[Mon, 01 Apr 19 18:48:23 +0700][ERROR] [5]: Action 'images' was not found on handler 'authen'

[Mon, 01 Apr 19 18:48:23 +0700][ERROR] [2]: CssController handler class cannot be loaded

[Mon, 01 Apr 19 18:48:24 +0700][ERROR] [2]: VendorController handler class cannot be loaded

[Mon, 01 Apr 19 18:48:24 +0700][ERROR] [2]: VendorController handler class cannot be loaded

[Mon, 01 Apr 19 18:48:24 +0700][ERROR] [2]: VendorController handler class cannot be loaded

[Mon, 01 Apr 19 18:48:24 +0700][ERROR] [2]: VendorController handler class cannot be loaded

[Mon, 01 Apr 19 18:48:24 +0700][ERROR] [2]: VendorController handler class cannot be loaded

[Mon, 01 Apr 19 18:48:24 +0700][ERROR] [5]: Action 'images' was not found on handler 'authen'

[Mon, 01 Apr 19 18:48:24 +0700][ERROR] [2]: CssController handler class cannot be loaded

[Mon, 01 Apr 19 18:48:25 +0700][ERROR] [2]: VendorController handler class cannot be loaded

[Mon, 01 Apr 19 18:48:25 +0700][ERROR] [2]: VendorController handler class cannot be loaded

[Mon, 01 Apr 19 18:48:25 +0700][ERROR] [5]: Action 'images' was not found on handler 'authen'

[Mon, 01 Apr 19 18:48:25 +0700][ERROR] [2]: CssController handler class cannot be loaded

[Mon, 01 Apr 19 18:48:26 +0700][ERROR] [2]: VendorController handler class cannot be loaded

[Mon, 01 Apr 19 18:48:26 +0700][ERROR] [2]: VendorController handler class cannot be loaded

[Mon, 01 Apr 19 18:48:26 +0700][ERROR] [5]: Action 'images' was not found on handler 'authen'

[Mon, 01 Apr 19 18:48:26 +0700][ERROR] [2]: CssController handler class cannot be loaded

[Mon, 01 Apr 19 18:54:30 +0700][ERROR] [2]: VendorController handler class cannot be loaded

[Mon, 01 Apr 19 18:54:30 +0700][ERROR] [2]: VendorController handler class cannot be loaded

[Mon, 01 Apr 19 18:54:30 +0700][ERROR] [2]: VendorController handler class cannot be loaded

[Mon, 01 Apr 19 18:54:30 +0700][ERROR] [2]: VendorController handler class cannot be loaded

[Mon, 01 Apr 19 18:54:31 +0700][ERROR] [2]: VendorController handler class cannot be loaded

[Mon, 01 Apr 19 18:54:31 +0700][ERROR] [2]: VendorController handler class cannot be loaded

[Mon, 01 Apr 19 18:54:31 +0700][ERROR] [2]: ImagesController handler class cannot be loaded

[Mon, 01 Apr 19 18:54:31 +0700][ERROR] [2]: CssController handler class cannot be loaded

[Mon, 01 Apr 19 18:54:44 +0700][ERROR] [2]: PageTopController handler class cannot be loaded

[Mon, 01 Apr 19 19:06:14 +0700][ERROR] [2]: VendorController handler class cannot be loaded

[Mon, 01 Apr 19 19:06:14 +0700][ERROR] [2]: VendorController handler class cannot be loaded

[Mon, 01 Apr 19 19:06:14 +0700][ERROR] [5]: Action 'images' was not found on handler 'authen'

[Mon, 01 Apr 19 19:06:14 +0700][ERROR] [2]: CssController handler class cannot be loaded

[Mon, 01 Apr 19 19:06:31 +0700][ERROR] [2]: PageTopController handler class cannot be loaded

[Mon, 01 Apr 19 19:07:19 +0700][ERROR] [2]: VendorController handler class cannot be loaded

[Mon, 01 Apr 19 19:07:19 +0700][ERROR] [2]: VendorController handler class cannot be loaded

[Mon, 01 Apr 19 19:07:20 +0700][ERROR] [2]: VendorController handler class cannot be loaded

[Mon, 01 Apr 19 19:07:20 +0700][ERROR] [5]: Action 'images' was not found on handler 'authen'

[Mon, 01 Apr 19 19:07:20 +0700][ERROR] [2]: CssController handler class cannot be loaded

[Mon, 01 Apr 19 19:07:33 +0700][ERROR] [2]: PageTopController handler class cannot be loaded

[Mon, 01 Apr 19 19:08:15 +0700][ERROR] [2]: VendorController handler class cannot be loaded

[Mon, 01 Apr 19 19:08:15 +0700][ERROR] [2]: VendorController handler class cannot be loaded

[Mon, 01 Apr 19 19:08:15 +0700][ERROR] [2]: VendorController handler class cannot be loaded

[Mon, 01 Apr 19 19:08:15 +0700][ERROR] [2]: VendorController handler class cannot be loaded

[Mon, 01 Apr 19 19:08:15 +0700][ERROR] [5]: Action 'images' was not found on handler 'authen'

[Mon, 01 Apr 19 19:08:15 +0700][ERROR] [2]: CssController handler class cannot be loaded

[Mon, 01 Apr 19 19:08:30 +0700][ERROR] [2]: PageTopController handler class cannot be loaded

[Mon, 01 Apr 19 19:09:30 +0700][ERROR] [2]: VendorController handler class cannot be loaded

[Mon, 01 Apr 19 19:09:30 +0700][ERROR] [2]: VendorController handler class cannot be loaded

[Mon, 01 Apr 19 19:09:30 +0700][ERROR] [5]: Action 'images' was not found on handler 'authen'

[Mon, 01 Apr 19 19:09:30 +0700][ERROR] [2]: CssController handler class cannot be loaded

[Mon, 01 Apr 19 19:09:43 +0700][ERROR] [2]: PageTopController handler class cannot be loaded

[Mon, 01 Apr 19 19:15:12 +0700][ERROR] [2]: VendorController handler class cannot be loaded

[Mon, 01 Apr 19 19:15:12 +0700][ERROR] [2]: VendorController handler class cannot be loaded

[Mon, 01 Apr 19 19:15:12 +0700][ERROR] [2]: VendorController handler class cannot be loaded

[Mon, 01 Apr 19 19:15:13 +0700][ERROR] [2]: VendorController handler class cannot be loaded

[Mon, 01 Apr 19 19:15:13 +0700][ERROR] [2]: VendorController handler class cannot be loaded

[Mon, 01 Apr 19 19:15:13 +0700][ERROR] [2]: VendorController handler class cannot be loaded

[Mon, 01 Apr 19 19:15:13 +0700][ERROR] [2]: ImagesController handler class cannot be loaded

[Mon, 01 Apr 19 19:15:13 +0700][ERROR] [2]: CssController handler class cannot be loaded

[Mon, 01 Apr 19 19:15:24 +0700][ERROR] [2]: VendorController handler class cannot be loaded

[Mon, 01 Apr 19 19:15:24 +0700][ERROR] [2]: VendorController handler class cannot be loaded

[Mon, 01 Apr 19 19:15:25 +0700][ERROR] [5]: Action 'images' was not found on handler 'authen'

[Mon, 01 Apr 19 19:15:25 +0700][ERROR] [2]: CssController handler class cannot be loaded

[Mon, 01 Apr 19 19:15:40 +0700][ERROR] [2]: PageTopController handler class cannot be loaded

[Mon, 01 Apr 19 19:19:29 +0700][ERROR] [2]: VendorController handler class cannot be loaded

[Mon, 01 Apr 19 19:19:29 +0700][ERROR] [2]: VendorController handler class cannot be loaded

[Mon, 01 Apr 19 19:19:29 +0700][ERROR] [2]: VendorController handler class cannot be loaded

[Mon, 01 Apr 19 19:19:29 +0700][ERROR] [2]: VendorController handler class cannot be loaded

[Mon, 01 Apr 19 19:19:30 +0700][ERROR] [2]: ImagesController handler class cannot be loaded

[Mon, 01 Apr 19 19:19:30 +0700][ERROR] [2]: CssController handler class cannot be loaded

[Mon, 01 Apr 19 19:19:54 +0700][ERROR] [2]: PageTopController handler class cannot be loaded

[Mon, 01 Apr 19 19:33:56 +0700][ERROR] [2]: VendorController handler class cannot be loaded

[Mon, 01 Apr 19 19:33:56 +0700][ERROR] [2]: VendorController handler class cannot be loaded

[Mon, 01 Apr 19 19:33:56 +0700][ERROR] [2]: VendorController handler class cannot be loaded

[Mon, 01 Apr 19 19:33:56 +0700][ERROR] [2]: VendorController handler class cannot be loaded

[Mon, 01 Apr 19 19:33:56 +0700][ERROR] [2]: ImagesController handler class cannot be loaded

[Mon, 01 Apr 19 19:33:56 +0700][ERROR] [2]: CssController handler class cannot be loaded

[Mon, 01 Apr 19 19:34:22 +0700][ERROR] [5]: Action 'images' was not found on handler 'authen'

[Mon, 01 Apr 19 19:35:01 +0700][ERROR] [2]: VendorController handler class cannot be loaded

[Mon, 01 Apr 19 19:35:01 +0700][ERROR] [2]: VendorController handler class cannot be loaded

[Mon, 01 Apr 19 19:35:01 +0700][ERROR] [2]: VendorController handler class cannot be loaded

[Mon, 01 Apr 19 19:35:01 +0700][ERROR] [5]: Action 'images' was not found on handler 'authen'

[Mon, 01 Apr 19 19:35:05 +0700][ERROR] [2]: PageTopController handler class cannot be loaded

[Mon, 01 Apr 19 19:38:39 +0700][ERROR] [2]: VendorController handler class cannot be loaded

[Mon, 01 Apr 19 19:38:39 +0700][ERROR] [2]: VendorController handler class cannot be loaded

[Mon, 01 Apr 19 19:38:39 +0700][ERROR] [2]: VendorController handler class cannot be loaded

[Mon, 01 Apr 19 19:38:39 +0700][ERROR] [2]: VendorController handler class cannot be loaded

[Mon, 01 Apr 19 19:38:39 +0700][ERROR] [2]: ImagesController handler class cannot be loaded

[Mon, 01 Apr 19 19:38:39 +0700][ERROR] [2]: CssController handler class cannot be loaded

[Mon, 01 Apr 19 19:38:55 +0700][ERROR] [2]: PageTopController handler class cannot be loaded

[Mon, 01 Apr 19 19:39:48 +0700][ERROR] [2]: VendorController handler class cannot be loaded

[Mon, 01 Apr 19 19:39:48 +0700][ERROR] [2]: VendorController handler class cannot be loaded

[Mon, 01 Apr 19 19:39:48 +0700][ERROR] [2]: VendorController handler class cannot be loaded

[Mon, 01 Apr 19 19:39:48 +0700][ERROR] [2]: VendorController handler class cannot be loaded

[Mon, 01 Apr 19 19:39:48 +0700][ERROR] [5]: Action 'images' was not found on handler 'authen'

[Mon, 01 Apr 19 19:39:48 +0700][ERROR] [2]: CssController handler class cannot be loaded

[Mon, 01 Apr 19 19:40:00 +0700][ERROR] [2]: PageTopController handler class cannot be loaded

[Mon, 01 Apr 19 19:45:20 +0700][ERROR] [2]: VendorController handler class cannot be loaded

[Mon, 01 Apr 19 19:45:20 +0700][ERROR] [2]: VendorController handler class cannot be loaded

[Mon, 01 Apr 19 19:45:20 +0700][ERROR] [2]: ImagesController handler class cannot be loaded

[Mon, 01 Apr 19 19:45:21 +0700][ERROR] [2]: CssController handler class cannot be loaded

[Mon, 01 Apr 19 19:45:36 +0700][ERROR] [2]: PageTopController handler class cannot be loaded

[Mon, 01 Apr 19 19:46:29 +0700][ERROR] [2]: VendorController handler class cannot be loaded

[Mon, 01 Apr 19 19:46:29 +0700][ERROR] [2]: VendorController handler class cannot be loaded

[Mon, 01 Apr 19 19:46:29 +0700][ERROR] [2]: VendorController handler class cannot be loaded

[Mon, 01 Apr 19 19:46:29 +0700][ERROR] [2]: VendorController handler class cannot be loaded

[Mon, 01 Apr 19 19:46:29 +0700][ERROR] [2]: VendorController handler class cannot be loaded

[Mon, 01 Apr 19 19:46:29 +0700][ERROR] [2]: VendorController handler class cannot be loaded

[Mon, 01 Apr 19 19:46:29 +0700][ERROR] [2]: VendorController handler class cannot be loaded

[Mon, 01 Apr 19 19:46:29 +0700][ERROR] [5]: Action 'images' was not found on handler 'authen'

[Mon, 01 Apr 19 19:46:29 +0700][ERROR] [2]: CssController handler class cannot be loaded

[Mon, 01 Apr 19 19:46:46 +0700][ERROR] [2]: PageTopController handler class cannot be loaded

[Mon, 01 Apr 19 19:47:14 +0700][ERROR] [2]: ImagesController handler class cannot be loaded

[Mon, 01 Apr 19 19:48:42 +0700][ERROR] [2]: VendorController handler class cannot be loaded

[Mon, 01 Apr 19 19:48:42 +0700][ERROR] [2]: VendorController handler class cannot be loaded

[Mon, 01 Apr 19 19:48:42 +0700][ERROR] [2]: VendorController handler class cannot be loaded

[Mon, 01 Apr 19 19:48:42 +0700][ERROR] [2]: VendorController handler class cannot be loaded

[Mon, 01 Apr 19 19:48:42 +0700][ERROR] [5]: Action 'images' was not found on handler 'authen'

[Mon, 01 Apr 19 19:48:42 +0700][ERROR] [2]: CssController handler class cannot be loaded

[Mon, 01 Apr 19 19:49:18 +0700][ERROR] [2]: PageTopController handler class cannot be loaded

[Mon, 01 Apr 19 19:49:27 +0700][ERROR] [2]: ImagesController handler class cannot be loaded

[Mon, 01 Apr 19 19:49:46 +0700][ERROR] [2]: VendorController handler class cannot be loaded

[Mon, 01 Apr 19 19:49:47 +0700][ERROR] [2]: VendorController handler class cannot be loaded

[Mon, 01 Apr 19 19:49:47 +0700][ERROR] [2]: VendorController handler class cannot be loaded

[Mon, 01 Apr 19 19:49:47 +0700][ERROR] [2]: VendorController handler class cannot be loaded

[Mon, 01 Apr 19 19:49:47 +0700][ERROR] [2]: VendorController handler class cannot be loaded

[Mon, 01 Apr 19 19:49:47 +0700][ERROR] [2]: VendorController handler class cannot be loaded

[Mon, 01 Apr 19 19:49:47 +0700][ERROR] [2]: VendorController handler class cannot be loaded

[Mon, 01 Apr 19 19:49:47 +0700][ERROR] [2]: ImagesController handler class cannot be loaded

[Mon, 01 Apr 19 19:49:47 +0700][ERROR] [2]: CssController handler class cannot be loaded

[Mon, 01 Apr 19 19:49:59 +0700][ERROR] [2]: IndexController handler class cannot be loaded

[Mon, 01 Apr 19 19:50:00 +0700][ERROR] [2]: VendorController handler class cannot be loaded

[Mon, 01 Apr 19 19:50:00 +0700][ERROR] [2]: VendorController handler class cannot be loaded

[Mon, 01 Apr 19 19:50:00 +0700][ERROR] [2]: VendorController handler class cannot be loaded

[Mon, 01 Apr 19 19:50:00 +0700][ERROR] [2]: VendorController handler class cannot be loaded

[Mon, 01 Apr 19 19:50:00 +0700][ERROR] [5]: Action 'images' was not found on handler 'authen'

[Mon, 01 Apr 19 19:50:00 +0700][ERROR] [2]: CssController handler class cannot be loaded

[Mon, 01 Apr 19 19:50:05 +0700][ERROR] [2]: VendorController handler class cannot be loaded

[Mon, 01 Apr 19 19:50:05 +0700][ERROR] [2]: VendorController handler class cannot be loaded

[Mon, 01 Apr 19 19:50:05 +0700][ERROR] [2]: VendorController handler class cannot be loaded

[Mon, 01 Apr 19 19:50:05 +0700][ERROR] [2]: VendorController handler class cannot be loaded

[Mon, 01 Apr 19 19:50:05 +0700][ERROR] [2]: VendorController handler class cannot be loaded

[Mon, 01 Apr 19 19:50:05 +0700][ERROR] [5]: Action 'images' was not found on handler 'authen'

[Mon, 01 Apr 19 19:50:05 +0700][ERROR] [2]: CssController handler class cannot be loaded

[Mon, 01 Apr 19 19:55:54 +0700][ERROR] [2]: VendorController handler class cannot be loaded

[Mon, 01 Apr 19 19:55:54 +0700][ERROR] [2]: VendorController handler class cannot be loaded

[Mon, 01 Apr 19 19:55:54 +0700][ERROR] [2]: VendorController handler class cannot be loaded

[Mon, 01 Apr 19 19:55:54 +0700][ERROR] [2]: VendorController handler class cannot be loaded

[Mon, 01 Apr 19 19:55:54 +0700][ERROR] [2]: VendorController handler class cannot be loaded

[Mon, 01 Apr 19 19:55:54 +0700][ERROR] [2]: VendorController handler class cannot be loaded

[Mon, 01 Apr 19 19:55:54 +0700][ERROR] [2]: ImagesController handler class cannot be loaded

[Mon, 01 Apr 19 19:55:54 +0700][ERROR] [2]: CssController handler class cannot be loaded

[Mon, 01 Apr 19 19:56:01 +0700][ERROR] [2]: VendorController handler class cannot be loaded

[Mon, 01 Apr 19 19:56:01 +0700][ERROR] [2]: VendorController handler class cannot be loaded

[Mon, 01 Apr 19 19:56:01 +0700][ERROR] [2]: VendorController handler class cannot be loaded

[Mon, 01 Apr 19 19:56:01 +0700][ERROR] [2]: VendorController handler class cannot be loaded

[Mon, 01 Apr 19 19:56:01 +0700][ERROR] [5]: Action 'images' was not found on handler 'authen'

[Mon, 01 Apr 19 19:56:01 +0700][ERROR] [2]: CssController handler class cannot be loaded

[Mon, 01 Apr 19 19:56:03 +0700][ERROR] [2]: VendorController handler class cannot be loaded

[Mon, 01 Apr 19 19:56:03 +0700][ERROR] [2]: VendorController handler class cannot be loaded

[Mon, 01 Apr 19 19:56:03 +0700][ERROR] [5]: Action 'images' was not found on handler 'authen'

[Mon, 01 Apr 19 19:56:03 +0700][ERROR] [2]: CssController handler class cannot be loaded

[Mon, 01 Apr 19 19:56:05 +0700][ERROR] [2]: VendorController handler class cannot be loaded

[Mon, 01 Apr 19 19:56:05 +0700][ERROR] [2]: VendorController handler class cannot be loaded

[Mon, 01 Apr 19 19:56:05 +0700][ERROR] [2]: VendorController handler class cannot be loaded

[Mon, 01 Apr 19 19:56:05 +0700][ERROR] [2]: VendorController handler class cannot be loaded

[Mon, 01 Apr 19 19:56:05 +0700][ERROR] [5]: Action 'images' was not found on handler 'authen'

[Mon, 01 Apr 19 19:56:05 +0700][ERROR] [2]: CssController handler class cannot be loaded

[Mon, 01 Apr 19 19:56:12 +0700][ERROR] [2]: VendorController handler class cannot be loaded

[Mon, 01 Apr 19 19:56:12 +0700][ERROR] [2]: VendorController handler class cannot be loaded

[Mon, 01 Apr 19 19:56:12 +0700][ERROR] [2]: VendorController handler class cannot be loaded

[Mon, 01 Apr 19 19:56:12 +0700][ERROR] [2]: VendorController handler class cannot be loaded

[Mon, 01 Apr 19 19:56:12 +0700][ERROR] [5]: Action 'images' was not found on handler 'authen'

[Mon, 01 Apr 19 19:56:12 +0700][ERROR] [2]: CssController handler class cannot be loaded

[Mon, 01 Apr 19 19:56:53 +0700][ERROR] [2]: VendorController handler class cannot be loaded

[Mon, 01 Apr 19 19:56:53 +0700][ERROR] [2]: VendorController handler class cannot be loaded

[Mon, 01 Apr 19 19:56:53 +0700][ERROR] [5]: Action 'images' was not found on handler 'authen'

[Mon, 01 Apr 19 19:56:53 +0700][ERROR] [2]: CssController handler class cannot be loaded

[Mon, 01 Apr 19 19:57:38 +0700][ERROR] [2]: IndexController handler class cannot be loaded

[Mon, 01 Apr 19 19:57:41 +0700][ERROR] [2]: VendorController handler class cannot be loaded

[Mon, 01 Apr 19 19:57:41 +0700][ERROR] [2]: VendorController handler class cannot be loaded

[Mon, 01 Apr 19 19:57:41 +0700][ERROR] [2]: VendorController handler class cannot be loaded

[Mon, 01 Apr 19 19:57:41 +0700][ERROR] [2]: VendorController handler class cannot be loaded

[Mon, 01 Apr 19 19:57:41 +0700][ERROR] [5]: Action 'images' was not found on handler 'authen'

[Mon, 01 Apr 19 19:57:41 +0700][ERROR] [2]: CssController handler class cannot be loaded

[Mon, 01 Apr 19 19:57:46 +0700][ERROR] [2]: VendorController handler class cannot be loaded

[Mon, 01 Apr 19 19:57:46 +0700][ERROR] [2]: VendorController handler class cannot be loaded

[Mon, 01 Apr 19 19:57:46 +0700][ERROR] [2]: VendorController handler class cannot be loaded

[Mon, 01 Apr 19 19:57:46 +0700][ERROR] [2]: VendorController handler class cannot be loaded

[Mon, 01 Apr 19 19:57:46 +0700][ERROR] [2]: VendorController handler class cannot be loaded

[Mon, 01 Apr 19 19:57:47 +0700][ERROR] [2]: VendorController handler class cannot be loaded

[Mon, 01 Apr 19 19:57:47 +0700][ERROR] [5]: Action 'images' was not found on handler 'authen'

[Mon, 01 Apr 19 19:57:47 +0700][ERROR] [2]: CssController handler class cannot be loaded

[Mon, 01 Apr 19 19:59:58 +0700][ERROR] [2]: VendorController handler class cannot be loaded

[Mon, 01 Apr 19 19:59:58 +0700][ERROR] [2]: VendorController handler class cannot be loaded

[Mon, 01 Apr 19 19:59:58 +0700][ERROR] [2]: VendorController handler class cannot be loaded

[Mon, 01 Apr 19 19:59:58 +0700][ERROR] [2]: VendorController handler class cannot be loaded

[Mon, 01 Apr 19 19:59:58 +0700][ERROR] [2]: ImagesController handler class cannot be loaded

[Mon, 01 Apr 19 20:00:17 +0700][ERROR] [2]: VendorController handler class cannot be loaded

[Mon, 01 Apr 19 20:00:17 +0700][ERROR] [2]: VendorController handler class cannot be loaded

[Mon, 01 Apr 19 20:00:18 +0700][ERROR] [2]: VendorController handler class cannot be loaded

[Mon, 01 Apr 19 20:00:18 +0700][ERROR] [2]: VendorController handler class cannot be loaded

[Mon, 01 Apr 19 20:00:18 +0700][ERROR] [2]: VendorController handler class cannot be loaded

[Mon, 01 Apr 19 20:00:18 +0700][ERROR] [2]: ImagesController handler class cannot be loaded

[Mon, 01 Apr 19 20:00:22 +0700][ERROR] [2]: VendorController handler class cannot be loaded

[Mon, 01 Apr 19 20:00:22 +0700][ERROR] [2]: VendorController handler class cannot be loaded

[Mon, 01 Apr 19 20:00:22 +0700][ERROR] [5]: Action 'images' was not found on handler 'authen'

[Mon, 01 Apr 19 20:00:22 +0700][ERROR] [2]: CssController handler class cannot be loaded

[Mon, 01 Apr 19 20:00:57 +0700][ERROR] [2]: VendorController handler class cannot be loaded

[Mon, 01 Apr 19 20:00:57 +0700][ERROR] [2]: VendorController handler class cannot be loaded

[Mon, 01 Apr 19 20:00:57 +0700][ERROR] [5]: Action 'images' was not found on handler 'authen'

[Mon, 01 Apr 19 20:01:33 +0700][ERROR] [2]: VendorController handler class cannot be loaded

[Mon, 01 Apr 19 20:01:34 +0700][ERROR] [5]: Action 'images' was not found on handler 'authen'

[Mon, 01 Apr 19 20:01:36 +0700][ERROR] [2]: VendorController handler class cannot be loaded

[Mon, 01 Apr 19 20:01:36 +0700][ERROR] [2]: VendorController handler class cannot be loaded

[Mon, 01 Apr 19 20:01:36 +0700][ERROR] [2]: VendorController handler class cannot be loaded

[Mon, 01 Apr 19 20:01:36 +0700][ERROR] [2]: VendorController handler class cannot be loaded

[Mon, 01 Apr 19 20:01:36 +0700][ERROR] [2]: VendorController handler class cannot be loaded

[Mon, 01 Apr 19 20:01:37 +0700][ERROR] [5]: Action 'images' was not found on handler 'authen'

[Mon, 01 Apr 19 20:01:37 +0700][ERROR] [2]: CssController handler class cannot be loaded

[Mon, 01 Apr 19 20:02:35 +0700][ERROR] [2]: VendorController handler class cannot be loaded

[Mon, 01 Apr 19 20:02:35 +0700][ERROR] [2]: VendorController handler class cannot be loaded

[Mon, 01 Apr 19 20:02:35 +0700][ERROR] [2]: VendorController handler class cannot be loaded

[Mon, 01 Apr 19 20:02:35 +0700][ERROR] [2]: VendorController handler class cannot be loaded

[Mon, 01 Apr 19 20:02:35 +0700][ERROR] [5]: Action 'images' was not found on handler 'authen'

[Mon, 01 Apr 19 20:02:35 +0700][ERROR] [2]: CssController handler class cannot be loaded

[Mon, 01 Apr 19 20:02:40 +0700][ERROR] [5]: Action 'index.html' was not found on handler 'authen'

[Mon, 01 Apr 19 20:02:40 +0700][ERROR] [5]: Action 'images' was not found on handler 'authen'

[Mon, 01 Apr 19 20:02:43 +0700][ERROR] [2]: VendorController handler class cannot be loaded

[Mon, 01 Apr 19 20:02:43 +0700][ERROR] [2]: VendorController handler class cannot be loaded

[Mon, 01 Apr 19 20:02:43 +0700][ERROR] [2]: VendorController handler class cannot be loaded

[Mon, 01 Apr 19 20:02:43 +0700][ERROR] [2]: VendorController handler class cannot be loaded

[Mon, 01 Apr 19 20:02:43 +0700][ERROR] [2]: VendorController handler class cannot be loaded

[Mon, 01 Apr 19 20:02:43 +0700][ERROR] [5]: Action 'images' was not found on handler 'authen'

[Mon, 01 Apr 19 20:02:43 +0700][ERROR] [2]: CssController handler class cannot be loaded

[Mon, 01 Apr 19 20:02:48 +0700][ERROR] [2]: VendorController handler class cannot be loaded

[Mon, 01 Apr 19 20:02:48 +0700][ERROR] [2]: VendorController handler class cannot be loaded

[Mon, 01 Apr 19 20:02:48 +0700][ERROR] [2]: VendorController handler class cannot be loaded

[Mon, 01 Apr 19 20:02:48 +0700][ERROR] [2]: VendorController handler class cannot be loaded

[Mon, 01 Apr 19 20:02:48 +0700][ERROR] [2]: VendorController handler class cannot be loaded

[Mon, 01 Apr 19 20:02:48 +0700][ERROR] [5]: Action 'images' was not found on handler 'authen'

[Mon, 01 Apr 19 20:02:48 +0700][ERROR] [2]: CssController handler class cannot be loaded

[Mon, 01 Apr 19 20:02:50 +0700][ERROR] [2]: VendorController handler class cannot be loaded

[Mon, 01 Apr 19 20:02:50 +0700][ERROR] [2]: VendorController handler class cannot be loaded

[Mon, 01 Apr 19 20:02:50 +0700][ERROR] [2]: VendorController handler class cannot be loaded

[Mon, 01 Apr 19 20:02:50 +0700][ERROR] [2]: VendorController handler class cannot be loaded

[Mon, 01 Apr 19 20:02:50 +0700][ERROR] [5]: Action 'images' was not found on handler 'authen'

[Mon, 01 Apr 19 20:02:50 +0700][ERROR] [2]: CssController handler class cannot be loaded

[Mon, 01 Apr 19 20:03:51 +0700][ERROR] [5]: Action 'index.html' was not found on handler 'authen'

[Mon, 01 Apr 19 20:03:52 +0700][ERROR] [5]: Action 'images' was not found on handler 'authen'

[Mon, 01 Apr 19 20:03:54 +0700][ERROR] [2]: VendorController handler class cannot be loaded

[Mon, 01 Apr 19 20:03:54 +0700][ERROR] [2]: VendorController handler class cannot be loaded

[Mon, 01 Apr 19 20:03:54 +0700][ERROR] [2]: VendorController handler class cannot be loaded

[Mon, 01 Apr 19 20:03:54 +0700][ERROR] [2]: VendorController handler class cannot be loaded

[Mon, 01 Apr 19 20:03:54 +0700][ERROR] [5]: Action 'images' was not found on handler 'authen'

[Mon, 01 Apr 19 20:03:54 +0700][ERROR] [2]: CssController handler class cannot be loaded

[Mon, 01 Apr 19 20:03:55 +0700][ERROR] [2]: VendorController handler class cannot be loaded

[Mon, 01 Apr 19 20:03:55 +0700][ERROR] [2]: VendorController handler class cannot be loaded

[Mon, 01 Apr 19 20:03:55 +0700][ERROR] [2]: VendorController handler class cannot be loaded

[Mon, 01 Apr 19 20:03:55 +0700][ERROR] [2]: VendorController handler class cannot be loaded

[Mon, 01 Apr 19 20:03:56 +0700][ERROR] [5]: Action 'images' was not found on handler 'authen'

[Mon, 01 Apr 19 20:03:56 +0700][ERROR] [2]: CssController handler class cannot be loaded

[Mon, 01 Apr 19 20:03:59 +0700][ERROR] [2]: VendorController handler class cannot be loaded

[Mon, 01 Apr 19 20:03:59 +0700][ERROR] [2]: VendorController handler class cannot be loaded

[Mon, 01 Apr 19 20:03:59 +0700][ERROR] [2]: VendorController handler class cannot be loaded

[Mon, 01 Apr 19 20:03:59 +0700][ERROR] [2]: VendorController handler class cannot be loaded

[Mon, 01 Apr 19 20:03:59 +0700][ERROR] [5]: Action 'images' was not found on handler 'authen'

[Mon, 01 Apr 19 20:03:59 +0700][ERROR] [2]: CssController handler class cannot be loaded

[Mon, 01 Apr 19 20:04:05 +0700][ERROR] [2]: VendorController handler class cannot be loaded

[Mon, 01 Apr 19 20:04:05 +0700][ERROR] [2]: VendorController handler class cannot be loaded

[Mon, 01 Apr 19 20:04:05 +0700][ERROR] [5]: Action 'images' was not found on handler 'authen'

[Mon, 01 Apr 19 20:04:05 +0700][ERROR] [2]: CssController handler class cannot be loaded

[Mon, 01 Apr 19 20:04:43 +0700][ERROR] [2]: VendorController handler class cannot be loaded

[Mon, 01 Apr 19 20:04:43 +0700][ERROR] [2]: VendorController handler class cannot be loaded

[Mon, 01 Apr 19 20:04:43 +0700][ERROR] [2]: VendorController handler class cannot be loaded

[Mon, 01 Apr 19 20:04:43 +0700][ERROR] [2]: VendorController handler class cannot be loaded

[Mon, 01 Apr 19 20:04:43 +0700][ERROR] [2]: VendorController handler class cannot be loaded

[Mon, 01 Apr 19 20:04:43 +0700][ERROR] [2]: ImagesController handler class cannot be loaded

[Mon, 01 Apr 19 20:04:43 +0700][ERROR] [2]: CssController handler class cannot be loaded

[Mon, 01 Apr 19 20:04:46 +0700][ERROR] [2]: VendorController handler class cannot be loaded

[Mon, 01 Apr 19 20:04:46 +0700][ERROR] [2]: VendorController handler class cannot be loaded

[Mon, 01 Apr 19 20:04:46 +0700][ERROR] [2]: VendorController handler class cannot be loaded

[Mon, 01 Apr 19 20:04:46 +0700][ERROR] [2]: VendorController handler class cannot be loaded

[Mon, 01 Apr 19 20:04:46 +0700][ERROR] [5]: Action 'images' was not found on handler 'authen'

[Mon, 01 Apr 19 20:04:46 +0700][ERROR] [2]: CssController handler class cannot be loaded

[Mon, 01 Apr 19 22:40:57 +0700][ERROR] [2]: IndexController handler class cannot be loaded

[Mon, 01 Apr 19 22:40:59 +0700][ERROR] [2]: IndexController handler class cannot be loaded

[Mon, 01 Apr 19 22:40:59 +0700][ERROR] [2]: ImagesController handler class cannot be loaded

[Mon, 01 Apr 19 22:41:01 +0700][ERROR] [2]: VendorController handler class cannot be loaded

[Mon, 01 Apr 19 22:41:01 +0700][ERROR] [2]: VendorController handler class cannot be loaded

[Mon, 01 Apr 19 22:41:01 +0700][ERROR] [2]: VendorController handler class cannot be loaded

[Mon, 01 Apr 19 22:41:01 +0700][ERROR] [2]: VendorController handler class cannot be loaded

[Mon, 01 Apr 19 22:41:01 +0700][ERROR] [2]: VendorController handler class cannot be loaded

[Mon, 01 Apr 19 22:41:01 +0700][ERROR] [2]: ImagesController handler class cannot be loaded

[Mon, 01 Apr 19 22:41:01 +0700][ERROR] [2]: CssController handler class cannot be loaded

[Mon, 01 Apr 19 22:41:01 +0700][ERROR] [5]: Action 'public' was not found on handler 'authen'

[Mon, 01 Apr 19 22:41:33 +0700][ERROR] [2]: PageTopController handler class cannot be loaded

[Mon, 01 Apr 19 22:42:20 +0700][ERROR] [2]: VendorController handler class cannot be loaded

[Mon, 01 Apr 19 22:42:20 +0700][ERROR] [2]: VendorController handler class cannot be loaded

[Mon, 01 Apr 19 22:42:20 +0700][ERROR] [2]: VendorController handler class cannot be loaded

[Mon, 01 Apr 19 22:42:20 +0700][ERROR] [2]: VendorController handler class cannot be loaded

[Mon, 01 Apr 19 22:42:21 +0700][ERROR] [5]: Action 'images' was not found on handler 'authen'

[Mon, 01 Apr 19 22:42:21 +0700][ERROR] [2]: CssController handler class cannot be loaded

[Mon, 01 Apr 19 22:42:33 +0700][ERROR] [2]: IndexController handler class cannot be loaded

[Mon, 01 Apr 19 22:49:32 +0700][ERROR] [2]: ImagesController handler class cannot be loaded

[Mon, 01 Apr 19 22:49:37 +0700][ERROR] [2]: PageTopController handler class cannot be loaded

[Mon, 01 Apr 19 22:49:38 +0700][ERROR] [2]: ImagesController handler class cannot be loaded

[Mon, 01 Apr 19 22:49:39 +0700][ERROR] [2]: VendorController handler class cannot be loaded

[Mon, 01 Apr 19 22:49:39 +0700][ERROR] [2]: VendorController handler class cannot be loaded

[Mon, 01 Apr 19 22:49:39 +0700][ERROR] [2]: VendorController handler class cannot be loaded

[Mon, 01 Apr 19 22:49:39 +0700][ERROR] [2]: VendorController handler class cannot be loaded

[Mon, 01 Apr 19 22:49:39 +0700][ERROR] [2]: VendorController handler class cannot be loaded

[Mon, 01 Apr 19 22:49:39 +0700][ERROR] [2]: ImagesController handler class cannot be loaded

[Mon, 01 Apr 19 22:49:39 +0700][ERROR] [2]: CssController handler class cannot be loaded

[Mon, 01 Apr 19 22:58:54 +0700][ERROR] [2]: PageTopController handler class cannot be loaded

[Mon, 01 Apr 19 22:58:55 +0700][ERROR] [2]: VendorController handler class cannot be loaded

[Mon, 01 Apr 19 22:58:55 +0700][ERROR] [2]: VendorController handler class cannot be loaded

[Mon, 01 Apr 19 22:58:55 +0700][ERROR] [2]: VendorController handler class cannot be loaded

[Mon, 01 Apr 19 22:58:55 +0700][ERROR] [2]: VendorController handler class cannot be loaded

[Mon, 01 Apr 19 22:58:55 +0700][ERROR] [5]: Action 'images' was not found on handler 'authen'

[Mon, 01 Apr 19 22:58:55 +0700][ERROR] [2]: CssController handler class cannot be loaded

[Mon, 01 Apr 19 22:59:01 +0700][ERROR] [2]: VendorController handler class cannot be loaded

[Mon, 01 Apr 19 22:59:01 +0700][ERROR] [2]: VendorController handler class cannot be loaded

[Mon, 01 Apr 19 22:59:01 +0700][ERROR] [2]: VendorController handler class cannot be loaded

[Mon, 01 Apr 19 22:59:01 +0700][ERROR] [2]: VendorController handler class cannot be loaded

[Mon, 01 Apr 19 22:59:01 +0700][ERROR] [5]: Action 'images' was not found on handler 'authen'

[Mon, 01 Apr 19 22:59:01 +0700][ERROR] [2]: CssController handler class cannot be loaded

[Mon, 01 Apr 19 23:03:04 +0700][ERROR] [2]: ImagesController handler class cannot be loaded

[Mon, 01 Apr 19 23:06:05 +0700][ERROR] [2]: ImagesController handler class cannot be loaded

[Mon, 01 Apr 19 23:06:32 +0700][ERROR] [2]: ImagesController handler class cannot be loaded

[Mon, 01 Apr 19 23:06:33 +0700][ERROR] [2]: ImagesController handler class cannot be loaded

[Mon, 01 Apr 19 23:06:51 +0700][ERROR] [2]: ImagesController handler class cannot be loaded

[Mon, 01 Apr 19 23:07:50 +0700][ERROR] [2]: ImagesController handler class cannot be loaded

