[Mon, 15 Apr 19 11:18:51 +0700][ERROR] [2]: ImagesController handler class cannot be loaded

[Mon, 15 Apr 19 11:21:21 +0700][ERROR] [2]: ImagesController handler class cannot be loaded

[Mon, 15 Apr 19 11:21:31 +0700][ERROR] [2]: ImagesController handler class cannot be loaded

[Mon, 15 Apr 19 12:38:19 +0700][ERROR] [2]: ImagesController handler class cannot be loaded

[Mon, 15 Apr 19 12:38:22 +0700][ERROR] [2]: ImagesController handler class cannot be loaded

[Mon, 15 Apr 19 12:38:23 +0700][ERROR] [2]: ImagesController handler class cannot be loaded

[Mon, 15 Apr 19 12:38:24 +0700][ERROR] [5]: Action 'add' was not found on handler 'equip'

[Mon, 15 Apr 19 12:38:24 +0700][ERROR] [2]: ImagesController handler class cannot be loaded

[Mon, 15 Apr 19 12:38:28 +0700][ERROR] [2]: ImagesController handler class cannot be loaded

[Mon, 15 Apr 19 12:39:37 +0700][ERROR] [2]: VendorController handler class cannot be loaded

[Mon, 15 Apr 19 12:39:37 +0700][ERROR] [2]: VendorController handler class cannot be loaded

[Mon, 15 Apr 19 12:39:37 +0700][ERROR] [2]: VendorController handler class cannot be loaded

[Mon, 15 Apr 19 12:39:38 +0700][ERROR] [2]: VendorController handler class cannot be loaded

[Mon, 15 Apr 19 12:39:38 +0700][ERROR] [2]: VendorController handler class cannot be loaded

[Mon, 15 Apr 19 12:39:38 +0700][ERROR] [2]: CssController handler class cannot be loaded

[Mon, 15 Apr 19 12:39:38 +0700][ERROR] [2]: ImagesController handler class cannot be loaded

[Mon, 15 Apr 19 12:39:38 +0700][ERROR] [2]: CssController handler class cannot be loaded

[Mon, 15 Apr 19 12:52:31 +0700][ERROR] [2]: ImagesController handler class cannot be loaded

[Mon, 15 Apr 19 12:55:21 +0700][ERROR] [2]: ImagesController handler class cannot be loaded

[Mon, 15 Apr 19 12:58:54 +0700][ERROR] [2]: ImagesController handler class cannot be loaded

[Mon, 15 Apr 19 12:59:03 +0700][ERROR] [2]: ImagesController handler class cannot be loaded

[Mon, 15 Apr 19 12:59:06 +0700][ERROR] [2]: VendorController handler class cannot be loaded

[Mon, 15 Apr 19 12:59:06 +0700][ERROR] [2]: VendorController handler class cannot be loaded

[Mon, 15 Apr 19 12:59:06 +0700][ERROR] [2]: VendorController handler class cannot be loaded

[Mon, 15 Apr 19 12:59:06 +0700][ERROR] [2]: VendorController handler class cannot be loaded

[Mon, 15 Apr 19 12:59:07 +0700][ERROR] [2]: VendorController handler class cannot be loaded

[Mon, 15 Apr 19 12:59:07 +0700][ERROR] [2]: VendorController handler class cannot be loaded

[Mon, 15 Apr 19 12:59:07 +0700][ERROR] [2]: ImagesController handler class cannot be loaded

[Mon, 15 Apr 19 12:59:07 +0700][ERROR] [2]: CssController handler class cannot be loaded

[Mon, 15 Apr 19 12:59:47 +0700][ERROR] [2]: VendorController handler class cannot be loaded

[Mon, 15 Apr 19 12:59:47 +0700][ERROR] [2]: VendorController handler class cannot be loaded

[Mon, 15 Apr 19 12:59:47 +0700][ERROR] [2]: VendorController handler class cannot be loaded

[Mon, 15 Apr 19 12:59:47 +0700][ERROR] [2]: VendorController handler class cannot be loaded

[Mon, 15 Apr 19 12:59:47 +0700][ERROR] [2]: VendorController handler class cannot be loaded

[Mon, 15 Apr 19 12:59:47 +0700][ERROR] [2]: VendorController handler class cannot be loaded

[Mon, 15 Apr 19 12:59:47 +0700][ERROR] [2]: VendorController handler class cannot be loaded

[Mon, 15 Apr 19 12:59:47 +0700][ERROR] [2]: VendorController handler class cannot be loaded

[Mon, 15 Apr 19 12:59:47 +0700][ERROR] [2]: ImagesController handler class cannot be loaded

[Mon, 15 Apr 19 12:59:47 +0700][ERROR] [2]: CssController handler class cannot be loaded

[Mon, 15 Apr 19 13:00:06 +0700][ERROR] [2]: ImagesController handler class cannot be loaded

[Mon, 15 Apr 19 13:03:52 +0700][ERROR] [2]: ImagesController handler class cannot be loaded

[Mon, 15 Apr 19 13:04:53 +0700][ERROR] [2]: ImagesController handler class cannot be loaded

[Mon, 15 Apr 19 13:06:01 +0700][ERROR] [2]: ImagesController handler class cannot be loaded

[Mon, 15 Apr 19 13:06:14 +0700][ERROR] [2]: ImagesController handler class cannot be loaded

[Mon, 15 Apr 19 13:07:04 +0700][ERROR] [2]: ImagesController handler class cannot be loaded

[Mon, 15 Apr 19 13:07:07 +0700][ERROR] [2]: ImagesController handler class cannot be loaded

[Mon, 15 Apr 19 13:07:16 +0700][ERROR] [2]: PageTopController handler class cannot be loaded

[Mon, 15 Apr 19 13:07:16 +0700][ERROR] [2]: ImagesController handler class cannot be loaded

[Mon, 15 Apr 19 13:07:18 +0700][ERROR] [2]: VendorController handler class cannot be loaded

[Mon, 15 Apr 19 13:07:18 +0700][ERROR] [2]: VendorController handler class cannot be loaded

[Mon, 15 Apr 19 13:07:18 +0700][ERROR] [2]: VendorController handler class cannot be loaded

[Mon, 15 Apr 19 13:07:18 +0700][ERROR] [2]: VendorController handler class cannot be loaded

[Mon, 15 Apr 19 13:07:18 +0700][ERROR] [2]: VendorController handler class cannot be loaded

[Mon, 15 Apr 19 13:07:18 +0700][ERROR] [2]: ImagesController handler class cannot be loaded

[Mon, 15 Apr 19 13:07:18 +0700][ERROR] [2]: CssController handler class cannot be loaded

[Mon, 15 Apr 19 13:14:23 +0700][ERROR] [2]: VendorController handler class cannot be loaded

[Mon, 15 Apr 19 13:14:23 +0700][ERROR] [2]: VendorController handler class cannot be loaded

[Mon, 15 Apr 19 13:14:23 +0700][ERROR] [2]: VendorController handler class cannot be loaded

[Mon, 15 Apr 19 13:14:23 +0700][ERROR] [2]: VendorController handler class cannot be loaded

[Mon, 15 Apr 19 13:14:23 +0700][ERROR] [2]: CssController handler class cannot be loaded

[Mon, 15 Apr 19 13:14:23 +0700][ERROR] [5]: Action 'images' was not found on handler 'equip'

[Mon, 15 Apr 19 13:14:23 +0700][ERROR] [2]: CssController handler class cannot be loaded

